 1.56925E-10 3.80088E-16 1.12671E-02 5.84797E-14 1.09937E-11 1.09198E-09 1.52529E-08 6.57855E-20
 4.81878E-07 1.44086E-06 7.93261E-08 8.91303E-10 6.81015E-12 9.39070E-08 2.83509E-12 8.67137E-12
 1.84937E-14 6.34284E-11 1.93761E-13 4.10765E-15 2.63204E-17 1.05892E-22 4.38950E-10 1.19434E-13
 6.91611E-18 1.40086E-14 6.02781E-12 2.54962E-13 2.10000E-02 2.30495E-12 9.74238E-18 4.89166E-19
 3.02977E-11 2.13710E-12 1.60367E-13 4.00000E-04 1.63175E-10 5.33500E-16 6.98370E-03 6.74710E-14
 1.08976E-11 1.12399E-09 1.83028E-08 7.10236E-20 4.82159E-07 1.43703E-06 7.19557E-08 8.73786E-10
 6.34274E-12 9.38634E-08 3.67733E-12 1.01451E-11 2.47523E-14 9.63226E-11 4.97094E-13 4.72910E-15
 5.74298E-17 2.70895E-22 4.28819E-10 1.31930E-13 9.52282E-18 1.66296E-14 8.86132E-12 3.24593E-13
 2.10045E-02 2.41119E-12 1.01689E-17 7.71907E-19 5.33495E-11 4.18154E-12 1.88093E-13 4.04518E-04
 1.61640E-10 7.73772E-16 4.15292E-03 7.73317E-14 1.06142E-11 1.10338E-09 2.27012E-08 7.67475E-20
 4.82507E-07 1.43379E-06 6.57098E-08 7.96812E-10 5.69872E-12 9.38155E-08 4.74234E-12 1.19809E-11
 3.26056E-14 1.38048E-10 1.31648E-12 5.66269E-15 1.37116E-16 7.78565E-22 4.19484E-10 1.47333E-13
 1.28291E-17 2.06048E-14 1.23773E-11 4.10846E-13 2.10089E-02 2.57947E-12 1.04505E-17 1.15923E-18
 7.45090E-11 6.42166E-12 2.06556E-13 4.08939E-04 1.51844E-10 1.12346E-15 2.26068E-03 8.51772E-14
 9.93054E-12 1.00289E-09 2.82112E-08 8.04245E-20 4.82872E-07 1.43108E-06 6.04358E-08 6.65626E-10
 4.78685E-12 9.37626E-08 6.16219E-12 1.41031E-11 4.14587E-14 1.79657E-10 3.45858E-12 6.61497E-15
 3.47444E-16 2.34365E-21 4.10849E-10 1.61544E-13 1.68744E-17 2.57161E-14 1.60879E-11 5.21940E-13
 2.10131E-02 2.82951E-12 1.05382E-17 1.71701E-18 9.48938E-11 8.57470E-12 2.28893E-13 4.13205E-04
 1.39989E-10 1.66714E-15 1.41580E-03 9.94511E-14 9.58600E-12 8.64589E-10 3.45588E-08 9.15814E-20
 4.83216E-07 1.42882E-06 5.59554E-08 5.30653E-10 4.24353E-12 9.37040E-08 7.84717E-12 1.66569E-11
 5.33276E-14 2.16671E-10 7.10679E-12 7.85422E-15 7.76959E-16 6.21493E-21 4.02723E-10 1.86521E-13
 2.26282E-17 3.36510E-14 1.99907E-11 6.57126E-13 2.10172E-02 3.14572E-12 1.14824E-17 2.59390E-18
 1.15145E-10 1.07556E-11 2.56763E-13 4.17263E-04 1.21821E-10 2.39152E-15 7.82197E-04 1.08518E-13
 8.71436E-12 7.03087E-10 4.16115E-08 9.74684E-20 4.83527E-07 1.42699E-06 5.22275E-08 3.98615E-10
 3.45408E-12 9.36388E-08 9.76862E-12 1.85690E-11 6.31834E-14 2.43033E-10 1.53601E-11 8.35599E-15
 1.66497E-15 1.84280E-20 3.95051E-10 2.14276E-13 2.93460E-17 4.32057E-14 2.41857E-11 7.28025E-13
 2.10209E-02 3.63199E-12 1.23587E-17 3.96073E-18 1.36120E-10 1.24437E-11 2.96124E-13 4.21030E-04
 9.74122E-11 3.31092E-15 3.73289E-04 1.07362E-13 7.42230E-12 5.41779E-10 4.91833E-08 9.43662E-20
 4.83793E-07 1.42554E-06 4.91982E-08 2.86611E-10 2.69205E-12 9.35664E-08 1.08604E-11 1.79301E-11
 6.12115E-14 2.55107E-10 3.03940E-11 1.15753E-14 3.56424E-15 6.04992E-19 3.87713E-10 4.70498E-13
 1.12919E-16 1.70612E-13 2.88708E-11 3.32529E-13 2.10242E-02 4.35122E-12 1.27803E-17 5.96616E-18
 1.57535E-10 1.31320E-11 3.49350E-13 4.24383E-04 7.13299E-11 4.52579E-15 1.65663E-04 9.97298E-14
 6.09028E-12 4.00035E-10 5.72697E-08 8.63507E-20 4.84002E-07 1.42436E-06 4.67502E-08 1.97062E-10
 1.95484E-12 9.34860E-08 1.12440E-11 1.56308E-11 5.17023E-14 2.56582E-10 4.63566E-11 6.66914E-15
 5.11175E-15 1.98515E-19 3.85752E-10 2.09005E-13 3.74780E-17 6.54886E-14 2.88907E-11 7.21366E-13
 2.10270E-02 5.20757E-12 1.25872E-17 8.62727E-18 1.76755E-10 1.28033E-11 4.05584E-13 4.27182E-04
 5.14215E-11 6.14219E-15 6.64853E-05 9.37748E-14 4.90485E-12 2.86232E-10 6.59869E-08 8.08559E-20
 4.84160E-07 1.42334E-06 4.47581E-08 1.29696E-10 1.38433E-12 9.33965E-08 1.23798E-11 1.43838E-11
 4.68123E-14 2.54556E-10 5.68683E-11 5.85562E-15 9.68081E-15 5.61060E-19 3.84234E-10 1.70189E-13
 3.99815E-17 7.26863E-14 2.91441E-11 7.22386E-13 2.10291E-02 5.86919E-12 1.19444E-17 1.22893E-17
 1.88447E-10 1.19377E-11 4.38102E-13 4.29265E-04 3.52332E-11 7.59581E-15 1.29065E-05 9.12799E-14
 3.57769E-12 1.98379E-10 7.58380E-08 7.48369E-20 4.84279E-07 1.42237E-06 4.30596E-08 7.86891E-11
 7.58165E-13 9.32921E-08 1.61313E-11 1.41494E-11 5.49644E-14 2.52715E-10 5.85274E-11 5.32802E-15
 2.41589E-14 2.90311E-18 3.82965E-10 1.34556E-13 4.84555E-17 7.48118E-14 2.96569E-11 7.13221E-13
 2.10303E-02 5.77437E-12 1.04594E-17 2.02895E-17 1.85404E-10 1.09227E-11 4.10425E-13 4.30487E-04
 2.15946E-11 9.01060E-15 9.06593E-07 9.64828E-14 2.39056E-12 1.24835E-10 9.04150E-08 7.19052E-20
 4.84389E-07 1.42104E-06 4.12117E-08 4.02054E-11 3.23594E-13 9.31301E-08 2.36339E-11 1.44473E-11
 8.26110E-14 2.52730E-10 4.93086E-11 5.57620E-15 4.15666E-14 1.67296E-17 3.81478E-10 1.04177E-13
 6.69106E-17 7.56148E-14 3.06554E-11 7.56947E-13 2.10302E-02 3.30585E-12 5.70457E-18 3.23627E-17
 1.48759E-10 9.28952E-12 2.48658E-13 4.30490E-04 1.44615E-11 1.66822E-14 9.12040E-07 8.81321E-14
 1.79264E-12 6.37873E-11 1.20710E-07 7.04826E-20 4.84523E-07 1.41827E-06 3.87210E-08 1.74190E-11
 2.35165E-13 9.27698E-08 2.79607E-11 1.79749E-11 6.96337E-14 2.60545E-10 4.10719E-11 5.07046E-15
 4.40298E-14 1.81757E-17 3.78804E-10 7.82602E-14 6.81733E-17 8.89114E-14 3.32664E-11 8.31724E-13
 2.10302E-02 1.62456E-12 1.95903E-18 2.36917E-17 1.11823E-10 5.78122E-12 1.12502E-13 4.30494E-04
 9.63453E-12 3.60201E-14 9.24377E-07 7.19483E-14 1.28856E-12 2.52732E-11 1.88160E-07 6.04016E-20
 4.84697E-07 1.41199E-06 3.52277E-08 6.74554E-12 1.76141E-13 9.19158E-08 3.00751E-11 2.41679E-11
 4.74458E-14 2.74905E-10 3.58077E-11 5.44384E-15 5.41078E-14 2.77907E-17 3.73447E-10 6.71944E-14
 6.57698E-17 1.24531E-13 3.82611E-11 1.16706E-12 2.10300E-02 6.56883E-13 4.29941E-19 1.86096E-17
 7.62167E-11 2.68072E-12 3.42954E-14 4.30502E-04 7.58412E-12 8.51366E-14 9.49850E-07 6.69921E-14
 1.12350E-12 1.09769E-11 3.21233E-07 5.68831E-20 4.84888E-07 1.39908E-06 3.05820E-08 3.61966E-12
 1.69888E-13 9.01242E-08 2.95089E-11 3.33163E-11 3.34916E-14 3.02157E-10 3.57082E-11 8.89185E-15
 1.01740E-13 8.83832E-17 3.63366E-10 1.01297E-13 7.80030E-17 2.52224E-13 4.69290E-11 2.41310E-12
 2.10298E-02 2.07316E-13 7.74242E-20 1.54817E-17 4.55317E-11 1.17298E-12 6.62270E-15 4.30516E-04
 7.80551E-12 1.96496E-13 9.93720E-07 8.14443E-14 1.32042E-12 9.46432E-12 5.35416E-07 6.71042E-20
 4.85009E-07 1.37693E-06 2.51922E-08 4.01392E-12 2.25469E-13 8.70363E-08 2.73491E-11 4.30386E-11
 2.90409E-14 3.49009E-10 4.06373E-11 1.87770E-14 2.30649E-13 4.78180E-16 3.47211E-10 2.69128E-13
 1.18684E-16 6.68461E-13 5.88286E-11 6.07537E-12 2.10293E-02 4.76600E-14 1.34657E-20 1.18520E-17
 2.30605E-11 5.70671E-13 9.59091E-16 4.30537E-04 8.93163E-12 4.17246E-13 1.05719E-06 1.10669E-13
 1.72597E-12 1.24946E-11 8.20242E-07 8.65473E-20 4.84907E-07 1.34503E-06 2.00432E-08 5.84965E-12
 3.15113E-13 8.25985E-08 2.65913E-11 5.39816E-11 2.94088E-14 4.12393E-10 4.80965E-11 3.83306E-14
 4.87627E-13 2.21993E-15 3.25381E-10 7.38857E-13 1.91883E-16 1.64606E-12 7.15253E-11 1.37457E-11
 2.10287E-02 8.15059E-15 2.11019E-21 8.12574E-18 1.00985E-11 2.74206E-13 1.15387E-16 4.30564E-04
 1.18796E-11 8.92448E-13 1.14118E-06 1.60552E-13 2.59705E-12 2.00913E-11 1.16061E-06 1.27184E-19
 4.84399E-07 1.30300E-06 1.57897E-08 1.04196E-11 5.38658E-13 7.68032E-08 2.56244E-11 6.85200E-11
 2.94258E-14 4.86728E-10 6.03293E-11 7.25546E-14 9.28036E-13 6.35005E-15 2.98453E-10 1.94678E-12
 2.92448E-16 3.66816E-12 8.31070E-11 2.58363E-11 2.10279E-02 1.05123E-15 2.83214E-22 4.30533E-18
 3.93254E-12 1.18712E-13 1.11326E-17 4.30597E-04 1.34977E-11 1.63299E-12 1.24250E-06 2.20687E-13
 3.40077E-12 2.79150E-11 1.53572E-06 1.72623E-19 4.83279E-07 1.25255E-06 1.26945E-08 1.29634E-11
 6.35148E-13 6.99318E-08 2.95589E-11 8.85854E-11 3.56165E-14 5.62474E-10 7.16821E-11 1.16146E-13
 1.55039E-12 1.45438E-14 2.68485E-10 3.74289E-12 4.51970E-16 6.31168E-12 9.26503E-11 4.17837E-11
 2.10270E-02 1.08757E-16 3.19179E-23 2.50178E-18 1.40357E-12 4.72681E-14 9.27660E-19 4.30633E-04
 1.65512E-11 2.99023E-12 1.35766E-06 3.13075E-13 4.79907E-12 4.13816E-11 1.91812E-06 2.67920E-19
 4.81428E-07 1.19549E-06 1.07070E-08 1.74302E-11 8.33294E-13 6.23329E-08 3.42458E-11 1.15412E-10
 4.26104E-14 6.31876E-10 8.62362E-11 1.72100E-13 2.32281E-12 2.31817E-14 2.37115E-10 6.80396E-12
 6.76949E-16 1.00580E-11 1.00209E-10 5.87425E-11 2.10261E-02 9.25716E-18 3.21755E-24 1.26670E-18
 4.75997E-13 1.79057E-14 6.66608E-20 4.30673E-04 1.86382E-11 4.96366E-12 1.48188E-06 4.39310E-13
 6.34229E-12 5.71909E-11 2.29715E-06 4.15277E-19 4.78779E-07 1.13425E-06 9.50645E-09 1.94931E-11
 9.09504E-13 5.44322E-08 4.31835E-11 1.47840E-10 5.73213E-14 6.89026E-10 9.80341E-11 2.31149E-13
 3.11311E-12 3.59815E-14 2.06161E-10 1.08351E-11 1.03395E-15 1.42389E-11 1.05536E-10 7.61012E-11
 2.10251E-02 6.60959E-19 2.86473E-25 6.78158E-19 1.54125E-13 6.81052E-15 4.31873E-21 4.30714E-04
 2.10006E-11 7.96089E-12 1.60923E-06 6.27216E-13 8.42588E-12 7.86730E-11 2.64670E-06 6.91675E-19
 4.75407E-07 1.07179E-06 8.88181E-09 2.13007E-11 9.87025E-13 4.67325E-08 5.54028E-11 1.85422E-10
 7.95975E-14 7.29286E-10 1.06800E-10 2.90578E-13 3.74438E-12 5.00914E-14 1.77188E-10 1.64589E-11
 1.58634E-15 1.91742E-11 1.09365E-10 9.06213E-11 2.10242E-02 4.05398E-20 2.32340E-26 3.55132E-19
 4.87866E-14 2.82059E-15 2.52962E-22 4.30755E-04 2.41913E-11 1.26484E-11 1.73753E-06 9.11284E-13
 1.13807E-11 1.08154E-10 2.94727E-06 1.25416E-18 4.71367E-07 1.00916E-06 8.65572E-09 2.38011E-11
 1.12017E-12 3.94758E-08 7.07298E-11 2.28307E-10 1.09845E-13 7.51871E-10 1.11761E-10 3.48426E-13
 4.09614E-12 6.17618E-14 1.50620E-10 2.43058E-11 2.44127E-15 2.52008E-11 1.12938E-10 9.96812E-11
 2.10233E-02 2.14119E-21 1.70198E-27 1.77032E-19 1.52623E-14 1.84280E-15 1.31658E-23 4.30794E-04
 2.76744E-11 1.96592E-11 1.86521E-06 1.33355E-12 1.51926E-11 1.43528E-10 3.19090E-06 2.38851E-18
 4.66732E-07 9.47127E-07 8.66834E-09 2.59845E-11 1.27278E-12 3.28305E-08 9.03975E-11 2.74043E-10
 1.52456E-13 7.58326E-10 1.10659E-10 3.98876E-13 4.09440E-12 7.19189E-14 1.26682E-10 3.44860E-11
 3.78300E-15 3.22903E-11 1.16615E-10 1.02609E-10 2.10225E-02 9.75637E-23 1.13098E-28 8.65727E-20
 4.74770E-15 2.49553E-15 6.17212E-25 4.30832E-04 3.12792E-11 3.00108E-11 1.99073E-06 1.95743E-12
 1.98881E-11 1.81191E-10 3.37140E-06 4.72504E-18 4.61613E-07 8.86398E-07 8.80936E-09 2.75318E-11
 1.44673E-12 2.69206E-08 1.15062E-10 3.19778E-10 2.11095E-13 7.49881E-10 1.03134E-10 4.37554E-13
 3.75736E-12 8.00795E-14 1.05503E-10 4.68929E-11 5.88664E-15 4.05123E-11 1.20572E-10 9.91419E-11
 2.10218E-02 3.86197E-24 8.12229E-30 4.25869E-20 1.50909E-15 4.65524E-15 3.10190E-26 4.30867E-04
 3.48156E-11 4.51658E-11 2.11344E-06 2.87291E-12 2.53802E-11 2.15476E-10 3.48556E-06 9.63929E-18
 4.56128E-07 8.27249E-07 9.00307E-09 2.82191E-11 1.64425E-12 2.17840E-08 1.45271E-10 3.61942E-10
 2.89698E-13 7.27470E-10 9.01963E-11 4.60984E-13 3.17868E-12 8.56904E-14 8.69922E-11 6.08813E-11
 9.17039E-15 4.98585E-11 1.24838E-10 8.99954E-11 2.10212E-02 1.33442E-25 1.54208E-30 2.27598E-20
 5.30340E-16 5.63272E-15 4.07992E-27 4.30900E-04 3.80988E-11 6.72498E-11 2.23307E-06 4.20740E-12
 3.14562E-11 2.39988E-10 3.53198E-06 2.01912E-17 4.50412E-07 7.69742E-07 9.19685E-09 2.79547E-11
 1.86944E-12 1.74063E-08 1.81280E-10 3.96454E-10 3.91864E-13 6.91662E-10 7.38553E-11 4.67175E-13
 2.48629E-12 8.81853E-14 7.09643E-11 7.52206E-11 1.42698E-14 6.02329E-11 1.29376E-10 7.67197E-11
 2.10207E-02 4.06733E-27 1.08364E-30 1.57120E-20 2.45437E-16 5.91620E-15 1.97082E-27 4.30931E-04
 4.09482E-11 9.93245E-11 2.34961E-06 6.14154E-12 3.77860E-11 2.49733E-10 3.51127E-06 4.32868E-17
 4.44628E-07 7.13800E-07 9.35276E-09 2.67711E-11 2.12680E-12 1.37361E-08 2.22911E-10 4.19095E-10
 5.20415E-13 6.43147E-10 5.65177E-11 4.55951E-13 1.80106E-12 8.73481E-14 5.71883E-11 8.82849E-11
 2.21629E-14 7.14546E-11 1.34144E-10 6.13941E-11 2.10202E-02 1.37976E-28 1.36136E-30 1.60589E-20
 1.71576E-16 5.98856E-15 1.68478E-27 4.30960E-04 4.32424E-11 1.45857E-10 2.46203E-06 8.92673E-12
 4.39621E-11 2.42890E-10 3.42614E-06 9.47073E-17 4.39035E-07 6.59807E-07 9.44434E-09 2.48253E-11
 2.42245E-12 1.07299E-08 2.69478E-10 4.26498E-10 6.76369E-13 5.83231E-10 4.03861E-11 4.29133E-13
 1.21003E-12 8.32125E-14 4.55361E-11 9.83235E-11 3.43744E-14 8.32364E-11 1.39224E-10 4.61018E-11
 2.10199E-02 4.18716E-29 2.22884E-30 2.15750E-20 1.60953E-16 5.99761E-15 1.85383E-27 4.30985E-04
 4.48895E-11 2.13310E-10 2.56965E-06 1.29146E-11 4.95821E-11 2.21652E-10 3.28124E-06 2.10843E-16
 4.33923E-07 6.07956E-07 9.45622E-09 2.23357E-11 2.76069E-12 8.31234E-09 3.19779E-10 4.16699E-10
 8.59053E-13 5.14252E-10 2.69473E-11 3.90027E-13 7.54578E-13 7.63237E-14 3.58115E-11 1.04008E-10
 5.33615E-14 9.52193E-11 1.44842E-10 3.24958E-11 2.10196E-02 5.32564E-29 3.90462E-30 3.16471E-20
 1.68174E-16 5.98874E-15 2.15283E-27 4.31007E-04 4.58510E-11 3.11197E-10 2.67280E-06 1.85956E-11
 5.43583E-11 1.91079E-10 3.07908E-06 4.76601E-16 4.29601E-07 5.57907E-07 9.38530E-09 1.95526E-11
 3.14571E-12 6.37930E-09 3.72039E-10 3.89586E-10 1.06486E-12 4.38867E-10 1.67866E-11 3.42366E-13
 4.35752E-13 6.72488E-14 2.77255E-11 1.04675E-10 8.32557E-14 1.06948E-10 1.51511E-10 2.14669E-11
 2.10194E-02 7.01009E-29 6.75127E-30 4.65408E-20 1.79631E-16 5.97555E-15 2.42817E-27 4.31026E-04
 4.61895E-11 4.53769E-10 2.76997E-06 2.66264E-11 5.81642E-11 1.57250E-10 2.82408E-06 1.09127E-15
 4.26535E-07 5.10183E-07 9.24717E-09 1.67278E-11 3.58013E-12 4.86315E-09 4.24334E-10 3.47365E-10
 1.28725E-12 3.60565E-10 9.77697E-12 2.89991E-13 2.32186E-13 5.64946E-14 2.11418E-11 1.00253E-10
 1.30996E-13 1.17611E-10 1.60018E-10 1.32381E-11 2.10193E-02 8.88371E-29 1.13385E-29 6.70828E-20
 1.91574E-16 5.96177E-15 2.61143E-27 4.31041E-04 4.59893E-11 6.61968E-10 2.85922E-06 3.77407E-11
 6.10759E-11 1.25531E-10 2.52618E-06 2.51461E-15 4.25269E-07 4.65482E-07 9.08553E-09 1.40794E-11
 4.05639E-12 3.69808E-09 4.74546E-10 2.94428E-10 1.51101E-12 2.82810E-10 5.35128E-12 2.36413E-13
 1.13638E-13 4.46844E-14 1.59232E-11 9.12808E-11 2.07785E-13 1.25936E-10 1.71454E-10 7.57683E-12
 2.10192E-02 1.10058E-28 1.86702E-29 9.48887E-20 2.04160E-16 5.94726E-15 2.70478E-27 4.31051E-04
 4.52338E-11 9.61726E-10 2.93990E-06 5.23148E-11 6.33644E-11 9.93861E-11 2.20148E-06 5.72071E-15
 4.26396E-07 4.23812E-07 8.98008E-09 1.17808E-11 4.54171E-12 2.80576E-09 5.19225E-10 2.36435E-10
 1.69793E-12 2.08520E-10 2.78239E-12 1.83985E-13 5.06288E-14 3.27156E-14 1.18456E-11 7.88573E-11
 3.28870E-13 1.30126E-10 1.87211E-10 3.99420E-12 2.10191E-02 1.38128E-28 3.08415E-29 1.33664E-19
 2.20648E-16 5.92873E-15 2.78732E-27 4.31056E-04 4.53523E-11 1.40683E-09 3.01095E-06 6.97102E-11
 6.57718E-11 7.92124E-11 1.86096E-06 1.28321E-14 4.30595E-07 3.85358E-07 9.06915E-09 1.02220E-11
 5.20257E-12 2.12577E-09 5.53908E-10 1.81254E-10 1.74245E-12 1.39921E-10 1.38671E-12 1.34995E-13
 2.00887E-14 1.98541E-14 8.71843E-12 6.26409E-11 5.10512E-13 1.27333E-10 2.11287E-10 1.86081E-12
 2.10191E-02 1.85635E-28 5.31490E-29 1.83396E-19 2.48158E-16 5.89905E-15 2.97840E-27 4.31056E-04
 4.51727E-11 2.02332E-09 3.07072E-06 8.84699E-11 6.85947E-11 6.54713E-11 1.55824E-06 2.71446E-14
 4.38637E-07 3.50556E-07 9.35820E-09 9.17191E-12 5.90029E-12 1.61065E-09 5.70323E-10 1.32059E-10
 1.63985E-12 8.60649E-11 6.79690E-13 9.34279E-14 7.22825E-15 1.06922E-14 6.38543E-12 4.71489E-11
 7.52984E-13 1.17906E-10 2.39347E-10 7.89950E-13 2.10189E-02 2.64953E-28 9.35499E-29 2.52481E-19
 2.89368E-16 5.85555E-15 3.34545E-27 4.31050E-04 4.45143E-11 2.84881E-09 3.11785E-06 1.07335E-10
 7.21715E-11 5.65419E-11 1.30972E-06 5.38384E-14 4.51180E-07 3.19760E-07 9.82695E-09 8.52033E-12
 6.60372E-12 1.22271E-09 5.65275E-10 9.22603E-11 1.42484E-12 4.93013E-11 3.32724E-13 6.17015E-14
 2.41936E-15 5.27993E-15 4.69059E-12 3.42664E-11 1.04574E-12 1.04064E-10 2.67924E-10 3.12966E-13
 2.10187E-02 3.92802E-28 1.64325E-28 3.47944E-19 3.45349E-16 5.79714E-15 3.91598E-27 4.31037E-04
 4.34909E-11 3.93397E-09 3.15158E-06 1.25735E-10 7.66142E-11 5.07662E-11 1.11140E-06 1.01088E-13
 4.68625E-07 2.93166E-07 1.04161E-08 8.14425E-12 7.32258E-12 9.32476E-10 5.41680E-10 6.26784E-11
 1.15958E-12 2.69214E-11 1.63979E-13 3.94817E-14 7.74498E-16 2.45104E-15 3.48929E-12 2.43845E-11
 1.37684E-12 8.86368E-11 2.94266E-10 1.18575E-13 2.10184E-02 5.83296E-28 2.79906E-28 4.71680E-19
 4.13015E-16 5.72696E-15 4.65842E-27 4.31019E-04 3.85914E-11 5.04255E-09 3.17199E-06 1.43869E-10
 8.14049E-11 4.93311E-11 9.87634E-07 1.67248E-13 4.91154E-07 2.70660E-07 1.09695E-08 7.43837E-12
 7.12471E-12 7.15623E-10 5.03863E-10 4.17740E-11 9.79908E-13 1.55082E-11 8.75708E-14 2.54197E-14
 2.66364E-16 1.71373E-15 2.65481E-12 2.01172E-11 1.77172E-12 7.95417E-11 3.08101E-10 5.34274E-14
 2.10180E-02 8.23303E-28 4.37924E-28 7.17198E-19 4.80825E-16 5.65646E-15 5.87717E-27 4.30995E-04
 3.44840E-11 6.40879E-09 3.18079E-06 1.62041E-10 8.70705E-11 4.87947E-11 8.77159E-07 2.71005E-13
 5.18370E-07 2.51582E-07 1.17071E-08 6.92078E-12 6.96165E-12 5.53750E-10 4.61441E-10 2.76198E-11
 7.96796E-13 8.78890E-12 4.69960E-14 1.60674E-14 8.96387E-17 1.10215E-15 2.07034E-12 1.63647E-11
 2.22468E-12 6.99965E-11 3.21527E-10 2.35153E-14 2.10175E-02 1.15472E-27 6.70367E-28 1.07180E-18
 5.58361E-16 5.57607E-15 7.67185E-27 4.30967E-04 3.08532E-11 8.01300E-09 3.17967E-06 1.80251E-10
 9.34525E-11 4.88812E-11 7.76217E-07 4.27597E-13 5.49902E-07 2.35291E-07 1.26978E-08 6.48686E-12
 6.76037E-12 4.32491E-10 4.18386E-10 1.82436E-11 6.32178E-13 4.93732E-12 2.54705E-14 1.00148E-14
 2.98585E-17 6.71349E-16 1.65605E-12 1.31912E-11 2.72260E-12 6.05380E-11 3.34057E-10 1.02436E-14
 2.10170E-02 1.60410E-27 1.00489E-27 1.59180E-18 6.47740E-16 5.48362E-15 1.04112E-26 4.30934E-04
 2.71460E-11 9.74751E-09 3.17008E-06 1.98991E-10 1.00516E-10 5.00421E-11 6.89091E-07 6.49144E-13
 5.85534E-07 2.21157E-07 1.39662E-08 6.02680E-12 6.36276E-12 3.40796E-10 3.76836E-10 1.21431E-11
 5.02395E-13 2.82952E-12 1.42428E-14 6.25166E-15 1.02233E-17 4.20013E-16 1.35713E-12 1.09516E-11
 3.27640E-12 5.25279E-11 3.44025E-10 4.66015E-15 2.10165E-02 2.19688E-27 1.46876E-27 2.41838E-18
 7.47978E-16 5.37994E-15 1.49802E-26 4.30898E-04 2.38557E-11 1.16790E-08 3.15333E-06 2.18870E-10
 1.08547E-10 5.18214E-11 6.07794E-07 9.69566E-13 6.25087E-07 2.08619E-07 1.55879E-08 5.58991E-12
 5.93378E-12 2.70753E-10 3.38554E-10 8.18707E-12 3.95608E-13 1.64101E-12 8.12156E-15 3.90357E-15
 3.55563E-18 2.52835E-16 1.13631E-12 9.08040E-12 3.87580E-12 4.50728E-11 3.52943E-10 2.13598E-15
 2.10160E-02 2.98303E-27 2.11390E-27 3.65388E-18 8.62052E-16 5.26196E-15 2.23301E-26 4.30857E-04
 2.09108E-11 1.37665E-08 3.13058E-06 2.40530E-10 1.17763E-10 5.42626E-11 5.31705E-07 1.42727E-12
 6.68097E-07 1.97325E-07 1.76215E-08 5.16008E-12 5.46911E-12 2.17138E-10 3.04679E-10 5.63883E-12
 3.10817E-13 9.71011E-13 4.75778E-15 2.45689E-15 1.27409E-18 1.47423E-16 9.70636E-13 7.52581E-12
 4.50794E-12 3.82529E-11 3.60820E-10 9.93220E-16 2.10154E-02 4.02656E-27 3.00648E-27 5.48189E-18
 9.90745E-16 5.12870E-15 3.41993E-26 4.30814E-04 1.85626E-11 1.61324E-08 3.10292E-06 2.64829E-10
 1.28696E-10 5.69551E-11 4.56780E-07 2.11064E-12 7.14075E-07 1.86991E-07 2.01325E-08 4.77218E-12
 5.08989E-12 1.76025E-10 2.75794E-10 3.98817E-12 2.40749E-13 5.80670E-13 2.83343E-15 1.55501E-15
 4.63936E-19 7.90016E-17 8.44395E-13 6.04294E-12 5.14479E-12 3.16491E-11 3.68364E-10 4.51991E-16
 2.10148E-02 5.40605E-27 4.23789E-27 7.89262E-18 1.13425E-15 4.98001E-15 5.18088E-26 4.30767E-04
 1.63954E-11 1.85820E-08 3.07079E-06 2.92748E-10 1.41599E-10 6.06728E-11 3.89035E-07 3.08637E-12
 7.63265E-07 1.77263E-07 2.31983E-08 4.37299E-12 4.66636E-12 1.43965E-10 2.51301E-10 2.92549E-12
 1.88004E-13 3.60454E-13 1.76135E-15 1.00760E-15 1.78917E-19 4.17428E-17 7.45711E-13 4.88439E-12
 5.79294E-12 2.60246E-11 3.74565E-10 2.12474E-16 2.10142E-02 7.23849E-27 5.91987E-27 1.12024E-17
 1.28893E-15 4.81917E-15 7.89546E-26 4.30718E-04 1.44097E-11 2.10797E-08 3.03439E-06 3.25499E-10
 1.56998E-10 6.57426E-11 3.28762E-07 4.47908E-12 8.15985E-07 1.67862E-07 2.69666E-08 3.96515E-12
 4.21145E-12 1.18566E-10 2.30700E-10 2.23586E-12 1.48422E-13 2.34175E-13 1.14901E-15 6.72416E-16
 7.38864E-20 2.18181E-17 6.66705E-13 3.98176E-12 6.45027E-12 2.12989E-11 3.79582E-10 1.03777E-16
 2.10135E-02 9.69293E-27 8.21579E-27 1.56327E-17 1.45188E-15 4.64886E-15 1.20279E-25 4.30664E-04
 1.26754E-11 2.35955E-08 2.99434E-06 3.64502E-10 1.75530E-10 7.25246E-11 2.75798E-07 6.47088E-12
 8.71822E-07 1.58692E-07 3.16182E-08 3.55697E-12 3.74114E-12 9.84274E-11 2.13783E-10 1.78800E-12
 1.18838E-13 1.60264E-13 7.90181E-16 4.64651E-16 3.29907E-20 1.12589E-17 6.02949E-13 3.26993E-12
 7.10395E-12 1.73318E-11 3.83637E-10 5.27968E-17 2.10129E-02 1.30021E-26 1.13462E-26 2.13747E-17
 1.61825E-15 4.47375E-15 1.82081E-25 4.30608E-04 1.13518E-11 2.60893E-08 2.95081E-06 4.11668E-10
 1.98093E-10 8.15829E-11 2.29591E-07 9.32929E-12 9.30935E-07 1.49592E-07 3.74707E-08 3.15421E-12
 3.26801E-12 8.22788E-11 2.00104E-10 1.49958E-12 9.66932E-14 1.15930E-13 5.74296E-16 3.33433E-16
 1.60009E-20 5.71042E-18 5.50595E-13 2.69994E-12 7.73228E-12 1.39924E-11 3.86936E-10 2.79550E-17
 2.10121E-02 1.75527E-26 1.56553E-26 2.85831E-17 1.78514E-15 4.29657E-15 2.73108E-25 4.30547E-04
 1.07664E-11 2.84929E-08 2.90357E-06 4.69995E-10 2.26139E-10 9.39096E-11 1.89376E-07 1.34548E-11
 9.93847E-07 1.40391E-07 4.50089E-08 2.76153E-12 2.80185E-12 6.91215E-11 1.89194E-10 1.32161E-12
 8.01350E-14 8.89479E-14 4.42399E-16 2.48942E-16 8.45776E-21 2.82957E-18 5.06673E-13 2.23852E-12
 8.30476E-12 1.11746E-11 3.89651E-10 1.53776E-17 2.10113E-02 2.40396E-26 2.17196E-26 3.73135E-17
 1.95108E-15 4.11870E-15 4.05461E-25 4.30482E-04 1.14754E-11 3.06931E-08 2.85275E-06 5.44286E-10
 2.62017E-10 1.11055E-10 1.54363E-07 1.94549E-11 1.06056E-06 1.31029E-07 5.48181E-08 2.38818E-12
 2.35419E-12 5.83275E-11 1.80731E-10 1.22779E-12 6.78843E-14 7.26866E-14 3.62833E-16 1.93800E-16
 4.89396E-21 1.35997E-18 4.69410E-13 1.86221E-12 8.78203E-12 8.79696E-12 3.91928E-10 8.77685E-18
 2.10105E-02 3.37308E-26 3.05333E-26 4.73824E-17 2.11404E-15 3.94236E-15 5.95177E-25 4.30411E-04
 1.43293E-11 3.28066E-08 2.79818E-06 6.42184E-10 3.10149E-10 1.34497E-10 1.22300E-07 2.86946E-11
 1.13131E-06 1.21453E-07 6.76732E-08 2.06297E-12 1.99216E-12 4.93763E-11 1.74373E-10 1.19783E-12
 5.78587E-14 6.22282E-14 3.11263E-16 1.54938E-16 2.98648E-21 6.00021E-19 4.37356E-13 1.51273E-12
 9.14595E-12 6.73294E-12 3.93971E-10 4.98094E-18 2.10096E-02 4.89394E-26 4.38594E-26 5.71261E-17
 2.27519E-15 3.76802E-15 8.48254E-25 4.30333E-04 1.98040E-11 3.45411E-08 2.74000E-06 7.71376E-10
 3.73887E-10 1.68054E-10 9.55573E-08 4.25139E-11 1.20587E-06 1.11719E-07 8.43558E-08 1.76899E-12
 1.65983E-12 4.19182E-11 1.69740E-10 1.22953E-12 5.05714E-14 5.67464E-14 2.84255E-16 1.28989E-16
 1.98508E-21 2.56981E-19 4.09713E-13 1.23540E-12 9.38393E-12 5.08034E-12 3.95650E-10 2.92475E-18
 2.10087E-02 7.34446E-26 6.43555E-26 6.68337E-17 2.43140E-15 3.59856E-15 1.19543E-24 4.30247E-04
 2.82287E-11 3.60111E-08 2.67868E-06 9.40398E-10 4.57392E-10 2.15082E-10 7.39604E-08 6.33888E-11
 1.28344E-06 1.01994E-07 1.05588E-07 1.50966E-12 1.36913E-12 3.57125E-11 1.66501E-10 1.31289E-12
 4.51426E-14 5.44953E-14 2.72574E-16 1.11059E-16 1.41487E-21 1.07457E-19 3.86004E-13 1.01216E-12
 9.51738E-12 3.78951E-12 3.97013E-10 1.76390E-18 2.10077E-02 1.12756E-25 9.57795E-26 7.58527E-17
 2.58110E-15 3.43619E-15 1.65908E-24 4.30154E-04 3.94496E-11 3.74381E-08 2.61407E-06 1.15643E-09
 5.64057E-10 2.78545E-10 5.70695E-08 9.51553E-11 1.36395E-06 9.23781E-08 1.32287E-07 1.28458E-12
 1.12393E-12 3.05031E-11 1.64319E-10 1.43445E-12 4.08365E-14 5.39217E-14 2.68539E-16 9.78250E-17
 1.05248E-21 4.41933E-20 3.65605E-13 8.27826E-13 9.58096E-12 2.80479E-12 3.98096E-10 1.07821E-18
 2.10066E-02 1.74174E-25 1.42974E-25 8.38321E-17 2.72517E-15 3.28041E-15 2.26077E-24 4.30052E-04
 5.28224E-11 3.90953E-08 2.54541E-06 1.42443E-09 6.96005E-10 3.60579E-10 4.41986E-08 1.43777E-10
 1.44804E-06 8.29242E-08 1.65680E-07 1.08936E-12 9.20636E-13 2.60578E-11 1.62901E-10 1.57661E-12
 3.71170E-14 5.37277E-14 2.65812E-16 8.71387E-17 7.94221E-22 1.80151E-20 3.47881E-13 6.72495E-13
 9.61171E-12 2.06808E-12 3.98930E-10 6.59072E-19 2.10056E-02 2.66182E-25 2.11502E-25 9.08218E-17
 2.86555E-15 3.12918E-15 3.02200E-24 4.29939E-04 6.73756E-11 4.12398E-08 2.47193E-06 1.74702E-09
 8.53946E-10 4.62040E-10 3.45367E-08 2.18489E-10 1.53627E-06 7.37148E-08 2.07209E-07 9.18949E-13
 7.52699E-13 2.22100E-11 1.62023E-10 1.71974E-12 3.36534E-14 5.29206E-14 2.59697E-16 7.77065E-17
 5.93832E-22 7.32478E-21 3.32365E-13 5.40539E-13 9.63762E-12 1.52393E-12 3.99548E-10 3.98634E-19
 2.10044E-02 3.97245E-25 3.07088E-25 9.71495E-17 3.00355E-15 2.98082E-15 3.96610E-24 4.29811E-04
 8.20924E-11 4.40889E-08 2.39380E-06 2.12489E-09 1.03723E-09 5.81580E-10 2.73104E-08 3.33516E-10
 1.62807E-06 6.49550E-08 2.57975E-07 7.70445E-13 6.14443E-13 1.88793E-11 1.61516E-10 1.84497E-12
 3.02857E-14 5.08876E-14 2.47488E-16 6.88130E-17 4.32619E-22 2.98380E-21 3.18865E-13 4.29002E-13
 9.67539E-12 1.12473E-12 3.99984E-10 2.37054E-19 2.10032E-02 5.73691E-25 4.34878E-25 1.03207E-16
 3.13816E-15 2.83595E-15 5.11793E-24 4.29669E-04 9.61113E-11 4.78339E-08 2.31152E-06 2.55703E-09
 1.24384E-09 7.15377E-10 2.18780E-08 5.10596E-10 1.72259E-06 5.68398E-08 3.18910E-07 6.41821E-13
 5.00981E-13 1.60060E-11 1.61241E-10 1.93618E-12 2.69659E-14 4.74236E-14 2.28456E-16 6.01232E-17
 3.03654E-22 1.22126E-21 3.07218E-13 3.35964E-13 9.73325E-12 8.32585E-13 4.00271E-10 1.38130E-19
 2.10019E-02 7.97919E-25 5.98984E-25 1.09387E-16 3.26778E-15 2.69582E-15 6.50533E-24 4.29512E-04
 1.08690E-10 5.26757E-08 2.22441E-06 3.04043E-09 1.47024E-09 8.57941E-10 1.77529E-08 7.82797E-10
 1.82042E-06 4.93973E-08 3.91914E-07 5.30228E-13 4.07299E-13 1.35004E-11 1.61078E-10 1.98105E-12
 2.37067E-14 4.26265E-14 2.03399E-16 5.15494E-17 2.03547E-22 5.03060E-22 2.97090E-13 2.59479E-13
 9.81571E-12 6.18718E-13 4.00434E-10 7.86532E-20 2.10006E-02 1.06852E-24 8.02526E-25 1.16128E-16
 3.39264E-15 2.55971E-15 8.16387E-24 4.29335E-04 1.19339E-10 5.88555E-08 2.13214E-06 3.57057E-09
 1.71151E-09 1.00014E-09 1.45806E-08 1.20037E-09 1.92177E-06 4.26601E-08 4.78976E-07 4.34732E-13
 3.30116E-13 1.13041E-11 1.60932E-10 1.97217E-12 2.05504E-14 3.67576E-14 1.74000E-16 4.31627E-17
 1.29186E-22 2.08866E-22 2.88244E-13 1.97496E-13 9.92922E-12 4.61975E-13 4.00489E-10 4.36667E-20
 2.09991E-02 1.37907E-24 1.04740E-24 1.23798E-16 3.51227E-15 2.42767E-15 1.01323E-23 4.29137E-04
 1.28167E-10 6.70975E-08 2.03539E-06 4.14646E-09 1.96751E-09 1.12446E-09 1.19123E-08 1.86568E-09
 2.02585E-06 3.66866E-08 5.81489E-07 3.58247E-13 2.76402E-13 9.38982E-12 1.60739E-10 1.89244E-12
 1.72307E-14 2.98959E-14 1.39806E-16 3.43703E-17 7.39493E-23 8.41604E-23 2.80547E-13 1.45301E-13
 1.01361E-11 3.44813E-13 4.00397E-10 2.28665E-20 2.09976E-02 1.71848E-24 1.33762E-24 1.32531E-16
 3.62523E-15 2.30105E-15 1.24702E-23 4.28916E-04 1.34881E-10 7.75147E-08 1.93454E-06 4.75167E-09
 2.22303E-09 1.22538E-09 9.84339E-09 2.88993E-09 2.13227E-06 3.14572E-08 7.01125E-07 2.92949E-13
 2.30794E-13 7.72497E-12 1.60408E-10 1.75940E-12 1.42395E-14 2.32481E-14 1.07409E-16 2.65772E-17
 3.96553E-23 3.44224E-23 2.73850E-13 1.05494E-13 1.03887E-11 2.59421E-13 4.00211E-10 1.16554E-20
 2.09960E-02 2.06707E-24 1.66959E-24 1.42981E-16 3.72982E-15 2.18086E-15 1.52020E-23 4.28670E-04
 1.39697E-10 9.07478E-08 1.83027E-06 5.37378E-09 2.46782E-09 1.29484E-09 8.22381E-09 4.46125E-09
 2.24037E-06 2.69306E-08 8.39479E-07 2.36591E-13 1.91675E-13 6.28383E-12 1.59878E-10 1.58220E-12
 1.15991E-14 1.73300E-14 7.88681E-17 1.99560E-17 2.00008E-23 1.42930E-23 2.68025E-13 7.56791E-14
 1.06905E-11 1.96648E-13 3.99938E-10 5.79295E-21 2.09943E-02 2.40504E-24 2.04296E-24 1.55521E-16
 3.82488E-15 2.06789E-15 1.83580E-23 4.28396E-04 1.43059E-10 1.07707E-07 1.72401E-06 5.99707E-09
 2.69055E-09 1.32613E-09 6.94539E-09 6.86563E-09 2.34870E-06 2.30682E-08 9.97220E-07 1.88368E-13
 1.58142E-13 5.05055E-12 1.59100E-10 1.37387E-12 9.31018E-15 1.24004E-14 5.52696E-17 1.45543E-17
 9.50262E-24 6.01270E-24 2.62980E-13 5.35993E-14 1.10476E-11 1.50016E-13 3.99582E-10 2.80438E-21
 2.09926E-02 2.71264E-24 2.45890E-24 1.70605E-16 3.90896E-15 1.96311E-15 2.19592E-23 4.28095E-04
 1.45326E-10 1.29738E-07 1.61633E-06 6.59982E-09 2.87888E-09 1.31661E-09 5.93099E-09 1.05394E-08
 2.45664E-06 1.97792E-08 1.17630E-06 1.47285E-13 1.29128E-13 3.99781E-12 1.58024E-10 1.14941E-12
 7.35632E-15 8.51126E-15 3.68735E-17 1.03114E-17 4.24899E-24 2.55168E-24 2.58585E-13 3.73692E-14
 1.14668E-11 1.14934E-13 3.99140E-10 1.31694E-21 2.09907E-02 2.97548E-24 2.92175E-24 1.88938E-16
 3.98175E-15 1.86612E-15 2.60259E-23 4.27763E-04 1.46681E-10 1.58767E-07 1.50769E-06 7.15522E-09
 3.02103E-09 1.26961E-09 5.12124E-09 1.61463E-08 2.56358E-06 1.69720E-08 1.37919E-06 1.12534E-13
 1.03758E-13 3.09983E-12 1.56602E-10 9.24741E-13 5.71430E-15 5.60196E-15 2.33730E-17 7.10066E-18
 1.78661E-24 1.08645E-24 2.54717E-13 2.55656E-14 1.19584E-11 8.81925E-14 3.98608E-10 5.97188E-22
 2.09886E-02 3.19313E-24 3.44222E-24 2.11468E-16 4.04299E-15 1.77612E-15 3.05747E-23 4.27395E-04
 1.46760E-10 1.96532E-07 1.39976E-06 7.66222E-09 3.11781E-09 1.19893E-09 4.44670E-09 2.46636E-08
 2.66747E-06 1.45899E-08 1.60635E-06 8.38170E-14 8.16937E-14 2.34155E-12 1.54799E-10 7.18489E-13
 4.37806E-15 3.56934E-15 1.41914E-17 4.77121E-18 7.12839E-25 4.64263E-25 2.51310E-13 1.72740E-14
 1.25505E-11 6.77789E-14 3.97958E-10 2.62951E-22 2.09865E-02 3.41388E-24 4.06142E-24 2.38312E-16
 4.09253E-15 1.69313E-15 3.55686E-23 4.26990E-04 1.43206E-10 2.38184E-07 1.29397E-06 8.43830E-09
 3.27673E-09 1.12956E-09 3.75148E-09 3.79099E-08 2.76584E-06 1.25778E-08 1.85768E-06 6.07718E-14
 6.30543E-14 1.70599E-12 1.52583E-10 5.60793E-13 3.44256E-15 2.26518E-15 8.62863E-18 3.18923E-18
 2.79295E-25 2.07308E-25 2.48306E-13 1.20871E-14 1.33467E-11 5.32828E-14 3.97089E-10 1.17383E-22
 2.09841E-02 3.81688E-24 5.06499E-24 2.60914E-16 4.13904E-15 1.61701E-15 4.09480E-23 4.26548E-04
 1.34929E-10 2.87102E-07 1.18841E-06 1.05511E-08 3.77910E-09 1.04608E-09 3.07666E-09 6.55724E-08
 2.85520E-06 1.08847E-08 2.13479E-06 4.18551E-14 4.65846E-14 1.17475E-12 1.49959E-10 4.42859E-13
 3.00634E-15 1.42615E-15 5.27944E-18 2.17624E-18 1.03448E-25 1.01232E-25 2.45663E-13 8.96804E-15
 1.45465E-11 4.39927E-14 3.95801E-10 5.32964E-23 2.09816E-02 4.40632E-24 7.29664E-24 2.62912E-16
 4.19926E-15 1.54736E-15 4.76956E-23 4.26066E-04 1.40584E-10 7.38602E-07 1.06972E-06 8.85248E-09
 3.12065E-09 7.50988E-10 4.72117E-09 1.59554E-07 2.92628E-06 9.46516E-09 2.44657E-06 2.46213E-14
 2.44339E-14 7.40154E-13 1.47101E-10 1.65432E-13 1.80506E-15 6.77616E-16 1.85044E-18 1.21640E-18
 2.76024E-26 2.44045E-26 2.43368E-13 3.56405E-15 1.61431E-11 2.47015E-14 3.94122E-10 1.27271E-23
 2.09787E-02 3.00968E-24 6.58328E-24 3.91507E-16 4.12664E-15 1.48349E-15 5.85674E-23 4.25534E-04
 1.40714E-10 4.21595E-06 9.44261E-07 2.93223E-09 1.11306E-09 4.01519E-10 1.49060E-08 3.37630E-07
 2.96411E-06 8.27889E-09 2.78141E-06 1.36725E-14 1.16664E-14 4.29597E-13 1.43645E-10 2.02250E-14
 4.78494E-16 2.83347E-16 4.40266E-19 2.90745E-19 5.25572E-27 5.56505E-27 2.41348E-13 4.90770E-16
 2.02936E-11 1.37356E-14 3.89869E-10 1.72605E-24 2.09741E-02 9.37024E-25 1.98578E-24 9.99714E-16
 3.56819E-15 1.42539E-15 5.31481E-23 4.24964E-04 1.03285E-10 1.47640E-05 8.32708E-07 1.29562E-09
 4.34678E-10 2.12257E-10 3.24822E-08 5.21282E-07 2.98210E-06 7.29131E-09 3.11070E-06 7.77202E-15
 7.55445E-15 2.42525E-13 1.39672E-10 3.82406E-15 1.46440E-16 1.23001E-16 1.08849E-19 6.08945E-20
 1.15842E-27 2.56994E-27 2.39495E-13 4.54308E-17 2.76213E-11 1.13190E-14 3.82420E-10 1.64262E-25
 2.09658E-02 2.55353E-25 5.65252E-25 1.68297E-15 2.92859E-15 1.37318E-15 3.49240E-23 4.24382E-04
 6.36726E-11 3.61817E-05 7.33900E-07 7.53177E-10 2.04043E-10 1.13351E-10 5.33836E-08 6.95205E-07
 2.99111E-06 6.44012E-09 3.44052E-06 4.50324E-15 5.76412E-15 1.35894E-13 1.35326E-10 1.50118E-15
 5.73840E-17 5.48416E-17 2.80091E-20 2.20578E-20 2.48586E-28 1.46233E-27 2.37708E-13 5.83482E-18
 3.69125E-11 1.01004E-14 3.72991E-10 1.21675E-26 2.09516E-02 6.62072E-26 1.88714E-25 2.20938E-15
 2.44185E-15 1.32445E-15 2.15280E-23 4.23770E-04 3.75330E-11 7.33503E-05 6.44108E-07 5.03017E-10
 1.06318E-10 6.01366E-11 7.58158E-08 8.58549E-07 2.99571E-06 5.67661E-09 3.78405E-06 2.61416E-15
 4.78853E-15 7.56252E-14 1.30577E-10 9.41579E-16 2.61648E-17 2.45037E-17 7.26140E-21 1.21746E-20
 5.36419E-29 8.57703E-28 2.35898E-13 1.24083E-18 4.75631E-11 9.10747E-15 3.62179E-10 1.16386E-27
 2.09289E-02 1.61509E-26 6.97930E-26 2.57631E-15 2.11238E-15 1.27684E-15 1.30919E-23 4.23097E-04
 2.31185E-11 1.31220E-04 5.63029E-07 3.62725E-10 5.94796E-11 3.16076E-11 9.78803E-08 1.00839E-06
 2.99783E-06 4.99131E-09 4.14309E-06 1.51739E-15 4.19545E-15 4.22899E-14 1.25510E-10 7.10948E-16
 1.29737E-17 1.09360E-17 1.88835E-21 7.95139E-21 1.16005E-29 4.96431E-28 2.34048E-13 3.42951E-19
 5.89886E-11 8.14850E-15 3.50564E-10 2.67760E-28 2.08951E-02 3.71896E-27 2.81081E-26 2.82187E-15
 1.90210E-15 1.23004E-15 8.03444E-24 4.22351E-04 1.52274E-11 2.14683E-04 4.90437E-07 2.72892E-10
 3.50485E-11 1.64511E-11 1.17963E-07 1.14337E-06 2.99847E-06 4.37915E-09 4.51799E-06 8.80877E-16
 3.81278E-15 2.40123E-14 1.20211E-10 5.67249E-16 6.72443E-18 4.87563E-18 4.92876E-22 5.44626E-21
 2.51940E-30 2.80553E-28 2.32154E-13 1.09032E-19 7.07818E-11 7.20149E-15 3.38549E-10 9.55684E-29
 2.08476E-02 8.12228E-28 1.21941E-26 2.99066E-15 1.76615E-15 1.18402E-15 5.02859E-24 4.21523E-04
 1.06252E-11 3.28493E-04 4.25851E-07 2.10060E-10 2.14873E-11 8.47784E-12 1.34825E-07 1.26351E-06
 2.99816E-06 3.83457E-09 4.90951E-06 5.11465E-16 3.55664E-15 1.39472E-14 1.14742E-10 4.58831E-16
 3.56354E-18 2.17164E-18 1.29279E-22 3.76764E-21 5.51279E-31 1.54564E-28 2.30211E-13 3.81322E-20
 8.26827E-11 6.28323E-15 3.26388E-10 3.78087E-29 2.07840E-02 1.69095E-28 5.64919E-27 3.11795E-15
 1.66900E-15 1.13873E-15 3.22381E-24 4.20600E-04 7.75372E-12 4.77130E-04 3.68656E-07 1.63563E-10
 1.35932E-11 4.32704E-12 1.47607E-07 1.36950E-06 2.99720E-06 3.35173E-09 5.31875E-06 2.96992E-16
 3.38067E-15 8.32939E-15 1.09147E-10 3.71620E-16 1.90663E-18 9.66329E-19 3.41464E-23 2.60454E-21
 1.22288E-31 8.30474E-29 2.28214E-13 1.43189E-20 9.45127E-11 5.41344E-15 3.14254E-10 1.55719E-29
 2.07019E-02 3.37760E-29 2.77350E-27 3.22711E-15 1.58700E-15 1.09412E-15 2.11915E-24 4.19569E-04
 5.86948E-12 6.64748E-04 3.18186E-07 1.27987E-10 8.82104E-12 2.18893E-12 1.55904E-07 1.46238E-06
 2.99575E-06 2.92477E-09 5.74706E-06 1.72348E-16 3.25690E-15 5.12975E-15 1.03455E-10 3.00217E-16
 1.02342E-18 4.29265E-19 9.10602E-24 1.79381E-21 2.77519E-32 4.36216E-29 2.26155E-13 5.68190E-21
 1.06139E-10 4.60872E-15 3.02271E-10 6.57837E-30 2.05990E-02 6.53372E-30 1.43295E-27 3.33221E-15
 1.50578E-15 1.05013E-15 1.42703E-24 4.18412E-04 4.78840E-12 8.94448E-04 2.73902E-07 1.01721E-10
 5.88641E-12 1.10231E-12 1.65359E-07 1.54316E-06 2.99396E-06 2.54909E-09 6.19468E-06 9.99288E-17
 3.16774E-15 3.26430E-15 9.76994E-11 2.44078E-16 5.70119E-19 1.90177E-19 2.46445E-24 1.26375E-21
 6.57161E-33 2.42884E-29 2.24031E-13 2.48730E-21 1.17419E-10 3.96827E-15 2.90576E-10 3.10097E-30
 2.04737E-02 1.26919E-30 7.80324E-28 3.44164E-15 1.41653E-15 1.00684E-15 9.89558E-25 4.17113E-04
 4.18199E-12 1.16872E-03 2.35390E-07 8.15160E-11 4.01780E-12 5.56219E-13 1.75458E-07 1.61278E-06
 2.99201E-06 2.22125E-09 6.66057E-06 5.80151E-17 3.10240E-15 2.15704E-15 9.19520E-11 1.99205E-16
 3.26552E-19 8.42210E-20 6.85546E-25 9.05708E-22 1.68570E-33 1.41205E-29 2.21844E-13 1.17877E-21
 1.28216E-10 3.43520E-15 2.79296E-10 1.60041E-30 2.03245E-02 2.66922E-31 4.43971E-28 3.55525E-15
 1.31891E-15 9.64405E-16 7.02837E-25 4.15656E-04 3.60064E-12 1.49188E-03 2.01999E-07 6.39537E-11
 2.75963E-12 2.81378E-13 1.75141E-07 1.67261E-06 2.98993E-06 1.93581E-09 7.14681E-06 3.37541E-17
 3.05335E-15 1.48746E-15 8.62818E-11 1.60171E-16 1.78790E-19 3.73491E-20 1.98001E-25 6.27896E-22
 4.77700E-34 7.39539E-30 2.19582E-13 5.42420E-22 1.38504E-10 2.86640E-15 2.68444E-10 7.59698E-31
 2.01492E-02 1.10757E-31 2.58479E-28 3.67052E-15 1.21502E-15 9.22733E-16 5.02728E-25 4.14015E-04
 3.30264E-12 1.86721E-03 1.73116E-07 5.04364E-11 1.92805E-12 1.43152E-13 1.76699E-07 1.72390E-06
 2.98782E-06 1.68765E-09 7.65544E-06 1.96717E-17 3.01482E-15 1.07299E-15 8.07283E-11 1.29561E-16
 9.99352E-20 1.65627E-20 6.01726E-26 4.45152E-22 1.53556E-34 4.04633E-30 2.17230E-13 2.67737E-22
 1.48252E-10 2.40973E-15 2.58040E-10 3.95330E-31 1.99461E-02 3.50363E-31 1.55252E-28 3.78543E-15
 1.10646E-15 8.81716E-16 3.65921E-25 4.12160E-04 2.94262E-12 2.29903E-03 1.48213E-07 3.87726E-11
 1.34805E-12 7.32254E-14 1.67430E-07 1.76783E-06 2.98570E-06 1.47238E-09 8.18879E-06 1.14984E-17
 2.98298E-15 8.13074E-16 7.53731E-11 1.03180E-16 5.29400E-20 7.36298E-21 1.93066E-26 3.04222E-22
 5.36688E-35 1.96961E-30 2.14771E-13 1.25722E-22 1.57453E-10 1.94646E-15 2.48074E-10 1.85177E-31
 1.97128E-02 1.99227E-30 9.44462E-29 3.89810E-15 9.94605E-16 8.41241E-16 2.66575E-25 4.10057E-04
 2.71156E-12 2.79158E-03 1.26746E-07 2.96744E-11 9.51606E-13 3.76808E-14 1.57671E-07 1.80549E-06
 2.98359E-06 1.28548E-09 8.75019E-06 6.73289E-18 2.95474E-15 6.47636E-16 7.02485E-11 8.22907E-17
 2.80016E-20 3.27462E-21 6.56545E-27 2.09594E-22 2.00902E-35 9.57237E-31 2.12181E-13 6.08264E-23
 1.66107E-10 1.56421E-15 2.38526E-10 8.97988E-32 1.94471E-02 1.15038E-29 5.85757E-29 4.00465E-15
 8.82811E-16 8.01106E-16 1.95963E-25 4.07663E-04 2.55891E-12 3.34749E-03 1.08343E-07 2.25122E-11
 6.76419E-13 1.95525E-14 1.46403E-07 1.83783E-06 2.98163E-06 1.12387E-09 9.34037E-06 3.95675E-18
 2.92798E-15 5.42545E-16 6.54304E-11 6.56252E-17 1.47158E-20 1.46028E-21 2.36478E-27 1.44736E-22
 7.86340E-36 4.57852E-31 2.09441E-13 2.98740E-23 1.74183E-10 1.24323E-15 2.29407E-10 4.41953E-32
 1.91477E-02 6.42740E-29 3.68995E-29 4.10209E-15 7.73385E-16 7.61256E-16 1.44914E-25 4.04937E-04
 2.27240E-12 3.97327E-03 9.25613E-08 1.65698E-11 4.78098E-13 1.02009E-14 1.26264E-07 1.86571E-06
 2.97972E-06 9.83889E-10 9.96379E-06 2.33416E-18 2.90098E-15 4.76703E-16 6.09785E-11 5.14571E-17
 7.21168E-21 6.53966E-22 8.75819E-28 9.54651E-23 2.99961E-36 1.88295E-31 2.06515E-13 1.34902E-23
 1.81705E-10 9.42356E-16 2.20666E-10 1.86821E-32 1.88115E-02 3.45360E-28 2.33957E-29 4.18899E-15
 6.67052E-16 7.21420E-16 1.06465E-25 4.01820E-04 2.02760E-12 4.67467E-03 7.90036E-08 1.20881E-11
 3.39325E-13 5.34270E-15 1.07110E-07 1.88976E-06 2.97765E-06 8.62226E-10 1.06248E-05 1.37974E-18
 2.87229E-15 4.36726E-16 5.68919E-11 4.03909E-17 3.48124E-21 2.93407E-22 3.30981E-28 6.30330E-23
 1.12779E-36 7.48822E-32 2.03366E-13 6.09267E-24 1.88680E-10 7.05542E-16 2.12265E-10 7.84945E-33
 1.84359E-02 8.67681E-29 1.48507E-29 4.26076E-15 5.67638E-16 6.81334E-16 7.84230E-26 3.98249E-04
 1.82477E-12 5.45435E-03 6.73983E-08 8.75240E-12 2.41765E-13 2.81184E-15 8.95118E-08 1.91056E-06
 2.97543E-06 7.56695E-10 1.13241E-05 8.17638E-19 2.84084E-15 4.14392E-16 5.31897E-11 3.17705E-17
 1.66966E-21 1.31968E-22 1.27192E-28 4.17050E-23 4.21224E-37 2.91101E-32 1.99963E-13 2.75478E-24
 1.95070E-10 5.22455E-16 2.04210E-10 3.29494E-33 1.80200E-02 2.02827E-29 9.55848E-30 4.31450E-15
 4.77175E-16 6.40914E-16 5.78858E-26 3.94163E-04 1.65406E-12 6.31435E-03 5.75042E-08 6.28993E-12
 1.72866E-13 1.48865E-15 7.37025E-08 1.92866E-06 2.97306E-06 6.65374E-10 1.20617E-05 4.86217E-19
 2.80568E-15 4.04176E-16 4.98889E-11 2.50708E-17 7.96832E-22 5.95820E-23 4.95473E-29 2.76825E-23
 1.56949E-37 1.10620E-32 1.96274E-13 1.24574E-24 2.00837E-10 3.82579E-16 1.96506E-10 1.38229E-33
 1.75638E-02 4.86152E-30 6.20866E-30 4.34846E-15 3.96493E-16 6.00100E-16 4.27988E-26 3.89501E-04
 1.45351E-12 7.25829E-03 4.90857E-08 4.45039E-12 1.23357E-13 7.92052E-16 5.82593E-08 1.94438E-06
 2.97033E-06 5.86366E-10 1.28383E-05 2.90273E-19 2.76596E-15 4.02131E-16 4.69990E-11 1.97097E-17
 3.68609E-22 2.70407E-23 1.93009E-29 1.80478E-23 5.72211E-38 3.87862E-33 1.92258E-13 5.39627E-25
 2.05953E-10 2.72849E-16 1.89141E-10 5.38682E-34 1.70667E-02 1.08326E-30 4.04786E-30 4.36173E-15
 3.25512E-16 5.58793E-16 3.15266E-26 3.84188E-04 1.24697E-12 8.28954E-03 4.19246E-08 3.11270E-12
 8.79409E-14 4.22824E-16 4.45768E-08 1.95773E-06 2.96672E-06 5.17906E-10 1.36549E-05 1.73819E-19
 2.72087E-15 4.05250E-16 4.44909E-11 1.54826E-17 1.66485E-22 1.23270E-23 7.47739E-30 1.16354E-23
 2.03669E-38 1.27196E-33 1.87877E-13 2.26202E-25 2.10389E-10 1.90538E-16 1.82102E-10 1.98434E-34
 1.65288E-02 2.92253E-31 2.65078E-30 4.35319E-15 2.64369E-16 5.16939E-16 2.31612E-26 3.78151E-04
 1.11259E-12 9.40447E-03 3.58666E-08 2.18760E-12 6.32171E-14 2.27038E-16 3.45958E-08 1.96884E-06
 2.96208E-06 4.58819E-10 1.45059E-05 1.04453E-19 2.66986E-15 4.11096E-16 4.23184E-11 1.23342E-17
 7.72083E-23 5.64517E-24 2.92708E-30 7.72000E-24 7.33088E-39 4.32308E-34 1.83107E-13 9.87887E-26
 2.14076E-10 1.33952E-16 1.75422E-10 7.85974E-35 1.59544E-02 6.07501E-32 1.75942E-30 4.32220E-15
 2.12988E-16 4.74724E-16 1.71263E-26 3.71341E-04 9.87880E-13 1.05992E-02 3.07756E-08 1.52916E-12
 4.54880E-14 1.22787E-16 2.62855E-08 1.97794E-06 2.95629E-06 4.08070E-10 1.53845E-05 6.30830E-20
 2.61238E-15 4.17626E-16 4.04667E-11 9.85115E-18 3.56878E-23 2.60243E-24 1.15413E-30 5.10781E-24
 2.65027E-39 1.42240E-34 1.77927E-13 4.24925E-26 2.16954E-10 9.28718E-17 1.69124E-10 3.04108E-35
 1.53488E-02 1.31682E-32 1.17598E-30 4.26919E-15 1.70230E-16 4.32370E-16 1.26523E-26 3.63709E-04
 8.86067E-13 1.18691E-02 2.65256E-08 1.06860E-12 3.28447E-14 6.69833E-17 1.97928E-08 1.98490E-06
 2.94896E-06 3.64692E-10 1.62825E-05 3.83268E-20 2.54806E-15 4.23147E-16 3.89059E-11 7.92152E-18
 1.66109E-23 1.20844E-24 4.59549E-31 3.40736E-24 9.67962E-40 4.62188E-35 1.72325E-13 1.83383E-26
 2.18965E-10 6.39479E-17 1.63231E-10 1.18554E-35 1.47185E-02 3.43644E-33 7.93344E-31 4.19471E-15
 1.35071E-16 3.90182E-16 9.36063E-27 3.55221E-04 8.16079E-13 1.32063E-02 2.30170E-08 7.50823E-13
 2.38561E-14 3.69936E-17 1.49463E-08 1.98980E-06 2.93996E-06 3.27943E-10 1.71881E-05 2.34971E-20
 2.47671E-15 4.26294E-16 3.76123E-11 6.43752E-18 7.90073E-24 5.66280E-25 1.85998E-31 2.31468E-24
 3.61605E-40 1.52337E-35 1.66302E-13 8.08765E-27 2.20051E-10 4.40327E-17 1.57774E-10 4.81034E-36
 1.40721E-02 8.84774E-34 5.41362E-31 4.09966E-15 1.06519E-16 3.48593E-16 6.95007E-27 3.45869E-04
 7.50061E-13 1.46064E-02 2.01605E-08 5.28441E-13 1.73428E-14 2.07833E-17 1.10718E-08 1.99252E-06
 2.92889E-06 2.97129E-10 1.80904E-05 1.46254E-20 2.39822E-15 4.26065E-16 3.65759E-11 5.24771E-18
 3.76873E-24 2.68732E-25 7.61420E-32 1.56891E-24 1.36672E-40 4.86096E-36 1.59864E-13 3.51466E-27
 2.20166E-10 2.99264E-17 1.52770E-10 1.90782E-36 1.34177E-02 2.41422E-34 3.71863E-31 3.98502E-15
 8.36226E-17 3.08035E-16 5.15078E-27 3.35646E-04 6.97522E-13 1.60645E-02 1.78841E-08 3.75499E-13
 1.26499E-14 1.20521E-17 8.14344E-09 1.99273E-06 2.91518E-06 2.71688E-10 1.89774E-05 9.37915E-21
 2.31280E-15 4.21851E-16 3.57786E-11 4.30881E-18 1.82693E-24 1.30421E-25 3.16233E-32 1.07256E-24
 5.24447E-41 1.53243E-36 1.53038E-13 1.53171E-27 2.19275E-10 2.02113E-17 1.48241E-10 7.62115E-37
 1.27638E-02 5.59517E-35 2.57524E-31 3.85207E-15 6.56735E-17 2.69036E-16 3.81771E-27 3.24582E-04
 6.48814E-13 1.75788E-02 1.61312E-08 2.70676E-13 9.23351E-15 7.51115E-18 5.89385E-09 1.99002E-06
 2.89806E-06 2.51151E-10 1.98386E-05 6.40978E-21 2.22080E-15 4.13391E-16 3.52048E-11 3.55031E-18
 8.99367E-25 6.71421E-26 1.34955E-32 7.32307E-25 2.05178E-41 4.68591E-37 1.45861E-13 6.58364E-28
 2.17351E-10 1.34941E-17 1.44206E-10 2.98067E-37 1.21181E-02 9.05170E-36 1.79264E-31 3.70218E-15
 5.22228E-17 2.32115E-16 2.82092E-27 3.12726E-04 6.14327E-13 1.91478E-02 1.48619E-08 2.01432E-13
 6.76044E-15 5.53186E-18 4.28137E-09 1.98384E-06 2.87667E-06 2.35174E-10 2.06636E-05 4.97556E-21
 2.12298E-15 4.00757E-16 3.48334E-11 2.94669E-18 4.74743E-25 4.13284E-26 6.64180E-33 5.04554E-25
 9.07912E-42 1.47454E-37 1.38397E-13 2.87033E-28 2.14385E-10 9.03613E-18 1.40687E-10 1.19509E-37
 1.14882E-02 3.16473E-36 1.25564E-31 3.53691E-15 4.32572E-17 1.97812E-16 2.08136E-27 3.00166E-04
 2.85150E+02 2.78650E+02 2.72150E+02 2.65660E+02 2.61170E+02 2.55680E+02 2.49190E+02 2.42700E+02
 2.36210E+02 2.25000E+02 2.10000E+02 2.10000E+02 2.10000E+02 2.10000E+02 2.10000E+02 2.10000E+02
 2.14000E+02 2.14000E+02 2.16650E+02 2.16650E+02 2.16650E+02 2.17580E+02 2.18570E+02 2.19570E+02
 2.20560E+02 2.21550E+02 2.22540E+02 2.23540E+02 2.24530E+02 2.25520E+02 2.26510E+02 2.27500E+02
 2.28490E+02 2.30970E+02 2.33740E+02 2.36510E+02 2.39280E+02 2.37000E+02 2.35000E+02 2.33000E+02
 2.30000E+02 2.27000E+02 2.24000E+02 2.22000E+02 2.20000E+02 2.18000E+02 2.16000E+02 2.14000E+02
 2.12000E+02 2.10000E+02 2.09000E+02 2.08000E+02 2.07000E+02 2.06000E+02 2.05000E+02 2.04000E+02
 2.03000E+02 2.02000E+02 2.01000E+02 2.00000E+02 2.00000E+02 2.00000E+02 2.00000E+02 2.00000E+02
 2.00000E+02 2.00000E+02 2.00000E+02 2.00000E+02 2.00000E+02 2.00000E+02 2.00000E+02 2.00000E+02
 2.00000E+02 2.00000E+02 2.00000E+02 2.00000E+02 2.00000E+02 2.00000E+02 2.00000E+02 1.98600E+02
 1.96000E+02 1.94700E+02 1.92000E+02 1.90800E+02 1.89000E+02 1.86900E+02 1.86900E+02 1.86900E+02
 1.86900E+02 1.86900E+02 1.88000E+02 1.90000E+02 1.91000E+02 1.92500E+02 1.94000E+02 1.95000E+02
 1.96500E+02 1.98000E+02 2.00000E+02 2.02000E+02 1.00000E+05 1.00000E+05 1.00000E+05 1.00000E+05
 1.00000E+05 1.00000E+05 1.00000E+05 1.00000E+05 1.00000E+05 8.94400E+04 4.89900E+04 2.25800E+04
 1.16600E+04 6.81200E+03 5.16500E+03 4.29000E+03 3.95000E+03 3.90000E+03 3.99900E+03 4.34300E+03
 4.84400E+03 5.43900E+03 6.18700E+03 7.03600E+03 7.98400E+03 8.98600E+03 1.00300E+04 1.12800E+04
 1.24900E+04 1.36300E+04 1.51300E+04 1.66900E+04 1.81800E+04 1.99800E+04 2.19800E+04 2.44500E+04
 2.74600E+04 3.04600E+04 3.39400E+04 3.79500E+04 4.19500E+04 4.64300E+04 5.19100E+04 5.84000E+04
 6.44500E+04 7.13600E+04 7.99000E+04 8.79100E+04 9.68700E+04 1.06900E+05 1.17800E+05 1.31800E+05
 1.48300E+05 1.65800E+05 1.83300E+05 2.01800E+05 2.25600E+05 2.52200E+05 2.77200E+05 3.07000E+05
 3.42100E+05 3.79500E+05 4.21900E+05 4.71700E+05 5.17400E+05 5.67400E+05 6.22400E+05 6.82600E+05
 7.48700E+05 8.21200E+05 9.00700E+05 9.87900E+05 1.00000E+06 1.00000E+06 1.00000E+06 1.00000E+06
 1.00000E+06 1.00000E+06 1.00000E+06 1.00000E+06 1.00000E+06 1.00000E+06 1.00000E+06 1.00000E+06
 1.00000E+06 1.00000E+06 1.00000E+06 1.00000E+06 1.00000E+06 1.00000E+06 1.00000E+06 1.00000E+06
 1.00000E+06 1.00000E+06 1.00000E+06 1.00000E+06 1.00000E+06 1.00000E+06 1.00000E+06 1.00000E+06
 2.42824E+19 2.20834E+19 2.00394E+19 1.81419E+19 1.62668E+19 1.46118E+19 1.31443E+19 1.17918E+19
 1.05477E+19 9.58944E+18 8.82128E+18 7.53290E+18 6.43302E+18 5.49400E+18 4.69228E+18 4.00776E+18
 3.36427E+18 2.88224E+18 2.44151E+18 2.09585E+18 1.79922E+18 1.53854E+18 1.31624E+18 1.12685E+18
 9.65488E+17 8.27841E+17 7.10338E+17 6.09931E+17 5.24118E+17 4.50700E+17 3.87840E+17 3.33981E+17
 2.87801E+17 2.46691E+17 2.11567E+17 1.81781E+17 1.56471E+17 1.37599E+17 1.20724E+17 1.05805E+17
 9.30026E+16 8.16147E+16 7.15000E+16 6.22690E+16 5.41645E+16 4.70571E+16 4.08313E+16 3.53841E+16
 3.06239E+16 2.64690E+16 2.27463E+16 1.95339E+16 1.67637E+16 1.43764E+16 1.23205E+16 1.05512E+16
 9.02949E+15 7.72172E+15 6.59856E+15 5.63463E+15 4.78588E+15 4.06518E+15 3.45318E+15 2.93347E+15
 2.49210E+15 2.11725E+15 1.79887E+15 1.52844E+15 1.29874E+15 1.10361E+15 9.37847E+14 7.97022E+14
 6.77377E+14 5.75722E+14 4.89348E+14 4.15953E+14 3.53585E+14 3.00584E+14 2.55541E+14 2.18667E+14
 1.87968E+14 1.60273E+14 1.37434E+14 1.16753E+14 9.93755E+13 8.45834E+13 7.11287E+13 5.98180E+13
 5.03091E+13 4.23146E+13 3.54025E+13 2.95239E+13 2.47882E+13 2.07829E+13 1.74498E+13 1.47065E+13
 1.23772E+13 1.04312E+13 8.78287E+12 7.40815E+12 7.94465E-11 9.65949E-11 1.32693E-10 1.77858E-10
 2.27466E-10 2.77595E-10 3.24758E-10 3.66797E-10 4.02763E-10 4.33651E-10 4.65530E-10 5.04701E-10
 5.36843E-10 5.53189E-10 5.48371E-10 5.22575E-10 4.81176E-10 4.32833E-10 3.84219E-10 3.39655E-10
 3.01396E-10 2.69126E-10 2.42089E-10 2.19534E-10 2.00344E-10 1.83020E-10 1.66652E-10 1.51238E-10
 1.36723E-10 1.22918E-10 1.09885E-10 9.77166E-11 8.63214E-11 7.56966E-11 6.59091E-11 5.70196E-11
 4.90840E-11 4.20654E-11 3.58832E-11 3.04756E-11 2.57472E-11 2.16112E-11 1.80290E-11 1.49605E-11
 1.23252E-11 1.00596E-11 8.14058E-12 6.52253E-12 5.16053E-12 4.02876E-12 3.07819E-12 2.32317E-12
 1.73343E-12 1.27532E-12 9.20961E-13 6.50951E-13 4.52111E-13 3.08184E-13 2.04499E-13 1.32238E-13
 8.33640E-14 5.10455E-14 3.03380E-14 1.75250E-14 9.71668E-15 5.15447E-15 2.60797E-15 1.25398E-15
 5.70861E-16 2.44999E-16 9.86759E-17 3.71162E-17 1.18815E-17 3.10120E-18 6.36320E-19 9.83123E-20
 1.08714E-20 8.10476E-22 3.79028E-23 1.03134E-24 1.48766E-26 9.96311E-29 2.70394E-31 2.45657E-34
 6.08017E-38 3.17814E-42 2.50651E-47 2.07694E-53 1.16576E-60 2.61798E-69 1.32419E-79 8.21989E-92
 1.00000-100 1.00000-100 1.00000-100 1.00000-100 1.00000-100 1.00000-100 1.00000-100 1.00000-100
 3.09391E+01 2.51619E+01 2.45269E+01 2.61225E+01 2.72818E+01 2.76708E+01 2.73337E+01 2.62540E+01
 2.44840E+01 2.27323E+01 2.10029E+01 1.92243E+01 1.73078E+01 1.51101E+01 1.27054E+01 1.02817E+01
 7.96275E+00 6.86844E+00 5.91457E+00 5.55904E+00 5.39964E+00 5.29342E+00 5.35504E+00 5.55658E+00
 5.32953E+00 4.14339E+00 3.21481E+00 2.48725E+00 1.91995E+00 1.47485E+00 1.12728E+00 8.57573E-01
 6.48441E-01 4.81630E-01 3.55370E-01 2.60859E-01 1.90741E-01 1.44502E-01 1.08578E-01 8.11490E-02
 6.07055E-02 4.50303E-02 3.31336E-02 2.40265E-02 1.72738E-02 1.22962E-02 8.66702E-03 6.04097E-03
 4.15241E-03 2.81217E-03 1.84644E-03 1.19667E-03 7.66184E-04 4.83344E-04 2.99062E-04 1.81008E-04
 1.07567E-04 6.26888E-05 3.55357E-05 1.96140E-05 1.04574E-05 5.41538E-06 2.72194E-06 1.32994E-06
 6.24135E-07 2.80234E-07 1.20010E-07 4.88411E-08 1.88188E-08 6.83149E-09 2.32643E-09 7.39688E-10
 2.00164E-10 4.41651E-11 7.66059E-12 1.00055E-12 9.35352E-14 5.89517E-15 2.32797E-16 5.42347E-18
 6.76904E-20 3.86516E-22 9.05019E-25 6.98209E-28 1.47429E-31 6.58325E-36 4.34271E-41 3.01005E-47
 1.41177E-54 2.64629E-63 1.11372E-73 5.76542E-86 5.88798E-95 4.93660E-95 4.14489E-95 3.49327E-95
 2.93998E-95 2.47774E-95 2.08621E-95 1.75967E-95 0.00000E+00 0.00000E+00 0.00000E+00 0.00000E+00
 0.00000E+00 0.00000E+00 0.00000E+00 0.00000E+00 0.00000E+00 0.00000E+00 0.00000E+00 0.00000E+00
 0.00000E+00 0.00000E+00 0.00000E+00 0.00000E+00 0.00000E+00 0.00000E+00 0.00000E+00 0.00000E+00
 0.00000E+00 0.00000E+00 0.00000E+00 0.00000E+00 0.00000E+00 0.00000E+00 0.00000E+00 0.00000E+00
 0.00000E+00 0.00000E+00 0.00000E+00 0.00000E+00 0.00000E+00 0.00000E+00 0.00000E+00 0.00000E+00
 0.00000E+00 0.00000E+00 0.00000E+00 0.00000E+00 0.00000E+00 0.00000E+00 0.00000E+00 0.00000E+00
 0.00000E+00 0.00000E+00 0.00000E+00 0.00000E+00 0.00000E+00 0.00000E+00 0.00000E+00 0.00000E+00
 0.00000E+00 0.00000E+00 0.00000E+00 0.00000E+00 0.00000E+00 0.00000E+00 0.00000E+00 0.00000E+00
 0.00000E+00 0.00000E+00 0.00000E+00 0.00000E+00 0.00000E+00 0.00000E+00 0.00000E+00 0.00000E+00
 0.00000E+00 0.00000E+00 0.00000E+00 0.00000E+00 0.00000E+00 0.00000E+00 0.00000E+00 0.00000E+00
 0.00000E+00 0.00000E+00 0.00000E+00 0.00000E+00 0.00000E+00 0.00000E+00 0.00000E+00 0.00000E+00
 0.00000E+00 0.00000E+00 0.00000E+00 0.00000E+00 0.00000E+00 0.00000E+00 0.00000E+00 0.00000E+00
 0.00000E+00 0.00000E+00 0.00000E+00 0.00000E+00 0.00000E+00 0.00000E+00 0.00000E+00 0.00000E+00
 0.00000E+00 0.00000E+00 0.00000E+00 0.00000E+00 0.00000E+00 0.00000E+00 0.00000E+00 0.00000E+00
 0.00000E+00 0.00000E+00 0.00000E+00 0.00000E+00 0.00000E+00 0.00000E+00 0.00000E+00 0.00000E+00
 0.00000E+00 0.00000E+00 0.00000E+00 0.00000E+00 0.00000E+00 0.00000E+00 0.00000E+00 0.00000E+00
 0.00000E+00 0.00000E+00 0.00000E+00 0.00000E+00 0.00000E+00 0.00000E+00 0.00000E+00 0.00000E+00
 0.00000E+00 0.00000E+00 0.00000E+00 0.00000E+00 0.00000E+00 0.00000E+00 0.00000E+00 0.00000E+00
 0.00000E+00 0.00000E+00 0.00000E+00 0.00000E+00 0.00000E+00 0.00000E+00 0.00000E+00 0.00000E+00
 0.00000E+00 0.00000E+00 0.00000E+00 0.00000E+00 0.00000E+00 0.00000E+00 0.00000E+00 0.00000E+00
 0.00000E+00 0.00000E+00 0.00000E+00 0.00000E+00 0.00000E+00 0.00000E+00 0.00000E+00 0.00000E+00
 0.00000E+00 0.00000E+00 0.00000E+00 0.00000E+00 0.00000E+00 0.00000E+00 0.00000E+00 0.00000E+00
 0.00000E+00 0.00000E+00 0.00000E+00 0.00000E+00 0.00000E+00 0.00000E+00 0.00000E+00 0.00000E+00
 0.00000E+00 0.00000E+00 0.00000E+00 0.00000E+00 0.00000E+00 0.00000E+00 0.00000E+00 0.00000E+00
 0.00000E+00 0.00000E+00 0.00000E+00 0.00000E+00 0.00000E+00 0.00000E+00 0.00000E+00 0.00000E+00
 0.00000E+00 0.00000E+00 0.00000E+00 0.00000E+00 7.13586E-04 7.90443E-04 8.79362E-04 9.63200E-04
 1.04974E-03 1.14835E-03 1.26123E-03 1.39073E-03 1.54398E-03 1.74049E-03 2.00656E-03 2.23862E-03
 2.51240E-03 2.83625E-03 3.21825E-03 3.66810E-03 4.16955E-03 4.57460E-03 4.99217E-03 5.31778E-03
 5.62825E-03 5.96083E-03 6.27483E-03 6.57770E-03 7.10680E-03 8.25311E-03 9.58000E-03 1.11175E-02
 1.28930E-02 1.49462E-02 1.73192E-02 2.00607E-02 2.32261E-02 2.69343E-02 3.11945E-02 3.60842E-02
 4.16922E-02 4.76956E-02 5.46699E-02 6.27389E-02 7.19910E-02 8.27808E-02 9.53918E-02 1.10290E-01
 1.27699E-01 1.48023E-01 1.71831E-01 1.99754E-01 2.32555E-01 2.71165E-01 3.17017E-01 3.70900E-01
 4.34268E-01 5.08851E-01 5.96701E-01 7.00212E-01 8.22328E-01 9.66509E-01 1.13689E+00 1.33839E+00
 1.57841E+00 1.86145E+00 2.19521E+00 2.58858E+00 3.05153E+00 3.59721E+00 4.24036E+00 4.99834E+00
 5.89176E+00 6.94648E+00 8.19107E+00 9.65955E+00 1.13908E+01 1.34319E+01 1.58384E+01 1.86755E+01
 2.20201E+01 2.59627E+01 3.06260E+01 3.60416E+01 4.23882E+01 5.00607E+01 5.90935E+01 7.00370E+01
 8.30407E+01 9.85908E+01 1.17503E+02 1.40035E+02 1.66956E+02 1.99142E+02 2.37075E+02 2.81079E+02
 3.32914E+02 3.93798E+02 4.65201E+02 5.49012E+02 6.47141E+02 7.61838E+02 8.95498E+02 1.05093E+03
 0.00000E+00 0.00000E+00 0.00000E+00 0.00000E+00 0.00000E+00 0.00000E+00 0.00000E+00 0.00000E+00
 0.00000E+00 0.00000E+00 0.00000E+00 0.00000E+00 0.00000E+00 0.00000E+00 0.00000E+00 0.00000E+00
 0.00000E+00 0.00000E+00 0.00000E+00 0.00000E+00 0.00000E+00 0.00000E+00 0.00000E+00 0.00000E+00
 0.00000E+00 0.00000E+00 0.00000E+00 0.00000E+00 0.00000E+00 0.00000E+00 0.00000E+00 0.00000E+00
 0.00000E+00 0.00000E+00 0.00000E+00 0.00000E+00 0.00000E+00 0.00000E+00 0.00000E+00 0.00000E+00
 0.00000E+00 0.00000E+00 0.00000E+00 0.00000E+00 0.00000E+00 0.00000E+00 0.00000E+00 0.00000E+00
 0.00000E+00 0.00000E+00 0.00000E+00 0.00000E+00 0.00000E+00 0.00000E+00 0.00000E+00 0.00000E+00
 0.00000E+00 0.00000E+00 0.00000E+00 0.00000E+00 0.00000E+00 0.00000E+00 0.00000E+00 0.00000E+00
 0.00000E+00 0.00000E+00 0.00000E+00 0.00000E+00 0.00000E+00 0.00000E+00 0.00000E+00 0.00000E+00
 0.00000E+00 0.00000E+00 0.00000E+00 0.00000E+00 0.00000E+00 0.00000E+00 0.00000E+00 0.00000E+00
 0.00000E+00 0.00000E+00 0.00000E+00 0.00000E+00 0.00000E+00 0.00000E+00 0.00000E+00 0.00000E+00
 0.00000E+00 0.00000E+00 0.00000E+00 0.00000E+00 0.00000E+00 0.00000E+00 0.00000E+00 0.00000E+00
 0.00000E+00 0.00000E+00 0.00000E+00 0.00000E+00 0.00000E+00 0.00000E+00 0.00000E+00 0.00000E+00
 0.00000E+00 0.00000E+00 0.00000E+00 0.00000E+00 0.00000E+00 0.00000E+00 0.00000E+00 0.00000E+00
 0.00000E+00 0.00000E+00 0.00000E+00 0.00000E+00 0.00000E+00 0.00000E+00 0.00000E+00 0.00000E+00
 0.00000E+00 0.00000E+00 0.00000E+00 0.00000E+00 0.00000E+00 0.00000E+00 0.00000E+00 0.00000E+00
 0.00000E+00 0.00000E+00 0.00000E+00 0.00000E+00 0.00000E+00 0.00000E+00 0.00000E+00 0.00000E+00
 0.00000E+00 0.00000E+00 0.00000E+00 0.00000E+00 0.00000E+00 0.00000E+00 0.00000E+00 0.00000E+00
 0.00000E+00 0.00000E+00 0.00000E+00 0.00000E+00 0.00000E+00 0.00000E+00 0.00000E+00 0.00000E+00
 0.00000E+00 0.00000E+00 0.00000E+00 0.00000E+00 0.00000E+00 0.00000E+00 0.00000E+00 0.00000E+00
 0.00000E+00 0.00000E+00 0.00000E+00 0.00000E+00 0.00000E+00 0.00000E+00 0.00000E+00 0.00000E+00
 0.00000E+00 0.00000E+00 0.00000E+00 0.00000E+00 0.00000E+00 0.00000E+00 0.00000E+00 0.00000E+00
 0.00000E+00 0.00000E+00 0.00000E+00 0.00000E+00 0.00000E+00 0.00000E+00 0.00000E+00 0.00000E+00
 0.00000E+00 0.00000E+00 0.00000E+00 0.00000E+00 0.00000E+00 0.00000E+00 0.00000E+00 0.00000E+00
 0.00000E+00 0.00000E+00 0.00000E+00 0.00000E+00 0.00000E+00 0.00000E+00 0.00000E+00 0.00000E+00
 1.83695E-05 1.83695E-05 1.83695E-05 1.83695E-05 1.83695E-05 1.83695E-05 1.83695E-05 1.83695E-05
 1.83695E-05 1.83695E-05 1.83695E-05 1.83695E-05 1.83695E-05 1.83695E-05 1.83695E-05 1.83695E-05
 1.81318E-05 1.74460E-05 1.65693E-05 1.54146E-05 1.42011E-05 1.30277E-05 1.18554E-05 1.07334E-05
 1.00000E-05 1.00000E-05 1.00000E-05 1.00000E-05 1.00000E-05 1.00000E-05 1.00000E-05 1.00000E-05
 1.00000E-05 1.00000E-05 1.00000E-05 1.00000E-05 1.00000E-05 1.00000E-05 1.00000E-05 1.00000E-05
 1.00000E-05 1.00000E-05 1.00000E-05 1.00000E-05 1.00000E-05 1.00000E-05 1.00000E-05 1.00000E-05
 1.00000E-05 1.00000E-05 1.00000E-05 1.00000E-05 1.00000E-05 1.00000E-05 1.00000E-05 1.00000E-05
 1.00000E-05 1.00000E-05 1.00000E-05 1.00000E-05 1.00000E-05 1.00000E-05 1.00000E-05 1.00000E-05
 1.00000E-05 1.00000E-05 1.00000E-05 1.00000E-05 1.00000E-05 1.00000E-05 1.00000E-05 1.00000E-05
 1.00000E-05 1.00000E-05 1.00000E-05 1.00000E-05 1.00000E-05 1.00000E-05 1.00000E-05 1.00000E-05
 1.00000E-05 1.00000E-05 1.00000E-05 1.00000E-05 1.00000E-05 1.00000E-05 1.00000E-05 1.00000E-05
 1.00000E-05 1.00000E-05 1.00000E-05 1.00000E-05 1.00000E-05 1.00000E-05 1.00000E-05 1.00000E-05
 1.00000E-05 1.00000E-05 1.00000E-05 1.00000E-05 0.00000E+00 0.00000E+00 0.00000E+00 0.00000E+00
 0.00000E+00 0.00000E+00 0.00000E+00 0.00000E+00 0.00000E+00 0.00000E+00 0.00000E+00 0.00000E+00
 0.00000E+00 0.00000E+00 0.00000E+00 0.00000E+00 0.00000E+00 0.00000E+00 0.00000E+00 0.00000E+00
 0.00000E+00 0.00000E+00 0.00000E+00 0.00000E+00 0.00000E+00 0.00000E+00 0.00000E+00 0.00000E+00
 0.00000E+00 0.00000E+00 0.00000E+00 0.00000E+00 0.00000E+00 0.00000E+00 0.00000E+00 0.00000E+00
 0.00000E+00 0.00000E+00 0.00000E+00 0.00000E+00 0.00000E+00 0.00000E+00 0.00000E+00 0.00000E+00
 0.00000E+00 0.00000E+00 0.00000E+00 0.00000E+00 0.00000E+00 0.00000E+00 0.00000E+00 0.00000E+00
 0.00000E+00 0.00000E+00 0.00000E+00 0.00000E+00 0.00000E+00 0.00000E+00 0.00000E+00 0.00000E+00
 0.00000E+00 0.00000E+00 0.00000E+00 0.00000E+00 0.00000E+00 0.00000E+00 0.00000E+00 0.00000E+00
 0.00000E+00 0.00000E+00 0.00000E+00 0.00000E+00 0.00000E+00 0.00000E+00 0.00000E+00 0.00000E+00
 0.00000E+00 0.00000E+00 0.00000E+00 0.00000E+00 0.00000E+00 0.00000E+00 0.00000E+00 0.00000E+00
 0.00000E+00 0.00000E+00 0.00000E+00 0.00000E+00 0.00000E+00 0.00000E+00 0.00000E+00 0.00000E+00
 0.00000E+00 0.00000E+00 0.00000E+00 0.00000E+00 0.00000E+00 0.00000E+00 0.00000E+00 0.00000E+00
 0.00000E+00 0.00000E+00 0.00000E+00 0.00000E+00 0.00000E+00 0.00000E+00 0.00000E+00 0.00000E+00
 0.00000E+00 0.00000E+00 0.00000E+00 0.00000E+00 0.00000E+00 0.00000E+00 0.00000E+00 0.00000E+00
 0.00000E+00 0.00000E+00 0.00000E+00 0.00000E+00 0.00000E+00 0.00000E+00 0.00000E+00 0.00000E+00
 0.00000E+00 0.00000E+00 0.00000E+00 0.00000E+00 0.00000E+00 0.00000E+00 0.00000E+00 0.00000E+00
 0.00000E+00 0.00000E+00 0.00000E+00 0.00000E+00 0.00000E+00 0.00000E+00 0.00000E+00 0.00000E+00
 0.00000E+00 0.00000E+00 0.00000E+00 0.00000E+00 0.00000E+00 0.00000E+00 0.00000E+00 0.00000E+00
 0.00000E+00 0.00000E+00 0.00000E+00 0.00000E+00 0.00000E+00 0.00000E+00 0.00000E+00 0.00000E+00
 0.00000E+00 0.00000E+00 0.00000E+00 0.00000E+00 0.00000E+00 0.00000E+00 0.00000E+00 0.00000E+00
 0.00000E+00 0.00000E+00 0.00000E+00 0.00000E+00 0.00000E+00 0.00000E+00 0.00000E+00 0.00000E+00
 0.00000E+00 0.00000E+00 0.00000E+00 0.00000E+00 0.00000E+00 0.00000E+00 0.00000E+00 0.00000E+00
 0.00000E+00 0.00000E+00 0.00000E+00 0.00000E+00 0.00000E+00 0.00000E+00 0.00000E+00 0.00000E+00
 0.00000E+00 0.00000E+00 0.00000E+00 0.00000E+00 0.00000E+00 0.00000E+00 0.00000E+00 0.00000E+00
 0.00000E+00 0.00000E+00 0.00000E+00 0.00000E+00
