     zkm      totH2O    totH      totH2    totCH4    tothyd
  5.000E-01 1.127E-02 3.289E-20 4.819E-07 2.882E-06 1.127E-02
  1.500E+00 6.984E-03 3.551E-20 4.822E-07 2.874E-06 6.987E-03
  2.500E+00 4.153E-03 3.837E-20 4.825E-07 2.868E-06 4.156E-03
  3.500E+00 2.261E-03 4.021E-20 4.829E-07 2.862E-06 2.264E-03
  4.500E+00 1.416E-03 4.579E-20 4.832E-07 2.858E-06 1.419E-03
  5.500E+00 7.822E-04 4.873E-20 4.835E-07 2.854E-06 7.855E-04
  6.500E+00 3.733E-04 4.718E-20 4.838E-07 2.851E-06 3.766E-04
  7.500E+00 1.657E-04 4.318E-20 4.840E-07 2.849E-06 1.690E-04
  8.500E+00 6.649E-05 4.043E-20 4.842E-07 2.847E-06 6.982E-05
  9.500E+00 1.291E-05 3.742E-20 4.843E-07 2.845E-06 1.624E-05
  1.050E+01 9.066E-07 3.595E-20 4.844E-07 2.842E-06 4.233E-06
  1.150E+01 9.120E-07 3.524E-20 4.845E-07 2.837E-06 4.233E-06
  1.250E+01 9.244E-07 3.020E-20 4.847E-07 2.824E-06 4.233E-06
  1.350E+01 9.498E-07 2.844E-20 4.849E-07 2.798E-06 4.233E-06
  1.450E+01 9.937E-07 3.355E-20 4.850E-07 2.754E-06 4.233E-06
  1.550E+01 1.057E-06 4.327E-20 4.849E-07 2.690E-06 4.232E-06
  1.650E+01 1.141E-06 6.359E-20 4.844E-07 2.606E-06 4.232E-06
  1.750E+01 1.243E-06 8.631E-20 4.833E-07 2.505E-06 4.231E-06
  1.850E+01 1.358E-06 1.340E-19 4.814E-07 2.391E-06 4.230E-06
  1.950E+01 1.482E-06 2.076E-19 4.788E-07 2.269E-06 4.229E-06
  2.050E+01 1.609E-06 3.458E-19 4.754E-07 2.144E-06 4.228E-06
  2.150E+01 1.738E-06 6.271E-19 4.714E-07 2.018E-06 4.227E-06
  2.250E+01 1.865E-06 1.194E-18 4.667E-07 1.894E-06 4.226E-06
  2.350E+01 1.991E-06 2.363E-18 4.616E-07 1.773E-06 4.225E-06
  2.450E+01 2.113E-06 4.820E-18 4.561E-07 1.654E-06 4.224E-06
  2.550E+01 2.233E-06 1.010E-17 4.504E-07 1.539E-06 4.223E-06
  2.650E+01 2.350E-06 2.164E-17 4.446E-07 1.428E-06 4.222E-06
  2.750E+01 2.462E-06 4.735E-17 4.390E-07 1.320E-06 4.221E-06
  2.850E+01 2.570E-06 1.054E-16 4.339E-07 1.216E-06 4.219E-06
  2.950E+01 2.673E-06 2.383E-16 4.296E-07 1.116E-06 4.218E-06
  3.050E+01 2.770E-06 5.456E-16 4.265E-07 1.020E-06 4.217E-06
  3.150E+01 2.859E-06 1.257E-15 4.253E-07 9.310E-07 4.215E-06
  3.250E+01 2.940E-06 2.860E-15 4.264E-07 8.476E-07 4.214E-06
  3.350E+01 3.011E-06 6.416E-15 4.306E-07 7.707E-07 4.212E-06
  3.450E+01 3.071E-06 1.357E-14 4.386E-07 7.011E-07 4.210E-06
  3.550E+01 3.118E-06 2.692E-14 4.512E-07 6.395E-07 4.209E-06
  3.650E+01 3.152E-06 5.054E-14 4.686E-07 5.863E-07 4.207E-06
  3.750E+01 3.172E-06 8.362E-14 4.912E-07 5.413E-07 4.204E-06
  3.850E+01 3.181E-06 1.355E-13 5.184E-07 5.032E-07 4.202E-06
  3.950E+01 3.180E-06 2.138E-13 5.499E-07 4.706E-07 4.200E-06
  4.050E+01 3.170E-06 3.246E-13 5.855E-07 4.423E-07 4.198E-06
  4.150E+01 3.153E-06 4.848E-13 6.251E-07 4.172E-07 4.196E-06
  4.250E+01 3.131E-06 7.136E-13 6.681E-07 3.947E-07 4.193E-06
  4.350E+01 3.103E-06 1.055E-12 7.141E-07 3.740E-07 4.191E-06
  4.450E+01 3.071E-06 1.543E-12 7.633E-07 3.545E-07 4.189E-06
  4.550E+01 3.034E-06 2.240E-12 8.160E-07 3.357E-07 4.186E-06
  4.650E+01 2.994E-06 3.235E-12 8.718E-07 3.174E-07 4.184E-06
  4.750E+01 2.951E-06 4.665E-12 9.309E-07 2.992E-07 4.181E-06
  4.850E+01 2.904E-06 6.727E-12 9.938E-07 2.808E-07 4.178E-06
  4.950E+01 2.853E-06 9.727E-12 1.061E-06 2.621E-07 4.175E-06
  5.050E+01 2.798E-06 1.435E-11 1.131E-06 2.429E-07 4.172E-06
  5.150E+01 2.740E-06 2.126E-11 1.206E-06 2.234E-07 4.169E-06
  5.250E+01 2.679E-06 3.169E-11 1.283E-06 2.040E-07 4.166E-06
  5.350E+01 2.614E-06 4.758E-11 1.364E-06 1.848E-07 4.163E-06
  5.450E+01 2.545E-06 7.189E-11 1.448E-06 1.658E-07 4.159E-06
  5.550E+01 2.472E-06 1.092E-10 1.536E-06 1.474E-07 4.156E-06
  5.650E+01 2.394E-06 1.668E-10 1.628E-06 1.299E-07 4.152E-06
  5.750E+01 2.312E-06 2.553E-10 1.723E-06 1.137E-07 4.148E-06
  5.850E+01 2.224E-06 3.914E-10 1.820E-06 9.879E-08 4.144E-06
  5.950E+01 2.132E-06 6.002E-10 1.922E-06 8.532E-08 4.140E-06
  6.050E+01 2.035E-06 9.328E-10 2.026E-06 7.337E-08 4.136E-06
  6.150E+01 1.935E-06 1.445E-09 2.132E-06 6.291E-08 4.131E-06
  6.250E+01 1.830E-06 2.231E-09 2.240E-06 5.386E-08 4.127E-06
  6.350E+01 1.724E-06 3.433E-09 2.349E-06 4.614E-08 4.122E-06
  6.450E+01 1.616E-06 5.270E-09 2.457E-06 3.956E-08 4.118E-06
  6.550E+01 1.508E-06 8.073E-09 2.564E-06 3.394E-08 4.113E-06
  6.650E+01 1.400E-06 1.233E-08 2.667E-06 2.918E-08 4.109E-06
  6.750E+01 1.294E-06 1.895E-08 2.766E-06 2.516E-08 4.104E-06
  6.850E+01 1.188E-06 3.279E-08 2.855E-06 2.177E-08 4.098E-06
  6.950E+01 1.070E-06 7.978E-08 2.926E-06 1.893E-08 4.095E-06
  7.050E+01 9.443E-07 1.688E-07 2.964E-06 1.656E-08 4.094E-06
  7.150E+01 8.327E-07 2.606E-07 2.982E-06 1.458E-08 4.090E-06
  7.250E+01 7.339E-07 3.476E-07 2.991E-06 1.288E-08 4.085E-06
  7.350E+01 6.441E-07 4.293E-07 2.996E-06 1.135E-08 4.080E-06
  7.450E+01 5.630E-07 5.042E-07 2.998E-06 9.983E-09 4.075E-06
  7.550E+01 4.904E-07 5.717E-07 2.998E-06 8.758E-09 4.069E-06
  7.650E+01 4.259E-07 6.318E-07 2.998E-06 7.669E-09 4.063E-06
  7.750E+01 3.687E-07 6.847E-07 2.997E-06 6.703E-09 4.057E-06
  7.850E+01 3.182E-07 7.312E-07 2.996E-06 5.850E-09 4.051E-06
  7.950E+01 2.739E-07 7.716E-07 2.994E-06 5.098E-09 4.045E-06
  8.050E+01 2.354E-07 8.064E-07 2.992E-06 4.442E-09 4.038E-06
  8.150E+01 2.020E-07 8.363E-07 2.990E-06 3.872E-09 4.032E-06
  8.250E+01 1.731E-07 8.619E-07 2.988E-06 3.375E-09 4.026E-06
  8.350E+01 1.482E-07 8.839E-07 2.986E-06 2.945E-09 4.021E-06
  8.450E+01 1.267E-07 9.027E-07 2.984E-06 2.571E-09 4.016E-06
  8.550E+01 1.083E-07 9.189E-07 2.982E-06 2.248E-09 4.011E-06
  8.650E+01 9.256E-08 9.329E-07 2.980E-06 1.968E-09 4.007E-06
  8.750E+01 7.900E-08 9.449E-07 2.978E-06 1.724E-09 4.003E-06
  8.850E+01 6.740E-08 9.553E-07 2.975E-06 1.513E-09 4.000E-06
  8.950E+01 5.750E-08 9.643E-07 2.973E-06 1.331E-09 3.996E-06
  9.050E+01 4.909E-08 9.722E-07 2.970E-06 1.173E-09 3.993E-06
  9.150E+01 4.192E-08 9.789E-07 2.967E-06 1.036E-09 3.989E-06
  9.250E+01 3.587E-08 9.844E-07 2.962E-06 9.176E-10 3.983E-06
  9.350E+01 3.078E-08 9.890E-07 2.956E-06 8.161E-10 3.977E-06
  9.450E+01 2.653E-08 9.925E-07 2.949E-06 7.294E-10 3.969E-06
  9.550E+01 2.302E-08 9.949E-07 2.940E-06 6.559E-10 3.959E-06
  9.650E+01 2.016E-08 9.963E-07 2.929E-06 5.943E-10 3.946E-06
  9.750E+01 1.788E-08 9.964E-07 2.915E-06 5.434E-10 3.930E-06
  9.850E+01 1.613E-08 9.950E-07 2.898E-06 5.023E-10 3.910E-06
  9.950E+01 1.486E-08 9.919E-07 2.877E-06 4.703E-10 3.884E-06
