 1.72793E-10 4.06919E-17 1.37069E-02 5.12455E-14 1.09858E-11 1.10022E-09 1.57608E-08 6.76201E-21
 5.50000E-07 1.60000E-06 9.00000E-08 9.15219E-10 6.77084E-12 3.00000E-07 3.16787E-12 9.97579E-12
 1.75316E-14 6.54336E-11 1.48090E-13 4.85776E-15 2.92763E-17 6.45724E-23 5.00000E-10 1.07109E-13
 6.01521E-18 1.28368E-14 6.32192E-12 2.59110E-13 2.10000E-01 2.67902E-12 4.47289E-18 4.88344E-20
 3.29964E-11 2.00272E-12 8.77711E-14 4.00000E-04 1.79897E-10 5.66346E-17 8.57894E-03 5.95394E-14
 1.09622E-11 1.14046E-09 1.86844E-08 7.43097E-21 5.50308E-07 1.59613E-06 8.24575E-08 9.00402E-10
 6.27748E-12 2.99956E-07 4.11784E-12 1.16365E-11 2.35919E-14 9.98724E-11 3.73537E-13 5.36734E-15
 6.05183E-17 1.53648E-22 4.89280E-10 1.15749E-13 8.26287E-18 1.48190E-14 9.33020E-12 3.20417E-13
 2.10005E-01 2.79792E-12 5.06623E-18 7.36555E-20 5.86550E-11 3.95970E-12 1.10534E-13 4.04575E-04
 1.78753E-10 8.09926E-17 5.20420E-03 6.90172E-14 1.07576E-11 1.12698E-09 2.27549E-08 8.19857E-21
 5.50685E-07 1.59287E-06 7.59760E-08 8.22058E-10 5.63212E-12 2.99908E-07 5.34063E-12 1.37082E-11
 3.14926E-14 1.44118E-10 9.72945E-13 6.15913E-15 1.35380E-16 4.05992E-22 4.79349E-10 1.25651E-13
 1.11491E-17 1.77618E-14 1.30966E-11 3.90448E-13 2.10009E-01 2.98626E-12 5.74668E-18 1.10325E-19
 8.26322E-11 6.15967E-12 1.30610E-13 4.09061E-04 1.68333E-10 1.15763E-16 2.91958E-03 7.77555E-14
 1.01568E-11 1.02359E-09 2.76951E-08 8.85547E-21 5.51081E-07 1.59019E-06 7.04346E-08 6.78723E-10
 4.71874E-12 2.99854E-07 7.10514E-12 1.63533E-11 4.17558E-14 1.88920E-10 2.56874E-12 7.00551E-15
 3.28559E-16 1.09611E-21 4.70126E-10 1.32076E-13 1.47560E-17 2.11918E-14 1.70978E-11 4.76022E-13
 2.10013E-01 3.27313E-12 6.46099E-18 1.65584E-19 1.05945E-10 8.31661E-12 1.55328E-13 4.13399E-04
 1.51046E-10 1.62799E-16 1.54207E-03 8.63206E-14 9.25786E-12 8.64722E-10 3.31386E-08 9.48811E-21
 5.51458E-07 1.58801E-06 6.57178E-08 5.15843E-10 3.74259E-12 2.99796E-07 9.49769E-12 1.92064E-11
 5.46091E-14 2.28601E-10 6.70960E-12 7.61731E-15 7.96036E-16 3.00897E-21 4.61479E-10 1.34420E-13
 1.93373E-17 2.50645E-14 2.13160E-11 5.61253E-13 2.10017E-01 3.68058E-12 7.36279E-18 2.53523E-19
 1.29254E-10 1.03206E-11 1.86291E-13 4.17520E-04 1.28317E-10 2.23810E-16 7.76055E-04 9.34870E-14
 8.16143E-12 6.89343E-10 3.87065E-08 9.99119E-21 5.51789E-07 1.58626E-06 6.17448E-08 3.70348E-10
 2.87262E-12 2.99730E-07 1.21161E-11 2.10152E-11 6.62417E-14 2.58036E-10 1.61634E-11 7.61953E-15
 1.72986E-15 8.97412E-21 4.53251E-10 1.43481E-13 2.52239E-17 3.03345E-14 2.59072E-11 5.87687E-13
 2.10021E-01 4.24891E-12 8.48244E-18 3.92517E-19 1.52862E-10 1.19433E-11 2.25264E-13 4.21335E-04
 1.02340E-10 3.00836E-16 3.68119E-04 9.49538E-14 6.98073E-12 5.26048E-10 4.41417E-08 9.98877E-21
 5.52061E-07 1.58486E-06 5.84553E-08 2.58812E-10 2.23028E-12 2.99657E-07 1.37801E-11 2.01292E-11
 6.70098E-14 2.74629E-10 3.21078E-11 9.88850E-15 3.45333E-15 3.18378E-19 4.45256E-10 3.21512E-13
 1.08468E-16 1.24750E-13 3.11071E-11 2.67310E-13 2.10025E-01 5.01813E-12 9.49121E-18 5.87949E-19
 1.76282E-10 1.27606E-11 2.73373E-13 4.24735E-04 7.52256E-11 3.97988E-16 1.61741E-04 9.03360E-14
 5.74281E-12 3.87636E-10 4.94343E-08 9.41424E-21 5.52272E-07 1.58373E-06 5.57549E-08 1.75104E-10
 1.60294E-12 2.99576E-07 1.46719E-11 1.74323E-11 5.92660E-14 2.81966E-10 4.92502E-11 5.82449E-15
 5.08943E-15 8.14626E-20 4.43144E-10 1.29723E-13 3.38850E-17 4.23552E-14 3.11967E-11 5.17277E-13
 2.10027E-01 5.89822E-12 1.00005E-17 8.27158E-19 1.96972E-10 1.26325E-11 3.24429E-13 4.27584E-04
 5.55022E-11 5.22251E-16 6.37317E-05 8.80004E-14 4.68342E-12 2.80372E-10 5.47188E-08 9.18657E-21
 5.52426E-07 1.58276E-06 5.35310E-08 1.16114E-10 1.14401E-12 2.99485E-07 1.64882E-11 1.57878E-11
 5.63733E-14 2.87133E-10 6.07175E-11 5.09979E-15 9.37676E-15 2.12021E-19 4.41464E-10 1.01609E-13
 3.72363E-17 4.52060E-14 3.15540E-11 4.88798E-13 2.10029E-01 6.53971E-12 1.02405E-17 1.13500E-18
 2.09628E-10 1.20197E-11 3.59145E-13 4.29712E-04 4.22763E-11 6.85992E-16 2.09106E-05 9.22217E-14
 3.82025E-12 2.00636E-10 6.03867E-08 9.70898E-21 5.52538E-07 1.58183E-06 5.16073E-08 7.53299E-11
 7.90744E-13 2.99377E-07 2.05826E-11 1.57663E-11 6.36950E-14 2.94715E-10 6.30732E-11 4.77680E-15
 1.87497E-14 5.38741E-19 4.40013E-10 8.30226E-14 4.45190E-17 4.71259E-14 3.22156E-11 4.48462E-13
 2.10031E-01 6.38352E-12 9.94087E-18 1.49445E-18 2.07252E-10 1.11250E-11 3.48931E-13 4.30977E-04
 3.13934E-11 9.30959E-16 4.28666E-06 9.79429E-14 3.01916E-12 1.32247E-10 6.86083E-08 1.03844E-20
 5.52632E-07 1.58057E-06 4.94519E-08 4.39806E-11 5.22730E-13 2.99202E-07 2.63940E-11 1.64126E-11
 7.46508E-14 3.10307E-10 5.74092E-11 4.71334E-15 3.22890E-14 1.36485E-18 4.38300E-10 6.64730E-14
 5.43286E-17 4.95327E-14 3.34573E-11 4.25201E-13 2.10031E-01 3.71926E-12 5.72030E-18 1.30558E-18
 1.69046E-10 9.15850E-12 2.27946E-13 4.30980E-04 2.18871E-11 1.38902E-15 4.29152E-06 1.01606E-13
 2.03978E-12 6.79542E-11 8.53226E-08 1.06780E-20 5.52709E-07 1.57810E-06 4.63347E-08 1.91859E-11
 2.90720E-13 2.98810E-07 3.84460E-11 2.05408E-11 9.65561E-14 3.53332E-10 4.74586E-11 4.96720E-15
 4.12253E-14 2.84679E-18 4.35440E-10 4.42636E-14 6.71730E-17 5.03044E-14 3.63030E-11 4.60222E-13
 2.10031E-01 1.74763E-12 2.42653E-18 8.69169E-19 1.25428E-10 6.42071E-12 1.13273E-13 4.30985E-04
 1.57722E-11 2.72281E-15 4.30192E-06 8.94259E-14 1.31526E-12 2.52119E-11 1.21322E-07 9.85596E-21
 5.52688E-07 1.57284E-06 4.21476E-08 6.61616E-12 1.86451E-13 2.97885E-07 5.22085E-11 3.14006E-11
 8.95912E-14 4.50678E-10 4.13359E-11 5.20876E-15 5.85144E-14 2.64699E-18 4.30289E-10 2.59980E-14
 6.75401E-17 5.35241E-14 4.13665E-11 5.60605E-13 2.10030E-01 6.63564E-13 6.20420E-19 2.94086E-19
 8.39362E-11 3.21377E-12 4.55948E-14 4.30993E-04 1.13647E-11 6.01015E-15 4.32271E-06 7.51793E-14
 8.24988E-13 7.31325E-12 1.93843E-07 8.49206E-21 5.52373E-07 1.56241E-06 3.70831E-08 2.01204E-12
 1.14374E-13 2.95917E-07 7.23070E-11 5.66196E-11 8.04703E-14 6.50624E-10 4.14612E-11 6.97887E-15
 1.22810E-13 2.88790E-18 4.21479E-10 1.62167E-14 6.83520E-17 6.23334E-14 4.98558E-11 8.76437E-13
 2.10030E-01 2.11997E-13 1.13026E-19 8.16357E-20 5.10703E-11 1.32465E-12 1.47606E-14 4.31004E-04
 9.27070E-12 1.36092E-14 4.35789E-06 7.14207E-14 6.33707E-13 2.53780E-12 3.17870E-07 8.09541E-21
 5.51517E-07 1.54490E-06 3.16868E-08 7.72233E-13 8.12562E-14 2.92458E-07 9.82904E-11 1.04901E-10
 7.98373E-14 9.96723E-10 4.91501E-11 1.23649E-14 3.45627E-13 4.62535E-18 4.08283E-10 1.50544E-14
 8.09967E-17 8.81985E-14 6.21892E-11 1.70497E-12 2.10029E-01 5.87711E-14 1.91980E-20 2.54300E-20
 2.87019E-11 5.60018E-13 3.77164E-15 4.31021E-04 8.57893E-12 2.94634E-14 4.40834E-06 7.69431E-14
 6.10150E-13 1.57417E-12 4.98609E-07 8.67647E-21 5.49939E-07 1.51995E-06 2.66205E-08 4.73661E-13
 6.85649E-14 2.87366E-07 1.27910E-10 1.79460E-10 8.56507E-14 1.50155E-09 6.42110E-11 2.34995E-14
 9.57999E-13 9.53561E-18 3.91106E-10 1.99547E-14 1.09289E-16 1.41998E-13 7.75223E-11 3.47659E-12
 2.10027E-01 1.46414E-14 3.39695E-21 1.23554E-20 1.52935E-11 2.56641E-13 7.88414E-16 4.31041E-04
 8.53079E-12 6.03490E-14 4.47431E-06 8.90777E-14 6.76528E-13 1.51202E-12 7.40111E-07 1.00065E-20
 5.47487E-07 1.48751E-06 2.22023E-08 4.01916E-13 6.44079E-14 2.80567E-07 1.60885E-10 2.81858E-10
 9.50689E-14 2.16631E-09 8.62893E-11 4.26931E-14 2.32104E-12 2.12018E-17 3.70433E-10 3.17322E-14
 1.56394E-16 2.38140E-13 9.47795E-11 6.76603E-12 2.10025E-01 3.32511E-15 6.14380E-22 1.03368E-20
 7.82137E-12 1.21950E-13 1.40936E-16 4.31064E-04 8.88092E-12 1.16895E-13 4.55366E-06 1.08306E-13
 8.17374E-13 1.79718E-12 1.03880E-06 1.22732E-20 5.44119E-07 1.44869E-06 1.86168E-08 4.06279E-13
 6.51408E-14 2.72245E-07 1.97148E-10 4.08791E-10 1.07568E-13 2.96433E-09 1.14279E-10 7.13567E-14
 4.75569E-12 4.66679E-17 3.47347E-10 5.48556E-14 2.29135E-16 3.98621E-13 1.12315E-10 1.21109E-11
 2.10023E-01 7.06511E-16 1.14741E-22 1.10226E-20 3.91420E-12 5.95324E-14 2.30524E-17 4.31091E-04
 9.53924E-12 2.16268E-13 4.64423E-06 1.36610E-13 1.04079E-12 2.38974E-12 1.39208E-06 1.59202E-20
 5.39829E-07 1.40460E-06 1.58330E-08 4.54548E-13 6.94221E-14 2.62604E-07 2.37058E-10 5.56478E-10
 1.23465E-13 3.86692E-09 1.46974E-10 1.10219E-13 8.40278E-12 9.89699E-17 3.22724E-10 9.83550E-14
 3.38438E-16 6.57070E-13 1.28735E-10 1.99865E-11 2.10021E-01 1.41874E-16 2.19536E-23 1.20248E-20
 1.93370E-12 2.97100E-14 3.59101E-18 4.31119E-04 1.04883E-11 3.85103E-13 4.74285E-06 1.77721E-13
 1.37170E-12 3.40810E-12 1.79427E-06 2.18060E-20 5.34693E-07 1.35680E-06 1.37581E-08 5.43452E-13
 7.69722E-14 2.51966E-07 2.81172E-10 7.19790E-10 1.43707E-13 4.83433E-09 1.82536E-10 1.58815E-13
 1.30667E-11 2.00047E-16 2.97545E-10 1.78646E-13 5.00670E-16 1.06089E-12 1.42777E-10 3.06095E-11
 2.10018E-01 2.71926E-17 4.29927E-24 1.27451E-20 9.51493E-13 1.52128E-14 5.47899E-19 4.31148E-04
 1.17514E-11 6.63922E-13 4.84584E-06 2.37751E-13 1.85279E-12 5.13082E-12 2.23698E-06 3.14901E-20
 5.28856E-07 1.30711E-06 1.22721E-08 6.84250E-13 8.80469E-14 2.40730E-07 3.30353E-10 8.93271E-10
 1.69873E-13 5.82125E-09 2.19018E-10 2.15593E-13 1.82258E-11 3.84341E-16 2.72766E-10 3.25080E-13
 7.40575E-16 1.67555E-12 1.53523E-10 4.38495E-11 2.10014E-01 5.02773E-18 8.64671E-25 1.31509E-20
 4.71433E-13 8.07639E-15 8.35399E-20 4.31177E-04 1.37741E-11 1.13920E-12 4.95182E-06 3.30263E-13
 2.66557E-12 8.46126E-12 2.71925E-06 4.91336E-20 5.22368E-07 1.25621E-06 1.12335E-08 9.55662E-13
 1.09815E-13 2.29059E-07 3.77956E-10 1.07704E-09 1.99242E-13 6.80571E-09 2.60641E-10 2.91238E-13
 2.40983E-11 6.88600E-16 2.48685E-10 6.18947E-13 1.08429E-15 2.64970E-12 1.60593E-10 5.95583E-11
 2.10011E-01 8.85180E-19 1.76038E-25 1.27163E-20 2.35273E-13 4.52489E-15 1.25610E-20 4.31206E-04
 1.63015E-11 1.92022E-12 5.05987E-06 4.68133E-13 3.88480E-12 1.42552E-11 3.24291E-06 7.99089E-20
 5.15251E-07 1.20456E-06 1.05137E-08 1.35734E-12 1.39055E-13 2.17064E-07 4.31908E-10 1.27608E-09
 2.37553E-13 7.76421E-09 3.02556E-10 3.81203E-13 2.99689E-11 1.17240E-15 2.25502E-10 1.16480E-12
 1.57930E-15 4.09418E-12 1.64017E-10 7.72888E-11 2.10008E-01 1.46621E-19 3.51481E-26 1.19541E-20
 1.17924E-13 2.86960E-15 1.83303E-21 4.31234E-04 1.93743E-11 3.18836E-12 5.16910E-06 6.74641E-13
 5.69062E-12 2.40497E-11 3.80758E-06 1.34561E-19 5.07530E-07 1.15260E-06 1.00154E-08 1.91653E-12
 1.76827E-13 2.04860E-07 4.96094E-10 1.49818E-09 2.89050E-13 8.67187E-09 3.42668E-10 4.85889E-13
 3.54610E-11 1.88708E-15 2.03401E-10 2.14190E-12 2.28750E-15 6.15364E-12 1.64091E-10 9.62364E-11
 2.10004E-01 2.26104E-20 6.76399E-27 1.09744E-20 5.92734E-14 2.47723E-15 2.56061E-22 4.31262E-04
 2.30142E-11 5.22818E-12 5.27935E-06 9.84679E-13 8.32097E-12 4.00277E-11 4.41245E-06 2.33576E-19
 4.99188E-07 1.10041E-06 9.66399E-09 2.64796E-12 2.23753E-13 1.92487E-07 5.75816E-10 1.75533E-09
 3.59715E-13 9.50657E-09 3.79024E-10 6.06034E-13 4.03207E-11 2.85844E-15 1.82411E-10 3.81191E-12
 3.29684E-15 8.97038E-12 1.61413E-10 1.15369E-10 2.10000E-01 3.19971E-21 1.22893E-27 9.84306E-21
 2.97759E-14 3.43683E-15 3.36070E-23 4.31289E-04 2.72328E-11 8.48329E-12 5.39086E-06 1.45149E-12
 1.20855E-11 6.49667E-11 5.05298E-06 4.17864E-19 4.90179E-07 1.04792E-06 9.40498E-09 3.54164E-12
 2.80183E-13 1.79953E-07 6.77865E-10 2.06212E-09 4.58275E-13 1.02460E-08 4.09518E-10 7.42567E-13
 4.43369E-11 4.06436E-15 1.62499E-10 6.52558E-12 4.73661E-15 1.26719E-11 1.56778E-10 1.33449E-10
 2.09996E-01 4.08880E-22 2.06598E-28 8.60606E-21 1.48928E-14 6.67223E-15 4.06416E-24 4.31316E-04
 3.19967E-11 1.36330E-11 5.50414E-06 2.15589E-12 1.73540E-11 1.01797E-10 5.71903E-06 7.72522E-19
 4.80427E-07 9.94884E-07 9.19912E-09 4.54819E-12 3.45765E-13 1.67240E-07 8.11241E-10 2.43393E-09
 5.97844E-13 1.08675E-08 4.31512E-10 8.95272E-13 4.72411E-11 5.43320E-15 1.43598E-10 1.07031E-11
 6.80485E-15 1.73623E-11 1.51078E-10 1.49121E-10 2.09992E-01 4.63173E-23 3.15296E-29 7.31287E-21
 7.38670E-15 1.38663E-14 4.44334E-25 4.31342E-04 3.72083E-11 2.16871E-11 5.61877E-06 3.21879E-12
 2.45174E-11 1.52336E-10 6.38689E-06 1.48248E-18 4.69943E-07 9.41525E-07 9.01971E-09 5.57273E-12
 4.19643E-13 1.54451E-07 9.87285E-10 2.88187E-09 7.96995E-13 1.13407E-08 4.41403E-10 1.06045E-12
 4.85887E-11 6.85392E-15 1.25814E-10 1.67705E-11 9.81523E-15 2.31263E-11 1.45295E-10 1.60792E-10
 2.09988E-01 4.60758E-24 4.40495E-30 6.06461E-21 3.64914E-15 1.75990E-14 4.42574E-26 4.31367E-04
 4.26595E-11 3.41181E-11 5.73461E-06 4.81803E-12 3.39036E-11 2.15677E-10 7.02680E-06 2.96353E-18
 4.58720E-07 8.87907E-07 8.84691E-09 6.48336E-12 4.99893E-13 1.41665E-07 1.22038E-09 3.41064E-09
 1.08219E-12 1.16406E-08 4.35874E-10 1.23018E-12 4.79633E-11 8.22860E-15 1.09189E-10 2.50705E-11
 1.42710E-14 3.00564E-11 1.40281E-10 1.67128E-10 2.09984E-01 3.98728E-25 6.51134E-31 4.96886E-21
 1.81716E-15 1.94255E-14 4.63392E-27 4.31391E-04 4.80675E-11 5.31074E-11 5.85275E-06 7.21318E-12
 4.57298E-11 2.87297E-10 7.60832E-06 6.18543E-18 4.46644E-07 8.33534E-07 8.66593E-09 7.15152E-12
 5.84372E-13 1.28845E-07 1.52811E-09 4.01888E-09 1.48915E-12 1.17511E-08 4.13593E-10 1.39530E-12
 4.52666E-11 9.48011E-15 9.36071E-11 3.57848E-11 2.09718E-14 3.82911E-11 1.36631E-10 1.67331E-10
 2.09979E-01 2.94785E-26 1.99933E-31 4.11357E-21 9.34073E-16 2.03025E-14 9.98669E-28 4.31414E-04
 5.30974E-11 8.17268E-11 5.97225E-06 1.07754E-11 5.99412E-11 3.57802E-10 8.08934E-06 1.34470E-17
 4.33818E-07 7.78829E-07 8.47143E-09 7.47578E-12 6.70874E-13 1.16182E-07 1.93133E-09 4.68593E-09
 2.06454E-12 1.16511E-08 3.74753E-10 1.54028E-12 4.05463E-11 1.05449E-14 7.92167E-11 4.87336E-11
 3.11981E-14 4.79682E-11 1.34818E-10 1.60822E-10 2.09975E-01 1.86541E-27 1.73160E-31 3.67241E-21
 5.29383E-16 2.07006E-14 6.04126E-28 4.31435E-04 5.74155E-11 1.24268E-10 6.09154E-06 1.60208E-11
 7.61032E-11 4.14713E-10 8.42809E-06 3.02239E-17 4.20452E-07 7.24482E-07 8.26794E-09 7.41168E-12
 7.57100E-13 1.03928E-07 2.45454E-09 5.37333E-09 2.86600E-12 1.13262E-08 3.22486E-10 1.64759E-12
 3.42555E-11 1.13542E-14 6.61942E-11 6.31931E-11 4.69638E-14 5.91708E-11 1.35146E-10 1.47758E-10
 2.09970E-01 1.06824E-28 2.26412E-31 3.87513E-21 3.62903E-16 2.08602E-14 5.47940E-28 4.31455E-04
 6.06963E-11 1.86477E-10 6.21072E-06 2.36419E-11 9.31774E-11 4.45941E-10 8.58222E-06 6.94119E-17
 4.06614E-07 6.70408E-07 8.07173E-09 6.96271E-12 8.37700E-13 9.21570E-08 3.13284E-09 6.03504E-09
 3.96795E-12 1.07682E-08 2.62453E-10 1.70031E-12 2.72038E-11 1.18204E-14 5.44882E-11 7.76430E-11
 7.15690E-14 7.18323E-11 1.38028E-10 1.29366E-10 2.09966E-01 1.23287E-29 3.67854E-31 5.04064E-21
 3.14131E-16 2.09016E-14 6.11507E-28 4.31472E-04 6.45510E-11 2.82459E-10 6.32923E-06 3.44636E-11
 1.12295E-10 4.52811E-10 8.47339E-06 1.65616E-16 3.92473E-07 6.16789E-07 7.93085E-09 6.49895E-12
 9.52389E-13 8.09896E-08 3.97362E-09 6.69752E-09 5.25477E-12 9.91699E-09 2.04447E-10 1.74727E-12
 2.07505E-11 1.09651E-14 4.40899E-11 9.02599E-11 1.09387E-13 8.62011E-11 1.44713E-10 1.05978E-10
 2.09962E-01 1.19932E-29 7.10435E-31 7.33114E-21 3.28505E-16 2.08794E-14 7.91547E-28 4.31486E-04
 6.75202E-11 4.23088E-10 6.44545E-06 4.93785E-11 1.30398E-10 4.29073E-10 8.16011E-06 3.93615E-16
 3.78376E-07 5.64254E-07 7.81690E-09 5.83345E-12 1.06885E-12 7.05884E-08 5.01646E-09 7.22750E-09
 6.79214E-12 8.84751E-09 1.50660E-10 1.72902E-12 1.48498E-11 9.57220E-15 3.50597E-11 9.86197E-11
 1.67331E-13 1.01395E-10 1.53972E-10 8.20606E-11 2.09957E-01 1.89795E-29 1.44639E-30 1.13364E-20
 3.79258E-16 2.08203E-14 1.06836E-27 4.31496E-04 6.93336E-11 6.27668E-10 6.55714E-06 6.94876E-11
 1.46799E-10 3.85830E-10 7.72210E-06 9.23403E-16 3.64793E-07 5.13652E-07 7.70698E-09 5.08652E-12
 1.18469E-12 6.11090E-08 6.25661E-09 7.53352E-09 8.54725E-12 7.64235E-09 1.05563E-10 1.64629E-12
 9.96116E-12 7.99325E-15 2.74325E-11 1.02303E-10 2.53341E-13 1.16799E-10 1.64161E-10 6.02523E-11
 2.09953E-01 3.00232E-29 2.92319E-30 1.77230E-20 4.55105E-16 2.07358E-14 1.42029E-27 4.31503E-04
 7.02306E-11 9.28218E-10 6.66174E-06 9.61100E-11 1.61903E-10 3.36391E-10 7.21857E-06 2.14190E-15
 3.52286E-07 4.65982E-07 7.59757E-09 4.39172E-12 1.30855E-12 5.26823E-08 7.66380E-09 7.56438E-09
 1.04173E-11 6.38247E-09 7.08832E-11 1.51799E-12 6.28909E-12 6.38695E-15 2.11929E-11 1.01724E-10
 3.76572E-13 1.31770E-10 1.74140E-10 4.19302E-11 2.09949E-01 4.63051E-29 5.75521E-30 2.73200E-20
 5.52663E-16 2.06292E-14 1.82341E-27 4.31505E-04 7.03780E-11 1.37433E-09 6.75815E-06 1.30736E-10
 1.76263E-10 2.89050E-10 6.68551E-06 4.92015E-15 3.41277E-07 4.21555E-07 7.49169E-09 3.80029E-12
 1.44653E-12 4.52760E-08 9.19546E-09 7.30228E-09 1.22724E-11 5.14102E-09 4.58553E-11 1.36071E-12
 3.74167E-12 4.88554E-15 1.61878E-11 9.75809E-11 5.48372E-13 1.45603E-10 1.83514E-10 2.76332E-11
 2.09944E-01 7.00705E-29 1.10411E-29 4.13261E-20 6.74212E-16 2.04983E-14 2.25867E-27 4.31502E-04
 6.98740E-11 2.04165E-09 6.84562E-06 1.74713E-10 1.90535E-10 2.48090E-10 6.14755E-06 1.11793E-14
 3.32186E-07 3.80510E-07 7.39654E-09 3.32372E-12 1.60220E-12 3.88118E-08 1.07912E-08 6.76506E-09
 1.39385E-11 3.97837E-09 2.87119E-11 1.18794E-12 2.09596E-12 3.57759E-15 1.22393E-11 9.06829E-11
 7.82357E-13 1.57510E-10 1.92568E-10 1.72214E-11 2.09940E-01 1.05311E-28 2.07756E-29 6.15228E-20
 8.26458E-16 2.03364E-14 2.71818E-27 4.31494E-04 6.88204E-11 3.04239E-09 6.92283E-06 2.28653E-10
 2.05543E-10 2.15428E-10 5.62712E-06 2.49980E-14 3.25524E-07 3.43241E-07 7.32457E-09 2.96195E-12
 1.77794E-12 3.32428E-08 1.23671E-08 6.00752E-09 1.51928E-11 2.94558E-09 1.75079E-11 1.01110E-12
 1.10524E-12 2.50653E-15 9.19761E-12 8.18676E-11 1.09290E-12 1.66554E-10 2.02095E-10 1.01347E-11
 2.09935E-01 1.58958E-28 3.85392E-29 9.04737E-20 1.01887E-15 2.01340E-14 3.20494E-27 4.31480E-04
 6.72763E-11 4.53421E-09 6.98935E-06 2.91792E-10 2.22075E-10 1.91036E-10 5.13670E-06 5.45527E-14
 3.21736E-07 3.09727E-07 7.29007E-09 2.70514E-12 1.97380E-12 2.84611E-08 1.38256E-08 5.11505E-09
 1.58008E-11 2.07677E-09 1.04606E-11 8.38988E-13 5.48590E-13 1.67273E-15 6.88823E-12 7.18414E-11
 1.49443E-12 1.71739E-10 2.13294E-10 5.62208E-12 2.09930E-01 2.43118E-28 7.07395E-29 1.31843E-19
 1.26512E-15 1.98775E-14 3.73736E-27 4.31460E-04 6.52607E-11 6.72189E-09 7.04493E-06 3.61851E-10
 2.40646E-10 1.73711E-10 4.67998E-06 1.15077E-13 3.21280E-07 2.79845E-07 7.30776E-09 2.53808E-12
 2.18817E-12 2.43579E-08 1.50715E-08 4.18421E-09 1.56176E-11 1.39055E-09 6.15439E-12 6.78142E-13
 2.56601E-13 1.05774E-15 5.15401E-12 6.12015E-11 1.99998E-12 1.72155E-10 2.27369E-10 2.93796E-12
 2.09924E-01 3.77162E-28 1.28309E-28 1.90562E-19 1.58089E-15 1.95510E-14 4.33552E-27 4.31435E-04
 6.27706E-11 9.84080E-09 7.08897E-06 4.35620E-10 2.61237E-10 1.61712E-10 4.25555E-06 2.32534E-13
 3.24593E-07 2.53691E-07 7.39195E-09 2.44172E-12 2.41687E-12 2.08707E-08 1.60385E-08 3.30216E-09
 1.46886E-11 8.86925E-10 3.58039E-12 5.33368E-13 1.13632E-13 6.34409E-16 3.87466E-12 5.05269E-11
 2.61805E-12 1.67239E-10 2.45046E-10 1.45119E-12 2.09919E-01 5.87126E-28 2.27896E-28 2.72737E-19
 1.97706E-15 1.91439E-14 4.99695E-27 4.31404E-04 5.99552E-11 1.41437E-08 7.12128E-06 5.09426E-10
 2.83244E-10 1.52962E-10 3.85238E-06 4.47906E-13 3.31969E-07 2.31247E-07 7.55887E-09 2.39963E-12
 2.66241E-12 1.79390E-08 1.67061E-08 2.53215E-09 1.31728E-11 5.42128E-10 2.06343E-12 4.08310E-13
 4.79496E-14 3.56784E-16 2.94558E-12 4.02369E-11 3.34848E-12 1.56954E-10 2.66530E-10 6.79729E-13
 2.09913E-01 9.02285E-28 3.91971E-28 3.83633E-19 2.45714E-15 1.86527E-14 5.68883E-27 4.31368E-04
 5.67858E-11 1.98462E-08 7.14248E-06 5.79869E-10 3.05626E-10 1.45774E-10 3.46507E-06 8.19597E-13
 3.43698E-07 2.12055E-07 7.82203E-09 2.39019E-12 2.91816E-12 1.54614E-08 1.70903E-08 1.90182E-09
 1.13288E-11 3.19924E-10 1.18057E-12 3.04384E-13 1.94398E-14 1.87968E-16 2.26922E-12 3.08562E-11
 4.17236E-12 1.42105E-10 2.90927E-10 3.04274E-13 2.09907E-01 1.34785E-27 6.46695E-28 5.29176E-19
 3.02233E-15 1.80762E-14 6.37117E-27 4.31327E-04 5.32840E-11 2.71198E-08 7.15315E-06 6.44400E-10
 3.27364E-10 1.38993E-10 3.09379E-06 1.42565E-12 3.60104E-07 1.95645E-07 8.19852E-09 2.39646E-12
 3.17811E-12 1.33514E-08 1.72305E-08 1.41049E-09 9.40320E-12 1.83748E-10 6.72209E-13 2.21560E-13
 7.64808E-15 9.28403E-17 1.77318E-12 2.28025E-11 5.04854E-12 1.24179E-10 3.16641E-10 1.31369E-13
 2.09901E-01 1.93198E-27 1.01585E-27 7.14426E-19 3.66787E-15 1.74191E-14 6.99641E-27 4.31281E-04
 4.95904E-11 3.61278E-08 7.15376E-06 7.01763E-10 3.47777E-10 1.32034E-10 2.74315E-06 2.36908E-12
 3.81237E-07 1.81796E-07 8.70520E-09 2.40968E-12 3.44463E-12 1.15650E-08 1.71798E-08 1.04069E-09
 7.58239E-12 1.03840E-10 3.82025E-13 1.58267E-13 2.95452E-15 4.30635E-17 1.41098E-12 1.62916E-11
 5.92531E-12 1.05033E-10 3.41803E-10 5.52375E-14 2.09895E-01 2.62716E-27 1.50889E-27 9.39881E-19
 4.37297E-15 1.67022E-14 7.50517E-27 4.31231E-04 4.57299E-11 4.70278E-08 7.14492E-06 7.52433E-10
 3.66738E-10 1.25118E-10 2.42355E-06 3.78385E-12 4.07253E-07 1.70121E-07 9.36107E-09 2.41913E-12
 3.71120E-12 1.00443E-08 1.69832E-08 7.67793E-10 5.99477E-12 5.83786E-11 2.17766E-13 1.11571E-13
 1.13425E-15 1.92378E-17 1.14452E-12 1.13730E-11 6.76144E-12 8.66202E-11 3.64543E-10 2.29522E-14
 2.09888E-01 3.37753E-27 2.11604E-27 1.20907E-18 5.11808E-15 1.59452E-14 7.89524E-27 4.31177E-04
 4.13476E-11 5.93362E-08 7.12714E-06 8.00589E-10 3.85171E-10 1.20261E-10 2.17110E-06 5.75618E-12
 4.38359E-07 1.60252E-07 1.01926E-08 2.38651E-12 3.85127E-12 8.73937E-09 1.66756E-08 5.66813E-10
 4.81345E-12 3.35258E-11 1.28526E-13 7.81007E-14 4.47918E-16 1.01202E-17 9.46568E-13 8.15673E-12
 7.54029E-12 7.13884E-11 3.82371E-10 1.00509E-14 2.09881E-01 4.14187E-27 2.80897E-27 1.59279E-18
 5.88427E-15 1.51669E-14 8.41835E-27 4.31118E-04 3.70870E-11 7.33386E-08 7.10120E-06 8.46443E-10
 4.03143E-10 1.16434E-10 1.95812E-06 8.48099E-12 4.74318E-07 1.51937E-07 1.12917E-08 2.33295E-12
 3.92118E-12 7.62263E-09 1.62895E-08 4.19414E-10 3.88276E-12 1.96287E-11 7.75915E-14 5.44694E-14
 1.80627E-16 5.78271E-18 7.99044E-13 5.93154E-12 8.27372E-12 5.86957E-11 3.96658E-10 4.54971E-15
 2.09874E-01 4.88024E-27 3.56833E-27 2.10854E-18 6.65313E-15 1.43856E-14 9.15157E-27 4.31056E-04
 3.32582E-11 8.95547E-08 7.06790E-06 8.88608E-10 4.20187E-10 1.12358E-10 1.76022E-06 1.22653E-11
 5.14934E-07 1.44894E-07 1.27841E-08 2.27818E-12 3.99251E-12 6.66471E-09 1.58466E-08 3.11523E-10
 3.09750E-12 1.15617E-11 4.70087E-14 3.78155E-14 7.30581E-17 3.21563E-18 6.88011E-13 4.26736E-12
 8.94079E-12 4.76781E-11 4.08737E-10 2.05800E-15 2.09866E-01 5.54335E-27 4.37445E-27 2.74122E-18
 7.41349E-15 1.36127E-14 1.01003E-26 4.30991E-04 2.98232E-11 1.08231E-07 7.02815E-06 9.28023E-10
 4.36523E-10 1.08276E-10 1.57884E-06 1.74710E-11 5.59760E-07 1.38913E-07 1.47862E-08 2.22019E-12
 4.06604E-12 5.84470E-09 1.53646E-08 2.32578E-10 2.45047E-12 6.85750E-12 2.86142E-14 2.61908E-14
 2.96998E-17 1.75179E-18 6.04102E-13 3.04918E-12 9.54129E-12 3.83917E-11 4.18678E-10 9.33179E-16
 2.09859E-01 6.10246E-27 5.20016E-27 3.50523E-18 8.15055E-15 1.28629E-14 1.13694E-26 4.30922E-04
 2.66366E-11 1.28224E-07 6.98316E-06 9.69200E-10 4.53391E-10 1.05982E-10 1.43675E-06 2.41959E-11
 6.07957E-07 1.33847E-07 1.73927E-08 2.13615E-12 4.01833E-12 5.14830E-09 1.48601E-08 1.74586E-10
 1.98310E-12 4.19213E-12 1.80216E-14 1.82603E-14 1.25896E-17 1.11177E-18 5.40935E-13 2.27365E-12
 1.01219E-11 3.14175E-11 4.25864E-10 4.52441E-16 2.09851E-01 6.62272E-27 6.04310E-27 4.61110E-18
 8.84649E-15 1.21541E-14 1.35741E-26 4.30852E-04 2.37927E-11 1.49743E-07 6.93393E-06 1.01258E-09
 4.71033E-10 1.05033E-10 1.31987E-06 3.28772E-11 6.58960E-07 1.29512E-07 2.07414E-08 2.03819E-12
 3.89108E-12 4.55672E-09 1.43446E-08 1.31799E-10 1.62948E-12 2.63689E-12 1.16344E-14 1.28167E-14
 5.53070E-18 7.65207E-19 4.93070E-13 1.75120E-12 1.07048E-11 2.60223E-11 4.31201E-10 2.31015E-16
 2.09843E-01 7.11614E-27 6.91055E-27 6.18542E-18 9.49567E-15 1.14917E-14 1.70878E-26 4.30779E-04
 2.13157E-11 1.73910E-07 6.88077E-06 1.05671E-09 4.89207E-10 1.04285E-10 1.20915E-06 4.44475E-11
 7.12790E-07 1.25708E-07 2.50250E-08 1.94289E-12 3.76982E-12 4.04841E-09 1.38224E-08 1.00104E-10
 1.33233E-12 1.67902E-12 7.54438E-15 9.00924E-15 2.45331E-18 5.02436E-19 4.56093E-13 1.34802E-12
 1.12659E-11 2.14671E-11 4.35591E-10 1.18665E-16 2.09835E-01 7.54963E-27 7.80194E-27 8.22901E-18
 1.01026E-14 1.08712E-14 2.20054E-26 4.30704E-04 1.91395E-11 2.00793E-07 6.82375E-06 1.10239E-09
 5.08295E-10 1.03695E-10 1.10394E-06 5.98179E-11 7.69629E-07 1.22282E-07 3.04528E-08 1.85044E-12
 3.64952E-12 3.60613E-09 1.32954E-08 7.65700E-11 1.08473E-12 1.07736E-12 4.91665E-15 6.34665E-15
 1.09702E-18 3.14879E-19 4.26956E-13 1.03649E-12 1.17907E-11 1.76254E-11 4.39203E-10 6.12275E-17
 2.09827E-01 7.94366E-27 8.73576E-27 1.08810E-17 1.06713E-14 1.02882E-14 2.88372E-26 4.30626E-04
 1.72201E-11 2.30545E-07 6.76356E-06 1.15115E-09 5.28978E-10 1.03438E-10 1.00431E-06 8.02730E-11
 8.28983E-07 1.19156E-07 3.71707E-08 1.76073E-12 3.52805E-12 3.22151E-09 1.27716E-08 5.90916E-11
 8.80919E-13 6.98118E-13 3.23102E-15 4.48906E-15 4.96309E-19 1.89493E-19 4.03850E-13 7.97689E-13
 1.22858E-11 1.44162E-11 4.42134E-10 3.18127E-17 2.09819E-01 8.32076E-27 9.73068E-27 1.43110E-17
 1.11985E-14 9.74586E-15 3.82640E-26 4.30544E-04 1.55232E-11 2.63275E-07 6.70098E-06 1.20484E-09
 5.52111E-10 1.03742E-10 9.10132E-07 1.07583E-10 8.90225E-07 1.16272E-07 4.52780E-08 1.67381E-12
 3.40330E-12 2.88785E-09 1.22592E-08 4.61103E-11 7.14962E-13 4.58682E-13 2.14943E-15 3.19504E-15
 2.28265E-19 1.10296E-19 3.85453E-13 6.15838E-13 1.27595E-11 1.17559E-11 4.44476E-10 1.66943E-17
 2.09810E-01 8.71028E-27 1.08150E-26 1.87334E-17 1.16808E-14 9.24748E-15 5.12362E-26 4.30460E-04
 1.40110E-11 2.98973E-07 6.63573E-06 1.26559E-09 5.78708E-10 1.04871E-10 8.21002E-07 1.44176E-10
 9.53735E-07 1.13546E-07 5.49809E-08 1.58909E-12 3.27268E-12 2.59449E-09 1.17572E-08 3.64483E-11
 5.80540E-13 3.05859E-13 1.45104E-15 2.29223E-15 1.06959E-19 6.24477E-20 3.70516E-13 4.77571E-13
 1.32122E-11 9.55754E-12 4.46329E-10 8.85907E-18 2.09802E-01 9.15536E-27 1.20384E-26 2.44347E-17
 1.21233E-14 8.78751E-15 6.91467E-26 4.30372E-04 1.26558E-11 3.37521E-07 6.56768E-06 1.33590E-09
 6.09988E-10 1.07159E-10 7.36623E-07 1.93425E-10 1.01974E-06 1.10916E-07 6.64744E-08 1.50601E-12
 3.13376E-12 2.33405E-09 1.12662E-08 2.92536E-11 4.72194E-13 2.07504E-13 9.97272E-16 1.66132E-15
 5.12553E-20 3.45622E-20 3.58197E-13 3.72503E-13 1.36443E-11 7.74590E-12 4.47779E-10 4.76308E-18
 2.09793E-01 9.70558E-27 1.34651E-26 3.17801E-17 1.25290E-14 8.36259E-15 9.40104E-26 4.30280E-04
 1.14427E-11 3.78719E-07 6.49738E-06 1.41871E-09 6.47364E-10 1.11055E-10 6.56905E-07 2.60057E-10
 1.08774E-06 1.08363E-07 7.98214E-08 1.42420E-12 2.98458E-12 2.10328E-09 1.07924E-08 2.39127E-11
 3.85382E-13 1.44071E-13 7.01029E-16 1.21987E-15 2.52855E-20 1.87762E-20 3.48002E-13 2.92665E-13
 1.40570E-11 6.25744E-12 4.48898E-10 2.60275E-18 2.09784E-01 1.04160E-26 1.51728E-26 4.12232E-17
 1.28961E-14 7.97401E-15 1.28730E-25 4.30184E-04 1.03633E-11 4.22295E-07 6.42499E-06 1.51751E-09
 6.92510E-10 1.17350E-10 5.81903E-07 3.50761E-10 1.15764E-06 1.05859E-07 9.51325E-08 1.34212E-12
 2.82328E-12 1.89797E-09 1.03381E-08 1.99634E-11 3.16039E-13 1.03092E-13 5.06296E-16 9.09917E-16
 1.29147E-20 1.00376E-20 3.39490E-13 2.31880E-13 1.44481E-11 5.03703E-12 4.49748E-10 1.44892E-18
 2.09774E-01 1.13669E-26 1.72666E-26 5.33433E-17 1.32258E-14 7.61999E-15 1.77588E-25 4.30084E-04
 9.41647E-12 4.68541E-07 6.35045E-06 1.63579E-09 7.46852E-10 1.27761E-10 5.12730E-07 4.75342E-10
 1.22953E-06 1.03375E-07 1.12544E-07 1.25581E-12 2.63805E-12 1.71426E-09 9.90461E-09 1.70460E-11
 2.61320E-13 7.74157E-14 3.81069E-16 6.90864E-16 6.95633E-21 5.31357E-21 3.32310E-13 1.87018E-13
 1.48231E-11 4.04356E-12 4.50370E-10 8.31970E-19 2.09765E-01 1.27219E-26 1.98471E-26 6.89332E-17
 1.35199E-14 7.29789E-15 2.46979E-25 4.29980E-04 8.74239E-12 4.85845E-07 6.27531E-06 1.79405E-09
 8.12422E-10 1.46356E-10 4.91052E-07 5.86601E-10 1.30197E-06 1.00942E-07 1.31792E-07 1.16624E-12
 2.15385E-12 1.55241E-09 9.50068E-09 1.56082E-11 2.50806E-13 6.50511E-14 3.38851E-16 5.96585E-16
 4.98026E-21 3.96776E-21 3.26324E-13 1.84427E-13 1.49469E-11 3.51429E-12 4.50734E-10 6.57017E-19
 2.09755E-01 1.51129E-26 2.38389E-26 1.15780E-16 1.37474E-14 7.01117E-15 4.50454E-25 4.29872E-04
 8.59617E-12 5.42554E-07 6.19849E-06 1.97576E-09 8.99346E-10 1.63054E-10 4.10361E-07 8.37238E-10
 1.37598E-06 9.85050E-08 1.53392E-07 1.08692E-12 2.04600E-12 1.40742E-09 9.14572E-09 1.39790E-11
 2.01393E-13 5.14277E-14 2.62884E-16 4.57464E-16 2.78875E-21 1.77198E-21 3.21157E-13 1.41184E-13
 1.52655E-11 2.68587E-12 4.51241E-10 3.60232E-19 2.09745E-01 1.76012E-26 2.82919E-26 1.37553E-16
 1.39720E-14 6.75201E-15 5.91968E-25 4.29759E-04 9.44491E-12 5.97042E-07 6.11740E-06 2.20846E-09
 1.01283E-09 1.86078E-10 3.35875E-07 1.20000E-09 1.45401E-06 9.59737E-08 1.78147E-07 1.01354E-12
 1.93694E-12 1.27280E-09 8.82092E-09 1.29820E-11 1.62897E-13 4.12551E-14 2.09083E-16 3.59124E-16
 1.57013E-21 7.57952E-22 3.16531E-13 1.07453E-13 1.54626E-11 2.02676E-12 4.51688E-10 1.94775E-19
 2.09734E-01 2.14010E-26 3.46479E-26 1.61044E-16 1.41764E-14 6.51089E-15 7.80158E-25 4.29638E-04
 1.19470E-11 6.32129E-07 6.03248E-06 2.52158E-09 1.16045E-09 2.22669E-10 2.83310E-07 1.65757E-09
 1.53564E-06 9.33584E-08 2.06051E-07 9.42686E-13 1.71521E-12 1.14845E-09 8.52290E-09 1.28297E-11
 1.43045E-13 3.57405E-14 1.85976E-16 3.06582E-16 1.04173E-21 3.74193E-22 3.12410E-13 9.03870E-14
 1.54658E-11 1.57812E-12 4.52098E-10 1.23046E-19 2.09723E-01 2.77763E-26 4.43670E-26 2.09662E-16
 1.43361E-14 6.28882E-15 1.16328E-24 4.29509E-04 1.70153E-11 6.69051E-07 5.94387E-06 2.92852E-09
 1.35576E-09 2.74158E-10 2.30779E-07 2.35711E-09 1.62065E-06 9.06656E-08 2.37253E-07 8.73367E-13
 1.52967E-12 1.03389E-09 8.25625E-09 1.30253E-11 1.24541E-13 3.24839E-14 1.71374E-16 2.62263E-16
 7.16736E-22 1.69243E-22 3.08734E-13 7.49141E-14 1.54196E-11 1.19645E-12 4.52486E-10 7.68416E-20
 2.09711E-01 3.77478E-26 5.85421E-26 2.57325E-16 1.44775E-14 6.08535E-15 1.66781E-24 4.29372E-04
 2.57329E-11 6.95095E-07 5.85133E-06 3.46967E-09 1.61207E-09 3.46642E-10 1.88479E-07 3.33632E-09
 1.70920E-06 8.78942E-08 2.71999E-07 8.06529E-13 1.32557E-12 9.28192E-10 8.01854E-09 1.38027E-11
 1.12810E-13 3.11994E-14 1.68136E-16 2.34463E-16 5.38008E-22 7.90234E-23 3.05447E-13 6.43804E-14
 1.52500E-11 9.10913E-13 4.52894E-10 5.08802E-20 2.09699E-01 5.37540E-26 8.03490E-26 3.23023E-16
 1.45832E-14 5.89893E-15 2.48919E-24 4.29226E-04 3.90795E-11 7.22376E-07 5.75479E-06 4.15907E-09
 1.93828E-09 4.42029E-10 1.51256E-07 4.80508E-09 1.80123E-06 8.50554E-08 3.10504E-07 7.40930E-13
 1.14728E-12 8.30844E-10 7.81023E-09 1.48353E-11 1.02271E-13 3.07769E-14 1.68047E-16 2.09671E-16
 4.11691E-22 3.51807E-23 3.02506E-13 5.48602E-14 1.50348E-11 6.82754E-13 4.53284E-10 3.34210E-20
 2.09686E-01 7.84281E-26 1.12825E-25 3.91287E-16 1.46698E-14 5.72839E-15 3.62553E-24 4.29069E-04
 5.77689E-11 7.45989E-07 5.65424E-06 5.03920E-09 2.34464E-09 5.62386E-10 1.23101E-07 6.89775E-09
 1.89660E-06 8.21677E-08 3.52917E-07 6.76926E-13 9.68639E-13 7.41494E-10 7.62881E-09 1.62215E-11
 9.54967E-14 3.08272E-14 1.71517E-16 1.92269E-16 3.27526E-22 1.62676E-23 2.99876E-13 4.76344E-14
 1.47618E-11 5.15445E-13 4.53666E-10 2.26194E-20 2.09672E-01 1.15496E-25 1.62109E-25 4.77764E-16
 1.47228E-14 5.57258E-15 5.35485E-24 4.28903E-04 8.19930E-11 7.89447E-07 5.54937E-06 6.06518E-09
 2.81663E-09 6.98255E-10 9.81381E-08 1.02002E-08 1.99531E-06 7.92491E-08 3.99504E-07 6.13802E-13
 8.38612E-13 6.59709E-10 7.47295E-09 1.71520E-11 8.57545E-14 2.99804E-14 1.66045E-16 1.67837E-16
 2.40855E-22 6.86223E-24 2.97520E-13 3.92139E-14 1.45696E-11 3.80000E-13 4.53932E-10 1.41793E-20
 2.09658E-01 1.66239E-25 2.30271E-25 5.48021E-16 1.47779E-14 5.43000E-15 7.37961E-24 4.28725E-04
 1.11898E-10 8.43861E-07 5.43565E-06 7.26785E-09 3.35221E-09 8.50523E-10 7.95998E-08 1.50883E-08
 2.10139E-06 7.62017E-08 4.52494E-07 5.50265E-13 7.16414E-13 5.82151E-10 7.33149E-09 1.77982E-11
 7.72437E-14 2.84180E-14 1.56121E-16 1.45499E-16 1.71094E-22 2.94204E-24 2.95320E-13 3.19193E-14
 1.44020E-11 2.81629E-13 4.54128E-10 8.68910E-21 2.09642E-01 2.35219E-25 3.26432E-25 6.25631E-16
 1.48174E-14 5.29393E-15 1.00275E-23 4.28527E-04 1.47624E-10 9.21427E-07 5.30715E-06 8.60590E-09
 3.93003E-09 1.01310E-09 6.47171E-08 2.25875E-08 2.21990E-06 7.29106E-08 5.15097E-07 4.84008E-13
 6.10166E-13 5.05949E-10 7.19521E-09 1.77290E-11 6.79375E-14 2.58350E-14 1.38925E-16 1.21393E-16
 1.12725E-22 1.22235E-24 2.93172E-13 2.51009E-14 1.43001E-11 2.07194E-13 4.54221E-10 5.02454E-21
 2.09623E-01 3.25975E-25 4.57018E-25 6.99902E-16 1.48573E-14 5.15808E-15 1.31538E-23 4.28296E-04
 1.88317E-10 1.02076E-06 5.16210E-06 1.00808E-08 4.53334E-09 1.17783E-09 5.37400E-08 3.37521E-08
 2.35182E-06 6.93825E-08 5.88862E-07 4.16355E-13 5.07528E-13 4.31603E-10 7.05897E-09 1.70903E-11
 5.95059E-14 2.25561E-14 1.18175E-16 9.96013E-17 7.04531E-23 5.19254E-25 2.91062E-13 1.94521E-14
 1.42423E-11 1.53413E-13 4.54233E-10 2.81801E-21 2.09601E-01 4.42149E-25 6.35874E-25 7.82889E-16
 1.48855E-14 5.02180E-15 1.69752E-23 4.28026E-04 2.33064E-10 1.16172E-06 4.99950E-06 1.15516E-08
 5.09931E-09 1.32763E-09 4.47973E-08 5.08512E-08 2.49681E-06 6.56528E-08 6.75112E-07 3.48969E-13
 4.18632E-13 3.60158E-10 6.91844E-09 1.55500E-11 5.02768E-14 1.86739E-14 9.35199E-17 7.75692E-17
 4.01110E-23 2.13365E-25 2.88990E-13 1.44626E-14 1.42796E-11 1.12678E-13 4.54118E-10 1.47844E-21
 2.09576E-01 5.83565E-25 8.66485E-25 8.68993E-16 1.49069E-14 4.88519E-15 2.11997E-23 4.27711E-04
 2.79277E-10 1.32851E-06 4.81924E-06 1.31674E-08 5.67320E-09 1.46575E-09 3.79144E-08 7.61131E-08
 2.65344E-06 6.17680E-08 7.75042E-07 2.85191E-13 3.34880E-13 2.92686E-10 6.76746E-09 1.38315E-11
 4.26248E-14 1.49368E-14 7.15837E-17 5.98261E-17 2.18516E-23 9.06620E-26 2.86952E-13 1.07327E-14
 1.43814E-11 8.35555E-14 4.53905E-10 7.61085E-22 2.09546E-01 7.67860E-25 1.19115E-24 9.64940E-16
 1.49139E-14 4.74846E-15 2.61975E-23 4.27343E-04 3.23469E-10 1.52196E-06 4.62078E-06 1.51035E-08
 6.32207E-09 1.58428E-09 3.11668E-08 1.15511E-07 2.81876E-06 5.77800E-08 8.90018E-07 2.26776E-13
 2.65555E-13 2.30091E-10 6.60029E-09 1.19951E-11 3.56544E-14 1.15602E-14 5.28996E-17 4.43127E-17
 1.11624E-23 3.72751E-26 2.84942E-13 7.88155E-15 1.46417E-11 6.16247E-14 4.53500E-10 3.76547E-22
 2.09512E-01 1.01885E-24 1.67830E-24 1.04871E-15 1.49276E-14 4.61171E-15 3.17430E-23 4.26913E-04
 3.60767E-10 1.70517E-06 4.40212E-06 1.85644E-08 7.43374E-09 1.66833E-09 2.52397E-08 1.82237E-07
 2.98692E-06 5.37450E-08 1.02157E-06 1.74247E-13 2.02036E-13 1.73075E-10 6.40955E-09 1.07132E-11
 3.19381E-14 8.75588E-15 3.94651E-17 3.37131E-17 5.68401E-24 1.63217E-26 2.82956E-13 6.06145E-15
 1.50896E-11 4.65149E-14 4.52870E-10 1.89850E-22 2.09471E-01 1.35873E-24 2.60599E-24 1.09512E-15
 1.49723E-14 4.47502E-15 3.90153E-23 4.26413E-04 4.02314E-10 2.40849E-06 4.15204E-06 2.06668E-08
 7.90132E-09 1.52679E-09 2.39152E-08 3.28444E-07 3.14434E-06 4.97192E-08 1.17264E-06 1.23406E-13
 1.39488E-13 1.22503E-10 6.18840E-09 7.19432E-12 2.51902E-14 5.66086E-15 2.26891E-17 2.22205E-17
 2.27440E-24 6.22538E-27 2.80998E-13 3.79445E-15 1.59578E-11 3.30742E-14 4.51784E-10 7.47936E-23
 2.09423E-01 1.44772E-24 3.54787E-24 1.24990E-15 1.49011E-14 4.33830E-15 4.73659E-23 4.25830E-04
 4.55513E-10 6.36192E-06 3.85961E-06 1.34601E-08 5.14613E-09 1.04293E-09 4.04723E-08 6.35638E-07
 3.26529E-06 4.57556E-08 1.34527E-06 7.83901E-14 8.02574E-14 8.04136E-11 5.92483E-09 2.18945E-12
 1.23882E-14 2.83662E-15 7.65010E-18 9.55776E-18 5.99823E-25 2.03084E-27 2.79061E-13 1.24385E-15
 1.77936E-11 2.13085E-14 4.49688E-10 1.75020E-23 2.09365E-01 8.14099E-25 2.47136E-24 2.06065E-15
 1.41653E-14 4.20156E-15 5.07842E-23 4.25149E-04 4.48838E-10 2.12772E-05 3.54532E-06 6.37521E-09
 2.30625E-09 6.02055E-10 8.47239E-08 1.07237E-06 3.33890E-06 4.19019E-08 1.53497E-06 4.74391E-14
 5.18409E-14 4.94246E-11 5.61249E-09 3.99341E-13 4.32239E-15 1.31858E-15 2.08373E-18 2.20513E-18
 1.34538E-25 8.02574E-28 2.77095E-13 2.07755E-16 2.20702E-11 1.56746E-14 4.45095E-10 2.63278E-24
 2.09292E-01 2.93832E-25 9.51540E-25 3.67519E-15 1.26160E-14 4.06518E-15 4.05488E-23 4.24361E-04
 3.72534E-10 5.73740E-05 3.23039E-06 3.54294E-09 1.08355E-09 3.33161E-10 1.56856E-07 1.55915E-06
 3.38167E-06 3.81987E-08 1.73661E-06 2.82769E-14 3.84022E-14 2.90253E-11 5.26867E-09 8.98213E-14
 1.67080E-15 6.06775E-16 5.50546E-19 5.05384E-19 2.95636E-26 4.49323E-28 2.75062E-13 3.08340E-17
 2.87262E-11 1.35290E-14 4.38062E-10 2.87385E-25 2.09196E-01 9.17881E-26 3.55502E-25 5.49667E-15
 1.08498E-14 3.92932E-15 2.84904E-23 4.23456E-04 2.75788E-10 1.27587E-04 2.92524E-06 2.24527E-09
 5.48125E-10 1.81958E-10 2.40868E-07 2.05473E-06 3.40635E-06 3.46809E-08 1.94766E-06 1.67559E-14
 3.06320E-14 1.66716E-11 4.91283E-09 2.94054E-14 7.08312E-16 2.79039E-16 1.45453E-19 1.50297E-19
 6.50490E-27 2.56905E-28 2.72941E-13 5.81756E-18 3.72400E-11 1.19459E-14 4.29102E-10 2.57879E-26
 2.09069E-01 2.67294E-26 1.38234E-25 7.16332E-15 9.22779E-15 3.79387E-15 1.87883E-23 4.22416E-04
 2.01235E-10 2.45377E-04 2.63521E-06 1.57488E-09 2.99037E-10 9.87283E-11 3.36597E-07 2.53445E-06
 3.42095E-06 3.13664E-08 2.16691E-06 9.89861E-15 2.55036E-14 9.50801E-12 4.55853E-09 1.44457E-14
 3.33852E-16 1.28082E-16 3.84715E-20 6.52973E-20 1.43131E-27 1.54638E-28 2.70709E-13 1.49374E-18
 4.69752E-11 1.07479E-14 4.18841E-10 2.98173E-27 2.08902E-01 7.48207E-27 5.81200E-26 8.62112E-15
 7.80287E-15 3.65830E-15 1.23442E-23 4.21218E-04 1.52225E-10 4.25121E-04 2.36453E-06 1.16938E-09
 1.72323E-10 5.34543E-11 4.37536E-07 2.98324E-06 3.42987E-06 2.82829E-08 2.39252E-06 5.84979E-15
 2.18911E-14 5.46819E-12 4.21638E-09 9.20276E-15 1.67545E-16 5.88168E-17 1.02172E-20 3.63850E-20
 3.15747E-28 9.32314E-29 2.68352E-13 4.62548E-19 5.74056E-11 9.64383E-15 4.07790E-10 6.90612E-28
 2.08684E-01 2.05169E-27 2.59853E-26 9.84480E-15 6.59859E-15 3.52260E-15 8.13095E-24 4.19839E-04
 1.14102E-10 6.82916E-04 2.11420E-06 8.74107E-10 1.02264E-10 2.88984E-11 5.05138E-07 3.39523E-06
 3.43551E-06 2.54314E-08 2.62427E-06 3.46129E-15 1.92442E-14 3.21158E-12 3.89160E-09 6.51234E-15
 8.14513E-17 2.70618E-17 2.73317E-21 2.17396E-20 7.01033E-29 4.81073E-29 2.65842E-13 1.46278E-19
 6.82234E-11 8.23638E-15 3.96241E-10 2.12675E-28 2.08404E-01 5.49019E-28 1.19789E-26 1.07805E-14
 5.66707E-15 3.38596E-15 5.29067E-24 4.18244E-04 8.78783E-11 1.03192E-03 1.88397E-06 6.63817E-10
 6.28526E-11 1.55712E-11 5.55108E-07 3.76799E-06 3.43920E-06 2.28050E-08 2.86222E-06 2.04777E-15
 1.72813E-14 1.93462E-12 3.58629E-09 4.84385E-15 3.99311E-17 1.24415E-17 7.33917E-22 1.36098E-20
 1.56069E-29 2.40642E-29 2.63146E-13 5.02309E-20 7.91796E-11 6.95165E-15 3.84420E-10 7.42656E-29
 2.08050E-01 1.43633E-28 5.79204E-27 1.15231E-14 4.91119E-15 3.24742E-15 3.48150E-24 4.16393E-04
 6.98910E-11 1.48299E-03 1.67433E-06 5.07847E-10 3.97980E-11 8.36937E-12 5.84944E-07 4.10027E-06
 3.44175E-06 2.04078E-08 3.10522E-06 1.21231E-15 1.58193E-14 1.20103E-12 3.30299E-09 3.67589E-15
 1.97130E-17 5.71809E-18 1.98031E-22 8.67754E-21 3.48711E-30 1.17457E-29 2.60238E-13 1.84619E-20
 9.00452E-11 5.79660E-15 3.72533E-10 2.75646E-29 2.07613E-01 3.69553E-29 2.93001E-27 1.21225E-14
 4.27832E-15 3.10667E-15 2.32397E-24 4.14244E-04 5.70769E-11 2.04565E-03 1.48515E-06 3.89063E-10
 2.58311E-11 4.49256E-12 5.94328E-07 4.39273E-06 3.44359E-06 1.82391E-08 3.35214E-06 7.18953E-16
 1.47250E-14 7.71236E-13 3.04346E-09 2.81468E-15 9.74980E-18 2.63005E-18 5.37957E-23 5.57674E-21
 7.83255E-31 5.58552E-30 2.57090E-13 7.15412E-21 1.00643E-10 4.77212E-15 3.60733E-10 1.06026E-29
 2.07083E-01 9.40741E-30 1.54105E-27 1.26011E-14 3.74322E-15 2.96341E-15 1.57193E-24 4.11752E-04
 4.59766E-11 2.73008E-03 1.31547E-06 2.94145E-10 1.70226E-11 2.40770E-12 5.68302E-07 4.64762E-06
 3.44486E-06 1.62891E-08 3.60257E-06 4.27365E-16 1.38970E-14 5.13521E-13 2.80846E-09 2.14974E-15
 4.67403E-18 1.21211E-18 1.47494E-23 3.52219E-21 1.77357E-31 2.42643E-30 2.53665E-13 2.76034E-21
 1.10852E-10 3.80868E-15 3.49107E-10 3.87637E-30 2.06447E-01 2.35492E-30 8.31404E-28 1.29516E-14
 3.30994E-15 2.81709E-15 1.06797E-24 4.08860E-04 3.65429E-11 3.54607E-03 1.16381E-06 2.19882E-10
 1.13698E-11 1.28587E-12 5.17706E-07 4.86757E-06 3.44533E-06 1.45423E-08 3.85662E-06 2.54357E-16
 1.32563E-14 3.54228E-13 2.59747E-09 1.63960E-15 2.18346E-18 5.59095E-19 4.08049E-24 2.19772E-21
 4.04810E-32 9.78326E-31 2.49918E-13 1.06296E-21 1.20569E-10 2.96451E-15 3.37726E-10 1.35899E-30
 2.05696E-01 5.75482E-31 4.58936E-28 1.31983E-14 2.95077E-15 2.66703E-15 7.29556E-25 4.05503E-04
 3.04051E-11 4.49769E-03 1.02937E-06 1.65558E-10 7.75427E-12 6.85396E-13 4.73792E-07 5.05491E-06
 3.44496E-06 1.29913E-08 4.11309E-06 1.51597E-16 1.27448E-14 2.52801E-13 2.41010E-09 1.26667E-15
 1.04839E-18 2.57976E-19 1.14056E-24 1.40928E-21 9.31854E-33 4.09349E-31 2.45819E-13 4.39127E-22
 1.29626E-10 2.32262E-15 3.26722E-10 5.19221E-31 2.04820E-01 1.39795E-31 2.61719E-28 1.33882E-14
 2.61500E-15 2.51335E-15 5.06879E-25 4.01624E-04 2.53701E-11 5.58826E-03 9.11395E-07 1.23583E-10
 5.35048E-12 3.65153E-13 4.19463E-07 5.21262E-06 3.44373E-06 1.16286E-08 4.37069E-06 9.06144E-17
 1.23214E-14 1.86735E-13 2.24670E-09 9.80943E-16 4.99897E-19 1.19317E-19 3.23650E-25 9.00941E-22
 2.17486E-33 1.64148E-31 2.41336E-13 1.82309E-22 1.37865E-10 1.78624E-15 3.16216E-10 1.95648E-31
 2.03812E-01 3.39246E-32 1.52418E-28 1.35069E-14 2.31391E-15 2.35629E-15 3.54592E-25 3.97159E-04
 2.15036E-11 6.81972E-03 8.08862E-07 9.18870E-11 3.73877E-12 1.94653E-13 3.64732E-07 5.34316E-06
 3.44138E-06 1.04432E-08 4.62864E-06 5.43497E-17 1.19543E-14 1.42688E-13 2.10665E-09 7.65302E-16
 2.39268E-19 5.53199E-20 9.35256E-26 5.81030E-22 5.16490E-34 6.45549E-32 2.36435E-13 7.72417E-23
 1.45138E-10 1.35937E-15 3.06316E-10 7.48751E-32 2.02664E-01 8.32546E-33 9.06499E-29 1.35602E-14
 2.03824E-15 2.19618E-15 2.50165E-25 3.92042E-04 1.88279E-11 8.18823E-03 7.21084E-07 6.83506E-11
 2.64931E-12 1.04173E-13 3.15643E-07 5.44892E-06 3.43784E-06 9.42766E-09 4.88560E-06 3.27924E-17
 1.16208E-14 1.12873E-13 1.98960E-09 6.04392E-16 1.16666E-19 2.57458E-20 2.76822E-26 3.82199E-22
 1.25710E-34 2.55910E-32 2.31090E-13 3.39330E-23 1.51274E-10 1.03099E-15 2.97154E-10 3.00652E-32
 2.01373E-01 2.11696E-33 5.51074E-29 1.35517E-14 1.78165E-15 2.03384E-15 1.78293E-25 3.86215E-04
 1.65416E-11 9.68829E-03 6.47390E-07 5.03968E-11 1.89267E-12 5.61958E-14 2.65509E-07 5.53192E-06
 3.43287E-06 8.57429E-09 5.14065E-06 2.00141E-17 1.13043E-14 9.26128E-14 1.89565E-09 4.80298E-16
 5.66312E-20 1.20641E-20 8.43920E-27 2.51643E-22 3.16173E-35 9.69732E-33 2.25277E-13 1.48346E-23
 1.56119E-10 7.67182E-16 2.88842E-10 1.18641E-32 1.99936E-01 5.64235E-34 3.39834E-29 1.34664E-14
 1.55661E-15 1.87018E-15 1.27479E-25 3.79616E-04 1.48089E-11 1.13090E-02 5.87299E-07 3.70117E-11
 1.36573E-12 3.09419E-14 2.20005E-07 5.59307E-06 3.42603E-06 7.87696E-09 5.39293E-06 1.25286E-17
 1.09927E-14 7.90157E-14 1.82447E-09 3.86097E-16 2.76862E-20 5.73871E-21 2.66782E-27 1.67831E-22
 8.30082E-36 3.59234E-33 2.18979E-13 6.56377E-24 1.59516E-10 5.64224E-16 2.81499E-10 4.74767E-33
 1.98354E-01 1.60691E-34 2.12808E-29 1.33035E-14 1.36182E-15 1.70649E-15 9.15996E-26 3.72195E-04
 1.33609E-11 1.30342E-02 5.40604E-07 2.69869E-11 9.92547E-13 1.81014E-14 1.77753E-07 5.63260E-06
 3.41678E-06 7.33213E-09 5.64160E-06 8.33773E-18 1.06772E-14 7.03098E-14 1.77598E-09 3.13226E-16
 1.35315E-20 2.87093E-21 8.90578E-28 1.12433E-22 2.31559E-36 1.27203E-33 2.12189E-13 2.88391E-24
 1.61304E-10 4.07302E-16 2.75247E-10 1.87042E-33 1.96633E-01 4.96861E-35 1.34790E-29 1.30564E-14
 1.20272E-15 1.54438E-15 6.59058E-26 3.63912E-04 1.23972E-11 1.48388E-02 5.07456E-07 1.97167E-11
 7.28138E-13 1.26060E-14 1.42423E-07 5.64975E-06 3.40445E-06 6.93967E-09 5.88555E-06 6.36400E-18
 1.03520E-14 6.53942E-14 1.74977E-09 2.57664E-16 6.92241E-21 1.72258E-21 3.61226E-28 7.65172E-23
 7.85466E-37 4.53207E-34 2.04922E-13 1.28849E-24 1.61323E-10 2.91852E-16 2.70220E-10 7.56594E-34
 1.94786E-01 1.90108E-35 8.64702E-30 1.27226E-14 1.08194E-15 1.38590E-15 4.75595E-26 3.54752E-04
 2.88150E+02 2.81650E+02 2.75150E+02 2.68660E+02 2.62170E+02 2.55680E+02 2.49190E+02 2.42700E+02
 2.36210E+02 2.29730E+02 2.23250E+02 2.16770E+02 2.16650E+02 2.16650E+02 2.16650E+02 2.16650E+02
 2.16650E+02 2.16650E+02 2.16650E+02 2.16650E+02 2.16650E+02 2.17580E+02 2.18570E+02 2.19570E+02
 2.20560E+02 2.21550E+02 2.22540E+02 2.23540E+02 2.24530E+02 2.25520E+02 2.26510E+02 2.27500E+02
 2.28490E+02 2.30970E+02 2.33740E+02 2.36510E+02 2.39280E+02 2.42050E+02 2.44820E+02 2.47580E+02
 2.50350E+02 2.53140E+02 2.55880E+02 2.58640E+02 2.61400E+02 2.64160E+02 2.66960E+02 2.69680E+02
 2.70650E+02 2.70650E+02 2.70650E+02 2.70650E+02 2.69030E+02 2.66270E+02 2.63520E+02 2.60770E+02
 2.58020E+02 2.55270E+02 2.52520E+02 2.49770E+02 2.47020E+02 2.44270E+02 2.41530E+02 2.30780E+02
 2.30500E+02 2.30500E+02 2.27000E+02 2.25100E+02 2.22000E+02 2.19600E+02 2.16000E+02 2.14300E+02
 2.12000E+02 2.10300E+02 2.08000E+02 2.06400E+02 2.04000E+02 2.02500E+02 2.00000E+02 1.98600E+02
 1.96000E+02 1.94700E+02 1.92000E+02 1.90800E+02 1.89000E+02 1.86900E+02 1.86900E+02 1.86900E+02
 1.86900E+02 1.86900E+02 1.88000E+02 1.90000E+02 1.91000E+02 1.92500E+02 1.94000E+02 1.95000E+02
 1.96500E+02 1.98000E+02 2.00000E+02 2.02000E+02 1.00000E+05 1.00000E+05 1.00000E+05 1.00000E+05
 1.00000E+05 1.00000E+05 1.00000E+05 1.00000E+05 1.00000E+05 8.94400E+04 4.89900E+04 2.25800E+04
 1.16600E+04 6.81200E+03 5.16500E+03 4.29000E+03 3.95000E+03 3.90000E+03 3.99900E+03 4.34300E+03
 4.84400E+03 5.43900E+03 6.18700E+03 7.03600E+03 7.98400E+03 8.98600E+03 1.00300E+04 1.12800E+04
 1.24900E+04 1.36300E+04 1.51300E+04 1.66900E+04 1.81800E+04 1.99800E+04 2.19800E+04 2.44500E+04
 2.74600E+04 3.04600E+04 3.39400E+04 3.79500E+04 4.19500E+04 4.64300E+04 5.19100E+04 5.84000E+04
 6.44500E+04 7.13600E+04 7.99000E+04 8.79100E+04 9.68700E+04 1.06900E+05 1.17800E+05 1.31800E+05
 1.48300E+05 1.65800E+05 1.83300E+05 2.01800E+05 2.25600E+05 2.52200E+05 2.77200E+05 3.07000E+05
 3.42100E+05 3.79500E+05 4.21900E+05 4.71700E+05 5.17400E+05 5.67400E+05 6.22400E+05 6.82600E+05
 7.48700E+05 8.21200E+05 9.00700E+05 9.87900E+05 1.00000E+06 1.00000E+06 1.00000E+06 1.00000E+06
 1.00000E+06 1.00000E+06 1.00000E+06 1.00000E+06 1.00000E+06 1.00000E+06 1.00000E+06 1.00000E+06
 1.00000E+06 1.00000E+06 1.00000E+06 1.00000E+06 1.00000E+06 1.00000E+06 1.00000E+06 1.00000E+06
 1.00000E+06 1.00000E+06 1.00000E+06 1.00000E+06 1.00000E+06 1.00000E+06 1.00000E+06 1.00000E+06
 2.40070E+19 2.17866E+19 1.97275E+19 1.78207E+19 1.60589E+19 1.44342E+19 1.29389E+19 1.15655E+19
 1.03070E+19 9.15606E+18 8.10651E+18 7.15193E+18 6.11587E+18 5.22704E+18 4.46760E+18 3.81869E+18
 3.26419E+18 2.79035E+18 2.38541E+18 2.03933E+18 1.74355E+18 1.48487E+18 1.26518E+18 1.07877E+18
 9.20584E+17 7.86187E+17 6.71915E+17 5.74657E+17 4.91863E+17 4.21306E+17 3.61132E+17 3.09775E+17
 2.65911E+17 2.27054E+17 1.93989E+17 1.66053E+17 1.42405E+17 1.22346E+17 1.05298E+17 9.07869E+16
 7.84045E+16 6.78180E+16 5.87675E+16 5.10010E+16 4.43293E+16 3.85886E+16 3.36365E+16 2.93712E+16
 2.58384E+16 2.28183E+16 2.01519E+16 1.77978E+16 1.58081E+16 1.40876E+16 1.25394E+16 1.11481E+16
 9.89930E+15 8.77952E+15 7.77662E+15 6.87942E+15 6.07774E+15 5.36227E+15 4.72434E+15 4.29057E+15
 3.71527E+15 3.21307E+15 2.81859E+15 2.45138E+15 2.14024E+15 1.85962E+15 1.62166E+15 1.39942E+15
 1.20942E+15 1.04087E+15 8.97139E+14 7.69609E+14 6.61830E+14 5.65840E+14 4.85451E+14 4.13591E+14
 3.53963E+14 3.00471E+14 2.56496E+14 2.16909E+14 1.83780E+14 1.55702E+14 1.30326E+14 1.09092E+14
 9.13243E+13 7.64555E+13 6.36707E+13 5.28550E+13 4.41755E+13 3.68711E+13 3.08202E+13 2.58606E+13
 2.16698E+13 1.81842E+13 1.52459E+13 1.28060E+13 7.68749E-11 9.35943E-11 1.28897E-10 1.73254E-10
 2.21968E-10 2.71369E-10 3.18350E-10 3.60750E-10 3.97385E-10 4.29230E-10 4.63244E-10 5.08550E-10
 5.46640E-10 5.65082E-10 5.59422E-10 5.32783E-10 4.91222E-10 4.42725E-10 3.93612E-10 3.48220E-10
 3.08901E-10 2.75533E-10 2.47474E-10 2.24028E-10 2.03963E-10 1.85710E-10 1.68423E-10 1.52129E-10
 1.36786E-10 1.22209E-10 1.08476E-10 9.56963E-11 8.37811E-11 7.27313E-11 6.26170E-11 5.35015E-11
 4.54404E-11 3.83542E-11 3.21491E-11 2.67806E-11 2.21539E-11 1.81850E-11 1.48374E-11 1.20594E-11
 9.75247E-12 7.83485E-12 6.26357E-12 4.98031E-12 3.93244E-12 3.08505E-12 2.39832E-12 1.85885E-12
 1.43878E-12 1.11024E-12 8.51257E-13 6.47436E-13 4.90246E-13 3.69405E-13 2.75489E-13 2.03638E-13
 1.49374E-13 1.08499E-13 7.80302E-14 5.56926E-14 3.90160E-14 2.67924E-14 1.80627E-14 1.19172E-14
 7.68783E-15 4.83570E-15 2.96152E-15 1.75828E-15 9.64069E-16 4.77330E-16 2.09663E-16 7.98346E-17
 2.56952E-17 6.76192E-18 1.40270E-18 2.18638E-19 2.42857E-20 1.79209E-21 8.13355E-23 2.04816E-24
 2.54904E-26 1.35914E-28 2.58805E-31 1.43844E-34 1.83276E-38 4.01072E-43 1.05819E-48 2.20988E-55
 2.32300E-63 6.94081E-73 3.05834E-84 8.98853E-98 1.00000-100 1.00000-100 1.00000-100 1.00000-100
 2.83733E+01 2.28467E+01 2.25084E+01 2.41999E+01 2.52300E+01 2.55971E+01 2.52215E+01 2.42064E+01
 2.25434E+01 2.04475E+01 1.81136E+01 1.85125E+01 1.68255E+01 1.46896E+01 1.22874E+01 9.89404E+00
 8.06506E+00 6.93910E+00 6.16247E+00 5.77268E+00 5.59273E+00 5.47401E+00 5.53979E+00 5.76270E+00
 5.34989E+00 4.11247E+00 3.15379E+00 2.41319E+00 1.84060E+00 1.39736E+00 1.05500E+00 7.92799E-01
 5.91629E-01 4.33052E-01 3.14219E-01 2.27043E-01 1.63311E-01 1.16891E-01 8.32126E-02 5.89845E-02
 4.15695E-02 2.92941E-02 2.07117E-02 1.46092E-02 1.02690E-02 7.18145E-03 5.00443E-03 3.47456E-03
 2.41352E-03 1.67212E-03 1.14801E-03 7.85837E-04 5.40251E-04 3.71516E-04 2.53548E-04 1.71443E-04
 1.15276E-04 7.70364E-05 5.08883E-05 3.32762E-05 2.15644E-05 1.38196E-05 8.75640E-06 5.71387E-06
 3.45669E-06 2.04482E-06 1.22299E-06 7.04726E-07 4.00460E-07 2.20127E-07 1.18811E-07 6.10584E-08
 2.90920E-08 1.24329E-08 4.73225E-09 1.54940E-09 4.31095E-10 9.71589E-11 1.73734E-11 2.30973E-12
 2.20609E-13 1.38230E-14 5.38137E-16 1.14574E-17 1.21023E-19 5.48236E-22 8.70152E-25 4.03196E-28
 4.28306E-32 7.81502E-37 1.70328E-42 2.91448E-49 2.53716E-57 6.25596E-67 2.27798E-78 5.54805E-92
 5.14727E-95 4.31934E-95 3.62139E-95 3.04183E-95 0.00000E+00 0.00000E+00 0.00000E+00 0.00000E+00
 0.00000E+00 0.00000E+00 0.00000E+00 0.00000E+00 0.00000E+00 0.00000E+00 0.00000E+00 0.00000E+00
 0.00000E+00 0.00000E+00 0.00000E+00 0.00000E+00 0.00000E+00 0.00000E+00 0.00000E+00 0.00000E+00
 0.00000E+00 0.00000E+00 0.00000E+00 0.00000E+00 0.00000E+00 0.00000E+00 0.00000E+00 0.00000E+00
 0.00000E+00 0.00000E+00 0.00000E+00 0.00000E+00 0.00000E+00 0.00000E+00 0.00000E+00 0.00000E+00
 0.00000E+00 0.00000E+00 0.00000E+00 0.00000E+00 0.00000E+00 0.00000E+00 0.00000E+00 0.00000E+00
 0.00000E+00 0.00000E+00 0.00000E+00 0.00000E+00 0.00000E+00 0.00000E+00 0.00000E+00 0.00000E+00
 0.00000E+00 0.00000E+00 0.00000E+00 0.00000E+00 0.00000E+00 0.00000E+00 0.00000E+00 0.00000E+00
 0.00000E+00 0.00000E+00 0.00000E+00 0.00000E+00 0.00000E+00 0.00000E+00 0.00000E+00 0.00000E+00
 0.00000E+00 0.00000E+00 0.00000E+00 0.00000E+00 0.00000E+00 0.00000E+00 0.00000E+00 0.00000E+00
 0.00000E+00 0.00000E+00 0.00000E+00 0.00000E+00 0.00000E+00 0.00000E+00 0.00000E+00 0.00000E+00
 0.00000E+00 0.00000E+00 0.00000E+00 0.00000E+00 0.00000E+00 0.00000E+00 0.00000E+00 0.00000E+00
 0.00000E+00 0.00000E+00 0.00000E+00 0.00000E+00 0.00000E+00 0.00000E+00 0.00000E+00 0.00000E+00
 0.00000E+00 0.00000E+00 0.00000E+00 0.00000E+00 0.00000E+00 0.00000E+00 0.00000E+00 0.00000E+00
 0.00000E+00 0.00000E+00 0.00000E+00 0.00000E+00 0.00000E+00 0.00000E+00 0.00000E+00 0.00000E+00
 0.00000E+00 0.00000E+00 0.00000E+00 0.00000E+00 0.00000E+00 0.00000E+00 0.00000E+00 0.00000E+00
 0.00000E+00 0.00000E+00 0.00000E+00 0.00000E+00 0.00000E+00 0.00000E+00 0.00000E+00 0.00000E+00
 0.00000E+00 0.00000E+00 0.00000E+00 0.00000E+00 0.00000E+00 0.00000E+00 0.00000E+00 0.00000E+00
 0.00000E+00 0.00000E+00 0.00000E+00 0.00000E+00 0.00000E+00 0.00000E+00 0.00000E+00 0.00000E+00
 0.00000E+00 0.00000E+00 0.00000E+00 0.00000E+00 0.00000E+00 0.00000E+00 0.00000E+00 0.00000E+00
 0.00000E+00 0.00000E+00 0.00000E+00 0.00000E+00 0.00000E+00 0.00000E+00 0.00000E+00 0.00000E+00
 0.00000E+00 0.00000E+00 0.00000E+00 0.00000E+00 0.00000E+00 0.00000E+00 0.00000E+00 0.00000E+00
 0.00000E+00 0.00000E+00 0.00000E+00 0.00000E+00 0.00000E+00 0.00000E+00 0.00000E+00 0.00000E+00
 0.00000E+00 0.00000E+00 0.00000E+00 0.00000E+00 0.00000E+00 0.00000E+00 0.00000E+00 0.00000E+00
 0.00000E+00 0.00000E+00 0.00000E+00 0.00000E+00 0.00000E+00 0.00000E+00 0.00000E+00 0.00000E+00
 0.00000E+00 0.00000E+00 0.00000E+00 0.00000E+00 7.26451E-04 8.06537E-04 8.95997E-04 9.79823E-04
 1.07428E-03 1.17929E-03 1.29834E-03 1.43502E-03 1.59760E-03 1.79512E-03 2.04846E-03 2.25195E-03
 2.53211E-03 2.86453E-03 3.25749E-03 3.72099E-03 4.19633E-03 4.61858E-03 5.02287E-03 5.37253E-03
 5.70668E-03 6.06238E-03 6.39609E-03 6.71481E-03 7.35129E-03 8.58443E-03 1.00187E-02 1.16838E-02
 1.36176E-02 1.58586E-02 1.84582E-02 2.14671E-02 2.49544E-02 2.90579E-02 3.38045E-02 3.92432E-02
 4.54962E-02 5.26791E-02 6.09142E-02 7.03311E-02 8.11075E-02 9.31668E-02 1.06530E-01 1.21646E-01
 1.38721E-01 1.57987E-01 1.79702E-01 2.04131E-01 2.31369E-01 2.61976E-01 2.96622E-01 3.35839E-01
 3.79889E-01 4.29780E-01 4.86879E-01 5.52317E-01 6.27423E-01 7.13757E-01 8.13153E-01 9.27767E-01
 1.06015E+00 1.21329E+00 1.39078E+00 1.59081E+00 1.84129E+00 2.13259E+00 2.45396E+00 2.83871E+00
 3.28186E+00 3.80718E+00 4.41635E+00 5.15057E+00 6.00931E+00 7.02954E+00 8.22709E+00 9.65543E+00
 1.13365E+01 1.33500E+01 1.57291E+01 1.85874E+01 2.19753E+01 2.60650E+01 3.09256E+01 3.68164E+01
 4.38639E+01 5.23404E+01 6.26370E+01 7.49510E+01 8.96808E+01 1.07298E+02 1.28453E+02 1.53817E+02
 1.83708E+02 2.19313E+02 2.61480E+02 3.11581E+02 3.69629E+02 4.37021E+02 5.15879E+02 6.07951E+02
 0.00000E+00 0.00000E+00 0.00000E+00 0.00000E+00 0.00000E+00 0.00000E+00 0.00000E+00 0.00000E+00
 0.00000E+00 0.00000E+00 0.00000E+00 0.00000E+00 0.00000E+00 0.00000E+00 0.00000E+00 0.00000E+00
 0.00000E+00 0.00000E+00 0.00000E+00 0.00000E+00 0.00000E+00 0.00000E+00 0.00000E+00 0.00000E+00
 0.00000E+00 0.00000E+00 0.00000E+00 0.00000E+00 0.00000E+00 0.00000E+00 0.00000E+00 0.00000E+00
 0.00000E+00 0.00000E+00 0.00000E+00 0.00000E+00 0.00000E+00 0.00000E+00 0.00000E+00 0.00000E+00
 0.00000E+00 0.00000E+00 0.00000E+00 0.00000E+00 0.00000E+00 0.00000E+00 0.00000E+00 0.00000E+00
 0.00000E+00 0.00000E+00 0.00000E+00 0.00000E+00 0.00000E+00 0.00000E+00 0.00000E+00 0.00000E+00
 0.00000E+00 0.00000E+00 0.00000E+00 0.00000E+00 0.00000E+00 0.00000E+00 0.00000E+00 0.00000E+00
 0.00000E+00 0.00000E+00 0.00000E+00 0.00000E+00 0.00000E+00 0.00000E+00 0.00000E+00 0.00000E+00
 0.00000E+00 0.00000E+00 0.00000E+00 0.00000E+00 0.00000E+00 0.00000E+00 0.00000E+00 0.00000E+00
 0.00000E+00 0.00000E+00 0.00000E+00 0.00000E+00 0.00000E+00 0.00000E+00 0.00000E+00 0.00000E+00
 0.00000E+00 0.00000E+00 0.00000E+00 0.00000E+00 0.00000E+00 0.00000E+00 0.00000E+00 0.00000E+00
 0.00000E+00 0.00000E+00 0.00000E+00 0.00000E+00 0.00000E+00 0.00000E+00 0.00000E+00 0.00000E+00
 0.00000E+00 0.00000E+00 0.00000E+00 0.00000E+00 0.00000E+00 0.00000E+00 0.00000E+00 0.00000E+00
 0.00000E+00 0.00000E+00 0.00000E+00 0.00000E+00 0.00000E+00 0.00000E+00 0.00000E+00 0.00000E+00
 0.00000E+00 0.00000E+00 0.00000E+00 0.00000E+00 0.00000E+00 0.00000E+00 0.00000E+00 0.00000E+00
 0.00000E+00 0.00000E+00 0.00000E+00 0.00000E+00 0.00000E+00 0.00000E+00 0.00000E+00 0.00000E+00
 0.00000E+00 0.00000E+00 0.00000E+00 0.00000E+00 0.00000E+00 0.00000E+00 0.00000E+00 0.00000E+00
 0.00000E+00 0.00000E+00 0.00000E+00 0.00000E+00 0.00000E+00 0.00000E+00 0.00000E+00 0.00000E+00
 0.00000E+00 0.00000E+00 0.00000E+00 0.00000E+00 0.00000E+00 0.00000E+00 0.00000E+00 0.00000E+00
 0.00000E+00 0.00000E+00 0.00000E+00 0.00000E+00 0.00000E+00 0.00000E+00 0.00000E+00 0.00000E+00
 0.00000E+00 0.00000E+00 0.00000E+00 0.00000E+00 0.00000E+00 0.00000E+00 0.00000E+00 0.00000E+00
 0.00000E+00 0.00000E+00 0.00000E+00 0.00000E+00 0.00000E+00 0.00000E+00 0.00000E+00 0.00000E+00
 0.00000E+00 0.00000E+00 0.00000E+00 0.00000E+00 0.00000E+00 0.00000E+00 0.00000E+00 0.00000E+00
 0.00000E+00 0.00000E+00 0.00000E+00 0.00000E+00 0.00000E+00 0.00000E+00 0.00000E+00 0.00000E+00
 1.86039E-05 1.86039E-05 1.86039E-05 1.86039E-05 1.86039E-05 1.86039E-05 1.86039E-05 1.86039E-05
 1.86039E-05 1.86039E-05 1.86039E-05 1.86039E-05 1.86039E-05 1.86039E-05 1.86039E-05 1.86039E-05
 1.83411E-05 1.76270E-05 1.66883E-05 1.54965E-05 1.42452E-05 1.30258E-05 1.18138E-05 1.06529E-05
 1.00000E-05 1.00000E-05 1.00000E-05 1.00000E-05 1.00000E-05 1.00000E-05 1.00000E-05 1.00000E-05
 1.00000E-05 1.00000E-05 1.00000E-05 1.00000E-05 1.00000E-05 1.00000E-05 1.00000E-05 1.00000E-05
 1.00000E-05 1.00000E-05 1.00000E-05 1.00000E-05 1.00000E-05 1.00000E-05 1.00000E-05 1.00000E-05
 1.00000E-05 1.00000E-05 1.00000E-05 1.00000E-05 1.00000E-05 1.00000E-05 1.00000E-05 1.00000E-05
 1.00000E-05 1.00000E-05 1.00000E-05 1.00000E-05 1.00000E-05 1.00000E-05 1.00000E-05 1.00000E-05
 1.00000E-05 1.00000E-05 1.00000E-05 1.00000E-05 1.00000E-05 1.00000E-05 1.00000E-05 1.00000E-05
 1.00000E-05 1.00000E-05 1.00000E-05 1.00000E-05 1.00000E-05 1.00000E-05 1.00000E-05 1.00000E-05
 1.00000E-05 1.00000E-05 1.00000E-05 1.00000E-05 1.00000E-05 1.00000E-05 1.00000E-05 1.00000E-05
 1.00000E-05 1.00000E-05 1.00000E-05 1.00000E-05 1.00000E-05 1.00000E-05 1.00000E-05 1.00000E-05
 1.00000E-05 1.00000E-05 1.00000E-05 1.00000E-05 0.00000E+00 0.00000E+00 0.00000E+00 0.00000E+00
 0.00000E+00 0.00000E+00 0.00000E+00 0.00000E+00 0.00000E+00 0.00000E+00 0.00000E+00 0.00000E+00
 0.00000E+00 0.00000E+00 0.00000E+00 0.00000E+00 0.00000E+00 0.00000E+00 0.00000E+00 0.00000E+00
 0.00000E+00 0.00000E+00 0.00000E+00 0.00000E+00 0.00000E+00 0.00000E+00 0.00000E+00 0.00000E+00
 0.00000E+00 0.00000E+00 0.00000E+00 0.00000E+00 0.00000E+00 0.00000E+00 0.00000E+00 0.00000E+00
 0.00000E+00 0.00000E+00 0.00000E+00 0.00000E+00 0.00000E+00 0.00000E+00 0.00000E+00 0.00000E+00
 0.00000E+00 0.00000E+00 0.00000E+00 0.00000E+00 0.00000E+00 0.00000E+00 0.00000E+00 0.00000E+00
 0.00000E+00 0.00000E+00 0.00000E+00 0.00000E+00 0.00000E+00 0.00000E+00 0.00000E+00 0.00000E+00
 0.00000E+00 0.00000E+00 0.00000E+00 0.00000E+00 0.00000E+00 0.00000E+00 0.00000E+00 0.00000E+00
 0.00000E+00 0.00000E+00 0.00000E+00 0.00000E+00 0.00000E+00 0.00000E+00 0.00000E+00 0.00000E+00
 0.00000E+00 0.00000E+00 0.00000E+00 0.00000E+00 0.00000E+00 0.00000E+00 0.00000E+00 0.00000E+00
 0.00000E+00 0.00000E+00 0.00000E+00 0.00000E+00 0.00000E+00 0.00000E+00 0.00000E+00 0.00000E+00
 0.00000E+00 0.00000E+00 0.00000E+00 0.00000E+00 0.00000E+00 0.00000E+00 0.00000E+00 0.00000E+00
 0.00000E+00 0.00000E+00 0.00000E+00 0.00000E+00 0.00000E+00 0.00000E+00 0.00000E+00 0.00000E+00
 0.00000E+00 0.00000E+00 0.00000E+00 0.00000E+00 0.00000E+00 0.00000E+00 0.00000E+00 0.00000E+00
 0.00000E+00 0.00000E+00 0.00000E+00 0.00000E+00 0.00000E+00 0.00000E+00 0.00000E+00 0.00000E+00
 0.00000E+00 0.00000E+00 0.00000E+00 0.00000E+00 0.00000E+00 0.00000E+00 0.00000E+00 0.00000E+00
 0.00000E+00 0.00000E+00 0.00000E+00 0.00000E+00 0.00000E+00 0.00000E+00 0.00000E+00 0.00000E+00
 0.00000E+00 0.00000E+00 0.00000E+00 0.00000E+00 0.00000E+00 0.00000E+00 0.00000E+00 0.00000E+00
 0.00000E+00 0.00000E+00 0.00000E+00 0.00000E+00 0.00000E+00 0.00000E+00 0.00000E+00 0.00000E+00
 0.00000E+00 0.00000E+00 0.00000E+00 0.00000E+00 0.00000E+00 0.00000E+00 0.00000E+00 0.00000E+00
 0.00000E+00 0.00000E+00 0.00000E+00 0.00000E+00 0.00000E+00 0.00000E+00 0.00000E+00 0.00000E+00
 0.00000E+00 0.00000E+00 0.00000E+00 0.00000E+00 0.00000E+00 0.00000E+00 0.00000E+00 0.00000E+00
 0.00000E+00 0.00000E+00 0.00000E+00 0.00000E+00 0.00000E+00 0.00000E+00 0.00000E+00 0.00000E+00
 0.00000E+00 0.00000E+00 0.00000E+00 0.00000E+00 0.00000E+00 0.00000E+00 0.00000E+00 0.00000E+00
 0.00000E+00 0.00000E+00 0.00000E+00 0.00000E+00
