 4.54010E-11 2.25283E-15 1.12652E-02 1.43778E-13 1.56627E-11 1.27170E-09 5.04886E-10 8.27458E-18
 4.46562E-08 2.69308E-07 2.94351E-08 4.41201E-10 4.19530E-12 1.46384E-09 3.37451E-13 5.00479E-13
 5.42223E-15 5.14844E-12 1.59207E-14 1.54902E-16 5.72742E-20 3.83117E-23 1.26239E-10 7.94555E-14
 4.49002E-17 8.42556E-15 6.44610E-12 4.52082E-15 2.10000E-04 8.27562E-13 2.78665E-16 1.77041E-16
 1.46886E-11 2.69638E-12 6.32434E-14 4.00000E-04 5.08292E-11 5.22465E-15 6.98338E-03 2.33338E-13
 1.74733E-11 1.28718E-09 9.75597E-10 1.08514E-17 4.46666E-08 2.64888E-07 2.21036E-08 4.77669E-10
 5.51452E-12 1.42113E-09 3.78982E-13 5.82560E-13 8.83773E-15 7.85258E-12 4.56201E-14 3.64314E-16
 2.53765E-19 2.54943E-22 1.15024E-10 1.57914E-13 9.93340E-17 1.61289E-14 1.00123E-11 8.44056E-15
 2.14494E-04 6.51026E-13 2.14839E-16 4.70760E-16 2.05791E-11 5.57566E-12 5.89041E-14 4.04518E-04
 5.46628E-11 1.29726E-14 4.15346E-03 3.63644E-13 1.87357E-11 1.20176E-09 2.04047E-09 1.32990E-17
 4.46738E-08 2.60653E-07 1.62695E-08 4.80084E-10 6.89259E-12 1.37562E-09 4.47108E-13 7.02800E-13
 1.44848E-14 1.12392E-11 1.34456E-13 8.16922E-16 1.15665E-18 3.57139E-21 1.04379E-10 4.23091E-13
 2.14855E-16 4.41139E-14 1.45489E-11 2.18909E-14 2.18889E-04 4.87334E-13 1.33216E-16 8.87889E-16
 2.18654E-11 8.71932E-12 4.73362E-14 4.08935E-04 5.46261E-11 3.04163E-14 2.26153E-03 5.16977E-13
 1.91014E-11 1.03632E-09 4.05828E-09 1.48934E-17 4.46800E-08 2.56733E-07 1.19060E-08 4.32535E-10
 7.66979E-12 1.32759E-09 5.51134E-13 8.55628E-13 2.25512E-14 1.45314E-11 3.83301E-13 1.59882E-15
 5.05031E-18 5.91308E-20 9.46018E-11 1.15920E-12 4.07238E-16 1.29110E-13 1.88412E-11 6.01947E-14
 2.23130E-04 3.91183E-13 8.22984E-17 1.44566E-15 2.10408E-11 1.14757E-11 3.87257E-14 4.13197E-04
 5.28672E-11 6.67742E-14 1.41683E-03 7.63563E-13 2.05732E-11 8.87211E-10 7.31883E-09 1.87234E-17
 4.46864E-08 2.53201E-07 8.76241E-09 3.69733E-10 8.31394E-12 1.27729E-09 6.32136E-13 1.00717E-12
 3.30751E-14 1.74524E-11 8.01106E-13 2.93974E-15 1.72647E-17 6.08743E-19 8.58192E-11 2.88031E-12
 7.09702E-16 3.32867E-13 2.19713E-11 1.39443E-13 2.27162E-04 3.26383E-13 5.77944E-17 2.06177E-15
 1.94553E-11 1.41142E-11 3.16052E-14 4.17249E-04 4.78091E-11 1.36212E-13 7.83162E-04 1.00220E-12
 2.09079E-11 7.44220E-10 1.24683E-08 2.14378E-17 4.47108E-08 2.50218E-07 6.65596E-09 2.95392E-10
 7.98567E-12 1.22520E-09 7.41289E-13 1.17146E-12 4.44642E-14 1.93890E-11 1.60343E-12 4.62397E-15
 5.57596E-17 4.94483E-18 7.83318E-11 5.73576E-12 1.02458E-15 7.07624E-13 2.33055E-11 2.59987E-13
 2.30902E-04 3.00574E-13 4.27675E-17 3.02479E-15 1.87406E-11 1.63332E-11 2.80204E-14 4.21010E-04
 4.04193E-11 2.57335E-13 3.74039E-04 1.15730E-12 1.97025E-11 6.03763E-10 1.99510E-08 2.20546E-17
 4.47614E-08 2.47861E-07 5.35416E-09 2.23151E-10 6.91295E-12 1.17233E-09 9.21750E-13 1.39919E-12
 5.62337E-14 2.01879E-11 2.70116E-12 7.53602E-15 1.73180E-16 4.00696E-17 7.22425E-11 9.24699E-12
 1.39743E-15 1.38780E-12 2.32146E-11 1.76732E-13 2.34226E-04 3.07557E-13 3.37928E-17 4.78655E-15
 1.96023E-11 1.81204E-11 2.70229E-14 4.24354E-04 3.26602E-11 4.57503E-13 1.66204E-04 1.23917E-12
 1.79338E-11 4.78129E-10 2.98106E-08 2.19584E-17 4.48330E-08 2.46068E-07 4.65229E-09 1.62725E-10
 5.60840E-12 1.11981E-09 1.16498E-12 1.64390E-12 6.68291E-14 1.98285E-11 3.37162E-12 8.73018E-15
 5.41691E-16 1.62574E-16 6.84316E-11 1.18308E-11 1.38472E-15 1.87907E-12 2.19742E-11 6.89297E-13
 2.36996E-04 3.35916E-13 2.88894E-17 7.87900E-15 2.19383E-11 1.94492E-11 2.69137E-14 4.27144E-04
 2.54965E-11 7.71511E-13 6.68518E-05 1.26910E-12 1.57585E-11 3.57405E-10 4.17509E-08 2.18497E-17
 4.49174E-08 2.44723E-07 4.43234E-09 1.12718E-10 4.33045E-12 1.06895E-09 1.59730E-12 2.05307E-12
 8.20163E-14 1.90492E-11 3.67421E-12 1.14642E-14 1.44581E-15 6.57753E-16 6.57123E-11 1.32951E-11
 1.47038E-15 2.51003E-12 2.13096E-11 9.87719E-13 2.39049E-04 3.79564E-13 2.66345E-17 1.30495E-14
 2.51715E-11 1.95741E-11 2.66803E-14 4.29220E-04 1.73481E-11 1.14785E-12 1.30408E-05 9.56876E-13
 9.85301E-12 2.07952E-10 5.57830E-08 1.33044E-17 4.50119E-08 2.43663E-07 4.64675E-09 6.26254E-11
 2.55981E-12 1.01904E-09 2.73285E-12 2.79036E-12 9.79939E-14 1.68326E-11 3.57572E-12 1.65109E-14
 3.87188E-15 5.36741E-15 6.37784E-11 1.18071E-11 1.58655E-15 3.37794E-12 2.25889E-11 1.62062E-12
 2.40242E-04 4.47340E-13 2.32724E-17 2.37954E-14 2.76919E-11 1.60110E-11 2.58971E-14 4.30436E-04
 9.85980E-12 1.59883E-12 9.32097E-07 5.63361E-13 4.24803E-12 8.56016E-11 7.38316E-08 5.76845E-18
 4.51292E-08 2.42362E-07 5.28100E-09 2.40641E-11 1.02570E-12 9.57258E-10 4.94652E-12 3.80395E-12
 1.01777E-13 1.30104E-11 2.65129E-12 2.68901E-14 8.27655E-15 3.74174E-14 6.17395E-11 7.87349E-12
 1.98688E-15 4.49717E-12 2.57984E-11 2.80038E-12 2.40212E-04 4.31878E-14 1.68728E-18 2.01062E-14
 1.30743E-11 7.47251E-12 2.06146E-15 4.30436E-04 7.69512E-12 3.21326E-12 9.37280E-07 7.08666E-13
 4.42930E-12 4.57006E-11 9.77302E-08 1.02770E-17 4.53275E-08 2.39695E-07 6.29607E-09 1.40444E-11
 9.44418E-13 8.56252E-10 5.62145E-12 4.34929E-12 1.13364E-13 1.21754E-11 2.18586E-12 3.04673E-14
 8.45357E-15 4.19619E-14 5.80918E-11 8.33352E-12 2.43093E-15 5.49443E-12 2.80966E-11 2.68281E-12
 2.40172E-04 2.06495E-15 8.03625E-20 7.41305E-15 4.32958E-12 2.56120E-12 6.94099E-17 4.30437E-04
 7.93429E-12 6.31130E-12 9.48570E-07 1.03954E-12 5.13085E-12 3.77487E-11 1.20483E-07 2.14975E-17
 4.57119E-08 2.33852E-07 7.54097E-09 1.31098E-11 1.15197E-12 6.95442E-10 5.66907E-12 4.41717E-12
 1.30220E-13 1.23305E-11 1.67403E-12 3.39867E-14 7.32436E-15 5.62748E-14 5.13587E-11 1.08629E-11
 3.72450E-15 7.42553E-12 3.05974E-11 2.42418E-12 2.40126E-04 4.19258E-17 1.83604E-21 1.50989E-15
 7.73927E-13 5.50411E-13 1.02038E-18 4.30440E-04 8.53159E-12 1.09655E-11 9.70264E-07 1.59858E-12
 5.82505E-12 3.32242E-11 1.23087E-07 4.53001E-17 4.63763E-08 2.22653E-07 8.41392E-09 1.22915E-11
 1.40913E-12 4.92251E-10 5.89050E-12 4.16290E-12 1.60934E-13 1.22371E-11 1.12671E-12 3.44254E-14
 5.26198E-15 7.12755E-14 4.10471E-11 1.35896E-11 6.92740E-15 9.88458E-12 3.61574E-11 1.95584E-12
 2.40100E-04 3.91160E-19 2.37700E-23 1.73356E-16 6.98505E-14 6.72237E-14 7.81040E-21 4.30446E-04
 8.78935E-12 1.62496E-11 1.00379E-06 2.41941E-12 6.40203E-12 2.80161E-11 1.02550E-07 8.97021E-17
 4.73339E-08 2.05377E-07 8.70996E-09 1.04204E-11 1.59726E-12 3.03205E-10 6.32669E-12 3.67427E-12
 2.01535E-13 1.12848E-11 6.86529E-13 2.99099E-14 3.02861E-15 7.48304E-14 2.91275E-11 1.51144E-11
 1.37243E-14 1.21111E-11 4.49104E-11 1.35533E-12 2.40096E-04 2.03407E-21 2.15200E-25 1.27671E-17
 3.62547E-15 4.93993E-15 3.97217E-23 4.30457E-04 8.60079E-12 2.17186E-11 1.04590E-06 3.50170E-12
 7.00290E-12 2.42599E-11 7.77270E-08 1.67472E-16 4.85527E-08 1.83648E-07 8.80582E-09 8.48967E-12
 1.69186E-12 1.69008E-10 6.61799E-12 3.07363E-12 2.34107E-13 9.58912E-12 4.04776E-13 2.29157E-14
 1.47783E-15 6.64086E-14 1.86019E-11 1.54625E-11 2.59033E-14 1.36735E-11 5.40466E-11 8.36242E-13
 2.40089E-04 7.20184E-24 1.87936E-27 6.63910E-19 1.31291E-16 2.54646E-16 2.06784E-25 4.30468E-04
 8.05261E-12 2.78064E-11 1.09249E-06 4.85938E-12 7.74877E-12 2.23130E-11 5.87853E-08 3.01928E-16
 5.00957E-08 1.59495E-07 8.94765E-09 6.88207E-12 1.70097E-12 8.84137E-11 6.53745E-12 2.45985E-12
 2.45253E-13 7.61172E-12 2.38374E-13 1.62640E-14 6.52545E-16 5.39269E-14 1.08447E-11 1.53194E-11
 4.53066E-14 1.47064E-11 6.12696E-11 4.83069E-13 2.40068E-04 1.97828E-26 3.66852E-29 2.64270E-20
 3.83971E-18 1.40222E-17 2.83774E-27 4.30479E-04 7.29720E-12 3.49693E-11 1.13847E-06 6.53229E-12
 8.68061E-12 2.16328E-11 4.55939E-08 5.33206E-16 5.20811E-08 1.35402E-07 9.18056E-09 5.57072E-12
 1.63857E-12 4.55748E-11 6.15309E-12 1.90583E-12 2.36219E-13 5.75570E-12 1.41279E-13 1.10420E-14
 2.71803E-16 4.17804E-14 5.92359E-12 1.49995E-11 7.42745E-14 1.53648E-11 6.60584E-11 2.68606E-13
 2.40039E-04 5.71449E-29 2.56641E-30 1.58632E-21 1.80374E-19 6.32680E-18 1.39643E-28 4.30486E-04
 6.45877E-12 4.33617E-11 1.18038E-06 8.56554E-12 9.82740E-12 2.18124E-11 3.61206E-08 9.26427E-16
 5.46983E-08 1.13006E-07 9.51006E-09 4.50293E-12 1.52415E-12 2.40392E-11 5.60734E-12 1.44583E-12
 2.14092E-13 4.20969E-12 8.45554E-14 7.29847E-15 1.09417E-16 3.13696E-14 3.09205E-12 1.46041E-11
 1.16027E-13 1.57268E-11 6.90214E-11 1.45815E-13 2.40007E-04 8.77379E-30 2.28990E-30 1.00420E-21
 9.41222E-20 6.41251E-18 8.75433E-29 4.30489E-04 5.63325E-12 5.31400E-11 1.21588E-06 1.10153E-11
 1.12228E-11 2.26199E-11 2.90573E-08 1.58827E-15 5.81246E-08 9.33949E-08 9.93825E-09 3.64507E-12
 1.38208E-12 1.33635E-11 5.02846E-12 1.08686E-12 1.86619E-13 3.02159E-12 5.13401E-14 4.76442E-15
 4.35191E-17 2.28679E-14 1.57504E-12 1.41317E-11 1.74394E-13 1.58023E-11 7.09575E-11 7.79877E-14
 2.39977E-04 1.35040E-29 3.94705E-30 1.19862E-21 9.63769E-20 6.40882E-18 1.08554E-28 4.30487E-04
 4.88114E-12 6.45428E-11 1.24387E-06 1.39559E-11 1.29075E-11 2.39333E-11 2.36451E-08 2.69474E-15
 6.24765E-08 7.70662E-08 1.04645E-08 2.96698E-12 1.23381E-12 7.94916E-12 4.50036E-12 8.18081E-13
 1.59432E-13 2.15528E-12 3.17637E-14 3.10983E-15 1.74380E-17 1.61045E-14 8.00611E-13 1.35381E-11
 2.53168E-13 1.55641E-11 7.25309E-11 4.13162E-14 2.39952E-04 2.16226E-29 6.86226E-30 1.43168E-21
 1.01989E-19 6.40166E-18 1.38437E-28 4.30480E-04 4.21704E-12 7.77734E-11 1.26470E-06 1.74802E-11
 1.49369E-11 2.57144E-11 1.93902E-08 4.53296E-15 6.78877E-08 6.37758E-08 1.10898E-08 2.43182E-12
 1.09039E-12 5.02356E-12 4.04623E-12 6.19755E-13 1.34877E-13 1.53776E-12 2.00422E-14 2.04323E-15
 7.10493E-18 1.09037E-14 4.10452E-13 1.27995E-11 3.55626E-13 1.50017E-11 7.41450E-11 2.17023E-14
 2.39931E-04 3.46384E-29 1.17589E-29 1.68268E-21 1.08937E-19 6.39308E-18 1.76914E-28 4.30469E-04
 3.63987E-12 9.29949E-11 1.27909E-06 2.16962E-11 1.73766E-11 2.79676E-11 1.59752E-08 7.56600E-15
 7.44741E-08 5.31113E-08 1.18188E-08 2.00728E-12 9.57037E-13 3.32507E-12 3.66767E-12 4.74205E-13
 1.13691E-13 1.10203E-12 1.29021E-14 1.35719E-15 2.96099E-18 7.05312E-15 2.13852E-13 1.18970E-11
 4.83244E-13 1.41148E-11 7.60170E-11 1.12940E-14 2.39915E-04 5.52247E-29 1.98095E-29 1.95268E-21
 1.17200E-19 6.38312E-18 2.25919E-28 4.30454E-04 3.14266E-12 1.10274E-10 1.28783E-06 2.67207E-11
 2.03014E-11 3.07212E-11 1.31851E-08 1.25267E-14 8.23329E-08 4.46337E-08 1.26616E-08 1.66791E-12
 8.35814E-13 2.27305E-12 3.35716E-12 3.67662E-13 9.57948E-14 7.95784E-13 8.48202E-15 9.14368E-16
 1.26856E-18 4.33094E-15 1.13986E-13 1.08279E-11 6.34463E-13 1.29274E-11 7.82285E-11 5.81913E-15
 2.39903E-04 8.73204E-29 3.27629E-29 2.24560E-21 1.26887E-19 6.37167E-18 2.88181E-28 4.30437E-04
 2.71460E-12 1.29525E-10 1.29167E-06 3.26723E-11 2.37942E-11 3.40189E-11 1.08704E-08 2.05484E-14
 9.15948E-08 3.78965E-08 1.36345E-08 1.39361E-12 7.26740E-13 1.58539E-12 3.10183E-12 2.89787E-13
 8.07137E-14 5.80564E-13 5.70306E-15 6.26337E-16 5.61229E-19 2.51306E-15 6.23575E-14 9.61897E-12
 8.04274E-13 1.15028E-11 8.07457E-11 2.97003E-15 2.39895E-04 1.36684E-28 5.31913E-29 2.56862E-21
 1.38206E-19 6.35852E-18 3.67638E-28 4.30416E-04 2.34538E-12 1.50553E-10 1.29121E-06 3.96663E-11
 2.79410E-11 3.79063E-11 8.93193E-09 3.33495E-14 1.02428E-07 3.25119E-08 1.47585E-08 1.16940E-12
 6.29272E-13 1.11819E-12 2.88950E-12 2.33086E-13 6.79486E-14 4.29201E-13 3.93079E-15 4.37313E-16
 2.57796E-19 1.37526E-15 3.50584E-14 8.32257E-12 9.84596E-13 9.93614E-12 8.34549E-11 1.50535E-15
 2.39889E-04 2.11614E-28 8.48262E-29 2.93237E-21 1.51458E-19 6.34334E-18 4.69929E-28 4.30394E-04
 2.02595E-12 1.73167E-10 1.28689E-06 4.78121E-11 3.28260E-11 4.24229E-11 7.30583E-09 5.35055E-14
 1.15057E-07 2.81586E-08 1.60590E-08 9.84210E-13 5.42720E-13 7.92382E-13 2.71028E-12 1.92026E-13
 5.70859E-14 3.22454E-13 2.78332E-15 3.11941E-16 1.23600E-19 7.10563E-16 2.02377E-14 7.00747E-12
 1.16577E-12 8.33787E-12 8.61994E-11 7.60689E-16 2.39886E-04 3.23868E-28 1.33010E-28 3.35148E-21
 1.67054E-19 6.32570E-18 6.03096E-28 4.30369E-04 1.75096E-12 1.97357E-10 1.27898E-06 5.72167E-11
 3.85244E-11 4.75876E-11 5.95050E-09 8.48668E-14 1.29630E-07 2.46135E-08 1.75595E-08 8.30808E-13
 4.66956E-13 5.63246E-13 2.55911E-12 1.62539E-13 4.78587E-14 2.46822E-13 2.02782E-15 2.27798E-16
 6.21438E-20 3.47994E-16 1.20248E-14 5.74382E-12 1.33840E-12 6.81108E-12 8.88219E-11 3.85075E-16
 2.39885E-04 4.89448E-28 2.05181E-28 3.84418E-21 1.85482E-19 6.30508E-18 7.78284E-28 4.30341E-04
 1.51449E-12 2.23401E-10 1.26768E-06 6.79826E-11 4.50981E-11 5.33917E-11 4.83348E-09 1.33204E-13
 1.46351E-07 2.16839E-08 1.92848E-08 7.03150E-13 4.01307E-13 4.01341E-13 2.43141E-12 1.41381E-13
 4.00304E-14 1.92467E-13 1.51815E-15 1.70220E-16 3.27457E-20 1.62696E-16 7.35970E-15 4.59205E-12
 1.49565E-12 5.43589E-12 9.11921E-11 1.95951E-16 2.39885E-04 7.29381E-28 3.11447E-28 4.43357E-21
 2.07344E-19 6.28086E-18 1.01102E-27 4.30312E-04 1.30917E-12 2.51935E-10 1.25289E-06 8.01985E-11
 5.25908E-11 5.97954E-11 3.92457E-09 2.07203E-13 1.65659E-07 1.91897E-08 2.12727E-08 5.95575E-13
 3.44353E-13 2.85713E-13 2.32205E-12 1.25944E-13 3.33762E-14 1.52334E-13 1.16242E-15 1.29640E-16
 1.79471E-20 7.32680E-17 4.61535E-15 3.59134E-12 1.63410E-12 4.25786E-12 9.32307E-11 1.00307E-16
 2.39888E-04 1.07068E-27 4.65344E-28 5.15147E-21 2.33470E-19 6.25213E-18 1.32357E-27 4.30280E-04
 1.13139E-12 2.83936E-10 1.23462E-06 9.39545E-11 6.10278E-11 6.67223E-11 3.19330E-09 3.19972E-13
 1.87751E-07 1.70285E-08 2.35565E-08 5.04581E-13 2.95252E-13 2.03511E-13 2.22928E-12 1.14396E-13
 2.77515E-14 1.21859E-13 9.05252E-16 1.00169E-16 1.01397E-20 3.20758E-17 2.96760E-15 2.75675E-12
 1.75311E-12 3.28839E-12 9.49126E-11 5.16520E-17 2.39892E-04 1.54608E-27 6.84351E-28 6.03651E-21
 2.64800E-19 6.21792E-18 1.74673E-27 4.30245E-04 9.79171E-13 3.20622E-10 1.21295E-06 1.09351E-10
 7.04316E-11 7.40881E-11 2.60916E-09 4.91361E-13 2.12710E-07 1.51239E-08 2.61784E-08 4.27300E-13
 2.53022E-13 1.45478E-13 2.15153E-12 1.05427E-13 2.30237E-14 9.80814E-14 7.12991E-16 7.81428E-17
 5.84871E-21 1.37693E-17 1.96091E-15 2.08445E-12 1.85421E-12 2.51493E-12 9.62532E-11 2.67339E-17
 2.39898E-04 2.19452E-27 9.90740E-28 7.13479E-21 3.02374E-19 6.17714E-18 2.32306E-27 4.30207E-04
 8.52579E-13 3.63391E-10 1.18760E-06 1.26505E-10 8.08584E-11 8.18705E-11 2.14371E-09 7.51702E-13
 2.40986E-07 1.33882E-08 2.92393E-08 3.60601E-13 2.16125E-13 1.04184E-13 2.08561E-12 9.80970E-14
 1.90541E-14 7.90772E-14 5.65130E-16 6.12528E-17 3.41172E-21 5.83517E-18 1.32628E-15 1.55793E-12
 1.93943E-12 1.91114E-12 9.72937E-11 1.38834E-17 2.39905E-04 3.06576E-27 1.41391E-27 8.50558E-21
 3.47530E-19 6.12838E-18 3.11365E-27 4.30167E-04 7.60575E-13 4.13663E-10 1.15836E-06 1.45644E-10
 9.24824E-11 9.02278E-11 1.77164E-09 1.14832E-12 2.72878E-07 1.17648E-08 3.29195E-08 3.02351E-13
 1.83367E-13 7.47199E-14 2.02923E-12 9.19121E-14 1.57400E-14 6.37718E-14 4.50012E-16 4.81624E-17
 2.00461E-21 2.45131E-18 9.16380E-16 1.15502E-12 2.01012E-12 1.44604E-12 9.80860E-11 7.22917E-18
 2.39914E-04 4.22804E-27 1.99350E-27 1.02072E-20 4.01507E-19 6.07032E-18 4.20276E-27 4.30123E-04
 7.23354E-13 4.72642E-10 1.12525E-06 1.67240E-10 1.05722E-10 9.96680E-11 1.47142E-09 1.75737E-12
 3.08464E-07 1.02227E-08 3.75460E-08 2.51213E-13 1.53903E-13 5.37113E-14 1.98057E-12 8.67278E-14
 1.30008E-14 5.15589E-14 3.60845E-16 3.80650E-17 1.18946E-21 1.02205E-18 6.46680E-16 8.52639E-13
 2.06603E-12 1.09007E-12 9.86829E-11 3.77686E-18 2.39925E-04 5.78847E-27 2.78652E-27 1.22783E-20
 4.65140E-19 6.00210E-18 5.70438E-27 4.30076E-04 7.68573E-13 5.41125E-10 1.08830E-06 1.92121E-10
 1.21350E-10 1.11174E-10 1.22579E-09 2.70512E-12 3.47712E-07 8.74767E-09 4.36689E-08 2.06332E-13
 1.27196E-13 3.87230E-14 1.93789E-12 8.26071E-14 1.07637E-14 4.20076E-14 2.92989E-16 3.03907E-17
 7.18222E-22 4.22653E-19 4.66005E-16 6.29382E-13 2.10540E-12 8.18389E-13 9.91326E-11 1.98358E-18
 2.39939E-04 7.93061E-27 3.88049E-27 1.47186E-20 5.38704E-19 5.92344E-18 7.77208E-27 4.30024E-04
 9.19130E-13 6.19542E-10 1.04782E-06 2.21511E-10 1.40507E-10 1.26168E-10 1.02202E-09 4.20449E-12
 3.90325E-07 7.34893E-09 5.20639E-08 1.67320E-13 1.03164E-13 2.80572E-14 1.89987E-12 7.96641E-14
 8.95741E-15 3.47031E-14 2.42409E-16 2.46549E-17 4.45436E-22 1.73383E-19 3.43345E-16 4.66760E-13
 2.12659E-12 6.11974E-13 9.94743E-11 1.05048E-18 2.39955E-04 1.09592E-26 5.40940E-27 1.74741E-20
 6.21747E-19 5.83489E-18 1.06069E-26 4.29968E-04 1.17262E-12 7.08711E-10 1.00366E-06 2.56757E-10
 1.64515E-10 1.46279E-10 8.51905E-10 6.61409E-12 4.36416E-07 6.03555E-09 6.37809E-08 1.33618E-13
 8.18022E-14 2.04099E-14 1.86508E-12 7.78478E-14 7.50078E-15 2.91401E-14 2.04909E-16 2.03719E-17
 2.84699E-22 7.08119E-20 2.58154E-16 3.49255E-13 2.12948E-12 4.56621E-13 9.97379E-11 5.62406E-19
 2.39974E-04 1.53564E-26 7.57562E-27 2.04973E-20 7.14497E-19 5.73626E-18 1.44932E-26 4.29906E-04
 1.48969E-12 8.10905E-10 9.55552E-07 2.98958E-10 1.94548E-10 1.72906E-10 7.10574E-10 1.05283E-11
 4.86211E-07 4.82631E-09 8.00963E-08 1.04723E-13 6.32363E-14 1.48814E-14 1.83264E-12 7.68578E-14
 6.31293E-15 2.47854E-14 1.76308E-16 1.70872E-17 1.86370E-22 2.90453E-20 1.97635E-16 2.64481E-13
 2.11689E-12 3.41450E-13 9.99437E-11 3.04815E-19 2.39997E-04 2.17983E-26 1.06582E-26 2.38108E-20
 8.18555E-19 5.62590E-18 1.98370E-26 4.29837E-04 1.80466E-12 9.30724E-10 9.03630E-07 3.48728E-10
 2.31237E-10 2.06619E-10 5.94665E-10 1.69106E-11 5.39524E-07 3.75366E-09 1.02368E-07 8.03681E-14
 4.76789E-14 1.08874E-14 1.80239E-12 7.61678E-14 5.32599E-15 2.11715E-14 1.52874E-16 1.44278E-17
 1.23121E-22 1.21239E-20 1.54118E-16 2.03050E-13 2.09503E-12 2.57578E-13 1.00104E-10 1.67271E-19
 2.40024E-04 3.10774E-26 1.49920E-26 2.75296E-20 9.36578E-19 5.50106E-18 2.71889E-26 4.29759E-04
 2.04659E-12 1.07603E-09 8.47681E-07 4.05842E-10 2.74360E-10 2.46678E-10 5.01288E-10 2.72934E-11
 5.96527E-07 2.83557E-09 1.32335E-07 6.01567E-14 3.50532E-14 7.98522E-15 1.77417E-12 7.51052E-14
 4.48557E-15 1.79398E-14 1.31755E-16 1.21170E-17 8.03759E-23 5.21593E-21 1.22276E-16 1.57951E-13
 2.07067E-12 1.97272E-13 1.00226E-10 9.27138E-20 2.40058E-04 4.39675E-26 2.09389E-26 3.19237E-20
 1.07341E-18 5.35661E-18 3.73332E-26 4.29670E-04 2.16489E-12 1.25874E-09 7.87488E-07 4.69173E-10
 3.22727E-10 2.90775E-10 4.27465E-10 4.40886E-11 6.57426E-07 2.07868E-09 1.72514E-07 4.37416E-14
 2.51165E-14 5.86300E-15 1.74784E-12 7.30279E-14 3.75488E-15 1.48894E-14 1.11310E-16 9.99779E-18
 5.07440E-23 2.33051E-21 9.85896E-17 1.24103E-13 2.04950E-12 1.53973E-13 1.00317E-10 5.16383E-20
 2.40098E-04 6.09507E-26 2.88173E-26 3.74057E-20 1.23537E-18 5.18580E-18 5.13669E-26 4.29568E-04
 2.14979E-12 1.49581E-09 7.23609E-07 5.36982E-10 3.74321E-10 3.35164E-10 3.70092E-10 7.10968E-11
 7.21671E-07 1.48375E-09 2.26605E-07 3.09032E-14 1.75938E-14 4.31625E-15 1.72338E-12 6.94977E-14
 3.11395E-15 1.19797E-14 9.11285E-17 8.02867E-18 3.04528E-23 1.08132E-21 8.08868E-17 9.79441E-14
 2.03578E-12 1.22468E-13 1.00380E-10 2.86858E-20 2.40146E-04 8.17973E-26 3.87731E-26 4.44605E-20
 1.42775E-18 4.98287E-18 7.06973E-26 4.29449E-04 2.02703E-12 1.81162E-09 6.57024E-07 6.06747E-10
 4.26623E-10 3.75435E-10 3.26270E-10 1.14380E-10 7.88328E-07 1.03771E-09 3.00824E-07 2.12994E-14
 1.21145E-14 3.19437E-15 1.70065E-12 6.43566E-14 2.55111E-15 9.26837E-15 7.17107E-17 6.23641E-18
 1.71612E-23 5.16270E-22 6.76406E-17 7.70179E-14 2.03087E-12 9.88110E-14 1.00421E-10 1.57320E-20
 2.40206E-04 1.05280E-25 5.06584E-26 5.36692E-20 1.65395E-18 4.74390E-18 9.70943E-26 4.29306E-04
 1.83193E-12 2.24319E-09 5.87988E-07 6.74071E-10 4.76825E-10 4.07456E-10 2.93666E-10 1.83783E-10
 8.57196E-07 7.12959E-10 4.07302E-07 1.43504E-14 8.21022E-15 2.37304E-15 1.67887E-12 5.76912E-14
 2.05543E-15 6.83500E-15 5.39252E-17 4.66258E-18 8.98687E-24 2.48966E-22 5.75852E-17 5.96545E-14
 2.03124E-12 8.01215E-14 1.00447E-10 8.39565E-21 2.40282E-04 1.29342E-25 6.40214E-26 6.59352E-20
 1.91737E-18 4.46453E-18 1.33067E-25 4.29128E-04 1.60063E-12 2.84773E-09 5.16880E-07 7.32873E-10
 5.21770E-10 4.27380E-10 2.70442E-10 2.95481E-10 9.27951E-07 4.81942E-10 5.67647E-07 9.46172E-15
 5.47595E-15 1.76517E-15 1.65709E-12 4.97951E-14 1.62025E-15 4.75849E-15 3.85257E-17 3.34721E-18
 4.33833E-24 1.18482E-22 4.98337E-17 4.49032E-14 2.03178E-12 6.45362E-14 1.00468E-10 4.28662E-21
 2.40386E-04 1.51164E-25 7.80571E-26 8.25546E-20 2.21837E-18 4.14313E-18 1.81930E-25 4.28892E-04
 1.36883E-12 3.71376E-09 4.45466E-07 7.77571E-10 5.57624E-10 4.30941E-10 2.55098E-10 4.75903E-10
 9.98883E-07 3.22829E-10 8.14440E-07 6.12913E-15 3.61293E-15 1.31683E-15 1.63478E-12 4.11304E-14
 1.24565E-15 3.10211E-15 2.59310E-17 2.31487E-18 1.92545E-24 5.45429E-23 4.38539E-17 3.24315E-14
 2.03271E-12 5.11230E-14 1.00483E-10 2.06102E-21 2.40532E-04 1.67054E-25 9.15350E-26 1.05055E-19
 2.54764E-18 3.78750E-18 2.46856E-25 4.28565E-04 1.15555E-12 4.99103E-09 3.75150E-07 8.02279E-10
 5.79135E-10 4.13439E-10 2.46979E-10 7.67349E-10 1.06862E-06 2.15069E-10 1.19740E-06 3.88897E-15
 2.35993E-15 9.84587E-16 1.61109E-12 3.22298E-14 9.30276E-16 1.87235E-15 1.62183E-17 1.55076E-18
 7.83228E-25 2.38380E-23 3.91864E-17 2.21427E-14 2.03841E-12 3.94566E-14 1.00489E-10 9.16547E-22
 2.40746E-04 1.73221E-25 1.03054E-25 1.35846E-19 2.89273E-18 3.40768E-18 3.30680E-25 4.28098E-04
 9.67763E-13 6.95013E-09 3.07374E-07 8.01458E-10 5.79550E-10 3.70983E-10 2.46487E-10 1.23455E-09
 1.13574E-06 1.42624E-10 1.78558E-06 2.39026E-15 1.52032E-15 7.37047E-16 1.58500E-12 2.36900E-14
 6.71481E-16 1.03118E-15 9.23739E-18 1.01392E-18 2.90931E-25 9.73155E-24 3.54775E-17 1.40401E-14
 2.05927E-12 2.94289E-14 1.00475E-10 3.69733E-22 2.41059E-04 1.66438E-25 1.11105E-25 1.78883E-19
 3.23786E-18 3.01549E-18 4.34495E-25 4.27421E-04 8.08044E-13 1.00977E-08 2.44502E-07 7.72195E-10
 5.52681E-10 3.04651E-10 2.55102E-10 1.97000E-09 1.19787E-06 9.44777E-11 2.65556E-06 1.40147E-15
 9.61364E-16 5.54051E-16 1.55586E-12 1.61497E-14 4.66420E-16 5.11517E-16 4.68196E-18 6.52705E-19
 9.84978E-26 3.68277E-24 3.25000E-17 8.13171E-15 2.11344E-12 2.11311E-14 1.00423E-10 1.33274E-22
 2.41510E-04 1.45568E-25 1.14182E-25 2.40262E-19 3.56008E-18 2.62780E-18 5.54657E-25 4.26457E-04
 6.73636E-13 1.54349E-08 1.88717E-07 7.13556E-10 4.96481E-10 2.24049E-10 2.75970E-10 3.09801E-09
 1.25277E-06 6.26469E-11 3.88063E-06 7.66244E-16 5.89057E-16 4.19906E-16 1.52310E-12 1.01103E-14
 3.09896E-16 2.25656E-16 2.06552E-18 4.15196E-19 3.02306E-26 1.29695E-24 3.00770E-17 4.24609E-15
 2.22157E-12 1.46355E-14 1.00313E-10 4.25585E-23 2.42133E-04 1.13602E-25 1.11154E-25 3.30310E-19
 3.83372E-18 2.25993E-18 6.82298E-25 4.25132E-04 5.59771E-13 2.49725E-08 1.41941E-07 6.29547E-10
 4.16790E-10 1.45546E-10 3.13968E-10 4.78227E-09 1.29846E-06 4.17529E-11 5.49957E-06 3.81469E-16
 3.43166E-16 3.22604E-16 1.48679E-12 5.78079E-15 1.96049E-16 8.80044E-17 7.81905E-19 2.59560E-19
 8.33641E-27 4.37878E-25 2.80887E-17 2.00002E-15 2.40872E-12 9.92491E-15 1.00120E-10 1.21303E-23
 2.42945E-04 7.77636E-26 1.01793E-25 4.65161E-19 4.02821E-18 1.92638E-18 8.02916E-25 4.23408E-04
 4.60445E-13 4.27283E-08 1.05016E-07 5.29932E-10 3.27306E-10 8.38340E-11 3.75203E-10 7.25696E-09
 1.33395E-06 2.81297E-11 7.49514E-06 1.70830E-16 1.86691E-16 2.52053E-16 1.44752E-12 3.02671E-15
 1.18047E-16 3.05392E-17 2.54602E-19 1.57084E-19 2.04650E-27 1.50294E-25 2.64481E-17 8.66974E-16
 2.70433E-12 6.78721E-15 9.98145E-11 3.17282E-24 2.43936E-04 4.65298E-26 8.75075E-26 6.67159E-19
 4.11100E-18 1.63739E-18 8.99658E-25 4.21304E-04 3.68475E-13 7.63434E-08 7.70958E-08 4.30317E-10
 2.45033E-10 4.39627E-11 4.63814E-10 1.09511E-08 1.35985E-06 1.91960E-11 9.82086E-06 6.95304E-17
 9.46371E-17 1.99311E-16 1.40567E-12 1.47928E-15 6.83992E-17 9.65809E-18 7.35774E-20 9.07317E-20
 4.49421E-28 5.62231E-26 2.50736E-17 3.59654E-16 3.15194E-12 4.84710E-15 9.93552E-11 7.96910E-25
 2.45079E-04 2.49825E-26 7.17525E-26 9.56945E-19 4.06005E-18 1.39436E-18 9.60659E-25 4.18866E-04
 2.79270E-13 1.45931E-07 5.63064E-08 3.41578E-10 1.77297E-10 2.11854E-11 5.99497E-10 1.71182E-08
 1.37739E-06 1.32505E-11 1.24282E-05 2.60317E-17 4.48498E-17 1.57891E-16 1.36135E-12 6.71798E-16
 3.86003E-17 2.80496E-18 1.90163E-20 4.93428E-20 8.70553E-29 2.40396E-26 2.38971E-17 1.43918E-16
 3.90644E-12 3.70157E-15 9.85872E-11 1.93642E-25 2.46340E-04 1.19808E-26 5.60019E-26 1.35058E-18
 3.86365E-18 1.19291E-18 9.75241E-25 4.16141E-04 1.87853E-13 3.72169E-07 4.05362E-08 2.23768E-10
 1.03074E-10 8.01509E-12 9.92111E-10 2.82918E-08 1.38745E-06 9.23528E-12 1.52677E-05 8.73852E-18
 2.01762E-17 1.27048E-16 1.31459E-12 2.36352E-16 1.79942E-17 6.51204E-19 3.44198E-21 2.25673E-20
 1.20887E-29 1.23175E-26 2.28722E-17 4.15080E-17 5.47817E-12 3.09472E-15 9.70004E-11 3.72246E-26
 2.47635E-04 3.42606E-27 2.98373E-26 2.00088E-18 3.37470E-18 1.02729E-18 8.34623E-25 4.13178E-04
 9.82385E-14 1.16954E-06 2.86943E-08 1.14620E-10 4.48141E-11 2.38880E-12 2.03667E-09 4.32228E-08
 1.39170E-06 6.51433E-12 1.82219E-05 2.78461E-18 1.05015E-17 1.11501E-16 1.26586E-12 9.66640E-17
 6.57634E-18 1.38447E-19 5.35326E-22 1.09033E-20 1.80908E-30 8.09788E-27 2.19760E-17 7.43642E-18
 8.25947E-12 2.93231E-15 9.42028E-11 7.24637E-27 2.48697E-04 5.05231E-28 8.44381E-27 2.73784E-18
 2.76671E-18 8.94105E-19 4.93875E-25 4.10094E-04 4.40031E-14 3.05964E-06 2.02288E-08 6.39172E-11
 1.98940E-11 6.74559E-13 3.67174E-09 5.74149E-08 1.39292E-06 4.66552E-12 2.11760E-05 9.06332E-19
 6.56574E-18 1.09549E-16 1.21628E-12 6.90566E-17 2.58659E-18 3.42958E-20 1.10801E-22 7.61833E-21
 5.53783E-31 5.59111E-27 2.11927E-17 1.35055E-18 1.17231E-11 2.84516E-15 9.07219E-11 2.19465E-27
 2.49209E-04 5.97136E-29 2.04399E-27 2.95833E-18 2.64748E-18 7.88722E-19 2.36291E-25 4.07006E-04
 2.03414E-14 6.46383E-06 1.42797E-08 4.10102E-11 9.81078E-12 1.91758E-13 5.58174E-09 6.93292E-08
 1.39276E-06 3.38583E-12 2.41166E-05 3.08725E-19 4.67471E-18 1.15290E-16 1.16629E-12 5.75684E-17
 1.16484E-18 1.05121E-20 3.03062E-23 5.73501E-21 2.44868E-31 3.66102E-27 2.05000E-17 3.07366E-19
 1.54137E-11 2.68704E-15 8.70134E-11 8.10242E-28 2.48954E-04 6.82764E-30 5.50767E-28 2.82332E-18
 2.86262E-18 7.04392E-19 1.11297E-25 4.03926E-04 1.03861E-14 1.17148E-05 1.01206E-08 2.87312E-11
 5.27704E-12 5.57877E-14 7.47269E-09 7.89473E-08 1.39198E-06 2.48656E-12 2.70426E-05 1.11109E-19
 3.66805E-18 1.24420E-16 1.11634E-12 4.84310E-17 5.72490E-19 3.86983E-21 9.68353E-24 4.23476E-21
 1.13006E-31 2.26042E-27 1.98835E-17 8.49434E-20 1.91435E-11 2.46393E-15 8.32648E-11 3.18456E-28
 2.47766E-04 8.27618E-31 1.73974E-28 2.61934E-18 3.13070E-18 6.35858E-19 5.57995E-26 4.00852E-04
 5.86065E-15 1.90026E-05 7.23454E-09 2.10988E-11 3.03622E-12 1.68279E-14 9.08223E-09 8.65921E-08
 1.39091E-06 1.85167E-12 2.99275E-05 4.27341E-20 3.10670E-18 1.34459E-16 1.06728E-12 4.04157E-17
 2.94969E-19 1.61055E-21 3.37303E-24 3.06620E-21 5.12017E-32 1.32323E-27 1.93378E-17 2.71292E-20
 2.28139E-11 2.19970E-15 7.95747E-11 1.30527E-28 2.45538E-04 1.15422E-31 6.45466E-29 2.46662E-18
 3.33503E-18 5.79575E-19 3.05054E-26 3.97814E-04 3.58999E-15 2.84389E-05 5.22564E-09 1.58438E-11
 1.83789E-12 5.28915E-15 1.02449E-08 9.26956E-08 1.38975E-06 1.39858E-12 3.27656E-05 1.76333E-20
 2.78492E-18 1.44287E-16 1.01952E-12 3.34928E-17 1.55412E-19 7.16989E-22 1.24062E-24 2.19305E-21
 2.27694E-32 7.38788E-28 1.88545E-17 9.61525E-21 2.63894E-11 1.91768E-15 7.59787E-11 5.52972E-29
 2.42213E-04 1.95923E-32 2.75287E-29 2.38714E-18 3.45672E-18 5.32440E-19 1.81152E-26 3.94816E-04
 2.35025E-15 4.00619E-05 3.81679E-09 1.20007E-11 1.15661E-12 1.73508E-15 1.08842E-08 9.76229E-08
 1.38858E-06 1.07112E-12 3.55581E-05 7.79939E-21 2.59755E-18 1.53592E-16 9.73316E-13 2.76271E-17
 8.25843E-20 3.29893E-22 4.74373E-25 1.55704E-21 9.99529E-33 3.94994E-28 1.84254E-17 3.67603E-21
 2.98496E-11 1.63583E-15 7.24970E-11 2.40235E-29 2.37772E-04 4.11139E-33 1.31817E-29 2.37494E-18
 3.50406E-18 4.92129E-19 1.15535E-26 3.91857E-04 1.63046E-15 5.37578E-05 2.82501E-09 9.10118E-12
 7.51422E-13 5.97402E-16 1.09865E-08 1.01626E-07 1.38746E-06 8.32723E-13 3.82916E-05 3.69745E-21
 2.48811E-18 1.62438E-16 9.29088E-13 2.27266E-17 4.39585E-20 1.54485E-22 1.87423E-25 1.10074E-21
 4.35730E-33 2.02703E-28 1.80454E-17 1.49027E-21 3.31572E-11 1.36686E-15 6.91669E-11 1.06475E-29
 2.32267E-04 1.05392E-33 6.96451E-30 2.42160E-18 3.48694E-18 4.57218E-19 7.83471E-27 3.88950E-04
 1.18591E-15 6.94520E-05 2.11675E-09 6.87988E-12 5.00284E-13 2.15463E-16 1.06250E-08 1.04927E-07
 1.38641E-06 6.56202E-13 4.09810E-05 1.86342E-21 2.42352E-18 1.71112E-16 8.86753E-13 1.86619E-17
 2.33284E-20 7.28743E-23 7.59349E-26 7.76043E-22 1.89037E-33 1.00146E-28 1.77061E-17 6.30442E-22
 3.63107E-11 1.12048E-15 6.59898E-11 4.78468E-30 2.25743E-04 3.12291E-34 3.98092E-30 2.51750E-18
 3.41621E-18 4.26424E-19 5.57946E-27 3.86079E-04 8.96209E-16 8.70631E-05 1.60229E-09 5.17032E-12
 3.39418E-13 8.09630E-17 9.90552E-09 1.07689E-07 1.38543E-06 5.22990E-13 4.36469E-05 9.87219E-22
 2.38485E-18 1.79846E-16 8.46115E-13 1.53036E-17 1.23061E-20 3.43855E-23 3.13365E-26 5.46063E-22
 8.16560E-34 4.77551E-29 1.73998E-17 2.75022E-22 3.93177E-11 9.02304E-16 6.29577E-11 2.16929E-30
 2.18251E-04 1.04691E-34 2.42328E-30 2.65558E-18 3.29984E-18 3.98814E-19 4.13003E-27 3.83222E-04
 7.01398E-16 1.06289E-04 1.22570E-09 3.85881E-12 2.34152E-13 3.17093E-17 8.93005E-09 1.10009E-07
 1.38454E-06 4.21544E-13 4.62816E-05 5.46157E-22 2.36149E-18 1.88631E-16 8.07378E-13 1.25409E-17
 6.44915E-21 1.62200E-23 1.31563E-26 3.83803E-22 3.52042E-34 2.20236E-29 1.71230E-17 1.23127E-22
 4.21590E-11 7.14457E-16 6.00898E-11 9.90800E-31 2.09940E-04 4.69901E-35 1.55785E-30 2.83183E-18
 3.14223E-18 3.73981E-19 3.15852E-27 3.80385E-04 5.67021E-16 1.26745E-04 9.47889E-10 2.85924E-12
 1.63984E-13 1.29436E-17 7.80719E-09 1.11959E-07 1.38372E-06 3.43621E-13 4.88757E-05 3.13528E-22
 2.34712E-18 1.97285E-16 7.70714E-13 1.02756E-17 3.35771E-21 7.65184E-24 5.61393E-27 2.69632E-22
 1.51721E-34 9.84532E-30 1.68724E-17 5.63812E-23 4.48211E-11 5.56883E-16 5.73995E-11 4.55469E-31
 2.00999E-04 1.03998E-34 1.04984E-30 3.04210E-18 2.94784E-18 3.51643E-19 2.48194E-27 3.77577E-04
 4.72492E-16 1.47990E-04 7.41396E-10 2.10385E-12 1.16447E-13 5.50419E-18 6.63727E-09 1.13597E-07
 1.38299E-06 2.83284E-13 5.14181E-05 1.85743E-22 2.33797E-18 2.05506E-16 7.36255E-13 8.42249E-18
 1.73777E-21 3.61357E-24 2.43301E-27 1.89439E-22 6.54448E-35 4.27768E-30 1.66453E-17 2.63469E-23
 4.72959E-11 4.27857E-16 5.48948E-11 2.10647E-31 1.91644E-04 8.27079E-34 7.36666E-31 3.28100E-18
 2.72225E-18 3.31584E-19 1.99365E-27 3.74809E-04 4.05147E-16 1.69552E-04 5.86864E-10 1.53833E-12
 8.37782E-14 2.43701E-18 5.50197E-09 1.14970E-07 1.38233E-06 2.36238E-13 5.38968E-05 1.13088E-22
 2.33183E-18 2.12950E-16 7.04095E-13 6.90919E-18 8.94952E-22 1.71097E-24 1.07055E-27 1.33172E-22
 2.82858E-35 1.81194E-30 1.64390E-17 1.25472E-23 4.95798E-11 3.24518E-16 5.25791E-11 9.80106E-32
 1.82106E-04 1.16585E-34 5.34940E-31 3.54144E-18 2.47277E-18 3.13625E-19 1.62928E-27 3.72092E-04
 3.56984E-16 1.90966E-04 4.70561E-10 1.11893E-12 6.10341E-14 1.12349E-18 4.45937E-09 1.16118E-07
 1.38174E-06 1.99346E-13 5.62994E-05 7.05919E-23 2.32740E-18 2.19307E-16 6.74287E-13 5.67462E-18
 4.59258E-22 8.14301E-25 4.78295E-28 9.37091E-23 1.22636E-35 7.50705E-31 1.62515E-17 6.08499E-24
 5.16733E-11 2.43389E-16 5.04519E-11 4.58895E-32 1.72612E-04 1.56817E-35 3.99731E-31 3.81412E-18
 2.20883E-18 2.97601E-19 1.34866E-27 3.69438E-04 3.22817E-16 2.11806E-04 3.82720E-10 8.10750E-13
 4.50093E-14 5.41535E-19 3.54422E-09 1.17075E-07 1.38120E-06 1.70308E-13 5.86138E-05 4.52201E-23
 2.32390E-18 2.24347E-16 6.46840E-13 4.66788E-18 2.35425E-22 3.92235E-25 2.17659E-28 6.60270E-23
 5.35327E-36 3.05509E-31 1.60806E-17 3.00478E-24 5.35798E-11 1.80843E-16 4.85096E-11 2.16365E-32
 1.63372E-04 3.29846E-36 3.05716E-31 4.08672E-18 1.94296E-18 2.83356E-19 1.12592E-27 3.66858E-04
 2.96558E-16 2.32509E-04 3.13685E-10 5.84509E-13 3.34070E-14 2.68405E-19 2.77238E-09 1.17901E-07
 1.38071E-06 1.46499E-13 6.09191E-05 2.93639E-23 2.32079E-18 2.28082E-16 6.20703E-13 3.84059E-18
 1.20075E-22 1.89033E-25 9.96624E-29 4.65242E-23 2.33274E-36 1.22090E-31 1.59183E-17 1.49528E-24
 5.53750E-11 1.33181E-16 4.66749E-11 1.02113E-32 1.54208E-04 1.20464E-36 2.36916E-31 4.35074E-18
 1.68397E-18 2.70223E-19 9.42543E-28 3.64261E-04 2.73989E-16 2.53668E-04 2.57025E-10 4.18490E-13
 2.48135E-14 1.33736E-19 2.13870E-09 1.18643E-07 1.38022E-06 1.26081E-13 6.33074E-05 1.90387E-23
 2.31766E-18 2.30511E-16 5.94801E-13 3.15540E-18 6.06261E-23 8.95547E-26 4.52411E-29 3.27305E-23
 1.00442E-36 4.78110E-32 1.57567E-17 7.42061E-25 5.71335E-11 9.71614E-17 4.48707E-11 4.79244E-33
 1.44873E-04 3.52399E-37 1.84643E-31 4.60106E-18 1.43715E-18 2.57584E-19 7.88070E-28 3.61537E-04
 2.54294E-16 2.75100E-04 2.10355E-10 2.97778E-13 1.84430E-14 6.68081E-20 1.62808E-09 1.19310E-07
 1.37972E-06 1.08482E-13 6.57808E-05 1.23093E-23 2.31432E-18 2.31545E-16 5.69110E-13 2.58838E-18
 3.03599E-23 4.17387E-26 2.04096E-29 2.29865E-23 4.28956E-37 1.83894E-32 1.55944E-17 3.67394E-25
 5.88570E-11 7.02592E-17 4.30942E-11 2.23784E-33 1.35466E-04 1.28224E-37 1.44659E-31 4.83079E-18
 1.20925E-18 2.45376E-19 6.57693E-28 3.58675E-04 2.37124E-16 2.96528E-04 1.71998E-10 2.10805E-13
 1.37244E-14 3.34703E-20 1.22367E-09 1.19907E-07 1.37922E-06 9.33238E-14 6.83268E-05 7.94164E-24
 2.31065E-18 2.31185E-16 5.43746E-13 2.12011E-18 1.51029E-23 1.91932E-26 9.17843E-30 1.61162E-23
 1.82233E-37 6.95778E-33 1.54310E-17 1.81697E-25 6.05374E-11 5.03897E-17 4.13522E-11 1.04050E-33
 1.26125E-04 5.41111E-38 1.14002E-31 5.03590E-18 1.00416E-18 2.33601E-19 5.47993E-28 3.55681E-04
 2.22145E-16 3.17718E-04 1.40533E-10 1.48646E-13 1.02287E-14 1.68208E-20 9.08717E-10 1.20438E-07
 1.37871E-06 8.02788E-14 7.09320E-05 5.11605E-24 2.30651E-18 2.29515E-16 5.18807E-13 1.73412E-18
 7.47308E-24 8.72759E-27 4.12168E-30 1.12809E-23 7.71082E-38 2.59285E-33 1.52663E-17 8.98322E-26
 6.21683E-11 3.58654E-17 3.96498E-11 4.81954E-34 1.16968E-04 2.77444E-38 9.04246E-32 5.21450E-18
 8.23527E-19 2.22252E-19 4.56008E-28 3.52557E-04 2.09045E-16 3.38474E-04 1.14766E-10 1.04543E-13
 7.63655E-15 8.48142E-21 6.67333E-10 1.20908E-07 1.37818E-06 6.90596E-14 7.35829E-05 3.29257E-24
 2.30180E-18 2.26672E-16 4.94374E-13 1.41650E-18 3.68315E-24 3.93180E-27 1.85002E-30 7.88368E-24
 3.25152E-38 9.52857E-34 1.50997E-17 4.44243E-26 6.37438E-11 2.53499E-17 3.79912E-11 2.22468E-34
 1.08094E-04 1.47314E-38 7.22195E-32 5.36619E-18 6.67556E-19 2.11316E-19 3.79109E-28 3.49309E-04
 1.97542E-16 3.58648E-04 9.36941E-11 7.34477E-14 5.71163E-15 4.29116E-21 4.85084E-10 1.21319E-07
 1.37763E-06 5.94164E-14 7.62661E-05 2.11789E-24 2.29639E-18 2.22824E-16 4.70514E-13 1.15559E-18
 1.81101E-24 1.75770E-27 8.30475E-31 5.50077E-24 1.36682E-38 3.45747E-34 1.49306E-17 2.19816E-26
 6.52590E-11 1.78037E-17 3.63796E-11 1.02358E-34 9.95827E-05 7.92350E-39 5.80977E-32 5.49165E-18
 5.35312E-19 2.00774E-19 3.14980E-28 3.45937E-04 1.87389E-16 3.78134E-04 7.64826E-11 5.16449E-14
 4.27983E-15 2.17870E-21 3.49364E-10 1.21677E-07 1.37703E-06 5.11321E-14 7.89682E-05 1.36207E-24
 2.29017E-18 2.18149E-16 4.47285E-13 9.41582E-19 8.90092E-25 7.80921E-28 3.72964E-31 3.83205E-24
 5.72866E-39 1.24021E-34 1.47586E-17 1.08852E-26 6.67095E-11 1.24321E-17 3.48175E-11 4.69491E-35
 9.14914E-05 4.30827E-39 4.70871E-32 5.59231E-18 4.25051E-19 1.90605E-19 2.61602E-28 3.42442E-04
 1.78373E-16 3.96867E-04 6.24382E-11 3.64289E-14 3.21284E-15 1.11007E-21 2.49549E-10 1.21985E-07
 1.37639E-06 4.40184E-14 8.16766E-05 8.76106E-25 2.28298E-18 2.12823E-16 4.24733E-13 7.66316E-19
 4.38305E-25 3.45311E-28 1.67603E-31 2.66535E-24 2.39421E-39 4.40290E-35 1.45829E-17 5.39496E-27
 6.80911E-11 8.63625E-18 3.33066E-11 2.14689E-35 8.38605E-05 2.36917E-39 3.84548E-32 5.67009E-18
 3.34510E-19 1.80784E-19 2.17232E-28 3.38821E-04 1.70308E-16 4.14822E-04 5.09870E-11 2.58509E-14
 2.41614E-15 5.67601E-22 1.76957E-10 1.22248E-07 1.37568E-06 3.79125E-14 8.43792E-05 5.63742E-25
 2.27469E-18 2.07009E-16 4.02901E-13 6.22983E-19 2.16868E-25 1.52198E-28 7.53734E-32 1.85093E-24
 9.97886E-40 1.54869E-35 1.44027E-17 2.67615E-27 6.93998E-11 5.97160E-18 3.18483E-11 9.78748E-36
 7.67135E-05 1.31456E-39 3.16473E-32 5.72712E-18 2.61174E-19 1.71288E-19 1.80381E-28 3.35071E-04
 1.63037E-16 4.32008E-04 4.16560E-11 1.85205E-14 1.82007E-15 2.91262E-22 1.24686E-10 1.22468E-07
 1.37490E-06 3.26735E-14 8.70646E-05 3.62955E-25 2.26513E-18 2.00854E-16 3.81822E-13 5.05931E-19
 1.08201E-25 6.69745E-29 3.39231E-32 1.28332E-24 4.14808E-40 5.40255E-36 1.42174E-17 1.32850E-27
 7.06315E-11 4.11201E-18 3.04436E-11 4.44822E-36 7.00595E-05 7.35447E-40 2.62456E-32 5.76551E-18
 2.02492E-19 1.62089E-19 1.49782E-28 3.31183E-04 1.56424E-16 4.48463E-04 3.40560E-11 1.34536E-14
 1.37320E-15 1.49998E-22 8.73747E-11 1.22649E-07 1.37402E-06 2.81798E-14 8.97226E-05 2.33849E-25
 2.25410E-18 1.94483E-16 3.61529E-13 4.10473E-19 5.46707E-26 2.94788E-29 1.52798E-32 8.88356E-25
 1.71989E-40 1.87083E-36 1.40259E-17 6.59886E-28 7.17821E-11 2.82103E-18 2.90933E-11 2.01518E-36
 6.38958E-05 4.14557E-40 2.19319E-32 5.78717E-18 1.56038E-19 1.53164E-19 1.24374E-28 3.27148E-04
 1.50356E-16 4.64253E-04 2.78676E-11 9.95864E-15 1.03753E-15 7.75303E-23 6.09434E-11 1.22793E-07
 1.37303E-06 2.43265E-14 9.23437E-05 1.50788E-25 2.24140E-18 1.87999E-16 3.42048E-13 3.32732E-19
 2.81162E-26 1.30059E-29 6.88790E-33 6.13974E-25 7.11364E-41 6.43592E-37 1.38272E-17 3.27886E-28
 7.28471E-11 1.92894E-18 2.77978E-11 9.09912E-37 5.82108E-05 2.35309E-40 1.84636E-32 5.79374E-18
 1.19607E-19 1.44485E-19 1.03266E-28 3.22952E-04 1.44737E-16 4.79466E-04 2.28296E-11 7.55258E-15
 7.84903E-16 4.02239E-23 4.23417E-11 1.22903E-07 1.37190E-06 2.10234E-14 9.49191E-05 9.73133E-26
 2.22681E-18 1.81486E-16 3.23407E-13 2.69505E-19 1.47991E-26 5.76642E-30 3.10736E-33 4.23672E-25
 2.93546E-41 2.20101E-37 1.36202E-17 1.62926E-28 7.38219E-11 1.31503E-18 2.65577E-11 4.09424E-37
 5.29859E-05 1.34421E-40 1.56556E-32 5.78654E-18 9.12674E-20 1.36030E-19 8.57189E-29 3.18578E-04
 1.39488E-16 4.94206E-04 1.87283E-11 5.89954E-15 5.94424E-16 2.09500E-23 2.93232E-11 1.22981E-07
 1.37061E-06 1.81929E-14 9.74411E-05 6.28578E-26 2.21008E-18 1.75010E-16 3.05630E-13 2.18152E-19
 8.01615E-27 2.57702E-30 1.40290E-33 2.91903E-25 1.20873E-41 7.48712E-38 1.34037E-17 8.09287E-29
 7.47011E-11 8.94081E-19 2.53734E-11 1.83553E-37 4.81979E-05 7.72345E-41 1.33654E-32 5.76653E-18
 6.93771E-20 1.27775E-19 7.11189E-29 3.14008E-04 1.34545E-16 5.08597E-04 1.53897E-11 4.76694E-15
 4.50558E-16 1.09561E-23 2.02549E-11 1.23027E-07 1.36912E-06 1.57684E-14 9.99025E-05 4.06368E-26
 2.19094E-18 1.68619E-16 2.88740E-13 1.76501E-19 4.48903E-27 1.16496E-30 6.33854E-34 2.00819E-25
 4.96763E-42 2.53446E-38 1.31764E-17 4.01668E-29 7.54789E-11 6.06369E-19 2.42455E-11 8.19772E-38
 4.38204E-05 4.46086E-41 1.14830E-32 5.73433E-18 5.25696E-20 1.19701E-19 5.89603E-29 3.09219E-04
 1.29860E-16 5.22775E-04 1.26718E-11 3.99416E-15 3.41722E-16 5.75466E-24 1.39628E-11 1.23044E-07
 1.36740E-06 1.36927E-14 1.02297E-04 2.62926E-26 2.16909E-18 1.62351E-16 2.72764E-13 1.42764E-19
 2.60639E-27 5.34844E-31 2.86603E-34 1.37965E-25 2.03828E-42 8.54042E-39 1.29370E-17 1.99094E-29
 7.61491E-11 4.10286E-19 2.31743E-11 3.64667E-38 3.98250E-05 2.58831E-41 9.92322E-33 5.69029E-18
 3.97309E-20 1.11790E-19 4.88262E-29 3.04186E-04 1.25401E-16 5.36893E-04 1.04591E-11 3.47046E-15
 2.59266E-16 3.03682E-24 9.61075E-12 1.23031E-07 1.36542E-06 1.19169E-14 1.04619E-04 1.70244E-26
 2.14426E-18 1.56234E-16 2.57729E-13 1.15476E-19 1.56985E-27 2.50449E-31 1.29692E-34 9.46657E-26
 8.35301E-43 2.86543E-39 1.26841E-17 9.84949E-30 7.67047E-11 2.76993E-19 2.21608E-11 1.61553E-38
 3.61830E-05 1.50769E-41 8.61964E-33 5.63448E-18 2.99664E-20 1.04030E-19 4.03735E-29 2.98883E-04
 1.21148E-16 5.51113E-04 8.65812E-12 3.11954E-15 1.96712E-16 1.61078E-24 6.60807E-12 1.22989E-07
 1.36311E-06 1.03992E-14 1.06863E-04 1.10306E-26 2.11612E-18 1.50285E-16 2.43665E-13 9.34352E-20
 9.79076E-28 1.20119E-31 5.87374E-35 6.48890E-26 3.42063E-43 9.57313E-40 1.24163E-17 4.85996E-30
 7.71383E-11 1.86594E-19 2.12057E-11 7.12695E-39 3.28650E-05 8.81023E-42 7.52029E-33 5.56677E-18
 2.25671E-20 9.64123E-20 3.33197E-29 2.93283E-04 1.17103E-16 5.65613E-04 7.19282E-12 2.88881E-15
 1.49199E-16 8.59201E-25 4.54029E-12 1.22915E-07 1.36043E-06 9.10399E-15 1.09025E-04 7.15113E-27
 2.08437E-18 1.44520E-16 2.30609E-13 7.56591E-20 6.30003E-28 5.92208E-32 2.66272E-35 4.44460E-26
 1.40068E-43 3.18449E-40 1.21322E-17 2.38984E-30 7.74417E-11 1.25416E-19 2.03100E-11 3.13075E-39
 2.98424E-05 5.16055E-42 6.58439E-33 5.48691E-18 1.69768E-20 8.89350E-20 2.74323E-29 2.87356E-04
 1.13284E-16 5.80586E-04 6.00193E-12 2.74186E-15 1.13075E-16 4.61166E-25 3.11819E-12 1.22809E-07
 1.35731E-06 8.00123E-15 1.11102E-04 4.63844E-27 2.04873E-18 1.38948E-16 2.18601E-13 6.13438E-20
 4.16369E-28 3.00882E-32 1.20839E-35 3.04337E-26 5.73991E-44 1.05449E-40 1.18306E-17 1.17008E-30
 7.76066E-11 8.40964E-20 1.94750E-11 1.36949E-39 2.70872E-05 3.02736E-42 5.77987E-33 5.39454E-18
 1.27635E-20 8.16037E-20 2.25195E-29 2.81074E-04 1.09731E-16 5.96237E-04 5.03615E-12 2.65339E-15
 8.55860E-17 2.49262E-25 2.14096E-12 1.22667E-07 1.35367E-06 7.06551E-15 1.13092E-04 3.01032E-27
 2.00891E-18 1.33576E-16 2.07692E-13 4.98334E-20 2.81347E-28 1.57697E-32 5.49078E-36 2.08434E-26
 2.35652E-44 3.47433E-41 1.15105E-17 5.69777E-31 7.76243E-11 5.62424E-20 1.87023E-11 5.96590E-40
 2.45720E-05 1.77701E-42 5.08153E-33 5.28928E-18 9.59417E-21 7.44317E-20 1.84230E-29 2.74411E-04
 1.06509E-16 6.12786E-04 4.25609E-12 2.60561E-15 6.46540E-17 1.35816E-25 1.46965E-12 1.22488E-07
 1.34943E-06 6.27564E-15 1.14992E-04 1.95554E-27 1.96470E-18 1.28410E-16 1.97941E-13 4.05933E-20
 1.93594E-28 8.52206E-33 2.49864E-36 1.42881E-26 9.70529E-45 1.13818E-41 1.11711E-17 2.75597E-31
 7.74860E-11 3.75018E-20 1.79933E-11 2.58867E-40 2.22706E-05 1.04271E-42 4.46959E-33 5.17081E-18
 7.21382E-21 6.74413E-20 1.50114E-29 2.67346E-04 1.03706E-16 6.30468E-04 3.63062E-12 2.58579E-15
 4.87082E-17 7.47438E-26 1.00847E-12 1.22265E-07 1.34447E-06 5.61414E-15 1.16802E-04 1.27333E-27
 1.91591E-18 1.23455E-16 1.89419E-13 3.31879E-20 1.35222E-28 4.74115E-33 1.13902E-36 9.81159E-27
 4.01623E-45 3.70362E-42 1.08119E-17 1.32210E-31 7.71832E-11 2.49176E-20 1.73500E-11 1.11908E-40
 2.01575E-05 6.11085E-43 3.92864E-33 5.03890E-18 5.42902E-21 6.06630E-20 1.21759E-29 2.59859E-04
 1.01435E-16 6.49534E-04 3.13553E-12 2.58459E-15 3.65592E-17 4.17423E-26 6.91522E-13 1.21994E-07
 1.33869E-06 5.06692E-15 1.18522E-04 8.34572E-28 1.86247E-18 1.18717E-16 1.82211E-13 2.72627E-20
 9.56537E-29 2.71197E-33 5.20347E-37 6.75631E-27 1.67322E-45 1.19535E-42 1.04330E-17 6.27878E-32
 7.67081E-11 1.64856E-20 1.67742E-11 4.82108E-41 1.82084E-05 3.57576E-43 3.44678E-33 4.89352E-18
 4.09510E-21 5.41353E-20 9.82525E-30 2.51939E-04 9.98166E-17 6.70250E-04 2.75253E-12 2.59488E-15
 2.73049E-17 2.39878E-26 4.73548E-13 1.21668E-07 1.33193E-06 4.62285E-15 1.20156E-04 5.57136E-28
 1.80435E-18 1.14201E-16 1.76413E-13 2.25297E-20 6.84249E-29 1.59955E-33 2.38629E-37 4.67087E-27
 7.03784E-46 3.81931E-43 1.00349E-17 2.94558E-32 7.60537E-11 1.08494E-20 1.62678E-11 2.07054E-41
 1.63997E-05 2.09496E-43 3.01495E-33 4.73483E-18 3.10785E-21 4.79031E-20 7.88329E-30 2.43586E-04
 9.89231E-17 6.92896E-04 2.46838E-12 2.61098E-15 2.02604E-17 1.47785E-26 3.23568E-13 1.21278E-07
 1.32404E-06 4.27363E-15 1.21705E-04 3.90377E-28 1.74169E-18 1.09912E-16 1.72140E-13 1.87548E-20
 4.94921E-29 9.92067E-34 1.11261E-37 3.24616E-27 3.01808E-46 1.20572E-43 9.61883E-18 1.36390E-32
 7.52145E-11 7.09390E-21 1.58326E-11 8.89289E-42 1.47086E-05 1.25242E-43 2.62636E-33 4.56331E-18
 2.40073E-21 4.20146E-20 6.28568E-30 2.34806E-04 9.86189E-17 7.17768E-04 2.27435E-12 2.62828E-15
 1.49061E-17 1.07735E-26 2.22033E-13 1.20815E-07 1.31480E-06 4.01347E-15 1.23175E-04 3.05837E-28
 1.67471E-18 1.05856E-16 1.69521E-13 1.57509E-20 3.67317E-29 6.94573E-34 5.79950E-38 2.27228E-27
 1.42760E-46 3.87623E-44 9.18654E-18 6.51725E-33 7.41870E-11 4.63742E-21 1.54701E-11 4.04133E-42
 1.31135E-05 8.37627E-44 2.27614E-33 4.37971E-18 1.95105E-21 3.65186E-20 4.97820E-30 2.25620E-04
 2.85150E+02 2.78650E+02 2.72150E+02 2.65660E+02 2.61170E+02 2.55680E+02 2.49190E+02 2.42700E+02
 2.36210E+02 2.25000E+02 2.10000E+02 2.10000E+02 2.10000E+02 2.10000E+02 2.10000E+02 2.10000E+02
 2.10000E+02 2.10000E+02 2.10000E+02 2.10000E+02 2.10000E+02 2.10000E+02 2.10000E+02 2.10000E+02
 2.10000E+02 2.10000E+02 2.10000E+02 2.10000E+02 2.10000E+02 2.10000E+02 2.10000E+02 2.10000E+02
 2.10000E+02 2.10000E+02 2.10000E+02 2.10000E+02 2.10000E+02 2.10000E+02 2.10000E+02 2.10000E+02
 2.10000E+02 2.10000E+02 2.10000E+02 2.10000E+02 2.10000E+02 2.10000E+02 2.10000E+02 2.10000E+02
 2.10000E+02 2.10000E+02 2.10000E+02 2.10000E+02 2.10000E+02 2.10000E+02 2.10000E+02 2.10000E+02
 2.10000E+02 2.10000E+02 2.10000E+02 2.10000E+02 2.10000E+02 2.10000E+02 2.10000E+02 2.10000E+02
 2.10000E+02 2.10000E+02 2.10000E+02 2.10000E+02 2.10000E+02 2.10000E+02 2.10000E+02 2.10000E+02
 2.10000E+02 2.10000E+02 2.10000E+02 2.10000E+02 2.10000E+02 2.10000E+02 2.10000E+02 2.10000E+02
 2.10000E+02 2.10000E+02 2.10000E+02 2.10000E+02 2.10000E+02 2.10000E+02 2.10000E+02 2.10000E+02
 2.10000E+02 2.10000E+02 2.10000E+02 2.10000E+02 2.10000E+02 2.10000E+02 2.10000E+02 2.10000E+02
 2.10000E+02 2.10000E+02 2.10000E+02 2.10000E+02 1.00000E+05 1.00000E+05 1.00000E+05 1.00000E+05
 1.00000E+05 1.00000E+05 1.00000E+05 1.00000E+05 1.00000E+05 8.94400E+04 4.89900E+04 2.25800E+04
 1.16600E+04 6.81200E+03 5.16500E+03 4.29000E+03 3.95000E+03 3.90000E+03 3.99900E+03 4.34300E+03
 4.84400E+03 5.43900E+03 6.18700E+03 7.03600E+03 7.98400E+03 8.98600E+03 1.00300E+04 1.12800E+04
 1.24900E+04 1.36300E+04 1.51300E+04 1.66900E+04 1.81800E+04 1.99800E+04 2.19800E+04 2.44500E+04
 2.74600E+04 3.04600E+04 3.39400E+04 3.79500E+04 4.19500E+04 4.64300E+04 5.19100E+04 5.84000E+04
 6.44500E+04 7.13600E+04 7.99000E+04 8.79100E+04 9.68700E+04 1.06900E+05 1.17800E+05 1.31800E+05
 1.48300E+05 1.65800E+05 1.83300E+05 2.01800E+05 2.25600E+05 2.52200E+05 2.77200E+05 3.07000E+05
 3.42100E+05 3.79500E+05 4.21900E+05 4.71700E+05 5.17400E+05 5.67400E+05 6.22400E+05 6.82600E+05
 7.48700E+05 8.21200E+05 9.00700E+05 9.87900E+05 1.00000E+06 1.00000E+06 1.00000E+06 1.00000E+06
 1.00000E+06 1.00000E+06 1.00000E+06 1.00000E+06 1.00000E+06 1.00000E+06 1.00000E+06 1.00000E+06
 1.00000E+06 1.00000E+06 1.00000E+06 1.00000E+06 1.00000E+06 1.00000E+06 1.00000E+06 1.00000E+06
 1.00000E+06 1.00000E+06 1.00000E+06 1.00000E+06 1.00000E+06 1.00000E+06 1.00000E+06 1.00000E+06
 2.42865E+19 2.20948E+19 2.00569E+19 1.81644E+19 1.62930E+19 1.46409E+19 1.31756E+19 1.18245E+19
 1.05814E+19 9.62411E+18 8.85714E+18 7.56705E+18 6.46519E+18 5.52405E+18 4.72014E+18 4.03342E+18
 3.44678E+18 2.94561E+18 2.51743E+18 2.15160E+18 1.83903E+18 1.57194E+18 1.34370E+18 1.14866E+18
 9.81981E+17 8.39528E+17 7.17775E+17 6.13710E+17 5.24758E+17 4.48721E+17 3.83720E+17 3.28151E+17
 2.80644E+17 2.40025E+17 2.05296E+17 1.75600E+17 1.50207E+17 1.28492E+17 1.09922E+17 9.40404E+16
 8.04571E+16 6.88392E+16 5.89018E+16 5.04013E+16 4.31297E+16 3.69090E+16 3.15871E+16 2.70338E+16
 2.31380E+16 1.98046E+16 1.69523E+16 1.45114E+16 1.24226E+16 1.06350E+16 9.10508E+15 7.79562E+15
 6.67480E+15 5.71541E+15 4.89415E+15 4.19110E+15 3.58922E+15 3.07393E+15 2.63274E+15 2.25498E+15
 1.93152E+15 1.65454E+15 1.41735E+15 1.21421E+15 1.04025E+15 8.91246E+14 7.63626E+14 6.54311E+14
 5.60672E+14 4.80458E+14 4.11739E+14 3.52866E+14 3.02426E+14 2.59208E+14 2.22177E+14 1.90446E+14
 1.63254E+14 1.39951E+14 1.19981E+14 1.02865E+14 8.81949E+13 7.56208E+13 6.48424E+13 5.56030E+13
 4.76824E+13 4.08921E+13 3.50704E+13 3.00790E+13 2.57993E+13 2.21295E+13 1.89827E+13 1.62841E+13
 1.39698E+13 1.19850E+13 1.02827E+13 8.82264E+12 1.04640E-10 1.27424E-10 1.75109E-10 2.34336E-10
 2.99061E-10 3.64438E-10 4.25854E-10 4.78962E-10 5.19302E-10 5.44637E-10 5.57918E-10 5.68134E-10
 5.65632E-10 5.50521E-10 5.23960E-10 4.87938E-10 4.44934E-10 3.99539E-10 3.55433E-10 3.15349E-10
 2.80819E-10 2.51561E-10 2.26954E-10 2.06349E-10 1.88429E-10 1.71836E-10 1.56080E-10 1.41170E-10
 1.27063E-10 1.13591E-10 1.00829E-10 8.88856E-11 7.76890E-11 6.72667E-11 5.77020E-11 4.90561E-11
 4.13858E-11 3.46258E-11 2.86966E-11 2.35646E-11 1.91481E-11 1.53702E-11 1.21949E-11 9.57651E-12
 7.42764E-12 5.67419E-12 4.27421E-12 3.16921E-12 2.30485E-12 1.64265E-12 1.13631E-12 7.72316E-13
 5.16472E-13 3.38654E-13 2.16370E-13 1.34417E-13 8.17468E-14 4.86231E-14 2.79975E-14 1.56445E-14
 8.50163E-15 4.47429E-15 2.28005E-15 1.12774E-15 5.33091E-16 2.40103E-16 1.02744E-16 4.16291E-17
 1.59167E-17 5.72181E-18 1.92632E-18 6.04840E-19 1.59088E-19 3.34810E-20 5.43248E-21 6.50769E-22
 5.47207E-23 3.04507E-24 1.04699E-25 2.05316E-27 2.09168E-29 9.92900E-32 1.93446E-34 1.33424E-37
 2.74202E-41 1.37343E-45 1.32660E-50 1.88077E-56 2.84739E-63 3.17748E-71 1.69681E-80 2.62114E-91
 1.00000-100 1.00000-100 1.00000-100 1.00000-100 1.00000-100 1.00000-100 1.00000-100 1.00000-100
 4.28623E+01 3.49542E+01 3.40900E+01 3.62712E+01 3.78153E+01 3.83100E+01 3.78211E+01 3.61895E+01
 3.33403E+01 3.01737E+01 2.66426E+01 2.29155E+01 1.93102E+01 1.59262E+01 1.28550E+01 1.01581E+01
 8.27082E+00 7.11763E+00 6.32660E+00 5.93342E+00 5.75493E+00 5.70563E+00 5.84740E+00 6.15554E+00
 5.30509E+00 4.10942E+00 3.17047E+00 2.43567E+00 1.86263E+00 1.41593E+00 1.06872E+00 8.01104E-01
 5.95838E-01 4.39083E-01 3.20554E-01 2.31980E-01 1.66669E-01 1.18749E-01 8.38031E-02 5.85940E-02
 4.05354E-02 2.76978E-02 1.87036E-02 1.24985E-02 8.25511E-03 5.36918E-03 3.44256E-03 2.17192E-03
 1.34274E-03 8.12838E-04 4.77328E-04 2.75297E-04 1.56191E-04 8.68543E-05 4.69798E-05 2.48900E-05
 1.29608E-05 6.60103E-06 3.25476E-06 1.55744E-06 7.24810E-07 3.26693E-07 1.42585E-07 6.04051E-08
 2.44581E-08 9.43617E-09 3.45903E-09 1.20064E-09 3.93289E-10 1.21130E-10 3.49407E-11 9.40042E-12
 2.11869E-12 3.82099E-13 5.31303E-14 5.45455E-15 3.93090E-16 1.87486E-17 5.52542E-19 9.28785E-21
 8.11112E-23 3.30069E-25 5.51307E-28 3.26005E-31 5.74429E-35 2.46701E-39 2.04326E-44 2.48403E-50
 3.22498E-57 3.08634E-65 1.41351E-74 1.87274E-85 6.12815E-95 5.25647E-95 4.50899E-95 3.86799E-95
 3.31828E-95 2.84683E-95 2.44248E-95 2.09566E-95 0.00000E+00 0.00000E+00 0.00000E+00 0.00000E+00
 0.00000E+00 0.00000E+00 0.00000E+00 0.00000E+00 0.00000E+00 0.00000E+00 0.00000E+00 0.00000E+00
 0.00000E+00 0.00000E+00 0.00000E+00 0.00000E+00 0.00000E+00 0.00000E+00 0.00000E+00 0.00000E+00
 0.00000E+00 0.00000E+00 0.00000E+00 0.00000E+00 0.00000E+00 0.00000E+00 0.00000E+00 0.00000E+00
 0.00000E+00 0.00000E+00 0.00000E+00 0.00000E+00 0.00000E+00 0.00000E+00 0.00000E+00 0.00000E+00
 0.00000E+00 0.00000E+00 0.00000E+00 0.00000E+00 0.00000E+00 0.00000E+00 0.00000E+00 0.00000E+00
 0.00000E+00 0.00000E+00 0.00000E+00 0.00000E+00 0.00000E+00 0.00000E+00 0.00000E+00 0.00000E+00
 0.00000E+00 0.00000E+00 0.00000E+00 0.00000E+00 0.00000E+00 0.00000E+00 0.00000E+00 0.00000E+00
 0.00000E+00 0.00000E+00 0.00000E+00 0.00000E+00 0.00000E+00 0.00000E+00 0.00000E+00 0.00000E+00
 0.00000E+00 0.00000E+00 0.00000E+00 0.00000E+00 0.00000E+00 0.00000E+00 0.00000E+00 0.00000E+00
 0.00000E+00 0.00000E+00 0.00000E+00 0.00000E+00 0.00000E+00 0.00000E+00 0.00000E+00 0.00000E+00
 0.00000E+00 0.00000E+00 0.00000E+00 0.00000E+00 0.00000E+00 0.00000E+00 0.00000E+00 0.00000E+00
 0.00000E+00 0.00000E+00 0.00000E+00 0.00000E+00 0.00000E+00 0.00000E+00 0.00000E+00 0.00000E+00
 0.00000E+00 0.00000E+00 0.00000E+00 0.00000E+00 0.00000E+00 0.00000E+00 0.00000E+00 0.00000E+00
 0.00000E+00 0.00000E+00 0.00000E+00 0.00000E+00 0.00000E+00 0.00000E+00 0.00000E+00 0.00000E+00
 0.00000E+00 0.00000E+00 0.00000E+00 0.00000E+00 0.00000E+00 0.00000E+00 0.00000E+00 0.00000E+00
 0.00000E+00 0.00000E+00 0.00000E+00 0.00000E+00 0.00000E+00 0.00000E+00 0.00000E+00 0.00000E+00
 0.00000E+00 0.00000E+00 0.00000E+00 0.00000E+00 0.00000E+00 0.00000E+00 0.00000E+00 0.00000E+00
 0.00000E+00 0.00000E+00 0.00000E+00 0.00000E+00 0.00000E+00 0.00000E+00 0.00000E+00 0.00000E+00
 0.00000E+00 0.00000E+00 0.00000E+00 0.00000E+00 0.00000E+00 0.00000E+00 0.00000E+00 0.00000E+00
 0.00000E+00 0.00000E+00 0.00000E+00 0.00000E+00 0.00000E+00 0.00000E+00 0.00000E+00 0.00000E+00
 0.00000E+00 0.00000E+00 0.00000E+00 0.00000E+00 0.00000E+00 0.00000E+00 0.00000E+00 0.00000E+00
 0.00000E+00 0.00000E+00 0.00000E+00 0.00000E+00 0.00000E+00 0.00000E+00 0.00000E+00 0.00000E+00
 0.00000E+00 0.00000E+00 0.00000E+00 0.00000E+00 0.00000E+00 0.00000E+00 0.00000E+00 0.00000E+00
 0.00000E+00 0.00000E+00 0.00000E+00 0.00000E+00 0.00000E+00 0.00000E+00 0.00000E+00 0.00000E+00
 0.00000E+00 0.00000E+00 0.00000E+00 0.00000E+00 6.93881E-04 7.68728E-04 8.55489E-04 9.37284E-04
 1.02185E-03 1.11822E-03 1.22842E-03 1.35492E-03 1.50455E-03 1.69610E-03 1.95469E-03 2.18130E-03
 2.44888E-03 2.76501E-03 3.13816E-03 3.57816E-03 4.01829E-03 4.41466E-03 4.79924E-03 5.13525E-03
 5.45902E-03 5.79038E-03 6.10345E-03 6.40588E-03 7.21996E-03 8.44013E-03 9.87084E-03 1.15484E-02
 1.35135E-02 1.58121E-02 1.85056E-02 2.16621E-02 2.53530E-02 2.96747E-02 3.47369E-02 4.06630E-02
 4.75947E-02 5.57118E-02 6.52177E-02 7.63504E-02 8.93895E-02 1.04663E-01 1.22556E-01 1.43520E-01
 1.68020E-01 1.96719E-01 2.30343E-01 2.69751E-01 3.16023E-01 3.70349E-01 4.34116E-01 5.08945E-01
 5.96719E-01 6.99748E-01 8.21161E-01 9.60662E-01 1.12195E+00 1.31025E+00 1.53009E+00 1.78674E+00
 2.08633E+00 2.43604E+00 2.84424E+00 3.32069E+00 3.87676E+00 4.52573E+00 5.28309E+00 6.16690E+00
 7.19821E+00 8.40159E+00 9.80567E+00 1.14439E+01 1.33551E+01 1.55848E+01 1.81858E+01 2.12200E+01
 2.47591E+01 2.88872E+01 3.37019E+01 3.93171E+01 4.58658E+01 5.35026E+01 6.24080E+01 7.27922E+01
 8.49001E+01 9.90172E+01 1.15476E+02 1.34665E+02 1.57034E+02 1.83110E+02 2.13506E+02 2.48936E+02
 2.90231E+02 3.38360E+02 3.94452E+02 4.59819E+02 5.35994E+02 6.24758E+02 7.28187E+02 8.48697E+02
 0.00000E+00 0.00000E+00 0.00000E+00 0.00000E+00 0.00000E+00 0.00000E+00 0.00000E+00 0.00000E+00
 0.00000E+00 0.00000E+00 0.00000E+00 0.00000E+00 0.00000E+00 0.00000E+00 0.00000E+00 0.00000E+00
 0.00000E+00 0.00000E+00 0.00000E+00 0.00000E+00 0.00000E+00 0.00000E+00 0.00000E+00 0.00000E+00
 0.00000E+00 0.00000E+00 0.00000E+00 0.00000E+00 0.00000E+00 0.00000E+00 0.00000E+00 0.00000E+00
 0.00000E+00 0.00000E+00 0.00000E+00 0.00000E+00 0.00000E+00 0.00000E+00 0.00000E+00 0.00000E+00
 0.00000E+00 0.00000E+00 0.00000E+00 0.00000E+00 0.00000E+00 0.00000E+00 0.00000E+00 0.00000E+00
 0.00000E+00 0.00000E+00 0.00000E+00 0.00000E+00 0.00000E+00 0.00000E+00 0.00000E+00 0.00000E+00
 0.00000E+00 0.00000E+00 0.00000E+00 0.00000E+00 0.00000E+00 0.00000E+00 0.00000E+00 0.00000E+00
 0.00000E+00 0.00000E+00 0.00000E+00 0.00000E+00 0.00000E+00 0.00000E+00 0.00000E+00 0.00000E+00
 0.00000E+00 0.00000E+00 0.00000E+00 0.00000E+00 0.00000E+00 0.00000E+00 0.00000E+00 0.00000E+00
 0.00000E+00 0.00000E+00 0.00000E+00 0.00000E+00 0.00000E+00 0.00000E+00 0.00000E+00 0.00000E+00
 0.00000E+00 0.00000E+00 0.00000E+00 0.00000E+00 0.00000E+00 0.00000E+00 0.00000E+00 0.00000E+00
 0.00000E+00 0.00000E+00 0.00000E+00 0.00000E+00 0.00000E+00 0.00000E+00 0.00000E+00 0.00000E+00
 0.00000E+00 0.00000E+00 0.00000E+00 0.00000E+00 0.00000E+00 0.00000E+00 0.00000E+00 0.00000E+00
 0.00000E+00 0.00000E+00 0.00000E+00 0.00000E+00 0.00000E+00 0.00000E+00 0.00000E+00 0.00000E+00
 0.00000E+00 0.00000E+00 0.00000E+00 0.00000E+00 0.00000E+00 0.00000E+00 0.00000E+00 0.00000E+00
 0.00000E+00 0.00000E+00 0.00000E+00 0.00000E+00 0.00000E+00 0.00000E+00 0.00000E+00 0.00000E+00
 0.00000E+00 0.00000E+00 0.00000E+00 0.00000E+00 0.00000E+00 0.00000E+00 0.00000E+00 0.00000E+00
 0.00000E+00 0.00000E+00 0.00000E+00 0.00000E+00 0.00000E+00 0.00000E+00 0.00000E+00 0.00000E+00
 0.00000E+00 0.00000E+00 0.00000E+00 0.00000E+00 0.00000E+00 0.00000E+00 0.00000E+00 0.00000E+00
 0.00000E+00 0.00000E+00 0.00000E+00 0.00000E+00 0.00000E+00 0.00000E+00 0.00000E+00 0.00000E+00
 0.00000E+00 0.00000E+00 0.00000E+00 0.00000E+00 0.00000E+00 0.00000E+00 0.00000E+00 0.00000E+00
 0.00000E+00 0.00000E+00 0.00000E+00 0.00000E+00 0.00000E+00 0.00000E+00 0.00000E+00 0.00000E+00
 0.00000E+00 0.00000E+00 0.00000E+00 0.00000E+00 0.00000E+00 0.00000E+00 0.00000E+00 0.00000E+00
 0.00000E+00 0.00000E+00 0.00000E+00 0.00000E+00 0.00000E+00 0.00000E+00 0.00000E+00 0.00000E+00
 1.80638E-05 1.80638E-05 1.80638E-05 1.80638E-05 1.80638E-05 1.80638E-05 1.80638E-05 1.80638E-05
 1.80638E-05 1.80638E-05 1.80638E-05 1.80638E-05 1.80638E-05 1.80638E-05 1.80638E-05 1.80638E-05
 1.77614E-05 1.70589E-05 1.61569E-05 1.50166E-05 1.38170E-05 1.26509E-05 1.14834E-05 1.03573E-05
 1.00000E-05 1.00000E-05 1.00000E-05 1.00000E-05 1.00000E-05 1.00000E-05 1.00000E-05 1.00000E-05
 1.00000E-05 1.00000E-05 1.00000E-05 1.00000E-05 1.00000E-05 1.00000E-05 1.00000E-05 1.00000E-05
 1.00000E-05 1.00000E-05 1.00000E-05 1.00000E-05 1.00000E-05 1.00000E-05 1.00000E-05 1.00000E-05
 1.00000E-05 1.00000E-05 1.00000E-05 1.00000E-05 1.00000E-05 1.00000E-05 1.00000E-05 1.00000E-05
 1.00000E-05 1.00000E-05 1.00000E-05 1.00000E-05 1.00000E-05 1.00000E-05 1.00000E-05 1.00000E-05
 1.00000E-05 1.00000E-05 1.00000E-05 1.00000E-05 1.00000E-05 1.00000E-05 1.00000E-05 1.00000E-05
 1.00000E-05 1.00000E-05 1.00000E-05 1.00000E-05 1.00000E-05 1.00000E-05 1.00000E-05 1.00000E-05
 1.00000E-05 1.00000E-05 1.00000E-05 1.00000E-05 1.00000E-05 1.00000E-05 1.00000E-05 1.00000E-05
 1.00000E-05 1.00000E-05 1.00000E-05 1.00000E-05 1.00000E-05 1.00000E-05 1.00000E-05 1.00000E-05
 1.00000E-05 1.00000E-05 1.00000E-05 1.00000E-05 0.00000E+00 0.00000E+00 0.00000E+00 0.00000E+00
 0.00000E+00 0.00000E+00 0.00000E+00 0.00000E+00 0.00000E+00 0.00000E+00 0.00000E+00 0.00000E+00
 0.00000E+00 0.00000E+00 0.00000E+00 0.00000E+00 0.00000E+00 0.00000E+00 0.00000E+00 0.00000E+00
 0.00000E+00 0.00000E+00 0.00000E+00 0.00000E+00 0.00000E+00 0.00000E+00 0.00000E+00 0.00000E+00
 0.00000E+00 0.00000E+00 0.00000E+00 0.00000E+00 0.00000E+00 0.00000E+00 0.00000E+00 0.00000E+00
 0.00000E+00 0.00000E+00 0.00000E+00 0.00000E+00 0.00000E+00 0.00000E+00 0.00000E+00 0.00000E+00
 0.00000E+00 0.00000E+00 0.00000E+00 0.00000E+00 0.00000E+00 0.00000E+00 0.00000E+00 0.00000E+00
 0.00000E+00 0.00000E+00 0.00000E+00 0.00000E+00 0.00000E+00 0.00000E+00 0.00000E+00 0.00000E+00
 0.00000E+00 0.00000E+00 0.00000E+00 0.00000E+00 0.00000E+00 0.00000E+00 0.00000E+00 0.00000E+00
 0.00000E+00 0.00000E+00 0.00000E+00 0.00000E+00 0.00000E+00 0.00000E+00 0.00000E+00 0.00000E+00
 0.00000E+00 0.00000E+00 0.00000E+00 0.00000E+00 0.00000E+00 0.00000E+00 0.00000E+00 0.00000E+00
 0.00000E+00 0.00000E+00 0.00000E+00 0.00000E+00 0.00000E+00 0.00000E+00 0.00000E+00 0.00000E+00
 0.00000E+00 0.00000E+00 0.00000E+00 0.00000E+00 0.00000E+00 0.00000E+00 0.00000E+00 0.00000E+00
 0.00000E+00 0.00000E+00 0.00000E+00 0.00000E+00 0.00000E+00 0.00000E+00 0.00000E+00 0.00000E+00
 0.00000E+00 0.00000E+00 0.00000E+00 0.00000E+00 0.00000E+00 0.00000E+00 0.00000E+00 0.00000E+00
 0.00000E+00 0.00000E+00 0.00000E+00 0.00000E+00 0.00000E+00 0.00000E+00 0.00000E+00 0.00000E+00
 0.00000E+00 0.00000E+00 0.00000E+00 0.00000E+00 0.00000E+00 0.00000E+00 0.00000E+00 0.00000E+00
 0.00000E+00 0.00000E+00 0.00000E+00 0.00000E+00 0.00000E+00 0.00000E+00 0.00000E+00 0.00000E+00
 0.00000E+00 0.00000E+00 0.00000E+00 0.00000E+00 0.00000E+00 0.00000E+00 0.00000E+00 0.00000E+00
 0.00000E+00 0.00000E+00 0.00000E+00 0.00000E+00 0.00000E+00 0.00000E+00 0.00000E+00 0.00000E+00
 0.00000E+00 0.00000E+00 0.00000E+00 0.00000E+00 0.00000E+00 0.00000E+00 0.00000E+00 0.00000E+00
 0.00000E+00 0.00000E+00 0.00000E+00 0.00000E+00 0.00000E+00 0.00000E+00 0.00000E+00 0.00000E+00
 0.00000E+00 0.00000E+00 0.00000E+00 0.00000E+00 0.00000E+00 0.00000E+00 0.00000E+00 0.00000E+00
 0.00000E+00 0.00000E+00 0.00000E+00 0.00000E+00 0.00000E+00 0.00000E+00 0.00000E+00 0.00000E+00
 0.00000E+00 0.00000E+00 0.00000E+00 0.00000E+00 0.00000E+00 0.00000E+00 0.00000E+00 0.00000E+00
 0.00000E+00 0.00000E+00 0.00000E+00 0.00000E+00
