 9.81660E-11 1.46333E-15 1.12654E-02 6.21921E-14 1.12797E-11 1.08083E-09 5.25250E-09 5.59811E-19
 3.05155E-07 1.05374E-06 6.36651E-08 1.01679E-09 7.56108E-12 9.12293E-09 4.54577E-13 8.80073E-13
 3.15383E-15 6.49062E-12 2.01783E-14 2.44684E-16 1.59147E-19 1.49109E-22 3.61623E-10 1.32638E-13
 9.32414E-18 1.66220E-14 6.24755E-12 2.73456E-14 2.10000E-03 1.98524E-12 2.88282E-17 5.26714E-18
 2.63149E-11 2.06372E-12 1.49398E-13 4.00000E-04 1.06444E-10 2.46076E-15 6.98341E-03 7.95500E-14
 1.17028E-11 1.13863E-09 7.49309E-09 6.54241E-19 3.05337E-07 1.04967E-06 5.60677E-08 1.09446E-09
 8.32205E-12 9.07952E-09 5.21878E-13 1.00153E-12 4.14404E-15 9.92304E-12 5.27074E-14 3.65933E-16
 4.38710E-19 5.62638E-22 3.50736E-10 1.85348E-13 1.44156E-17 2.39606E-14 9.39271E-12 4.09244E-14
 2.10449E-03 1.95187E-12 2.65221E-17 1.07867E-17 4.45371E-11 4.21717E-12 1.63922E-13 4.04517E-04
 1.11528E-10 4.51010E-15 4.15341E-03 1.01928E-13 1.20076E-11 1.15334E-09 1.16750E-08 7.68191E-19
 3.05577E-07 1.04603E-06 4.95260E-08 1.13834E-09 9.14499E-12 9.03211E-09 5.82427E-13 1.15403E-12
 5.28368E-15 1.42868E-11 1.43405E-13 5.89410E-16 1.37447E-18 3.12775E-21 3.40510E-10 3.02043E-13
 2.24669E-17 4.12829E-14 1.33773E-11 6.95289E-14 2.10888E-03 1.90725E-12 2.22298E-17 2.09183E-17
 5.93303E-11 6.76560E-12 1.62801E-13 4.08935E-04 1.10256E-10 8.20855E-15 2.26145E-03 1.20405E-13
 1.17886E-11 1.08715E-09 1.81108E-08 8.40961E-19 3.05852E-07 1.04285E-06 4.40237E-08 1.09890E-09
 9.32520E-12 8.98041E-09 6.72513E-13 1.35728E-12 6.40692E-15 1.85885E-11 3.93980E-13 9.13545E-16
 4.61438E-18 2.01267E-20 3.31014E-10 5.06265E-13 3.29049E-17 7.53209E-14 1.75037E-11 1.26145E-13
 2.11312E-03 1.91858E-12 1.77533E-17 3.96073E-17 7.22140E-11 9.27216E-12 1.61919E-13 4.13198E-04
 1.05393E-10 1.48636E-14 1.41674E-03 1.50134E-13 1.19598E-11 9.79796E-10 2.69871E-08 1.00134E-18
 3.06132E-07 1.04010E-06 3.94155E-08 1.01546E-09 9.81890E-12 8.92397E-09 7.72015E-13 1.62702E-12
 7.93764E-15 2.23291E-11 8.58600E-13 1.41069E-15 1.36075E-17 1.10391E-19 3.22146E-10 8.80794E-13
 4.86414E-17 1.41728E-13 2.15796E-11 2.26004E-13 2.11714E-03 1.96150E-12 1.56858E-17 7.30670E-17
 8.42395E-11 1.18837E-11 1.62194E-13 4.17251E-04 9.50673E-11 2.54645E-14 7.83074E-04 1.68934E-13
 1.14732E-11 8.40302E-10 3.86864E-08 1.08311E-18 3.06416E-07 1.03779E-06 3.56902E-08 8.78783E-10
 9.28859E-12 8.86246E-09 8.94125E-13 1.88793E-12 9.03176E-15 2.46971E-11 2.00464E-12 1.92025E-15
 3.88586E-17 6.70790E-19 3.13944E-10 1.46368E-12 6.88506E-17 2.60509E-13 2.54606E-11 3.49431E-13
 2.12088E-03 2.12248E-12 1.38985E-17 1.37918E-16 9.71168E-11 1.39312E-11 1.68238E-13 4.21013E-04
 8.04785E-11 4.12041E-14 3.73971E-04 1.72600E-13 1.02701E-11 6.83511E-10 5.32354E-08 1.06886E-18
 3.06686E-07 1.03588E-06 3.27661E-08 7.12226E-10 8.07399E-12 8.79611E-09 9.90040E-13 2.02495E-12
 9.00111E-15 2.51836E-11 4.34440E-12 4.02995E-15 1.37770E-16 1.07112E-17 3.06314E-10 2.67653E-12
 1.47032E-16 7.17248E-13 2.88655E-11 1.56220E-13 2.12419E-03 2.42216E-12 1.25077E-17 2.69306E-16
 1.11272E-10 1.50045E-11 1.79096E-13 4.24359E-04 6.37913E-11 6.42271E-14 1.66155E-04 1.67457E-13
 9.00599E-12 5.35703E-10 7.03695E-08 1.00917E-18 3.06925E-07 1.03427E-06 3.04978E-08 5.44380E-10
 6.48925E-12 8.72521E-09 1.01356E-12 1.90907E-12 7.85873E-15 2.39986E-11 6.87092E-12 2.64792E-15
 2.42158E-16 1.61351E-17 3.03319E-10 2.35595E-12 9.06924E-17 5.90275E-13 2.98200E-11 6.33696E-13
 2.12695E-03 2.80449E-12 1.15325E-17 5.21933E-16 1.25029E-10 1.50207E-11 1.87898E-13 4.27152E-04
 4.92034E-11 9.67968E-14 6.68185E-05 1.59699E-13 7.68772E-12 4.05053E-10 8.96133E-08 9.45016E-19
 3.07125E-07 1.03284E-06 2.87501E-08 3.93748E-10 5.00521E-12 8.65025E-09 1.20903E-12 2.05896E-12
 7.81478E-15 2.23315E-11 8.96974E-12 3.07371E-15 6.69269E-16 5.70782E-17 3.00882E-10 2.38435E-12
 9.23526E-17 7.33744E-13 3.05427E-11 8.06120E-13 2.12899E-03 3.12334E-12 1.07124E-17 9.74492E-16
 1.34285E-10 1.40136E-11 1.85060E-13 4.29229E-04 3.60566E-11 1.29959E-13 1.30286E-05 1.35620E-13
 5.77077E-12 2.93767E-10 1.11270E-07 7.41225E-19 3.07294E-07 1.03144E-06 2.73545E-08 2.61663E-10
 3.12389E-12 8.56835E-09 1.73124E-12 2.37979E-12 8.81057E-15 2.06127E-11 9.99795E-12 3.74017E-15
 2.12240E-15 4.14262E-16 2.98736E-10 2.31923E-12 1.03064E-16 9.02797E-13 3.14648E-11 1.07537E-12
 2.13017E-03 3.06844E-12 8.70017E-18 1.97340E-15 1.32355E-10 1.18541E-11 1.57626E-13 4.30448E-04
 2.40844E-11 1.65697E-13 9.29783E-07 1.30877E-13 4.29326E-12 1.99731E-10 1.41752E-07 6.26822E-19
 3.07465E-07 1.02946E-06 2.58351E-08 1.51708E-10 1.68577E-12 8.45171E-09 2.71038E-12 2.81612E-12
 1.29318E-14 1.91131E-11 9.52265E-12 5.14861E-15 4.48468E-15 3.17464E-15 2.96008E-10 2.41889E-12
 1.34387E-16 1.10693E-12 3.28818E-11 1.56764E-12 2.13012E-03 1.21776E-12 3.23520E-18 3.49354E-15
 9.85923E-11 8.95577E-12 6.04752E-14 4.30451E-04 1.65155E-11 3.25577E-13 9.38156E-07 1.45753E-13
 3.75925E-12 1.18882E-10 1.99023E-07 7.24395E-19 3.07696E-07 1.02524E-06 2.36059E-08 8.40924E-11
 1.45287E-12 8.22034E-09 3.28589E-12 3.78541E-12 1.36188E-14 1.83224E-11 8.69478E-12 8.01415E-15
 7.73570E-15 6.24897E-15 2.90727E-10 2.86622E-12 1.69642E-16 1.76117E-12 3.61803E-11 2.44094E-12
 2.13002E-03 3.17454E-13 7.61751E-19 2.93884E-15 6.38443E-11 5.52500E-12 1.19674E-14 4.30457E-04
 1.34894E-11 7.03741E-13 9.57149E-07 1.71696E-13 3.44559E-12 6.86098E-11 3.06691E-07 8.55501E-19
 3.08053E-07 1.01559E-06 2.03595E-08 5.73056E-11 1.56707E-12 7.74428E-09 3.37111E-12 4.86701E-12
 1.27811E-14 1.81080E-11 7.57792E-12 1.45819E-14 1.44142E-14 1.80239E-14 2.79780E-10 4.32127E-12
 2.34916E-16 3.40710E-12 4.20861E-11 4.35571E-12 2.12984E-03 4.41245E-14 9.08587E-20 1.81367E-15
 3.20431E-11 2.67441E-12 1.11989E-15 4.30468E-04 1.42542E-11 1.52385E-12 9.95994E-07 2.35953E-13
 3.75664E-12 5.43653E-11 4.70646E-07 1.13624E-18 3.08543E-07 9.95867E-07 1.64649E-08 5.94185E-11
 2.10852E-12 6.90472E-09 3.05865E-12 5.69818E-12 1.23253E-14 1.86423E-11 6.57783E-12 2.63321E-14
 2.39400E-14 6.03565E-14 2.59685E-10 8.36202E-12 3.81396E-16 7.13258E-12 5.11333E-11 7.54883E-12
 2.12955E-03 3.04584E-15 5.88642E-21 7.62599E-16 1.12149E-11 1.03913E-12 5.34998E-17 4.30488E-04
 1.65919E-11 3.01379E-12 1.06158E-06 3.49858E-13 4.59934E-12 5.82899E-11 6.52734E-07 1.65165E-18
 3.08996E-07 9.62744E-07 1.31075E-08 7.04489E-11 2.83510E-12 5.73266E-09 2.93605E-12 6.48383E-12
 1.35132E-14 1.96559E-11 5.91612E-12 4.14757E-14 3.28538E-14 1.60083E-13 2.29798E-10 1.62026E-11
 6.96923E-16 1.33586E-11 6.31760E-11 1.11201E-11 2.12920E-03 1.13527E-16 2.39303E-22 2.30551E-16
 2.69672E-12 3.04417E-13 1.54990E-18 4.30517E-04 1.91447E-11 5.32400E-12 1.15389E-06 5.27839E-13
 5.87096E-12 6.86369E-11 7.96326E-07 2.66078E-18 3.09092E-07 9.16396E-07 1.11423E-08 7.86189E-11
 3.48962E-12 4.42453E-09 3.22545E-12 7.49674E-12 1.71830E-14 2.09574E-11 5.48024E-12 5.66941E-14
 3.85798E-14 3.04099E-13 1.93522E-10 2.77684E-11 1.31278E-15 2.13071E-11 7.69808E-11 1.37784E-11
 2.12888E-03 2.60356E-18 6.94984E-24 5.55776E-17 4.75786E-13 6.71469E-14 3.12905E-20 4.30556E-04
 2.14629E-11 8.61735E-12 1.27085E-06 8.05812E-13 7.55117E-12 8.08017E-11 8.73023E-07 4.78231E-18
 3.08522E-07 8.58014E-07 1.04084E-08 8.09930E-11 4.01958E-12 3.17037E-09 3.89917E-12 8.67920E-12
 2.42317E-14 2.24141E-11 5.00829E-12 6.92989E-14 3.95439E-14 4.51779E-13 1.54768E-10 4.25333E-11
 2.45680E-15 3.02596E-11 9.07012E-11 1.47844E-11 2.12863E-03 3.96927E-20 1.51460E-25 1.09926E-17
 6.42334E-14 1.14884E-14 4.62585E-22 4.30601E-04 2.32932E-11 1.31538E-11 1.40550E-06 1.24097E-12
 9.58416E-12 9.11326E-11 8.82322E-07 9.22989E-18 3.07109E-07 7.91163E-07 1.03348E-08 7.75137E-11
 4.43745E-12 2.12936E-09 4.91962E-12 9.80941E-12 3.58393E-14 2.37366E-11 4.34271E-12 7.64280E-14
 3.51443E-14 5.59541E-13 1.17994E-10 5.89024E-11 4.50577E-15 3.95033E-11 1.02527E-10 1.38851E-11
 2.12846E-03 4.37061E-22 2.73227E-27 1.82731E-18 7.00309E-15 1.60793E-15 5.51594E-24 4.30652E-04
 2.44689E-11 1.94010E-11 1.55087E-06 1.92051E-12 1.18403E-11 9.62187E-11 8.39698E-07 1.84026E-17
 3.04882E-07 7.19332E-07 1.04016E-08 6.93880E-11 4.76765E-12 1.35488E-09 6.20341E-12 1.05974E-11
 5.30397E-14 2.45573E-11 3.47552E-12 7.65283E-14 2.69494E-14 6.06993E-13 8.59855E-11 7.45766E-11
 8.12017E-15 4.85822E-11 1.12020E-10 1.15315E-11 2.12835E-03 3.69672E-24 6.66682E-29 2.57729E-19
 6.39826E-16 1.94605E-16 8.65861E-26 4.30704E-04 2.49646E-11 2.80981E-11 1.69869E-06 2.97573E-12
 1.41177E-11 9.39917E-11 7.61128E-07 3.72730E-17 3.02111E-07 6.46514E-07 1.03312E-08 5.83788E-11
 5.02650E-12 8.30747E-10 7.62026E-12 1.08010E-11 7.62972E-14 2.45432E-11 2.52522E-12 6.99487E-14
 1.78175E-14 5.93253E-13 6.02355E-11 8.68427E-11 1.45015E-14 5.71102E-11 1.19964E-10 8.54456E-12
 2.12829E-03 2.55991E-26 5.23979E-30 3.16043E-20 5.10362E-17 2.65586E-17 4.26214E-27 4.30756E-04
 2.48978E-11 4.03752E-11 1.84083E-06 4.60166E-12 1.61767E-11 8.47272E-11 6.59132E-07 7.66810E-17
 2.99266E-07 5.76556E-07 1.00549E-08 4.63295E-11 5.21826E-12 5.02097E-10 9.02981E-12 1.03381E-11
 1.05327E-13 2.35342E-11 1.65566E-12 5.88930E-14 1.02413E-14 5.29360E-13 4.09479E-11 9.32845E-11
 2.59743E-14 6.46846E-11 1.28167E-10 5.70910E-12 2.12828E-03 1.60527E-28 6.80815E-31 3.61750E-21
 3.84633E-18 1.13765E-17 3.35635E-28 4.30804E-04 2.43618E-11 5.76749E-11 1.97300E-06 7.04319E-12
 1.78157E-11 7.12168E-11 5.45335E-07 1.60279E-16 2.96868E-07 5.11343E-07 9.64055E-09 3.48676E-11
 5.31826E-12 3.03834E-10 1.03225E-11 9.32062E-12 1.38429E-13 2.15169E-11 9.87679E-13 4.62776E-14
 5.21918E-15 4.33847E-13 2.71552E-11 9.27305E-11 4.69769E-14 7.08258E-11 1.38738E-10 3.49239E-12
 2.12828E-03 2.10972E-30 1.50525E-31 6.65223E-22 4.73864E-19 1.34292E-17 4.36389E-29 4.30846E-04
 2.34199E-11 8.14447E-11 2.09222E-06 1.04790E-11 1.90343E-11 5.78048E-11 4.35872E-07 3.35789E-16
 2.95466E-07 4.52082E-07 9.23971E-09 2.54224E-11 5.29817E-12 1.86457E-10 1.14548E-11 8.01219E-12
 1.71217E-13 1.86367E-11 5.54295E-13 3.44786E-14 2.43804E-15 3.27249E-13 1.76851E-11 8.60320E-11
 8.43925E-14 7.47836E-11 1.52600E-10 1.99673E-12 2.12830E-03 8.74204E-31 1.38249E-31 5.04412E-22
 2.47572E-19 1.36526E-17 2.42686E-29 4.30881E-04 2.21873E-11 1.13128E-10 2.19665E-06 1.49157E-11
 2.00986E-11 4.76200E-11 3.44801E-07 6.91001E-16 2.95570E-07 3.99454E-07 8.99265E-09 1.86150E-11
 5.17114E-12 1.17178E-10 1.24127E-11 6.65784E-12 1.97366E-13 1.52467E-11 3.05963E-13 2.47192E-14
 1.07909E-15 2.29050E-13 1.14123E-11 7.59823E-11 1.46095E-13 7.60052E-11 1.68723E-10 1.08857E-12
 2.12830E-03 1.07635E-30 2.23260E-31 6.64407E-22 2.34001E-19 1.36629E-17 2.29809E-29 4.30908E-04
 2.08072E-11 1.54573E-10 2.28602E-06 2.02615E-11 2.13404E-11 4.11625E-11 2.75732E-07 1.38118E-15
 2.97589E-07 3.53372E-07 8.95818E-09 1.40760E-11 4.97889E-12 7.57269E-11 1.31513E-11 5.38367E-12
 2.11829E-13 1.18001E-11 1.70744E-13 1.72224E-14 4.60239E-16 1.51230E-13 7.35188E-12 6.54045E-11
 2.39246E-13 7.46481E-11 1.85277E-10 5.72707E-13 2.12827E-03 1.47014E-30 3.81914E-31 9.11055E-22
 2.40804E-19 1.36526E-17 2.52891E-29 4.30928E-04 1.93900E-11 2.08039E-10 2.36107E-06 2.64511E-11
 2.29955E-11 3.76067E-11 2.24719E-07 2.67692E-15 3.01842E-07 3.13317E-07 9.13478E-09 1.11021E-11
 4.75657E-12 5.03360E-11 1.36039E-11 4.24210E-12 2.12912E-13 8.67824E-12 9.69932E-14 1.17191E-14
 1.89796E-16 9.57705E-14 4.75362E-12 5.58154E-11 3.70155E-13 7.13437E-11 2.01009E-10 2.92221E-13
 2.12824E-03 2.11114E-30 6.57972E-31 1.23892E-21 2.55779E-19 1.36340E-17 2.98825E-29 4.30941E-04
 1.79943E-11 2.75715E-10 2.42301E-06 3.34977E-11 2.52119E-11 3.60760E-11 1.86246E-07 5.03890E-15
 3.08599E-07 2.78539E-07 9.50181E-09 9.11324E-12 4.52181E-12 3.43047E-11 1.37223E-11 3.26047E-12
 2.02087E-13 6.10357E-12 5.59418E-14 7.80762E-15 7.56406E-17 5.88471E-14 3.09282E-12 4.76427E-11
 5.44956E-13 6.67597E-11 2.15454E-10 1.44986E-13 2.12819E-03 3.16099E-30 1.13649E-30 1.66791E-21
 2.77774E-19 1.36081E-17 3.74545E-29 4.30948E-04 1.66613E-11 3.59485E-10 2.47271E-06 4.15050E-11
 2.81005E-11 3.59940E-11 1.56060E-07 9.23572E-15 3.18047E-07 2.48517E-07 1.00373E-08 7.73359E-12
 4.28383E-12 2.39256E-11 1.35302E-11 2.45577E-12 1.83162E-13 4.14592E-12 3.26874E-14 5.11377E-15
 2.92832E-17 3.52787E-14 2.03370E-12 4.07864E-11 7.69703E-13 6.13897E-11 2.28617E-10 7.02507E-14
 2.12814E-03 4.88849E-30 1.96210E-30 2.22270E-21 3.06401E-19 1.35753E-17 4.90827E-29 4.30948E-04
 1.54015E-11 4.60367E-10 2.51129E-06 5.06569E-11 3.17696E-11 3.70528E-11 1.31338E-07 1.65151E-14
 3.30368E-07 2.22591E-07 1.07230E-08 6.72921E-12 4.04386E-12 1.70129E-11 1.30954E-11 1.82587E-12
 1.60303E-13 2.75133E-12 1.93560E-14 3.31077E-15 1.11212E-17 2.06867E-14 1.35463E-12 3.50191E-11
 1.05021E-12 5.55998E-11 2.40619E-10 3.34561E-14 2.12810E-03 7.73193E-30 3.37466E-30 2.92991E-21
 3.41530E-19 1.35356E-17 6.63420E-29 4.30942E-04 1.41972E-11 5.77842E-10 2.54012E-06 6.11988E-11
 3.63404E-11 3.91250E-11 1.10368E-07 2.88337E-14 3.45923E-07 1.99894E-07 1.15505E-08 5.95253E-12
 3.79688E-12 1.22382E-11 1.24919E-11 1.35143E-12 1.36705E-13 1.80415E-12 1.16452E-14 2.13092E-15
 4.19276E-18 1.18891E-14 9.11151E-13 3.01375E-11 1.39168E-12 4.96905E-11 2.51528E-10 1.57855E-14
 2.12805E-03 1.24020E-29 5.76568E-30 3.81876E-21 3.83469E-19 1.34887E-17 9.15294E-29 4.30932E-04
 1.30502E-11 7.10343E-10 2.55979E-06 7.34232E-11 4.19450E-11 4.21801E-11 9.23078E-08 4.92002E-14
 3.64904E-07 1.80029E-07 1.25145E-08 5.32003E-12 3.54349E-12 8.88101E-12 1.18195E-11 1.00646E-12
 1.14714E-13 1.18408E-12 7.16036E-15 1.37484E-15 1.59666E-18 6.69545E-15 6.20079E-13 2.59433E-11
 1.79598E-12 4.38494E-11 2.61448E-10 7.44998E-15 2.12800E-03 1.99940E-29 9.74527E-30 4.91887E-21
 4.32773E-19 1.34340E-17 1.27811E-28 4.30916E-04 1.19630E-11 8.55576E-10 2.57086E-06 8.76475E-11
 4.87231E-11 4.62354E-11 7.67226E-08 8.21487E-14 3.87397E-07 1.62679E-07 1.36137E-08 4.78182E-12
 3.28609E-12 6.49641E-12 1.11578E-11 7.61651E-13 9.54693E-14 7.86550E-13 4.52668E-15 8.96430E-16
 6.24654E-19 3.68917E-15 4.28490E-13 2.22735E-11 2.26031E-12 3.82011E-11 2.70483E-10 3.54662E-15
 2.12795E-03 3.21476E-29 1.62353E-29 6.26251E-21 4.90336E-19 1.33706E-17 1.79553E-28 4.30895E-04
 1.09205E-11 1.01088E-09 2.57399E-06 1.04188E-10 5.68166E-11 5.13277E-11 6.33305E-08 1.34381E-13
 4.13827E-07 1.47292E-07 1.48616E-08 4.30229E-12 3.02393E-12 4.76913E-12 1.05402E-11 5.89597E-13
 7.91080E-14 5.32455E-13 2.95224E-15 5.93923E-16 2.53908E-19 1.98629E-15 3.00083E-13 1.90164E-11
 2.77792E-12 3.28511E-11 2.78685E-10 1.71224E-15 2.12790E-03 5.13129E-29 2.66215E-29 7.89481E-21
 5.57864E-19 1.32966E-17 2.53003E-28 4.30870E-04 9.91802E-12 1.17463E-09 2.56959E-06 1.23342E-10
 6.63579E-11 5.74823E-11 5.19495E-08 2.15781E-13 4.44509E-07 1.33501E-07 1.62773E-08 3.86194E-12
 2.75937E-12 3.50693E-12 9.98778E-12 4.69106E-13 6.54379E-14 3.69040E-13 1.99034E-15 4.01675E-16
 1.08202E-19 1.04260E-15 2.12989E-13 1.60873E-11 3.33654E-12 2.78643E-11 2.86111E-10 8.40936E-16
 2.12786E-03 8.10185E-29 4.29283E-29 9.87707E-21 6.37629E-19 1.32098E-17 3.56949E-28 4.30841E-04
 8.95847E-12 1.34661E-09 2.55805E-06 1.45380E-10 7.74683E-11 6.47063E-11 4.24003E-08 3.40896E-13
 4.79557E-07 1.21056E-07 1.78867E-08 3.45142E-12 2.49657E-12 2.58402E-12 9.51089E-12 3.84698E-13
 5.41243E-14 2.62516E-13 1.38780E-15 2.78182E-16 4.86267E-20 5.32191E-16 1.53488E-13 1.34375E-11
 3.91895E-12 2.32893E-11 2.92792E-10 4.20637E-16 2.12780E-03 1.26246E-28 6.80685E-29 1.22929E-20
 7.32445E-19 1.31071E-17 5.03830E-28 4.30807E-04 8.05020E-12 1.52781E-09 2.53983E-06 1.70563E-10
 9.02720E-11 7.30058E-11 3.44785E-08 5.31130E-13 5.18990E-07 1.09726E-07 1.97300E-08 3.06626E-12
 2.23943E-12 1.90987E-12 9.10952E-12 3.25397E-13 4.47947E-14 1.91729E-13 9.99761E-16 1.97546E-16
 2.30938E-20 2.63775E-16 1.12504E-13 1.10539E-11 4.50554E-12 1.91706E-11 2.98727E-10 2.14193E-16
 2.12775E-03 1.93964E-28 1.06201E-28 1.52514E-20 8.45588E-19 1.29853E-17 7.11271E-28 4.30769E-04
 7.22018E-12 1.71994E-09 2.51552E-06 1.99238E-10 1.04943E-10 8.24363E-11 2.79627E-08 8.18193E-13
 5.62560E-07 9.93413E-08 2.18654E-08 2.70569E-12 1.99170E-12 1.41996E-12 8.77965E-12 2.83685E-13
 3.71248E-14 1.43703E-13 7.42807E-16 1.43868E-16 1.15854E-20 1.26901E-16 8.41151E-14 8.94613E-12
 5.07674E-12 1.55411E-11 3.03898E-10 1.10902E-16 2.12770E-03 2.93714E-28 1.63132E-28 1.88645E-20
 9.79694E-19 1.28416E-17 1.00318E-27 4.30728E-04 6.52373E-12 1.92390E-09 2.48547E-06 2.32001E-10
 1.21808E-10 9.32288E-11 2.26219E-08 1.24952E-12 6.10442E-07 8.96369E-08 2.44144E-08 2.36709E-12
 1.75367E-12 1.06182E-12 8.50978E-12 2.54429E-13 3.08326E-14 1.10433E-13 5.68069E-16 1.07355E-16
 6.12207E-21 5.93135E-17 6.40908E-14 7.13030E-12 5.61597E-12 1.24148E-11 3.08298E-10 5.82821E-17
 2.12765E-03 4.39289E-28 2.47217E-28 2.32303E-20 1.13681E-18 1.26739E-17 1.41197E-27 4.30684E-04
 6.07890E-12 2.13815E-09 2.44985E-06 2.70023E-10 1.41525E-10 1.05982E-10 1.82364E-08 1.89754E-12
 6.62946E-07 8.03762E-08 2.75965E-08 2.04829E-12 1.52447E-12 7.97802E-13 8.28840E-12 2.34459E-13
 2.57098E-14 8.71059E-14 4.47098E-16 8.20918E-17 3.40338E-21 2.69536E-17 4.96645E-14 5.61243E-12
 6.10827E-12 9.77696E-12 3.11952E-10 3.10523E-17 2.12759E-03 6.52108E-28 3.70967E-28 2.83689E-20
 1.31710E-18 1.24820E-17 1.97962E-27 4.30636E-04 6.08230E-12 2.35730E-09 2.40896E-06 3.15439E-10
 1.65308E-10 1.21871E-10 1.46157E-08 2.87571E-12 7.19962E-07 7.14565E-08 3.17464E-08 1.75005E-12
 1.30477E-12 6.02975E-13 8.10681E-12 2.22117E-13 2.16014E-14 7.08300E-14 3.63163E-16 6.44970E-17
 1.99647E-21 1.19060E-17 3.91275E-14 4.38111E-12 6.53848E-12 7.59012E-12 3.14925E-10 1.67787E-17
 2.12754E-03 9.67680E-28 5.53917E-28 3.41248E-20 1.51718E-18 1.22694E-17 2.75659E-27 4.30584E-04
 6.75596E-12 2.57305E-09 2.36273E-06 3.71527E-10 1.95043E-10 1.42782E-10 1.16164E-08 4.36561E-12
 7.81784E-07 6.27717E-08 3.73698E-08 1.47313E-12 1.09571E-12 4.57923E-13 7.95533E-12 2.16559E-13
 1.83540E-14 5.96711E-14 3.05556E-16 5.22595E-17 1.24122E-21 5.11124E-18 3.12678E-14 3.40736E-12
 6.89381E-12 5.80839E-12 3.17308E-10 9.20136E-18 2.12748E-03 1.44928E-27 8.28795E-28 4.02021E-20
 1.73332E-18 1.20401E-17 3.80683E-27 4.30527E-04 8.24090E-12 2.77938E-09 2.31080E-06 4.42446E-10
 2.33173E-10 1.71200E-10 9.14771E-09 6.66223E-12 8.48798E-07 5.42871E-08 4.51301E-08 1.21979E-12
 9.00686E-13 3.48823E-13 7.82588E-12 2.17136E-13 1.58026E-14 5.21725E-14 2.66549E-16 4.37812E-17
 8.18923E-22 2.13619E-18 2.52820E-14 2.65005E-12 7.16871E-12 4.38537E-12 3.19193E-10 5.12067E-18
 2.12742E-03 2.20614E-27 1.24940E-27 4.62677E-20 1.96345E-18 1.17966E-17 5.21382E-27 4.30465E-04
 1.04853E-11 2.97882E-09 2.25328E-06 5.32527E-10 2.82305E-10 2.09797E-10 7.15358E-09 1.02466E-11
 9.20656E-07 4.61343E-08 5.57268E-08 9.94399E-13 7.25588E-13 2.66737E-13 7.71361E-12 2.22853E-13
 1.37751E-14 4.71092E-14 2.39841E-16 3.78663E-17 5.69633E-22 8.73843E-19 2.06856E-14 2.06475E-12
 7.36946E-12 3.27547E-12 3.20664E-10 2.88572E-18 2.12736E-03 3.40976E-27 1.89694E-27 5.20900E-20
 2.20723E-18 1.15393E-17 7.08422E-27 4.30396E-04 1.32105E-11 3.18499E-09 2.19043E-06 6.45368E-10
 3.44651E-10 2.60789E-10 5.58411E-09 1.58967E-11 9.96712E-07 3.85126E-08 6.98074E-08 7.99743E-13
 5.74912E-13 2.05076E-13 7.61535E-12 2.32037E-13 1.21081E-14 4.34021E-14 2.20022E-16 3.35613E-17
 4.10832E-22 3.53151E-19 1.71444E-14 1.61153E-12 7.51333E-12 2.43156E-12 3.21792E-10 1.63971E-18
 2.12731E-03 5.30232E-27 2.88318E-27 5.76970E-20 2.46743E-18 1.12656E-17 9.55807E-27 4.30321E-04
 1.59645E-11 3.41977E-09 2.12162E-06 7.83061E-10 4.21519E-10 3.25363E-10 4.37881E-09 2.48529E-11
 1.07737E-06 3.15250E-08 8.81134E-08 6.34066E-13 4.48701E-13 1.58171E-13 7.52808E-12 2.42417E-13
 1.06679E-14 4.01570E-14 2.02715E-16 3.01024E-17 2.99961E-22 1.42652E-19 1.43751E-14 1.25863E-12
 7.62184E-12 1.80461E-12 3.22636E-10 9.34428E-19 2.12725E-03 8.19481E-27 4.35080E-27 6.34545E-20
 2.75219E-18 1.09668E-17 1.28344E-26 4.30237E-04 1.82694E-11 3.70803E-09 2.04603E-06 9.46104E-10
 5.13042E-10 4.03165E-10 3.46790E-09 3.90577E-11 1.16326E-06 2.52607E-08 1.11460E-07 4.94451E-13
 3.44964E-13 1.21995E-13 7.44993E-12 2.51575E-13 9.36813E-15 3.67685E-14 1.84961E-16 2.69405E-17
 2.16361E-22 5.82839E-20 1.21781E-14 9.82834E-13 7.71437E-12 1.34698E-12 3.23248E-10 5.31833E-19
 2.12719E-03 1.24343E-26 6.46404E-27 6.98817E-20 3.07085E-18 1.06332E-17 1.71796E-26 4.30144E-04
 1.98158E-11 4.07391E-09 1.96404E-06 1.13405E-09 6.18164E-10 4.91739E-10 2.78273E-09 6.14991E-11
 1.25373E-06 1.98616E-08 1.40440E-07 3.79427E-13 2.61944E-13 9.41337E-14 7.38051E-12 2.57436E-13
 8.16964E-15 3.29710E-14 1.65350E-16 2.37699E-17 1.51212E-22 2.43455E-20 1.04388E-14 7.67526E-13
 7.80690E-12 1.01656E-12 3.23671E-10 3.01770E-19 2.12714E-03 1.83157E-26 9.38233E-27 7.73964E-20
 3.42699E-18 1.02606E-17 2.28982E-26 4.30040E-04 2.04528E-11 4.54228E-09 1.87539E-06 1.34529E-09
 7.34588E-10 5.86743E-10 2.26547E-09 9.67011E-11 1.34903E-06 1.53419E-08 1.75965E-07 2.86209E-13
 1.96574E-13 7.25124E-14 7.31868E-12 2.58409E-13 7.05709E-15 2.87482E-14 1.43737E-16 2.04798E-17
 1.00899E-22 1.04797E-20 9.05163E-15 5.99648E-13 7.91155E-12 7.78809E-13 3.23939E-10 1.70503E-19
 2.12708E-03 2.60075E-26 1.32427E-26 8.64574E-20 3.82416E-18 9.84514E-18 3.03636E-26 4.29924E-04
 2.01753E-11 5.14122E-09 1.77949E-06 1.57698E-09 8.58837E-10 6.82200E-10 1.87143E-09 1.51417E-10
 1.44984E-06 1.16445E-08 2.19503E-07 2.11807E-13 1.45671E-13 5.55548E-14 7.26285E-12 2.53540E-13
 6.02798E-15 2.42541E-14 1.20874E-16 1.71112E-17 6.36083E-23 4.66933E-21 7.93251E-15 4.68624E-13
 8.03714E-12 6.07044E-13 3.24081E-10 9.57937E-20 2.12703E-03 3.54587E-26 1.81315E-26 9.75633E-20
 4.26464E-18 9.38393E-18 4.00186E-26 4.29795E-04 1.91458E-11 5.90351E-09 1.67676E-06 1.82550E-09
 9.86596E-10 7.70995E-10 1.56729E-09 2.35618E-10 1.55589E-06 8.70780E-09 2.72926E-07 1.53905E-13
 1.06764E-13 4.22611E-14 7.21163E-12 2.42636E-13 5.08738E-15 1.97491E-14 9.80327E-17 1.38098E-17
 3.76678E-23 2.15486E-21 7.02784E-15 3.66045E-13 8.19048E-12 4.81540E-13 3.24118E-10 5.34312E-20
 2.12698E-03 4.62909E-26 2.40410E-26 1.11127E-19 4.74380E-18 8.88119E-18 5.23118E-26 4.29650E-04
 1.75884E-11 6.87064E-09 1.56770E-06 2.08601E-09 1.11303E-09 8.46145E-10 1.32915E-09 3.63945E-10
 1.66688E-06 6.43112E-09 3.39291E-07 1.09907E-13 7.74825E-14 3.18480E-14 7.16321E-12 2.26174E-13
 4.23962E-15 1.54932E-14 7.65421E-17 1.07431E-17 2.08846E-23 1.02669E-21 6.29401E-15 2.85190E-13
 8.37563E-12 3.88117E-13 3.24067E-10 2.94999E-20 2.12693E-03 5.78244E-26 3.08620E-26 1.27618E-19
 5.25430E-18 8.34382E-18 6.77098E-26 4.29485E-04 1.57648E-11 8.09543E-09 1.45385E-06 2.35327E-09
 1.23334E-09 9.01664E-10 1.13984E-09 5.57898E-10 1.78151E-06 4.71183E-09 4.22820E-07 7.73832E-14
 5.58607E-14 2.37657E-14 7.11604E-12 2.05221E-13 3.48839E-15 1.17046E-14 5.74925E-17 8.05611E-18
 1.08395E-23 5.02100E-22 5.70074E-15 2.21039E-13 8.59580E-12 3.16914E-13 3.23940E-10 1.60670E-20
 2.12689E-03 6.91313E-26 3.83758E-26 1.47451E-19 5.78251E-18 7.78510E-18 8.66112E-26 4.29298E-04
 1.39118E-11 9.64797E-09 1.33747E-06 2.62205E-09 1.34314E-09 9.33304E-10 9.87215E-10 8.49244E-10
 1.89777E-06 3.44552E-09 5.29155E-07 5.39772E-14 4.01970E-14 1.75822E-14 7.06880E-12 1.81197E-13
 2.83476E-15 8.51996E-15 4.15380E-17 5.83454E-18 5.27863E-24 2.50232E-22 5.22443E-15 1.69929E-13
 8.85466E-12 2.61212E-13 3.23744E-10 8.60129E-21 2.12685E-03 7.91924E-26 4.62846E-26 1.71006E-19
 6.31085E-18 7.22235E-18 1.09297E-25 4.29083E-04 1.21633E-11 1.16330E-08 1.21981E-06 2.88535E-09
 1.43797E-09 9.38564E-10 8.63389E-10 1.28546E-09 2.01462E-06 2.52269E-09 6.66914E-07 3.73666E-14
 2.89182E-14 1.28801E-14 7.01968E-12 1.55522E-13 2.27441E-15 5.97097E-15 2.88387E-17 4.08814E-18
 2.41493E-24 1.25949E-22 4.84068E-15 1.29029E-13 9.15500E-12 2.16354E-13 3.23484E-10 4.50143E-21
 2.12683E-03 8.70821E-26 5.42596E-26 1.98981E-19 6.82679E-18 6.66740E-18 1.36052E-25 4.28831E-04
 1.05735E-11 1.42195E-08 1.10130E-06 3.13308E-09 1.51289E-09 9.16155E-10 7.63582E-10 1.93881E-09
 2.13176E-06 1.84980E-09 8.48734E-07 2.56255E-14 2.07615E-14 9.30597E-15 6.96652E-12 1.29464E-13
 1.79958E-15 4.01695E-15 1.91867E-17 2.77479E-18 1.03720E-24 6.33032E-23 4.52796E-15 9.61610E-14
 9.49958E-12 1.79060E-13 3.23161E-10 2.28475E-21 2.12682E-03 9.20025E-26 6.19301E-26 2.32576E-19
 7.32272E-18 6.12659E-18 1.67189E-25 4.28530E-04 9.16349E-12 1.76888E-08 9.82708E-07 3.35226E-09
 1.56236E-09 8.65913E-10 6.85008E-10 2.92198E-09 2.24853E-06 1.35804E-09 1.09101E-06 1.73436E-14
 1.48260E-14 6.59958E-15 6.90740E-12 1.04140E-13 1.40174E-15 2.58163E-15 1.21732E-17 1.82782E-18
 4.17584E-25 3.13324E-23 4.27048E-15 6.97452E-14 9.89395E-12 1.47051E-13 3.22774E-10 1.11286E-21
 2.12683E-03 9.33034E-26 6.88654E-26 2.73545E-19 7.79123E-18 5.60545E-18 2.02941E-25 4.28161E-04
 7.95833E-12 2.25072E-08 8.66527E-07 3.52965E-09 1.58105E-09 7.89716E-10 6.25790E-10 4.41493E-09
 2.36248E-06 1.00140E-09 1.41004E-06 1.15565E-14 1.05152E-14 4.58778E-15 6.84165E-12 8.05723E-14
 1.07339E-15 1.57853E-15 7.32087E-18 1.17398E-18 1.57816E-25 1.50420E-23 4.05903E-15 4.87621E-14
 1.03505E-11 1.18918E-13 3.22313E-10 5.14273E-22 2.12687E-03 9.06343E-26 7.46347E-26 3.24057E-19
 8.21973E-18 5.11446E-18 2.43155E-25 4.27709E-04 6.96617E-12 2.94772E-08 7.55598E-07 3.64881E-09
 1.56391E-09 6.92114E-10 5.84919E-10 6.70984E-09 2.47072E-06 7.44595E-10 1.82082E-06 7.55022E-15
 7.38069E-15 3.12555E-15 6.76906E-12 5.96048E-14 8.06197E-16 9.14114E-16 4.14254E-18 7.39752E-19
 5.61129E-26 6.88151E-24 3.88613E-15 3.24858E-14 1.08817E-11 9.38540E-14 3.21767E-10 2.22485E-22
 2.12694E-03 8.41620E-26 7.89319E-26 3.87455E-19 8.59625E-18 4.66234E-18 2.87433E-25 4.27159E-04
 6.15835E-12 4.00598E-08 6.51037E-07 3.68273E-09 1.50610E-09 5.79815E-10 5.62675E-10 1.02861E-08
 2.57197E-06 5.57816E-10 2.34246E-06 4.77726E-15 5.06089E-15 2.07302E-15 6.68821E-12 4.18257E-14
 5.90468E-16 4.96455E-16 2.18251E-18 4.59700E-19 1.87719E-26 2.93313E-24 3.74298E-15 2.02958E-14
 1.14889E-11 7.14753E-14 3.21135E-10 8.84547E-23 2.12705E-03 7.46011E-26 8.16618E-26 4.70202E-19
 8.91504E-18 4.24825E-18 3.35777E-25 4.26490E-04 5.49466E-12 5.67797E-08 5.54458E-07 3.60979E-09
 1.40843E-09 4.63834E-10 5.58297E-10 1.59286E-08 2.66426E-06 4.20900E-10 2.98994E-06 2.88608E-15
 3.33170E-15 1.32704E-15 6.59803E-12 2.76885E-14 4.19566E-16 2.51588E-16 1.06369E-18 2.83784E-19
 5.88337E-27 1.14786E-24 3.62327E-15 1.17716E-14 1.21748E-11 5.21336E-14 3.20414E-10 3.19407E-23
 2.12721E-03 6.34929E-26 8.32766E-26 5.81552E-19 9.16696E-18 3.87198E-18 3.88191E-25 4.25688E-04
 4.87146E-12 8.22207E-08 4.68138E-07 3.53473E-09 1.31040E-09 3.60473E-10 5.56619E-10 2.52217E-08
 2.74449E-06 3.20717E-10 3.76402E-06 1.65044E-15 2.08053E-15 8.11043E-16 6.49867E-12 1.76397E-14
 2.97401E-16 1.21789E-16 4.92616E-19 1.76122E-19 1.77750E-27 4.34833E-25 3.52316E-15 6.60300E-15
 1.30281E-11 3.74274E-14 3.19515E-10 1.08649E-23 2.12741E-03 5.42001E-26 8.75497E-26 7.14277E-19
 9.35668E-18 3.53618E-18 4.43526E-25 4.24751E-04 4.22360E-12 1.32274E-07 3.90893E-07 3.66922E-09
 1.25720E-09 2.65723E-10 5.82729E-10 4.65026E-08 2.80955E-06 2.47024E-10 4.66607E-06 8.55429E-16
 1.15149E-15 4.58175E-16 6.39160E-12 1.01369E-14 2.20897E-16 5.50001E-17 2.07001E-19 1.09820E-19
 4.94229E-28 1.53210E-25 3.43904E-15 3.49883E-15 1.43972E-11 2.59209E-14 3.18092E-10 3.23437E-24
 2.12765E-03 4.54615E-26 9.86422E-26 8.54571E-19 9.49996E-18 3.23887E-18 5.09426E-25 4.23679E-04
 3.95534E-12 5.86325E-07 3.15633E-07 1.83614E-09 6.78654E-10 1.27894E-10 1.40547E-09 1.12362E-07
 2.85154E-06 1.92392E-10 5.70897E-06 3.62955E-16 3.99603E-16 2.30163E-16 6.27958E-12 2.15354E-15
 8.21962E-17 1.61506E-17 3.88521E-20 5.07453E-20 7.27481E-29 1.87272E-26 3.36842E-15 5.99538E-16
 1.70642E-11 1.01961E-14 3.15371E-10 3.57053E-25 2.12774E-03 1.51032E-26 5.33373E-26 1.84002E-18
 8.76368E-18 2.97553E-18 5.89708E-25 4.22457E-04 2.47018E-12 3.44258E-06 2.50483E-07 5.46931E-10
 2.05722E-10 4.99193E-11 4.66542E-09 2.06702E-07 2.86886E-06 1.51744E-10 6.79109E-06 1.54202E-16
 1.92502E-16 1.17210E-16 6.15662E-12 2.99101E-16 1.86713E-17 4.53618E-18 5.76014E-21 1.14333E-20
 8.44304E-30 5.92483E-27 3.30699E-15 4.17720E-17 2.47017E-11 6.89817E-15 3.07661E-10 2.25833E-26
 2.12663E-03 2.44714E-27 1.10013E-26 4.13551E-18 6.68065E-18 2.74881E-18 4.00697E-25 4.21188E-04
 1.12477E-12 1.08987E-05 1.98811E-07 2.61876E-10 8.17087E-11 1.95357E-11 9.52707E-09 2.94141E-07
 2.87562E-06 1.21081E-10 7.85628E-06 6.77759E-17 1.24087E-16 7.30590E-17 6.02850E-12 1.32122E-16
 6.21042E-18 1.34378E-18 9.20441E-22 5.03401E-21 1.07500E-30 3.43789E-27 3.25189E-15 3.85759E-18
 3.49726E-11 6.19223E-15 2.97311E-10 1.55027E-27 2.12319E-03 3.48342E-28 2.63256E-27 5.56475E-18
 5.43217E-18 2.55417E-18 2.14321E-25 4.19926E-04 5.21565E-13 2.45868E-05 1.58351E-07 1.61370E-10
 3.92176E-11 7.77724E-12 1.49902E-08 3.68408E-07 2.87776E-06 9.75676E-11 8.90445E-06 3.08347E-17
 9.32725E-17 5.92999E-17 5.89804E-12 1.00445E-16 2.69896E-18 4.18798E-19 1.64026E-22 3.43962E-21
 1.66639E-31 2.12027E-27 3.20179E-15 7.07289E-19 4.61253E-11 5.67957E-15 2.86074E-10 3.04939E-28
 2.11660E-03 4.73874E-29 7.69058E-28 6.08857E-18 5.06345E-18 2.38511E-18 1.12863E-25 4.18670E-04
 2.78360E-13 4.55868E-05 1.26871E-07 1.12415E-10 2.11341E-11 3.15720E-12 2.03053E-08 4.29267E-07
 2.87772E-06 7.94119E-11 9.93424E-06 1.45332E-17 7.70989E-17 5.75982E-17 5.76744E-12 8.44336E-17
 1.34068E-18 1.37285E-19 3.35807E-23 2.52720E-21 3.63160E-32 1.28348E-27 3.15618E-15 1.86168E-19
 5.73547E-11 5.15555E-15 2.74755E-10 1.07998E-28 2.10632E-03 6.39882E-30 2.65674E-28 6.17943E-18
 5.10557E-18 2.23772E-18 6.20198E-26 4.17419E-04 1.68469E-13 7.44519E-05 1.02389E-07 8.33085E-11
 1.23129E-11 1.30816E-12 2.49077E-08 4.78453E-07 2.87663E-06 6.52970E-11 1.09466E-05 7.09329E-18
 6.79217E-17 6.04719E-17 5.63832E-12 7.17699E-17 7.11523E-19 4.73017E-20 8.10001E-24 1.85907E-21
 1.14838E-32 7.54119E-28 3.11463E-15 5.95267E-20 6.82907E-11 4.60934E-15 2.63725E-10 4.39964E-29
 2.09208E-03 8.86255E-31 1.06071E-28 6.15834E-18 5.24057E-18 2.10866E-18 3.62517E-26 4.16173E-04
 1.11979E-13 1.11243E-04 8.33080E-08 6.37183E-11 7.59297E-12 5.54071E-13 2.84128E-08 5.18034E-07
 2.87504E-06 5.42513E-11 1.19433E-05 3.58192E-18 6.24924E-17 6.50690E-17 5.51188E-12 6.08768E-17
 3.90522E-19 1.71132E-20 2.31559E-24 1.35884E-21 4.57185E-33 4.29641E-28 3.07674E-15 2.16709E-20
 7.87445E-11 4.05728E-15 2.53171E-10 1.90985E-29 2.07386E-03 1.31266E-31 4.79552E-29 6.16968E-18
 5.32676E-18 1.99515E-18 2.25921E-26 4.14927E-04 8.00115E-14 1.55600E-04 6.83937E-08 4.95028E-11
 4.89112E-12 2.40457E-13 3.06219E-08 5.49880E-07 2.87322E-06 4.55572E-11 1.29261E-05 1.87003E-18
 5.92043E-17 7.03661E-17 5.38908E-12 5.14798E-17 2.18000E-19 6.49393E-21 7.68471E-25 9.88062E-22
 1.99961E-33 2.37543E-28 3.04217E-15 8.66523E-21 8.86077E-11 3.51757E-15 2.43201E-10 8.65196E-30
 2.05183E-03 2.20055E-32 2.40780E-29 6.26173E-18 5.31806E-18 1.89496E-18 1.49282E-26 4.13681E-04
 6.06203E-14 2.06852E-04 5.67057E-08 3.87233E-11 3.26175E-12 1.07297E-13 3.15094E-08 5.75537E-07
 2.87132E-06 3.86815E-11 1.38964E-05 1.00955E-18 5.71845E-17 7.60570E-17 5.27070E-12 4.34379E-17
 1.22664E-19 2.58278E-21 2.85734E-25 7.16033E-22 9.02999E-34 1.27608E-28 3.01060E-15 3.71775E-21
 9.78153E-11 3.00554E-15 2.33881E-10 4.04330E-30 2.02635E-03 4.44495E-33 1.31853E-29 6.44058E-18
 5.21019E-18 1.80627E-18 1.03680E-26 4.12431E-04 4.82499E-14 2.64117E-04 4.75349E-08 3.03484E-11
 2.23738E-12 4.96190E-14 3.11886E-08 5.96235E-07 2.86944E-06 3.32273E-11 1.48556E-05 5.65660E-19
 5.59304E-17 8.20974E-17 5.15737E-12 3.66043E-17 6.92794E-20 1.08081E-21 1.15469E-25 5.17851E-22
 4.13481E-34 6.67385E-29 2.98172E-15 1.68423E-21 1.06330E-10 2.53272E-15 2.25247E-10 1.93440E-30
 1.99785E-03 1.12412E-33 7.74563E-30 6.69206E-18 5.01875E-18 1.72763E-18 7.49489E-27 4.11175E-04
 3.95590E-14 3.28908E-04 4.00579E-08 2.37318E-11 1.55971E-12 2.34323E-14 3.00517E-08 6.13589E-07
 2.86754E-06 2.87229E-11 1.58431E-05 3.24271E-19 5.51109E-17 8.87459E-17 5.04522E-12 3.08041E-17
 3.90319E-20 4.66879E-22 4.87711E-26 3.73878E-22 1.89173E-34 3.40874E-29 2.95419E-15 7.85621E-22
 1.14453E-10 2.10936E-15 2.16992E-10 9.35532E-31 1.96559E-03 3.40259E-34 4.74776E-30 6.99315E-18
 4.77001E-18 1.65502E-18 5.54941E-27 4.09861E-04 3.28524E-14 4.04003E-04 3.36977E-08 1.84628E-11
 1.09443E-12 1.10490E-14 2.84263E-08 6.28787E-07 2.86555E-06 2.48332E-11 1.69080E-05 1.86558E-19
 5.45409E-17 9.63641E-17 4.92982E-12 2.58749E-17 2.18223E-20 2.02908E-22 2.08613E-26 2.69385E-22
 8.54692E-35 1.70321E-29 2.92666E-15 3.70035E-22 1.22500E-10 1.73858E-15 2.08794E-10 4.52775E-31
 1.92819E-03 1.08617E-34 2.97458E-30 7.32740E-18 4.48286E-18 1.58484E-18 4.15919E-27 4.08418E-04
 2.75788E-14 4.90079E-04 2.82737E-08 1.42757E-11 7.72406E-13 5.19195E-15 2.64018E-08 6.42163E-07
 2.86348E-06 2.14583E-11 1.80630E-05 1.07455E-19 5.41314E-17 1.05105E-16 4.81109E-12 2.16957E-17
 1.21080E-20 8.84238E-23 8.98702E-27 1.93723E-22 3.82670E-35 8.32823E-30 2.89894E-15 1.75587E-22
 1.30459E-10 1.41763E-15 2.00658E-10 2.19024E-31 1.88531E-03-1.26934E-35 1.89974E-30 7.68360E-18
 4.16850E-18 1.51662E-18 3.14806E-27 4.06825E-04 2.33982E-14 5.87339E-04 2.36635E-08 1.09621E-11
 5.48233E-13 2.43456E-15 2.40685E-08 6.53929E-07 2.86133E-06 1.85334E-11 1.93153E-05 6.19755E-20
 5.38248E-17 1.15065E-16 4.68968E-12 1.81621E-17 6.66469E-21 3.86368E-23 3.89471E-27 1.39072E-22
 1.70317E-35 3.98212E-30 2.87094E-15 8.38545E-23 1.38278E-10 1.14297E-15 1.92634E-10 1.05830E-31
 1.83688E-03-4.22818E-34 1.23569E-30 8.05368E-18 3.83459E-18 1.45032E-18 2.40377E-27 4.05063E-04
 2.00548E-14 6.95850E-04 1.97580E-08 8.35444E-12 3.91164E-13 1.14073E-15 2.15352E-08 6.64277E-07
 2.85911E-06 1.60011E-11 2.06714E-05 3.57995E-20 5.35816E-17 1.26271E-16 4.56616E-12 1.51817E-17
 3.63735E-21 1.69258E-23 1.69656E-27 9.96833E-23 7.54727E-36 1.86047E-30 2.84260E-15 4.02469E-23
 1.45910E-10 9.10831E-16 1.84763E-10 5.10380E-32 1.78288E-03-3.52288E-33 8.17630E-31 8.43012E-18
 3.48823E-18 1.38590E-18 1.84962E-27 4.03117E-04 1.73580E-14 8.15472E-04 1.64600E-08 6.31624E-12
 2.80417E-13 5.34803E-16 1.89133E-08 6.73376E-07 2.85682E-06 1.38110E-11 2.21373E-05 2.07148E-20
 5.33743E-17 1.38626E-16 4.44113E-12 1.26735E-17 1.96745E-21 7.43250E-24 7.42371E-28 7.13494E-23
 3.33268E-36 8.48886E-31 2.81383E-15 1.93873E-23 1.53316E-10 7.17242E-16 1.77081E-10 2.45495E-32
 1.72341E-03-2.82935E-32 5.49673E-31 8.80515E-18 3.13671E-18 1.32330E-18 1.43273E-27 4.00968E-04
 1.51661E-14 9.45791E-04 1.36840E-08 4.73571E-12 2.01884E-13 2.51204E-16 1.63067E-08 6.81374E-07
 2.85445E-06 1.19185E-11 2.37175E-05 1.20094E-20 5.31835E-17 1.51870E-16 4.31511E-12 1.05668E-17
 1.05444E-21 3.27082E-24 3.26146E-28 5.10030E-23 1.46723E-36 3.78168E-31 2.78455E-15 9.36277E-24
 1.60462E-10 5.58036E-16 1.69615E-10 1.17715E-32 1.65870E-03-2.25127E-31 3.75066E-31 9.17093E-18
 2.78734E-18 1.26245E-18 1.11624E-27 3.98596E-04 1.33732E-14 1.08606E-03 1.13546E-08 3.52082E-12
 1.45911E-13 1.18367E-16 1.38045E-08 6.88398E-07 2.85200E-06 1.02846E-11 2.54144E-05 6.97736E-21
 5.29953E-17 1.65581E-16 4.18857E-12 8.80035E-18 5.59885E-22 1.44211E-24 1.43802E-28 3.64152E-23
 6.44250E-37 1.64487E-31 2.75462E-15 4.52952E-24 1.67319E-10 4.28974E-16 1.62388E-10 5.62508E-33
 1.58919E-03-1.76916E-30 2.59555E-31 9.51992E-18 2.44707E-18 1.20326E-18 8.74087E-28 3.95985E-04
 1.18987E-14 1.23518E-03 9.40589E-09 2.59572E-12 1.05841E-13 5.60168E-17 1.14773E-08 6.94557E-07
 2.84946E-06 8.87506E-12 2.72274E-05 4.06337E-21 5.27991E-17 1.79210E-16 4.06195E-12 7.32151E-18
 2.94561E-22 6.36849E-25 6.36131E-29 2.59707E-23 2.82213E-37 6.98714E-32 2.72394E-15 2.19413E-24
 1.73862E-10 3.25861E-16 1.55415E-10 2.67843E-33 1.51548E-03-1.36687E-29 1.67992E-31 9.84518E-18
 2.12216E-18 1.14565E-18 6.87595E-28 3.93116E-04 1.06807E-14 1.39173E-03 7.78049E-09 1.89817E-12
 7.70398E-14 2.66550E-17 9.37502E-09 6.99942E-07 2.84682E-06 7.66008E-12 2.91530E-05 2.37253E-21
 5.25866E-17 1.92152E-16 3.93564E-12 6.08523E-18 1.53591E-22 2.81620E-25 2.82269E-29 1.85023E-23
 1.23354E-37 2.90014E-32 2.69236E-15 1.06400E-24 1.80071E-10 2.44671E-16 1.48710E-10 1.27087E-33
 1.43838E-03-2.15190E-30 1.29398E-31 1.01407E-17 1.81788E-18 1.08951E-18 5.43146E-28 3.89974E-04
 9.67062E-15 1.55402E-03 6.42858E-09 1.37740E-12 5.62628E-14 1.27660E-17 7.52731E-09 7.04631E-07
 2.84406E-06 6.61359E-12 3.11838E-05 1.38923E-21 5.23507E-17 2.03832E-16 3.81002E-12 5.05307E-18
 7.94099E-23 1.24677E-25 1.25618E-29 1.31685E-23 5.38098E-38 1.17712E-32 2.65971E-15 5.16495E-25
 1.85929E-10 1.81656E-16 1.42279E-10 6.00955E-34 1.35880E-03-3.48841E-31 9.31463E-32 1.04015E-17
 1.53832E-18 1.03472E-18 4.30692E-28 3.86542E-04 8.83010E-15 1.72026E-03 5.30712E-09 9.92465E-13
 4.12217E-14 6.15940E-18 5.94475E-09 7.08688E-07 2.84116E-06 5.71287E-12 3.33095E-05 8.15998E-22
 5.20852E-17 2.13775E-16 3.68543E-12 4.19242E-18 4.07368E-23 5.52514E-26 5.60626E-30 9.36352E-24
 2.34295E-38 4.67656E-33 2.62582E-15 2.50988E-25 1.91421E-10 1.33429E-16 1.36125E-10 2.83261E-34
 1.27780E-03-5.84499E-32 6.78860E-32 1.06240E-17 1.28621E-18 9.81155E-19 3.42731E-28 3.82807E-04
 8.12854E-15 1.88863E-03 4.37913E-09 7.10659E-13 3.02956E-14 2.99627E-18 4.62189E-09 7.12169E-07
 2.83808E-06 4.93819E-12 3.55166E-05 4.80916E-22 5.17838E-17 2.21658E-16 3.56226E-12 3.47562E-18
 2.07533E-23 2.45081E-26 2.50897E-30 6.65205E-24 1.01843E-38 1.82064E-33 2.59049E-15 1.22100E-25
 1.96532E-10 9.70127E-17 1.30251E-10 1.33111E-34 1.19642E-03-1.01569E-32 5.00693E-32 1.08055E-17
 1.06298E-18 9.28701E-19 2.73619E-28 3.78753E-04 7.54143E-15 2.05746E-03 3.61294E-09 5.06247E-13
 2.23317E-14 1.47053E-18 3.54103E-09 7.15119E-07 2.83479E-06 4.27238E-12 3.77894E-05 2.84468E-22
 5.14404E-17 2.27325E-16 3.44087E-12 2.87935E-18 1.05113E-23 1.08820E-26 1.12588E-30 4.72188E-24
 4.42009E-39 6.95424E-34 2.55351E-15 5.94617E-26 2.01250E-10 6.98645E-17 1.24656E-10 6.23730E-35
 1.11568E-03-1.83583E-33 3.73502E-32 1.09449E-17 8.68759E-19 8.77230E-19 2.19077E-28 3.74368E-04
 7.04908E-15 2.22534E-03 2.98160E-09 3.59253E-13 1.65071E-14 7.28561E-19 2.67637E-09 7.17580E-07
 2.83124E-06 3.70055E-12 4.01107E-05 1.68927E-22 5.10487E-17 2.30776E-16 3.32167E-12 2.38393E-18
 5.30040E-24 4.83738E-27 5.06570E-31 3.34929E-24 1.91580E-39 2.60953E-34 2.51464E-15 2.89847E-26
 2.05560E-10 4.98672E-17 1.19337E-10 2.91471E-35 1.03650E-03-3.45987E-34 2.81615E-32 1.10417E-17
 7.02590E-19 8.26621E-19 1.75849E-28 3.69635E-04 6.63574E-15 2.39118E-03 2.46231E-09 2.54389E-13
 1.22329E-14 3.64555E-19 1.99798E-09 7.19588E-07 2.82737E-06 3.20980E-12 4.24627E-05 1.00735E-22
 5.06022E-17 2.32131E-16 3.20511E-12 1.97280E-18 2.66565E-24 2.15352E-27 2.28511E-31 2.37419E-24
 8.29445E-40 9.63213E-35 2.47363E-15 1.41389E-26 2.09449E-10 3.53006E-17 1.14291E-10 1.35848E-35
 9.59676E-04-6.81523E-35 2.14452E-32 1.10963E-17 5.62649E-19 7.76767E-19 1.41445E-28 3.64537E-04
 6.28882E-15 2.55430E-03 2.03584E-09 1.80125E-13 9.08629E-15 1.84305E-19 1.47502E-09 7.21173E-07
 2.82312E-06 2.78898E-12 4.48269E-05 6.03378E-23 5.00939E-17 2.31598E-16 3.09167E-12 1.63204E-18
 1.33999E-24 9.60535E-28 1.03339E-31 1.68213E-24 3.58811E-40 3.50164E-35 2.43021E-15 6.89989E-27
 2.12900E-10 2.47988E-17 1.09516E-10 6.31534E-36 8.85840E-04-1.42399E-35 1.64798E-32 1.11096E-17
 4.46518E-19 7.27576E-19 1.13955E-28 3.59056E-04 5.99837E-15 2.71437E-03 1.68611E-09 1.27874E-13
 6.76250E-15 9.41768E-20 1.07823E-09 7.22361E-07 2.81838E-06 2.42849E-12 4.71855E-05 3.63102E-23
 4.95168E-17 2.29431E-16 2.98191E-12 1.34996E-18 6.75188E-25 4.29499E-28 4.68480E-32 1.19140E-24
 1.55145E-40 1.25523E-35 2.38412E-15 3.36717E-27 2.15894E-10 1.72987E-17 1.05010E-10 2.92851E-36
 8.15479E-04-4.20004E-36 1.27685E-32 1.10828E-17 3.51442E-19 6.78982E-19 9.19067E-29 3.53171E-04
 5.75667E-15 2.87151E-03 1.39970E-09 9.13237E-14 5.04130E-15 4.86543E-20 7.81366E-10 7.23173E-07
 2.81308E-06 2.12006E-12 4.95212E-05 2.19580E-23 4.88637E-17 2.25905E-16 2.87642E-12 1.11676E-18
 3.42221E-25 1.92675E-28 2.12893E-32 8.43750E-25 6.70798E-41 4.44152E-36 2.33509E-15 1.64230E-27
 2.18412E-10 1.19883E-17 1.00771E-10 1.35461E-36 7.48921E-04-6.91554E-37 9.96530E-33 1.10170E-17
 2.74559E-19 6.30951E-19 7.41609E-29 3.46859E-04 5.55798E-15 3.02619E-03 1.16552E-09 6.58859E-14
 3.76287E-15 2.54222E-20 5.61999E-10 7.23625E-07 2.80707E-06 1.85663E-12 5.18179E-05 1.33468E-23
 4.81275E-17 2.21291E-16 2.77590E-12 9.24242E-19 1.75249E-25 8.67983E-29 9.69760E-33 5.97646E-25
 2.90179E-41 1.55272E-36 2.28285E-15 8.00055E-28 2.20431E-10 8.25755E-18 9.67993E-11 6.25020E-37
 6.86344E-04-7.54974E-38 7.82675E-33 1.09135E-17 2.13075E-19 5.83487E-19 5.98336E-29 3.40099E-04
 5.39838E-15 3.17926E-03 9.74423E-10 4.82588E-14 2.81081E-15 1.34393E-20 4.01622E-10 7.23729E-07
 2.80024E-06 1.63218E-12 5.40614E-05 8.15598E-24 4.73012E-17 2.15845E-16 2.68110E-12 7.65524E-19
 9.11526E-26 3.93112E-29 4.42779E-33 4.23545E-25 1.25675E-41 5.36673E-37 2.22716E-15 3.88956E-28
 2.21926E-10 5.65515E-18 9.30957E-11 2.87658E-37 6.27796E-04-4.28713E-38 6.17993E-33 1.07733E-17
 1.64396E-19 5.36646E-19 4.82351E-29 3.32866E-04 5.27577E-15 3.33190E-03 8.18935E-10 3.60893E-14
 2.10006E-15 7.19148E-21 2.85436E-10 7.23488E-07 2.79240E-06 1.44163E-12 5.62393E-05 5.01229E-24
 4.63787E-17 2.09800E-16 2.59286E-12 6.34859E-19 4.84457E-26 1.79238E-29 2.02641E-33 3.00445E-25
 5.45365E-42 1.83473E-37 2.16781E-15 1.88513E-28 2.22871E-10 3.85142E-18 8.96628E-11 1.32048E-37
 5.73204E-04 1.20806E-40 4.90070E-33 1.05973E-17 1.26196E-19 4.90535E-19 3.88258E-29 3.25140E-04
 5.19000E-15 3.48561E-03 6.93013E-10 2.77139E-14 1.56829E-15 3.89815E-21 2.01906E-10 7.22899E-07
 2.78338E-06 1.28070E-12 5.83418E-05 3.09996E-24 4.53547E-17 2.03355E-16 2.51210E-12 5.27442E-19
 2.64753E-26 8.24081E-30 9.29559E-34 2.13433E-25 2.37355E-42 6.20490E-38 2.10465E-15 9.09672E-29
 2.23240E-10 2.60856E-18 8.65042E-11 6.04520E-38 5.22399E-04-2.16413E-39 3.89909E-33 1.03864E-17
 9.64633E-20 4.45322E-19 3.11811E-29 3.16902E-04 5.14305E-15 3.64213E-03 5.91828E-10 2.19648E-14
 1.16965E-15 2.14391E-21 1.42228E-10 7.21953E-07 2.77295E-06 1.14588E-12 6.03612E-05 1.93294E-24
 4.42251E-17 1.96684E-16 2.43985E-12 4.39264E-19 1.49632E-26 3.82875E-30 4.27401E-34 1.51932E-25
 1.03722E-42 2.07536E-38 2.03760E-15 4.36353E-29 2.23005E-10 1.75677E-18 8.36247E-11 2.75954E-38
 4.75132E-04 2.71663E-41 3.10927E-33 1.01415E-17 7.35022E-20 4.01236E-19 2.49658E-29 3.08136E-04
 5.13941E-15 3.80343E-03 5.11591E-10 1.80273E-14 8.70313E-16 1.20181E-21 9.98064E-11 7.20629E-07
 2.76086E-06 1.03430E-12 6.22926E-05 1.22112E-24 4.29879E-17 1.89926E-16 2.37722E-12 3.66978E-19
 8.78315E-27 1.80411E-30 1.97003E-34 1.08449E-25 4.55732E-43 6.86034E-39 1.96664E-15 2.07659E-29
 2.22142E-10 1.17597E-18 8.10298E-11 1.25572E-38 4.31094E-04-9.61909E-41 2.48263E-33 9.86375E-18
 5.59390E-20 3.58557E-19 1.99135E-29 2.98837E-04 5.18606E-15 3.97169E-03 4.49419E-10 1.53361E-14
 6.45283E-16 6.96298E-22 6.97700E-11 7.18899E-07 2.74680E-06 9.43729E-13 6.41334E-05 7.91995E-25
 4.16431E-17 1.83199E-16 2.32544E-12 3.07797E-19 5.36526E-27 8.70583E-31 9.11868E-35 7.76830E-26
 2.01819E-43 2.23854E-39 1.89190E-15 9.78100E-30 2.20629E-10 7.81905E-19 7.87254E-11 5.69388E-39
 3.89933E-04-6.24366E-41 1.98289E-33 9.55439E-18 4.27251E-20 3.17611E-19 1.58112E-29 2.89007E-04
 5.28926E-15 4.14923E-03 4.03221E-10 1.35012E-14 4.76002E-16 4.34210E-22 4.85763E-11 7.16722E-07
 2.73044E-06 8.72464E-13 6.58836E-05 5.44777E-25 4.01932E-17 1.76595E-16 2.28583E-12 2.59399E-19
 3.41226E-27 4.45689E-31 4.29893E-35 5.58868E-26 9.10683E-44 7.20197E-40 1.81358E-15 4.54759E-30
 2.18447E-10 5.15967E-19 7.67171E-11 2.57284E-39 3.51268E-04-2.24571E-41 1.58273E-33 9.21502E-18
 3.31772E-20 2.78752E-19 1.24873E-29 2.78659E-04 5.42905E-15 4.33854E-03 3.71604E-10 1.22712E-14
 3.48670E-16 3.20247E-22 3.39274E-11 7.14046E-07 2.71135E-06 8.19331E-13 6.75452E-05 4.24041E-25
 3.86438E-17 1.70188E-16 2.25981E-12 2.19864E-19 2.29963E-27 2.72938E-31 2.27808E-35 4.04202E-26
 4.54241E-44 2.36089E-40 1.73205E-15 2.11727E-30 2.15586E-10 3.40161E-19 7.50098E-11 1.18898E-39
 3.14702E-04-9.82227E-42 1.26137E-33 8.84745E-18 2.70942E-20 2.42335E-19 9.80239E-30 2.67819E-04
 2.85150E+02 2.78650E+02 2.72150E+02 2.65660E+02 2.61170E+02 2.55680E+02 2.49190E+02 2.42700E+02
 2.36210E+02 2.25000E+02 2.10000E+02 2.10000E+02 2.10000E+02 2.10000E+02 2.10000E+02 2.10000E+02
 2.10000E+02 2.10000E+02 2.10000E+02 2.10000E+02 2.10000E+02 2.10000E+02 2.10000E+02 2.10000E+02
 2.10000E+02 2.10000E+02 2.10000E+02 2.10000E+02 2.10000E+02 2.10000E+02 2.10000E+02 2.10000E+02
 2.10000E+02 2.10000E+02 2.10000E+02 2.10000E+02 2.10000E+02 2.10000E+02 2.10000E+02 2.10000E+02
 2.10000E+02 2.10000E+02 2.10000E+02 2.10000E+02 2.10000E+02 2.10000E+02 2.10000E+02 2.10000E+02
 2.10000E+02 2.10000E+02 2.10000E+02 2.10000E+02 2.10000E+02 2.10000E+02 2.10000E+02 2.10000E+02
 2.10000E+02 2.10000E+02 2.10000E+02 2.10000E+02 2.10000E+02 2.10000E+02 2.10000E+02 2.10000E+02
 2.10000E+02 2.10000E+02 2.10000E+02 2.10000E+02 2.10000E+02 2.10000E+02 2.10000E+02 2.10000E+02
 2.10000E+02 2.10000E+02 2.10000E+02 2.10000E+02 2.10000E+02 2.10000E+02 2.10000E+02 2.10000E+02
 2.10000E+02 2.10000E+02 2.10000E+02 2.10000E+02 2.10000E+02 2.10000E+02 2.10000E+02 2.10000E+02
 2.10000E+02 2.10000E+02 2.10000E+02 2.10000E+02 2.10000E+02 2.10000E+02 2.10000E+02 2.10000E+02
 2.10000E+02 2.10000E+02 2.10000E+02 2.10000E+02 1.00000E+05 1.00000E+05 1.00000E+05 1.00000E+05
 1.00000E+05 1.00000E+05 1.00000E+05 1.00000E+05 1.00000E+05 8.94400E+04 4.89900E+04 2.25800E+04
 1.16600E+04 6.81200E+03 5.16500E+03 4.29000E+03 3.95000E+03 3.90000E+03 3.99900E+03 4.34300E+03
 4.84400E+03 5.43900E+03 6.18700E+03 7.03600E+03 7.98400E+03 8.98600E+03 1.00300E+04 1.12800E+04
 1.24900E+04 1.36300E+04 1.51300E+04 1.66900E+04 1.81800E+04 1.99800E+04 2.19800E+04 2.44500E+04
 2.74600E+04 3.04600E+04 3.39400E+04 3.79500E+04 4.19500E+04 4.64300E+04 5.19100E+04 5.84000E+04
 6.44500E+04 7.13600E+04 7.99000E+04 8.79100E+04 9.68700E+04 1.06900E+05 1.17800E+05 1.31800E+05
 1.48300E+05 1.65800E+05 1.83300E+05 2.01800E+05 2.25600E+05 2.52200E+05 2.77200E+05 3.07000E+05
 3.42100E+05 3.79500E+05 4.21900E+05 4.71700E+05 5.17400E+05 5.67400E+05 6.22400E+05 6.82600E+05
 7.48700E+05 8.21200E+05 9.00700E+05 9.87900E+05 1.00000E+06 1.00000E+06 1.00000E+06 1.00000E+06
 1.00000E+06 1.00000E+06 1.00000E+06 1.00000E+06 1.00000E+06 1.00000E+06 1.00000E+06 1.00000E+06
 1.00000E+06 1.00000E+06 1.00000E+06 1.00000E+06 1.00000E+06 1.00000E+06 1.00000E+06 1.00000E+06
 1.00000E+06 1.00000E+06 1.00000E+06 1.00000E+06 1.00000E+06 1.00000E+06 1.00000E+06 1.00000E+06
 2.42861E+19 2.20938E+19 2.00553E+19 1.81624E+19 1.62906E+19 1.46383E+19 1.31728E+19 1.18215E+19
 1.05783E+19 9.62095E+18 8.85388E+18 7.56394E+18 6.46226E+18 5.52131E+18 4.71760E+18 4.03108E+18
 3.44464E+18 2.94365E+18 2.51565E+18 2.14999E+18 1.83757E+18 1.57063E+18 1.34253E+18 1.14761E+18
 9.81039E+17 8.38687E+17 7.17026E+17 6.13044E+17 5.24166E+17 4.48196E+17 3.83255E+17 3.27740E+17
 2.80280E+17 2.39704E+17 2.05013E+17 1.75350E+17 1.49987E+17 1.28299E+17 1.09752E+17 9.38909E+16
 8.03259E+16 6.87240E+16 5.88008E+16 5.03128E+16 4.30522E+16 3.68411E+16 3.15276E+16 2.69818E+16
 2.30926E+16 1.97649E+16 1.69175E+16 1.44811E+16 1.23961E+16 1.06119E+16 9.08488E+15 7.77799E+15
 6.65942E+15 5.70199E+15 4.88245E+15 4.18090E+15 3.58033E+15 3.06617E+15 2.62598E+15 2.24909E+15
 1.92639E+15 1.65007E+15 1.41345E+15 1.21083E+15 1.03730E+15 8.88680E+14 7.61393E+14 6.52369E+14
 5.58984E+14 4.78990E+14 4.10463E+14 3.51758E+14 3.01464E+14 2.58373E+14 2.21453E+14 1.89818E+14
 1.62710E+14 1.39480E+14 1.19573E+14 1.02512E+14 8.78897E+13 7.53570E+13 6.46145E+13 5.54062E+13
 4.75126E+13 4.07455E+13 3.49440E+13 2.99700E+13 2.57053E+13 2.20486E+13 1.89130E+13 1.62241E+13
 1.39181E+13 1.19405E+13 1.02444E+13 8.78970E+12 8.56498E-11 1.04537E-10 1.44474E-10 1.94712E-10
 2.50077E-10 3.05989E-10 3.58323E-10 4.04150E-10 4.41669E-10 4.71642E-10 5.00720E-10 5.36561E-10
 5.63504E-10 5.69147E-10 5.50083E-10 5.13989E-10 4.68419E-10 4.19978E-10 3.72975E-10 3.30359E-10
 2.93729E-10 2.62749E-10 2.36730E-10 2.14965E-10 1.96235E-10 1.79090E-10 1.62804E-10 1.47384E-10
 1.32785E-10 1.18829E-10 1.05593E-10 9.31905E-11 8.15457E-11 7.06895E-11 6.07126E-11 5.16811E-11
 4.36562E-11 3.65731E-11 3.03520E-11 2.49599E-11 2.03131E-11 1.63330E-11 1.29832E-11 1.02168E-11
 7.94253E-12 6.08281E-12 4.59464E-12 3.41720E-12 2.49385E-12 1.78456E-12 1.24093E-12 8.48647E-13
 5.71626E-13 3.77996E-13 2.43980E-13 1.53183E-13 9.40917E-14 5.64799E-14 3.27938E-14 1.84583E-14
 1.00911E-14 5.33496E-15 2.72579E-15 1.34820E-15 6.36037E-16 2.85851E-16 1.22035E-16 4.93204E-17
 1.88060E-17 6.74051E-18 2.26205E-18 7.07809E-19 1.85421E-19 3.88372E-20 6.26605E-21 7.45625E-22
 6.22035E-23 3.42932E-24 1.16619E-25 2.25736E-27 2.26472E-29 1.05579E-31 2.01365E-34 1.35449E-37
 2.70277E-41 1.30765E-45 1.21265E-50 1.63891E-56 2.34574E-63 2.45079E-71 1.21147E-80 1.70942E-91
 1.00000-100 1.00000-100 1.00000-100 1.00000-100 1.00000-100 1.00000-100 1.00000-100 1.00000-100
 3.34666E+01 2.73515E+01 2.68263E+01 2.87441E+01 3.01576E+01 3.06761E+01 3.03480E+01 2.91198E+01
 2.70392E+01 2.49146E+01 2.27962E+01 2.06372E+01 1.83526E+01 1.57234E+01 1.29107E+01 1.02618E+01
 8.35813E+00 7.19257E+00 6.39137E+00 5.99032E+00 5.80370E+00 5.74361E+00 5.87227E+00 6.16400E+00
 5.65280E+00 4.38717E+00 3.39100E+00 2.60974E+00 1.99861E+00 1.52020E+00 1.14810E+00 8.61118E-01
 6.40359E-01 4.72137E-01 3.44971E-01 2.49817E-01 1.79545E-01 1.28079E-01 9.05104E-02 6.33797E-02
 4.39334E-02 3.01007E-02 2.03884E-02 1.36712E-02 9.05596E-03 5.90950E-03 3.80324E-03 2.40994E-03
 1.49835E-03 9.13355E-04 5.41414E-04 3.15622E-04 1.81209E-04 1.02130E-04 5.61754E-05 3.00400E-05
 1.57114E-05 8.02779E-06 3.96702E-06 1.90008E-06 8.83875E-07 3.97560E-07 1.72660E-07 7.24725E-08
 2.91038E-08 1.12038E-08 4.09721E-09 1.41850E-09 4.63364E-10 1.42285E-10 4.09103E-11 1.09681E-11
 2.46196E-12 4.41872E-13 6.10929E-14 6.22998E-15 4.45423E-16 2.10464E-17 6.13441E-19 1.01779E-20
 8.75288E-23 3.49793E-25 5.71926E-28 3.29818E-31 5.64247E-35 2.34065E-39 1.86118E-44 2.15693E-50
 2.64735E-57 2.37197E-65 1.00556E-74 1.21691E-85 6.10584E-95 5.23724E-95 4.49243E-95 3.85373E-95
 3.30600E-95 2.83626E-95 2.43338E-95 2.08783E-95 0.00000E+00 0.00000E+00 0.00000E+00 0.00000E+00
 0.00000E+00 0.00000E+00 0.00000E+00 0.00000E+00 0.00000E+00 0.00000E+00 0.00000E+00 0.00000E+00
 0.00000E+00 0.00000E+00 0.00000E+00 0.00000E+00 0.00000E+00 0.00000E+00 0.00000E+00 0.00000E+00
 0.00000E+00 0.00000E+00 0.00000E+00 0.00000E+00 0.00000E+00 0.00000E+00 0.00000E+00 0.00000E+00
 0.00000E+00 0.00000E+00 0.00000E+00 0.00000E+00 0.00000E+00 0.00000E+00 0.00000E+00 0.00000E+00
 0.00000E+00 0.00000E+00 0.00000E+00 0.00000E+00 0.00000E+00 0.00000E+00 0.00000E+00 0.00000E+00
 0.00000E+00 0.00000E+00 0.00000E+00 0.00000E+00 0.00000E+00 0.00000E+00 0.00000E+00 0.00000E+00
 0.00000E+00 0.00000E+00 0.00000E+00 0.00000E+00 0.00000E+00 0.00000E+00 0.00000E+00 0.00000E+00
 0.00000E+00 0.00000E+00 0.00000E+00 0.00000E+00 0.00000E+00 0.00000E+00 0.00000E+00 0.00000E+00
 0.00000E+00 0.00000E+00 0.00000E+00 0.00000E+00 0.00000E+00 0.00000E+00 0.00000E+00 0.00000E+00
 0.00000E+00 0.00000E+00 0.00000E+00 0.00000E+00 0.00000E+00 0.00000E+00 0.00000E+00 0.00000E+00
 0.00000E+00 0.00000E+00 0.00000E+00 0.00000E+00 0.00000E+00 0.00000E+00 0.00000E+00 0.00000E+00
 0.00000E+00 0.00000E+00 0.00000E+00 0.00000E+00 0.00000E+00 0.00000E+00 0.00000E+00 0.00000E+00
 0.00000E+00 0.00000E+00 0.00000E+00 0.00000E+00 0.00000E+00 0.00000E+00 0.00000E+00 0.00000E+00
 0.00000E+00 0.00000E+00 0.00000E+00 0.00000E+00 0.00000E+00 0.00000E+00 0.00000E+00 0.00000E+00
 0.00000E+00 0.00000E+00 0.00000E+00 0.00000E+00 0.00000E+00 0.00000E+00 0.00000E+00 0.00000E+00
 0.00000E+00 0.00000E+00 0.00000E+00 0.00000E+00 0.00000E+00 0.00000E+00 0.00000E+00 0.00000E+00
 0.00000E+00 0.00000E+00 0.00000E+00 0.00000E+00 0.00000E+00 0.00000E+00 0.00000E+00 0.00000E+00
 0.00000E+00 0.00000E+00 0.00000E+00 0.00000E+00 0.00000E+00 0.00000E+00 0.00000E+00 0.00000E+00
 0.00000E+00 0.00000E+00 0.00000E+00 0.00000E+00 0.00000E+00 0.00000E+00 0.00000E+00 0.00000E+00
 0.00000E+00 0.00000E+00 0.00000E+00 0.00000E+00 0.00000E+00 0.00000E+00 0.00000E+00 0.00000E+00
 0.00000E+00 0.00000E+00 0.00000E+00 0.00000E+00 0.00000E+00 0.00000E+00 0.00000E+00 0.00000E+00
 0.00000E+00 0.00000E+00 0.00000E+00 0.00000E+00 0.00000E+00 0.00000E+00 0.00000E+00 0.00000E+00
 0.00000E+00 0.00000E+00 0.00000E+00 0.00000E+00 0.00000E+00 0.00000E+00 0.00000E+00 0.00000E+00
 0.00000E+00 0.00000E+00 0.00000E+00 0.00000E+00 0.00000E+00 0.00000E+00 0.00000E+00 0.00000E+00
 0.00000E+00 0.00000E+00 0.00000E+00 0.00000E+00 7.12287E-04 7.88817E-04 8.77469E-04 9.60935E-04
 1.04709E-03 1.14526E-03 1.25749E-03 1.38626E-03 1.53855E-03 1.73370E-03 1.99737E-03 2.22726E-03
 2.49854E-03 2.81852E-03 3.19531E-03 3.63848E-03 4.08318E-03 4.48171E-03 4.86779E-03 5.20479E-03
 5.53022E-03 5.86510E-03 6.18313E-03 6.49196E-03 7.16245E-03 8.36919E-03 9.78407E-03 1.14429E-02
 1.33876E-02 1.56672E-02 1.83394E-02 2.14716E-02 2.51429E-02 2.94361E-02 3.44629E-02 4.03516E-02
 4.72475E-02 5.53073E-02 6.47446E-02 7.57943E-02 8.87227E-02 1.03841E-01 1.21537E-01 1.42249E-01
 1.66491E-01 1.94867E-01 2.28082E-01 2.66960E-01 3.12470E-01 3.65746E-01 4.27980E-01 5.00802E-01
 5.86021E-01 6.85748E-01 8.02485E-01 9.39279E-01 1.09950E+00 1.28719E+00 1.50699E+00 1.76440E+00
 2.06582E+00 2.41882E+00 2.83315E+00 3.32070E+00 3.88708E+00 4.53799E+00 5.29764E+00 6.18415E+00
 7.21867E+00 8.42585E+00 9.83443E+00 1.14779E+01 1.33954E+01 1.56325E+01 1.82423E+01 2.12868E+01
 2.48381E+01 2.89805E+01 3.38121E+01 3.94472E+01 4.60191E+01 5.36834E+01 6.26209E+01 7.30428E+01
 8.51949E+01 9.93639E+01 1.15883E+02 1.35143E+02 1.57595E+02 1.83769E+02 2.14278E+02 2.49841E+02
 2.91292E+02 3.39602E+02 3.95906E+02 4.61521E+02 5.37985E+02 6.27086E+02 7.30908E+02 8.51877E+02
 0.00000E+00 0.00000E+00 0.00000E+00 0.00000E+00 0.00000E+00 0.00000E+00 0.00000E+00 0.00000E+00
 0.00000E+00 0.00000E+00 0.00000E+00 0.00000E+00 0.00000E+00 0.00000E+00 0.00000E+00 0.00000E+00
 0.00000E+00 0.00000E+00 0.00000E+00 0.00000E+00 0.00000E+00 0.00000E+00 0.00000E+00 0.00000E+00
 0.00000E+00 0.00000E+00 0.00000E+00 0.00000E+00 0.00000E+00 0.00000E+00 0.00000E+00 0.00000E+00
 0.00000E+00 0.00000E+00 0.00000E+00 0.00000E+00 0.00000E+00 0.00000E+00 0.00000E+00 0.00000E+00
 0.00000E+00 0.00000E+00 0.00000E+00 0.00000E+00 0.00000E+00 0.00000E+00 0.00000E+00 0.00000E+00
 0.00000E+00 0.00000E+00 0.00000E+00 0.00000E+00 0.00000E+00 0.00000E+00 0.00000E+00 0.00000E+00
 0.00000E+00 0.00000E+00 0.00000E+00 0.00000E+00 0.00000E+00 0.00000E+00 0.00000E+00 0.00000E+00
 0.00000E+00 0.00000E+00 0.00000E+00 0.00000E+00 0.00000E+00 0.00000E+00 0.00000E+00 0.00000E+00
 0.00000E+00 0.00000E+00 0.00000E+00 0.00000E+00 0.00000E+00 0.00000E+00 0.00000E+00 0.00000E+00
 0.00000E+00 0.00000E+00 0.00000E+00 0.00000E+00 0.00000E+00 0.00000E+00 0.00000E+00 0.00000E+00
 0.00000E+00 0.00000E+00 0.00000E+00 0.00000E+00 0.00000E+00 0.00000E+00 0.00000E+00 0.00000E+00
 0.00000E+00 0.00000E+00 0.00000E+00 0.00000E+00 0.00000E+00 0.00000E+00 0.00000E+00 0.00000E+00
 0.00000E+00 0.00000E+00 0.00000E+00 0.00000E+00 0.00000E+00 0.00000E+00 0.00000E+00 0.00000E+00
 0.00000E+00 0.00000E+00 0.00000E+00 0.00000E+00 0.00000E+00 0.00000E+00 0.00000E+00 0.00000E+00
 0.00000E+00 0.00000E+00 0.00000E+00 0.00000E+00 0.00000E+00 0.00000E+00 0.00000E+00 0.00000E+00
 0.00000E+00 0.00000E+00 0.00000E+00 0.00000E+00 0.00000E+00 0.00000E+00 0.00000E+00 0.00000E+00
 0.00000E+00 0.00000E+00 0.00000E+00 0.00000E+00 0.00000E+00 0.00000E+00 0.00000E+00 0.00000E+00
 0.00000E+00 0.00000E+00 0.00000E+00 0.00000E+00 0.00000E+00 0.00000E+00 0.00000E+00 0.00000E+00
 0.00000E+00 0.00000E+00 0.00000E+00 0.00000E+00 0.00000E+00 0.00000E+00 0.00000E+00 0.00000E+00
 0.00000E+00 0.00000E+00 0.00000E+00 0.00000E+00 0.00000E+00 0.00000E+00 0.00000E+00 0.00000E+00
 0.00000E+00 0.00000E+00 0.00000E+00 0.00000E+00 0.00000E+00 0.00000E+00 0.00000E+00 0.00000E+00
 0.00000E+00 0.00000E+00 0.00000E+00 0.00000E+00 0.00000E+00 0.00000E+00 0.00000E+00 0.00000E+00
 0.00000E+00 0.00000E+00 0.00000E+00 0.00000E+00 0.00000E+00 0.00000E+00 0.00000E+00 0.00000E+00
 0.00000E+00 0.00000E+00 0.00000E+00 0.00000E+00 0.00000E+00 0.00000E+00 0.00000E+00 0.00000E+00
 1.83500E-05 1.83500E-05 1.83500E-05 1.83500E-05 1.83500E-05 1.83500E-05 1.83500E-05 1.83500E-05
 1.83500E-05 1.83500E-05 1.83500E-05 1.83500E-05 1.83500E-05 1.83500E-05 1.83500E-05 1.83500E-05
 1.80556E-05 1.73503E-05 1.64424E-05 1.52933E-05 1.40837E-05 1.29020E-05 1.17178E-05 1.05753E-05
 1.00000E-05 1.00000E-05 1.00000E-05 1.00000E-05 1.00000E-05 1.00000E-05 1.00000E-05 1.00000E-05
 1.00000E-05 1.00000E-05 1.00000E-05 1.00000E-05 1.00000E-05 1.00000E-05 1.00000E-05 1.00000E-05
 1.00000E-05 1.00000E-05 1.00000E-05 1.00000E-05 1.00000E-05 1.00000E-05 1.00000E-05 1.00000E-05
 1.00000E-05 1.00000E-05 1.00000E-05 1.00000E-05 1.00000E-05 1.00000E-05 1.00000E-05 1.00000E-05
 1.00000E-05 1.00000E-05 1.00000E-05 1.00000E-05 1.00000E-05 1.00000E-05 1.00000E-05 1.00000E-05
 1.00000E-05 1.00000E-05 1.00000E-05 1.00000E-05 1.00000E-05 1.00000E-05 1.00000E-05 1.00000E-05
 1.00000E-05 1.00000E-05 1.00000E-05 1.00000E-05 1.00000E-05 1.00000E-05 1.00000E-05 1.00000E-05
 1.00000E-05 1.00000E-05 1.00000E-05 1.00000E-05 1.00000E-05 1.00000E-05 1.00000E-05 1.00000E-05
 1.00000E-05 1.00000E-05 1.00000E-05 1.00000E-05 1.00000E-05 1.00000E-05 1.00000E-05 1.00000E-05
 1.00000E-05 1.00000E-05 1.00000E-05 1.00000E-05 0.00000E+00 0.00000E+00 0.00000E+00 0.00000E+00
 0.00000E+00 0.00000E+00 0.00000E+00 0.00000E+00 0.00000E+00 0.00000E+00 0.00000E+00 0.00000E+00
 0.00000E+00 0.00000E+00 0.00000E+00 0.00000E+00 0.00000E+00 0.00000E+00 0.00000E+00 0.00000E+00
 0.00000E+00 0.00000E+00 0.00000E+00 0.00000E+00 0.00000E+00 0.00000E+00 0.00000E+00 0.00000E+00
 0.00000E+00 0.00000E+00 0.00000E+00 0.00000E+00 0.00000E+00 0.00000E+00 0.00000E+00 0.00000E+00
 0.00000E+00 0.00000E+00 0.00000E+00 0.00000E+00 0.00000E+00 0.00000E+00 0.00000E+00 0.00000E+00
 0.00000E+00 0.00000E+00 0.00000E+00 0.00000E+00 0.00000E+00 0.00000E+00 0.00000E+00 0.00000E+00
 0.00000E+00 0.00000E+00 0.00000E+00 0.00000E+00 0.00000E+00 0.00000E+00 0.00000E+00 0.00000E+00
 0.00000E+00 0.00000E+00 0.00000E+00 0.00000E+00 0.00000E+00 0.00000E+00 0.00000E+00 0.00000E+00
 0.00000E+00 0.00000E+00 0.00000E+00 0.00000E+00 0.00000E+00 0.00000E+00 0.00000E+00 0.00000E+00
 0.00000E+00 0.00000E+00 0.00000E+00 0.00000E+00 0.00000E+00 0.00000E+00 0.00000E+00 0.00000E+00
 0.00000E+00 0.00000E+00 0.00000E+00 0.00000E+00 0.00000E+00 0.00000E+00 0.00000E+00 0.00000E+00
 0.00000E+00 0.00000E+00 0.00000E+00 0.00000E+00 0.00000E+00 0.00000E+00 0.00000E+00 0.00000E+00
 0.00000E+00 0.00000E+00 0.00000E+00 0.00000E+00 0.00000E+00 0.00000E+00 0.00000E+00 0.00000E+00
 0.00000E+00 0.00000E+00 0.00000E+00 0.00000E+00 0.00000E+00 0.00000E+00 0.00000E+00 0.00000E+00
 0.00000E+00 0.00000E+00 0.00000E+00 0.00000E+00 0.00000E+00 0.00000E+00 0.00000E+00 0.00000E+00
 0.00000E+00 0.00000E+00 0.00000E+00 0.00000E+00 0.00000E+00 0.00000E+00 0.00000E+00 0.00000E+00
 0.00000E+00 0.00000E+00 0.00000E+00 0.00000E+00 0.00000E+00 0.00000E+00 0.00000E+00 0.00000E+00
 0.00000E+00 0.00000E+00 0.00000E+00 0.00000E+00 0.00000E+00 0.00000E+00 0.00000E+00 0.00000E+00
 0.00000E+00 0.00000E+00 0.00000E+00 0.00000E+00 0.00000E+00 0.00000E+00 0.00000E+00 0.00000E+00
 0.00000E+00 0.00000E+00 0.00000E+00 0.00000E+00 0.00000E+00 0.00000E+00 0.00000E+00 0.00000E+00
 0.00000E+00 0.00000E+00 0.00000E+00 0.00000E+00 0.00000E+00 0.00000E+00 0.00000E+00 0.00000E+00
 0.00000E+00 0.00000E+00 0.00000E+00 0.00000E+00 0.00000E+00 0.00000E+00 0.00000E+00 0.00000E+00
 0.00000E+00 0.00000E+00 0.00000E+00 0.00000E+00 0.00000E+00 0.00000E+00 0.00000E+00 0.00000E+00
 0.00000E+00 0.00000E+00 0.00000E+00 0.00000E+00 0.00000E+00 0.00000E+00 0.00000E+00 0.00000E+00
 0.00000E+00 0.00000E+00 0.00000E+00 0.00000E+00
