 1.49157E-10 2.54020E-16 1.12671E-02 3.02367E-14 1.03260E-11 1.15918E-09 1.00344E-08 5.55847E-20
 8.39873E-07 2.51516E-06 1.27423E-07 1.04433E-09 6.41342E-12 8.77950E-08 1.87488E-12 4.44758E-12
 6.32338E-15 1.72954E-11 9.33649E-14 1.30972E-15 4.30428E-18 4.45074E-23 6.81464E-10 7.15173E-14
 3.01496E-18 9.08198E-15 5.84191E-12 8.16047E-14 2.10000E-02 4.52835E-12 1.40613E-17 4.66627E-19
 3.99715E-11 1.50653E-12 2.68773E-13 4.00000E-04 1.57158E-10 3.60996E-16 6.98370E-03 3.53451E-14
 1.05426E-11 1.24495E-09 1.21844E-08 6.26931E-20 8.40259E-07 2.51122E-06 1.19705E-07 1.07440E-09
 6.03975E-12 8.77514E-08 2.39265E-12 5.17023E-12 8.43609E-15 2.62462E-11 2.45208E-13 1.43935E-15
 8.90739E-18 9.27115E-23 6.70428E-10 7.37256E-14 4.04460E-18 9.72859E-15 8.86860E-12 9.47482E-14
 2.10045E-02 4.70185E-12 1.47446E-17 7.70635E-19 7.29740E-11 3.04613E-12 3.35421E-13 4.04519E-04
 1.58900E-10 5.32866E-16 4.15292E-03 4.10754E-14 1.06062E-11 1.29529E-09 1.53761E-08 7.06489E-20
 8.40702E-07 2.50778E-06 1.12876E-07 1.05313E-09 5.59720E-12 8.77035E-08 3.00591E-12 6.01880E-12
 1.09760E-14 3.74527E-11 6.61774E-13 1.63740E-15 1.99152E-17 2.25518E-22 6.59767E-10 7.82886E-14
 5.40312E-18 1.10895E-14 1.29378E-11 1.09394E-13 2.10089E-02 4.97688E-12 1.51170E-17 1.17903E-18
 1.05016E-10 4.82943E-12 3.74818E-13 4.08940E-04 1.52363E-10 7.88253E-16 2.26068E-03 4.56764E-14
 1.03046E-11 1.25551E-09 1.94687E-08 7.67000E-20 8.41154E-07 2.50479E-06 1.06873E-07 9.59832E-10
 4.93813E-12 8.76507E-08 3.76786E-12 6.91637E-12 1.35922E-14 4.82973E-11 1.76626E-12 1.82843E-15
 4.70878E-17 6.11604E-22 6.49393E-10 8.46699E-14 7.10176E-18 1.31370E-14 1.76092E-11 1.29867E-13
 2.10131E-02 5.38789E-12 1.50594E-17 1.75452E-18 1.36593E-10 6.59774E-12 4.15524E-13 4.13207E-04
 1.42615E-10 1.19117E-15 1.41580E-03 5.32181E-14 1.02469E-11 1.15674E-09 2.42932E-08 8.92256E-20
 8.41574E-07 2.50217E-06 1.01575E-07 8.40461E-10 4.61876E-12 8.75921E-08 4.63562E-12 7.97317E-12
 1.68530E-14 5.74424E-11 3.66336E-12 2.10602E-15 9.96703E-17 1.62698E-21 6.39117E-10 1.01604E-13
 9.74615E-18 1.72176E-14 2.29246E-11 1.61133E-13 2.10172E-02 5.92336E-12 1.60276E-17 2.63408E-18
 1.67792E-10 8.36153E-12 4.63753E-13 4.17266E-04 1.25514E-10 1.73912E-15 7.82197E-04 5.79292E-14
 9.73081E-12 1.01458E-09 2.97843E-08 9.66863E-20 8.41949E-07 2.49989E-06 9.69651E-08 7.03235E-10
 4.03800E-12 8.75269E-08 5.38762E-12 8.40476E-12 1.85991E-14 6.32168E-11 7.90273E-12 2.15868E-15
 1.94653E-16 6.13562E-21 6.28837E-10 1.42381E-13 1.40099E-17 2.49241E-14 2.89729E-11 1.89782E-13
 2.10209E-02 6.66987E-12 1.65930E-17 3.95861E-18 1.98492E-10 9.70285E-12 5.22513E-13 4.21035E-04
 1.01776E-10 2.45125E-15 3.73289E-04 5.79725E-14 8.83513E-12 8.55175E-10 3.58525E-08 9.62761E-20
 8.42262E-07 2.49791E-06 9.30067E-08 5.70898E-10 3.48676E-12 8.74545E-08 5.31482E-12 7.33378E-12
 1.61783E-14 6.49765E-11 1.55131E-11 3.33331E-15 4.18145E-16 4.32040E-19 6.18420E-10 4.69169E-13
 7.79933E-17 1.44179E-13 3.57002E-11 1.11772E-13 2.10242E-02 7.62475E-12 1.63510E-17 5.88230E-18
 2.27270E-10 1.02962E-11 5.87601E-13 4.24389E-04 7.60582E-11 3.41505E-15 1.65663E-04 5.57840E-14
 7.93044E-12 7.04547E-10 4.25560E-08 9.22614E-20 8.42506E-07 2.49611E-06 8.95922E-08 4.48456E-10
 2.80912E-12 8.73742E-08 4.70788E-12 5.57581E-12 1.21125E-14 6.41556E-11 2.37991E-11 1.47506E-15
 4.02235E-16 1.01590E-19 6.16045E-10 1.94461E-13 1.89972E-17 4.68505E-14 3.59722E-11 1.83362E-13
 2.10270E-02 8.59157E-12 1.54845E-17 8.61391E-18 2.50760E-10 1.02172E-11 6.41624E-13 4.27189E-04
 5.64845E-11 4.72695E-15 6.64853E-05 5.49368E-14 7.14510E-12 5.76975E-10 5.00244E-08 9.12086E-20
 8.42687E-07 2.49441E-06 8.66108E-08 3.45206E-10 2.30687E-12 8.72849E-08 4.32525E-12 4.38964E-12
 9.58357E-15 6.28430E-11 2.99980E-11 1.21017E-15 6.02949E-16 3.15845E-19 6.13992E-10 1.84186E-13
 1.87108E-17 5.45398E-14 3.64149E-11 1.66809E-13 2.10291E-02 9.16403E-12 1.43533E-17 1.28351E-17
 2.63589E-10 9.83055E-12 6.56876E-13 4.29274E-04 4.14884E-11 5.96880E-15 1.29065E-05 5.65428E-14
 6.27768E-12 4.75418E-10 5.87304E-08 9.00018E-20 8.42822E-07 2.49263E-06 8.38666E-08 2.55008E-10
 1.59437E-12 8.71808E-08 4.65935E-12 3.73740E-12 9.84150E-15 6.21847E-11 3.32104E-11 1.10281E-15
 1.33976E-15 2.35143E-18 6.12065E-10 2.08248E-13 2.28090E-17 6.73566E-14 3.72931E-11 1.69999E-13
 2.10303E-02 8.73862E-12 1.26827E-17 2.31696E-17 2.58760E-10 9.46302E-12 6.01816E-13 4.30498E-04
 2.95602E-11 7.27872E-15 9.06593E-07 6.48842E-14 5.36513E-12 3.80455E-10 7.20034E-08 9.46580E-20
 8.42936E-07 2.49005E-06 8.05749E-08 1.70108E-10 9.26686E-13 8.70196E-08 6.31626E-12 3.78680E-12
 1.48552E-14 6.31211E-11 3.24284E-11 1.31974E-15 2.57375E-15 2.07228E-17 6.09542E-10 2.55505E-13
 3.37558E-17 8.47448E-14 3.90968E-11 2.18764E-13 2.10302E-02 5.56673E-12 8.16976E-18 4.58095E-17
 2.16147E-10 8.89705E-12 4.06585E-13 4.30503E-04 2.30481E-11 1.40470E-14 9.17687E-07 7.51252E-14
 4.84611E-12 2.64255E-10 1.00225E-07 1.16628E-19 8.43028E-07 2.48454E-06 7.53672E-08 1.05854E-10
 8.67784E-13 8.66619E-08 7.98291E-12 5.00572E-12 1.69406E-14 6.91085E-11 3.09688E-11 1.66871E-15
 3.90994E-15 4.06323E-17 6.04592E-10 3.12059E-13 4.43951E-17 1.33960E-13 4.38157E-11 3.42199E-13
 2.10302E-02 2.86763E-12 3.58896E-18 4.19353E-17 1.64549E-10 6.83655E-12 1.99663E-13 4.30513E-04
 1.92071E-11 3.17419E-14 9.43146E-07 8.41133E-14 4.02940E-12 1.49063E-10 1.63501E-07 1.33568E-19
 8.43001E-07 2.47184E-06 6.70210E-08 6.51947E-11 8.67252E-13 8.58161E-08 9.35515E-12 7.22091E-12
 1.72476E-14 8.44994E-11 2.94322E-11 2.78114E-15 8.02217E-15 1.31298E-16 5.94155E-10 4.51530E-13
 6.12624E-17 2.72841E-13 5.35639E-11 7.48845E-13 2.10300E-02 1.06021E-12 9.38836E-19 3.41582E-17
 1.06372E-10 4.13533E-12 6.18356E-14 4.30533E-04 1.81606E-11 7.74765E-14 9.95643E-07 9.88985E-14
 3.37668E-12 7.83907E-11 2.88206E-07 1.51540E-19 8.42581E-07 2.44571E-06 5.55386E-08 4.71351E-11
 9.79165E-13 8.40474E-08 1.02652E-11 1.10520E-11 1.71967E-14 1.16015E-10 2.90536E-11 6.47908E-15
 2.38783E-14 6.73630E-16 5.74391E-10 8.32285E-13 9.63206E-17 7.02273E-13 7.10810E-11 2.17771E-12
 2.10297E-02 2.65159E-13 1.61342E-19 2.47484E-17 5.56843E-11 2.07490E-12 1.12290E-14 4.30567E-04
 1.96205E-11 1.81942E-13 1.08551E-06 1.29853E-13 3.24509E-12 5.23460E-11 4.88640E-07 1.81374E-19
 8.41336E-07 2.40119E-06 4.28890E-08 4.36903E-11 1.22539E-12 8.10104E-08 1.10982E-11 1.67364E-11
 1.87883E-14 1.67056E-10 3.08024E-11 1.70933E-14 7.86357E-14 3.75825E-15 5.43280E-10 1.83841E-12
 1.68198E-16 1.89049E-12 9.56406E-11 6.51491E-12 2.10293E-02 4.46813E-14 2.15619E-20 1.53778E-17
 2.33387E-11 9.25019E-13 1.32400E-15 4.30617E-04 2.22240E-11 3.89896E-13 1.21460E-06 1.78145E-13
 3.54712E-12 4.77036E-11 7.55326E-07 2.21572E-19 8.38809E-07 2.33758E-06 3.18662E-08 4.63603E-11
 1.51496E-12 7.66646E-08 1.24620E-11 2.44831E-11 2.21853E-14 2.33943E-10 3.49354E-11 3.97644E-14
 2.19350E-13 1.52194E-14 5.02328E-10 3.94402E-12 2.90041E-16 4.34829E-12 1.22467E-10 1.60351E-11
 2.10286E-02 5.43731E-15 2.38450E-21 8.33595E-18 8.20139E-12 3.62760E-13 1.17243E-16 4.30682E-04
 2.80109E-11 8.39027E-13 1.38417E-06 2.46030E-13 4.50872E-12 5.52192E-11 1.07504E-06 2.96097E-19
 8.34501E-07 2.25451E-06 2.37877E-08 5.98580E-11 2.16536E-12 7.10182E-08 1.37453E-11 3.57419E-11
 2.41879E-14 3.11855E-10 4.32072E-11 7.71451E-14 4.90431E-13 3.46028E-14 4.53282E-10 7.82525E-12
 4.51667E-16 8.62696E-12 1.48470E-10 3.08529E-11 2.10278E-02 5.09716E-16 2.19601E-22 3.51193E-18
 2.57844E-12 1.21233E-13 8.02942E-18 4.30759E-04 3.09589E-11 1.54366E-12 1.58726E-06 3.33633E-13
 5.52882E-12 6.62065E-11 1.43001E-06 3.84202E-19 8.28058E-07 2.15566E-06 1.84844E-08 6.32975E-11
 2.35167E-12 6.43616E-08 1.71336E-11 5.03940E-11 3.12107E-14 3.92931E-10 5.22285E-11 1.29165E-13
 9.30773E-13 7.09040E-14 4.00288E-10 1.33325E-11 7.10944E-16 1.40435E-11 1.69872E-10 5.14156E-11
 2.10268E-02 3.85929E-17 1.76186E-23 1.61903E-18 7.39866E-13 3.82115E-14 4.83144E-19 4.30847E-04
 3.64691E-11 2.84299E-12 1.81645E-06 4.58183E-13 7.32585E-12 8.67193E-11 1.79571E-06 5.69567E-19
 8.19339E-07 2.04480E-06 1.54372E-08 7.33208E-11 2.80436E-12 5.70477E-08 2.12476E-11 7.06291E-11
 3.86909E-14 4.69951E-10 6.41607E-11 1.90948E-13 1.49293E-12 9.91671E-14 3.46441E-10 2.13142E-11
 1.06713E-15 2.09469E-11 1.87449E-10 7.27047E-11 2.10258E-02 2.46473E-18 1.27580E-24 6.58037E-19
 2.04449E-13 1.14297E-14 2.52295E-20 4.30942E-04 3.98287E-11 4.74944E-12 2.06195E-06 6.33254E-13
 9.39874E-12 1.12091E-10 2.16291E-06 8.55343E-19 8.08415E-07 1.92682E-06 1.36862E-08 7.51090E-11
 2.90824E-12 4.94970E-08 2.78484E-11 9.48803E-11 5.32851E-14 5.37087E-10 7.43449E-11 2.59605E-13
 2.11825E-12 1.42595E-13 2.94823E-10 3.17348E-11 1.62644E-15 2.85513E-11 1.98695E-10 9.49179E-11
 2.10247E-02 1.34136E-19 8.40251E-26 2.84570E-19 5.41838E-14 3.52462E-15 1.21522E-21 4.31040E-04
 4.34519E-11 7.66914E-12 2.31198E-06 8.88912E-13 1.21826E-11 1.45899E-10 2.50622E-06 1.36958E-18
 7.95714E-07 1.80742E-06 1.27628E-08 7.61033E-11 3.01166E-12 4.21949E-08 3.68494E-11 1.23808E-10
 7.50308E-14 5.89782E-10 8.24908E-11 3.27209E-13 2.65136E-12 1.83682E-13 2.47860E-10 4.52706E-11
 2.46939E-15 3.69974E-11 2.05587E-10 1.12874E-10 2.10237E-02 6.38422E-21 5.13141E-27 1.21409E-19
 1.41457E-14 1.23661E-15 5.37528E-23 4.31138E-04 4.84445E-11 1.22682E-11 2.56229E-06 1.26574E-12
 1.60578E-11 1.90249E-10 2.80500E-06 2.36506E-18 7.81476E-07 1.68861E-06 1.23653E-08 7.89515E-11
 3.24940E-12 3.53697E-08 4.85327E-11 1.58280E-10 1.04690E-13 6.27237E-10 8.80642E-11 3.87901E-13
 2.97111E-12 2.06534E-13 2.05959E-10 6.23236E-11 3.73534E-15 4.64435E-11 2.11026E-10 1.22735E-10
 2.10227E-02 2.66764E-22 2.89461E-28 4.99096E-20 3.69034E-15 8.05022E-16 2.15726E-24 4.31233E-04
 5.37475E-11 1.91929E-11 2.80985E-06 1.81944E-12 2.10062E-11 2.41308E-10 3.04863E-06 4.27037E-18
 7.65944E-07 1.57179E-06 1.22345E-08 8.06117E-11 3.52226E-12 2.91745E-08 6.38415E-11 1.96551E-10
 1.46900E-13 6.50136E-10 8.89726E-11 4.37501E-13 3.02043E-12 2.18936E-13 1.69197E-10 8.27018E-11
 5.67208E-15 5.67955E-11 2.15471E-10 1.24237E-10 2.10218E-02 9.77734E-24 1.55868E-29 2.04346E-20
 9.70061E-16 1.16792E-15 8.18915E-26 4.31326E-04 5.90547E-11 2.94704E-11 3.05178E-06 2.63294E-12
 2.70535E-11 2.93225E-10 3.22759E-06 8.00337E-18 7.49429E-07 1.45825E-06 1.22152E-08 8.04255E-11
 3.83350E-12 2.37160E-08 8.34583E-11 2.36398E-10 2.05954E-13 6.58992E-10 8.45168E-11 4.72150E-13
 2.80412E-12 2.22416E-13 1.37502E-10 1.05707E-10 8.64912E-15 6.80957E-11 2.19385E-10 1.17644E-10
 2.10210E-02 3.15393E-25 1.17792E-30 8.71863E-21 2.69380E-16 1.86822E-15 4.31488E-27 4.31414E-04
 6.40446E-11 4.45682E-11 3.28688E-06 3.82703E-12 3.40862E-11 3.37596E-10 3.33531E-06 1.55174E-17
 7.32199E-07 1.34846E-06 1.22135E-08 7.80572E-11 4.18733E-12 1.90183E-08 1.07985E-10 2.74678E-10
 2.86861E-13 6.54171E-10 7.51345E-11 4.89199E-13 2.38891E-12 2.18435E-13 1.10497E-10 1.29847E-10
 1.32406E-14 8.03413E-11 2.23123E-10 1.04469E-10 2.10202E-02 8.96971E-27 3.58194E-31 4.49046E-21
 9.17277E-17 2.04540E-15 9.04901E-28 4.31499E-04 6.84103E-11 6.65955E-11 3.51473E-06 5.57644E-12
 4.18188E-11 3.65353E-10 3.36754E-06 3.10841E-17 7.14525E-07 1.24250E-06 1.21721E-08 7.34891E-11
 4.59002E-12 1.50561E-08 1.37809E-10 3.07575E-10 3.94830E-13 6.35677E-10 6.22842E-11 4.87680E-13
 1.87398E-12 2.08192E-13 8.77052E-11 1.52879E-10 2.03550E-14 9.34891E-11 2.27061E-10 8.70970E-11
 2.10196E-02 2.34395E-28 3.35511E-31 3.60375E-21 4.95439E-17 2.08709E-15 5.79132E-28 4.31578E-04
 7.18535E-11 9.85394E-11 3.73534E-06 8.13257E-12 4.97905E-11 3.69859E-10 3.32281E-06 6.42335E-17
 6.96697E-07 1.14022E-06 1.20554E-08 6.69655E-11 5.04440E-12 1.17706E-08 1.72992E-10 3.31058E-10
 5.34808E-13 6.03567E-10 4.80109E-11 4.68549E-13 1.35697E-12 1.93163E-13 6.86245E-11 1.72199E-10
 3.14663E-14 1.07461E-10 2.31649E-10 6.82573E-11 2.10191E-02 1.75416E-29 5.15887E-31 4.47724E-21
 4.22215E-17 2.09388E-15 6.00527E-28 4.31653E-04 7.42081E-11 1.44673E-10 3.94676E-06 1.18480E-11
 5.74195E-11 3.49636E-10 3.20315E-06 1.36588E-16 6.79234E-07 1.04232E-06 1.18475E-08 5.90268E-11
 5.55318E-12 9.11014E-09 2.13227E-10 3.41842E-10 7.10325E-13 5.58433E-10 3.43742E-11 4.34530E-13
 9.09122E-13 1.74477E-13 5.29261E-11 1.85218E-10 4.90062E-14 1.22069E-10 2.37601E-10 5.03390E-11
 2.10187E-02 1.77165E-29 9.27215E-31 6.59919E-21 4.35564E-17 2.09200E-15 7.16885E-28 4.31723E-04
 7.53821E-11 2.11071E-10 4.14769E-06 1.72184E-11 6.41364E-11 3.09461E-10 3.01388E-06 2.97790E-16
 6.62684E-07 9.49177E-07 1.15463E-08 5.03447E-11 6.11136E-12 6.99571E-09 2.57823E-10 3.37934E-10
 9.23435E-13 5.01968E-10 2.28657E-11 3.89540E-13 5.64453E-13 1.53401E-13 4.02103E-11 1.90182E-10
 7.71049E-14 1.36990E-10 2.45753E-10 3.49759E-11 2.10185E-02 2.42237E-29 1.66778E-30 9.90092E-21
 4.66566E-17 2.08833E-15 8.41847E-28 4.31786E-04 7.53810E-11 3.06514E-10 4.33873E-06 2.49275E-11
 6.95404E-11 2.58160E-10 2.76027E-06 6.63093E-16 6.47532E-07 8.60219E-07 1.11629E-08 4.16173E-11
 6.70855E-12 5.32506E-09 3.05693E-10 3.19042E-10 1.17290E-12 4.36288E-10 1.41444E-11 3.37506E-13
 3.24227E-13 1.30499E-13 2.99801E-11 1.86340E-10 1.22986E-13 1.51610E-10 2.57265E-10 2.28578E-11
 2.10183E-02 3.16579E-29 2.89652E-30 1.45084E-20 4.97918E-17 2.08459E-15 9.35365E-28 4.31844E-04
 7.43659E-11 4.43809E-10 4.51701E-06 3.58168E-11 7.34848E-11 2.05560E-10 2.45498E-06 1.49833E-15
 6.34663E-07 7.76439E-07 1.07355E-08 3.35168E-11 7.32587E-12 4.02990E-09 3.55501E-10 2.87035E-10
 1.45067E-12 3.64254E-10 8.17367E-12 2.82243E-13 1.71920E-13 1.06075E-13 2.19532E-11 1.73848E-10
 1.98847E-13 1.64593E-10 2.73580E-10 1.39943E-11 2.10181E-02 3.96643E-29 4.87223E-30 2.06785E-20
 5.27211E-17 2.08102E-15 9.84793E-28 4.31896E-04 7.25148E-11 6.40405E-10 4.67896E-06 5.05762E-11
 7.61824E-11 1.59721E-10 2.12285E-06 3.38559E-15 6.25106E-07 6.99098E-07 1.03323E-08 2.65937E-11
 7.92308E-12 3.04552E-09 4.05258E-10 2.45863E-10 1.72922E-12 2.89100E-10 4.46772E-12 2.27057E-13
 8.40166E-14 8.10057E-14 1.58507E-11 1.54128E-10 3.23012E-13 1.73787E-10 2.96080E-10 7.99095E-12
 2.10180E-02 4.89937E-29 8.07122E-30 2.89326E-20 5.59536E-17 2.07712E-15 1.00494E-27 4.31939E-04
 6.98922E-11 9.15666E-10 4.82362E-06 6.90853E-11 7.82249E-11 1.24831E-10 1.79521E-06 7.45331E-15
 6.19807E-07 6.28186E-07 1.00476E-08 2.11744E-11 8.43912E-12 2.29900E-09 4.50996E-10 2.00392E-10
 1.94757E-12 2.14757E-10 2.35615E-12 1.74226E-13 3.76441E-14 5.71521E-14 1.12974E-11 1.29940E-10
 5.16308E-13 1.76621E-10 3.25539E-10 4.23557E-12 2.10179E-02 6.22323E-29 1.34890E-29 4.04742E-20
 6.07043E-17 2.07166E-15 1.03598E-27 4.31973E-04 6.90031E-11 1.31530E-09 4.94955E-06 9.00426E-11
 8.07536E-11 9.97916E-11 1.48914E-06 1.60398E-14 6.19805E-07 5.63887E-07 1.00425E-08 1.77413E-11
 9.21041E-12 1.73489E-09 4.88777E-10 1.56297E-10 1.98602E-12 1.44773E-10 1.20903E-12 1.25039E-13
 1.49905E-14 3.34010E-14 7.96846E-12 1.01127E-10 7.93042E-13 1.69367E-10 3.66891E-10 1.99227E-12
 2.10177E-02 8.57741E-29 2.35747E-29 5.54076E-20 6.91573E-17 2.06246E-15 1.12359E-27 4.31999E-04
 6.79218E-11 1.86078E-09 5.05454E-06 1.11806E-10 8.41100E-11 8.34979E-11 1.23880E-06 3.26104E-14
 6.26270E-07 5.06726E-07 1.02544E-08 1.55450E-11 1.00117E-11 1.31043E-09 5.09367E-10 1.16041E-10
 1.85092E-12 8.96221E-11 6.14895E-13 8.48626E-14 5.44249E-15 1.75004E-14 5.59892E-12 7.52644E-11
 1.14425E-12 1.54195E-10 4.11050E-10 8.59868E-13 2.10175E-02 1.25582E-28 4.18789E-29 7.62700E-20
 8.19156E-17 2.04890E-15 1.28428E-27 4.32015E-04 6.63637E-11 2.58429E-09 5.13695E-06 1.33320E-10
 8.85200E-11 7.30979E-11 1.04255E-06 6.26105E-14 6.40181E-07 4.57031E-07 1.06185E-08 1.41716E-11
 1.08069E-11 9.92453E-10 5.09658E-10 8.26236E-11 1.59567E-12 5.18527E-11 3.12381E-13 5.52664E-14
 1.84791E-15 8.52345E-15 3.95177E-12 5.45564E-11 1.55221E-12 1.34659E-10 4.53006E-10 3.48494E-13
 2.10171E-02 1.89720E-28 7.37853E-29 1.05200E-19 9.92181E-17 2.03076E-15 1.52282E-27 4.32021E-04
 6.45041E-11 3.52565E-09 5.19610E-06 1.54216E-10 9.39768E-11 6.63647E-11 8.87965E-07 1.14551E-13
 6.62119E-07 4.14873E-07 1.10429E-08 1.33185E-11 1.16177E-11 7.55531E-10 4.92394E-10 5.71442E-11
 1.29285E-12 2.86759E-11 1.59187E-13 3.50391E-14 6.01643E-16 3.93921E-15 2.83060E-12 3.89205E-11
 2.00119E-12 1.14044E-10 4.90097E-10 1.35439E-13 2.10167E-02 2.85151E-28 1.25542E-28 1.42766E-19
 1.20116E-16 2.00899E-15 1.82415E-27 4.32019E-04 5.66597E-11 4.45094E-09 5.23262E-06 1.74678E-10
 9.96084E-11 6.48916E-11 7.88943E-07 1.84516E-13 6.92330E-07 3.79849E-07 1.12954E-08 1.19444E-11
 1.10063E-11 5.79066E-10 4.60547E-10 3.93257E-11 1.08748E-12 1.69605E-11 8.86662E-14 2.29083E-14
 2.18280E-16 2.79730E-15 2.08031E-12 3.25211E-11 2.55520E-12 1.03053E-10 5.07707E-10 6.40730E-14
 2.10162E-02 4.04287E-28 1.95793E-28 2.16800E-19 1.40752E-16 1.98743E-15 2.29722E-27 4.32008E-04
 5.02618E-11 5.57866E-09 5.24983E-06 1.95332E-10 1.06300E-10 6.45305E-11 7.00815E-07 2.92433E-13
 7.30044E-07 3.50682E-07 1.16894E-08 1.09349E-11 1.05100E-11 4.47660E-10 4.24536E-10 2.68428E-11
 8.83680E-13 9.89650E-12 4.95552E-14 1.47258E-14 7.75819E-17 1.83100E-15 1.57177E-12 2.68091E-11
 3.18615E-12 9.13470E-11 5.24988E-10 2.95877E-14 2.10157E-02 5.68718E-28 2.98662E-28 3.23288E-19
 1.64289E-16 1.96291E-15 2.97739E-27 4.31990E-04 4.47450E-11 6.89295E-09 5.25076E-06 2.16353E-10
 1.13933E-10 6.50333E-11 6.20690E-07 4.53601E-13 7.74571E-07 3.26210E-07 1.22940E-08 1.01117E-11
 1.00132E-11 3.49400E-10 3.87685E-10 1.83098E-11 7.03115E-13 5.73934E-12 2.79586E-14 9.36157E-15
 2.73542E-17 1.13871E-15 1.22160E-12 2.19321E-11 3.88186E-12 7.96873E-11 5.41147E-10 1.35251E-14
 2.10152E-02 7.92241E-28 4.46317E-28 4.78644E-19 1.91339E-16 1.93482E-15 3.99888E-27 4.31966E-04
 3.91699E-11 8.29589E-09 5.23802E-06 2.38361E-10 1.22462E-10 6.70269E-11 5.51396E-07 6.79241E-13
 8.25476E-07 3.05351E-07 1.31109E-08 9.28686E-12 9.27553E-12 2.75195E-10 3.51777E-10 1.26364E-11
 5.61773E-13 3.41352E-12 1.63266E-14 6.00198E-15 1.00120E-17 7.31360E-16 9.75377E-13 1.85269E-11
 4.67016E-12 6.99412E-11 5.53714E-10 6.48810E-15 2.10146E-02 1.08857E-27 6.51192E-28 7.23821E-19
 2.21515E-16 1.90348E-15 5.67404E-27 4.31936E-04 3.43011E-11 9.84643E-09 5.21380E-06 2.62175E-10
 1.32313E-10 6.99779E-11 4.86790E-07 1.00404E-12 8.82397E-07 2.87172E-07 1.42023E-08 8.53796E-12
 8.53907E-12 2.18566E-10 3.18522E-10 8.84177E-12 4.45841E-13 2.06003E-12 9.73124E-15 3.85875E-15
 3.73288E-18 4.52764E-16 7.97639E-13 1.56492E-11 5.53397E-12 6.07656E-11 5.65035E-10 3.13759E-15
 2.10141E-02 1.48621E-27 9.37601E-28 1.08751E-18 2.55848E-16 1.86785E-15 8.34575E-27 4.31902E-04
 3.00044E-11 1.15102E-08 5.18008E-06 2.88663E-10 1.43802E-10 7.39991E-11 4.26320E-07 1.46713E-12
 9.44589E-07 2.71078E-07 1.56041E-08 7.83330E-12 7.79133E-12 1.75245E-10 2.88967E-10 6.32482E-12
 3.53774E-13 1.27104E-12 5.96424E-15 2.50577E-15 1.43691E-18 2.71955E-16 6.67022E-13 1.32291E-11
 6.46066E-12 5.22712E-11 5.75106E-10 1.54009E-15 2.10135E-02 2.02325E-27 1.33784E-27 1.62141E-18
 2.94740E-16 1.82747E-15 1.26327E-26 4.31863E-04 2.66801E-11 1.33879E-08 5.13858E-06 3.18955E-10
 1.57662E-10 7.85772E-11 3.66598E-07 2.15939E-12 1.01129E-06 2.56594E-07 1.73529E-08 7.22762E-12
 7.20272E-12 1.42038E-10 2.63698E-10 4.63283E-12 2.77230E-13 7.91702E-13 3.70808E-15 1.63202E-15
 5.58833E-19 1.49777E-16 5.69354E-13 1.08320E-11 7.40165E-12 4.37937E-11 5.85088E-10 7.36779E-16
 2.10129E-02 2.75107E-27 1.89867E-27 2.32106E-18 3.38506E-16 1.78203E-15 1.89826E-26 4.31822E-04
 2.36317E-11 1.53135E-08 5.09001E-06 3.54256E-10 1.74193E-10 8.47586E-11 3.12317E-07 3.14822E-12
 1.08283E-06 2.43176E-07 1.94695E-08 6.62358E-12 6.57645E-12 1.16150E-10 2.42200E-10 3.52043E-12
 2.19260E-13 5.12366E-13 2.40666E-15 1.08921E-15 2.30303E-19 8.13315E-17 4.94339E-13 8.92875E-12
 8.37887E-12 3.64746E-11 5.93358E-10 3.63906E-16 2.10123E-02 3.74174E-27 2.67838E-27 3.27433E-18
 3.86136E-16 1.73244E-15 2.87488E-26 4.31777E-04 2.08244E-11 1.72586E-08 5.03475E-06 3.95999E-10
 1.94021E-10 9.29839E-11 2.63805E-07 4.56008E-12 1.15965E-06 2.30398E-07 2.20280E-08 6.01838E-12
 5.92520E-12 9.56449E-11 2.24074E-10 2.78550E-12 1.75378E-13 3.46943E-13 1.63734E-15 7.48664E-16
 1.01543E-19 4.36357E-17 4.35278E-13 7.41569E-12 9.38826E-12 3.02238E-11 6.00120E-10 1.86414E-16
 2.10116E-02 5.09861E-27 3.76177E-27 4.53910E-18 4.36915E-16 1.67937E-15 4.35678E-26 4.31728E-04
 1.82887E-11 1.92079E-08 4.97375E-06 4.45726E-10 2.17835E-10 1.03686E-10 2.21125E-07 6.57904E-12
 1.24116E-06 2.18097E-07 2.51306E-08 5.41875E-12 5.26668E-12 7.93874E-11 2.09166E-10 2.30092E-12
 1.42175E-13 2.46801E-13 1.17034E-15 5.32075E-16 4.82187E-20 2.30710E-17 3.88373E-13 6.19099E-12
 1.04097E-11 2.48825E-11 6.05659E-10 9.90988E-17 2.10109E-02 6.95678E-27 5.26014E-27 6.16222E-18
 4.89531E-16 1.62407E-15 6.56079E-26 4.31676E-04 1.61195E-11 2.11505E-08 4.90725E-06 5.05297E-10
 2.46488E-10 1.17472E-10 1.84025E-07 9.47393E-12 1.32758E-06 2.06025E-07 2.89798E-08 4.82916E-12
 4.61491E-12 6.63527E-11 1.97091E-10 1.98428E-12 1.16893E-13 1.84452E-13 8.78370E-16 3.91443E-16
 2.46781E-20 1.19698E-17 3.50441E-13 5.17888E-12 1.14124E-11 2.03100E-11 6.10225E-10 5.45097E-17
 2.10101E-02 9.51891E-27 7.33528E-27 8.17952E-18 5.43242E-16 1.56726E-15 9.77737E-26 4.31620E-04
 1.45625E-11 2.30635E-08 4.83496E-06 5.77536E-10 2.81321E-10 1.35395E-10 1.52001E-07 1.36440E-11
 1.41970E-06 1.93922E-07 3.39047E-08 4.25360E-12 3.98037E-12 5.57337E-11 1.87438E-10 1.78524E-12
 9.75536E-14 1.44795E-13 6.91728E-16 2.98100E-16 1.35963E-20 6.06400E-18 3.19074E-13 4.33080E-12
 1.23559E-11 1.63963E-11 6.14018E-10 3.09038E-17 2.10094E-02 1.31189E-26 1.02390E-26 1.06017E-17
 5.97676E-16 1.50927E-15 1.43911E-25 4.31560E-04 1.41216E-11 2.48864E-08 4.75705E-06 6.67231E-10
 3.24651E-10 1.59177E-10 1.24372E-07 1.96911E-11 1.51752E-06 1.81680E-07 4.03285E-08 3.70311E-12
 3.37423E-12 4.70233E-11 1.79923E-10 1.67706E-12 8.28435E-14 1.19522E-13 5.72484E-16 2.35147E-16
 8.06867E-21 2.98200E-18 2.92809E-13 3.61618E-12 1.31878E-11 1.30539E-11 6.17211E-10 1.80066E-17
 2.10085E-02 1.83450E-26 1.43885E-26 1.33782E-17 6.52154E-16 1.45084E-15 2.08900E-25 4.31495E-04
 1.57859E-11 2.67123E-08 4.67333E-06 7.82919E-10 3.81513E-10 1.90448E-10 9.91030E-08 2.89702E-11
 1.62147E-06 1.69187E-07 4.88316E-08 3.22451E-12 2.88980E-12 3.98010E-11 1.74242E-10 1.63778E-12
 7.04847E-14 1.02045E-13 4.89200E-16 1.88937E-16 4.95870E-21 1.34528E-18 2.70471E-13 2.93532E-12
 1.38675E-11 1.01018E-11 6.20126E-10 1.03268E-17 2.10076E-02 2.63105E-26 2.05474E-26 1.60846E-17
 7.06834E-16 1.39224E-15 2.94575E-25 4.31424E-04 2.01281E-11 2.82644E-08 4.58402E-06 9.34202E-10
 4.56032E-10 2.34508E-10 7.78970E-08 4.28036E-11 1.73123E-06 1.56478E-07 6.00184E-08 2.78265E-12
 2.43570E-12 3.37843E-11 1.70060E-10 1.67211E-12 6.13628E-14 9.20888E-14 4.41399E-16 1.57456E-16
 3.28423E-21 5.89019E-19 2.51388E-13 2.39073E-12 1.43741E-11 7.70626E-12 6.22515E-10 6.08733E-18
 2.10067E-02 3.88949E-26 2.99034E-26 1.87751E-17 7.60424E-16 1.33469E-15 4.10527E-25 4.31347E-04
 2.78189E-11 2.95541E-08 4.48991E-06 1.13324E-09 5.54116E-10 2.96513E-10 6.05110E-08 6.36488E-11
 1.84572E-06 1.43727E-07 7.44700E-08 2.38409E-12 2.02738E-12 2.87786E-11 1.67092E-10 1.77334E-12
 5.45944E-14 8.74763E-14 4.17724E-16 1.35733E-16 2.32867E-21 2.51049E-19 2.35145E-13 1.95459E-12
 1.47131E-11 5.80308E-12 6.24466E-10 3.67511E-18 2.10057E-02 5.90522E-26 4.42747E-26 2.12416E-17
 8.12139E-16 1.27922E-15 5.63981E-25 4.31263E-04 3.90432E-11 3.07004E-08 4.39079E-06 1.39169E-09
 6.81281E-10 3.81582E-10 4.66761E-08 9.53371E-11 1.96493E-06 1.31029E-07 9.28950E-08 2.03239E-12
 1.67418E-12 2.45767E-11 1.65042E-10 1.92936E-12 4.93618E-14 8.60644E-14 4.07982E-16 1.20164E-16
 1.73372E-21 1.04740E-19 2.21249E-13 1.59882E-12 1.49176E-11 4.32586E-12 6.26041E-10 2.24982E-18
 2.10047E-02 9.10117E-26 6.61907E-26 2.33559E-17 8.62123E-16 1.22580E-15 7.62183E-25 4.31172E-04
 5.33519E-11 3.19104E-08 4.28551E-06 1.71888E-09 8.41612E-10 4.94004E-10 3.59932E-08 1.43863E-10
 2.08986E-06 1.18425E-07 1.16210E-07 1.72492E-12 1.37641E-12 2.09910E-11 1.63655E-10 2.12024E-12
 4.49979E-14 8.58783E-14 4.02910E-16 1.08189E-16 1.32180E-21 4.31158E-20 2.09228E-13 1.30262E-12
 1.50393E-11 3.20510E-12 6.27278E-10 1.38008E-18 2.10036E-02 1.40108E-25 9.87781E-26 2.51169E-17
 9.11023E-16 1.17376E-15 1.01244E-24 4.31072E-04 6.97690E-11 3.34110E-08 4.17286E-06 2.12102E-09
 1.03724E-09 6.36366E-10 2.79228E-08 2.18574E-10 2.22148E-06 1.06008E-07 1.45472E-07 1.45627E-12
 1.12842E-12 1.78869E-11 1.62742E-10 2.32041E-12 4.10393E-14 8.52325E-14 3.94874E-16 9.80432E-17
 1.00720E-21 1.76517E-20 1.98740E-13 1.05292E-12 1.51279E-11 2.36986E-12 6.28210E-10 8.39556E-19
 2.10025E-02 2.12177E-25 1.45475E-25 2.66217E-17 9.59343E-16 1.12250E-15 1.32255E-24 4.30960E-04
 8.71025E-11 3.54034E-08 4.05310E-06 2.60151E-09 1.26827E-09 8.08079E-10 2.18886E-08 3.33956E-10
 2.35902E-06 9.40534E-08 1.81500E-07 1.22260E-12 9.23652E-13 1.51992E-11 1.62162E-10 2.50297E-12
 3.72267E-14 8.29204E-14 3.78805E-16 8.85656E-17 7.52172E-22 7.23649E-21 1.89639E-13 8.42457E-13
 1.52191E-11 1.75463E-12 6.28875E-10 5.03166E-19 2.10012E-02 3.12257E-25 2.09579E-25 2.79953E-17
 1.00682E-15 1.07216E-15 1.70069E-24 4.30836E-04 1.04224E-10 3.80574E-08 3.92689E-06 3.16145E-09
 1.53276E-09 1.00475E-09 1.73751E-08 5.12278E-10 2.50128E-06 8.28409E-08 2.25000E-07 1.02056E-12
 7.55422E-13 1.28800E-11 1.61802E-10 2.64347E-12 3.34550E-14 7.83541E-14 3.52603E-16 7.90665E-17
 5.42559E-22 2.98652E-21 1.81808E-13 6.66797E-13 1.53352E-11 1.30427E-12 6.29310E-10 2.96075E-19
 2.10000E-02 4.43279E-25 2.93887E-25 2.93615E-17 1.05298E-15 1.02309E-15 2.15591E-24 4.30698E-04
 1.20097E-10 4.15351E-08 3.79309E-06 3.79945E-09 1.82660E-09 1.21921E-09 1.39734E-08 7.87545E-10
 2.64923E-06 7.24325E-08 2.77390E-07 8.45329E-13 6.16417E-13 1.08571E-11 1.61564E-10 2.72230E-12
 2.97130E-14 7.14822E-14 3.16739E-16 6.92323E-17 3.73622E-22 1.24549E-21 1.75014E-13 5.21940E-13
 1.54905E-11 9.75275E-13 6.29549E-10 1.70623E-19 2.09986E-02 6.05757E-25 4.00590E-25 3.08492E-17
 1.09797E-15 9.75011E-16 2.69971E-24 4.30545E-04 1.33957E-10 4.60159E-08 3.65107E-06 4.51237E-09
 2.14363E-09 1.43852E-09 1.13793E-08 1.21152E-09 2.80333E-06 6.29013E-08 3.40223E-07 6.95196E-13
 5.01706E-13 9.08392E-12 1.61371E-10 2.72672E-12 2.60403E-14 6.25849E-14 2.73375E-16 5.90395E-17
 2.42861E-22 5.26561E-22 1.69095E-13 4.03889E-13 1.57002E-11 7.34864E-13 6.29612E-10 9.61158E-20
 2.09972E-02 7.96762E-25 5.31015E-25 3.25593E-17 1.14167E-15 9.27915E-16 3.34433E-24 4.30374E-04
 1.45778E-10 5.20312E-08 3.50167E-06 5.30357E-09 2.48377E-09 1.63654E-09 9.21997E-09 1.88946E-09
 2.96249E-06 5.43605E-08 4.14730E-07 5.75734E-13 4.22485E-13 7.53877E-12 1.61176E-10 2.63075E-12
 2.20972E-14 5.16912E-14 2.21535E-16 4.75382E-17 1.41356E-22 2.18216E-22 1.63959E-13 3.03616E-13
 1.60717E-11 5.56326E-13 6.29427E-10 5.12872E-20 2.09957E-02 1.01004E-24 6.87343E-25 3.45407E-17
 1.18355E-15 8.82291E-16 4.11112E-24 4.30183E-04 1.55010E-10 5.96258E-08 3.34529E-06 6.15550E-09
 2.82742E-09 1.80433E-09 7.55602E-09 2.93624E-09 3.12629E-06 4.68121E-08 5.02464E-07 4.73352E-13
 3.55082E-13 6.19586E-12 1.60895E-10 2.45776E-12 1.85003E-14 4.08320E-14 1.71600E-16 3.69679E-17
 7.66311E-23 9.26589E-23 1.59504E-13 2.26282E-13 1.65330E-11 4.26523E-13 6.29074E-10 2.67478E-20
 2.09941E-02 1.23287E-24 8.67182E-25 3.69230E-17 1.22305E-15 8.38573E-16 5.00311E-24 4.29971E-04
 1.61784E-10 6.92231E-08 3.18270E-06 7.05719E-09 3.16132E-09 1.92877E-09 6.25853E-09 4.54552E-09
 3.29394E-06 4.02236E-08 6.05103E-07 3.84689E-13 2.97234E-13 5.03493E-12 1.60466E-10 2.22020E-12
 1.52866E-14 3.09342E-14 1.27008E-16 2.77659E-17 3.88615E-23 4.03295E-23 1.55643E-13 1.67446E-13
 1.70949E-11 3.31071E-13 6.28561E-10 1.36615E-20 2.09925E-02 1.45175E-24 1.06935E-24 3.97761E-17
 1.25974E-15 7.97113E-16 6.02678E-24 4.29734E-04 1.66551E-10 8.14077E-08 3.01588E-06 7.99470E-09
 3.47108E-09 1.99832E-09 5.23543E-09 7.01116E-09 3.46344E-06 3.45613E-08 7.23842E-07 3.08643E-13
 2.47673E-13 4.04353E-12 1.59840E-10 1.93660E-12 1.24670E-14 2.25144E-14 8.97305E-17 2.01517E-17
 1.84748E-23 1.79485E-23 1.52317E-13 1.22933E-13 1.77720E-11 2.59825E-13 6.27888E-10 6.82653E-21
 2.09907E-02 1.65277E-24 1.29299E-24 4.31775E-17 1.29311E-15 7.58348E-16 7.18410E-24 4.29474E-04
 1.69732E-10 9.70235E-08 2.84541E-06 8.94740E-09 3.74129E-09 2.00667E-09 4.42162E-09 1.07806E-08
 3.63423E-06 2.97102E-08 8.61041E-07 2.43727E-13 2.04843E-13 3.19996E-12 1.58967E-10 1.62848E-12
 1.00301E-14 1.57359E-14 6.04028E-17 1.41350E-17 8.23103E-24 8.12444E-24 1.49435E-13 8.92713E-14
 1.85797E-11 2.05628E-13 6.27049E-10 3.32362E-21 2.09888E-02 1.82477E-24 1.53857E-24 4.72548E-17
 1.32310E-15 7.22189E-16 8.47611E-24 4.29184E-04 1.71703E-10 1.17284E-07 2.67169E-06 9.88657E-09
 3.95684E-09 1.95388E-09 3.76946E-09 1.65372E-08 3.80575E-06 2.55482E-08 1.01974E-06 1.88604E-13
 1.67391E-13 2.48377E-12 1.57793E-10 1.31799E-12 7.95221E-15 1.05493E-14 3.86633E-17 9.58615E-18
 3.43419E-24 3.71209E-24 1.46918E-13 6.38431E-14 1.95337E-11 1.63487E-13 6.26034E-10 1.56803E-21
 2.09868E-02 1.96130E-24 1.80912E-24 5.21905E-17 1.34973E-15 6.88404E-16 9.90321E-24 4.28861E-04
 1.72797E-10 1.43848E-07 2.49709E-06 1.07763E-08 4.10477E-09 1.84963E-09 3.24109E-09 2.53131E-08
 3.97531E-06 2.20010E-08 1.20165E-06 1.42577E-13 1.34565E-13 1.88323E-12 1.56285E-10 1.02590E-12
 6.20791E-15 6.80283E-15 2.35427E-17 6.30091E-18 1.34742E-24 1.69877E-24 1.44720E-13 4.48534E-14
 2.06563E-11 1.30052E-13 6.24826E-10 7.14895E-22 2.09846E-02 2.06590E-24 2.11182E-24 5.82020E-17
 1.37272E-15 6.57054E-16 1.14604E-23 4.28502E-04 1.72176E-10 1.77719E-07 2.32421E-06 1.16497E-08
 4.19740E-09 1.71841E-09 2.78653E-09 3.86374E-08 4.13966E-06 1.89939E-08 1.40804E-06 1.05011E-13
 1.06037E-13 1.38544E-12 1.54414E-10 7.73475E-13 4.80231E-15 4.26857E-15 1.37827E-17 4.04318E-18
 5.03526E-25 7.83755E-25 1.42802E-13 3.13392E-14 2.20338E-11 1.03840E-13 6.23339E-10 3.18111E-22
 2.09823E-02 2.17785E-24 2.47913E-24 6.51086E-17 1.39224E-15 6.28135E-16 1.31143E-23 4.28106E-04
 1.65836E-10 2.11894E-07 2.15493E-06 1.32486E-08 4.42477E-09 1.59482E-09 2.28799E-09 5.98616E-08
 4.29492E-06 1.64560E-08 1.64002E-06 7.49767E-14 8.21768E-14 9.75852E-13 1.52151E-10 5.89818E-13
 3.89629E-15 2.68200E-15 8.09582E-18 2.59983E-18 1.86229E-25 3.96145E-25 1.41127E-13 2.32071E-14
 2.39706E-11 8.69554E-14 6.21268E-10 1.46121E-22 2.09798E-02 2.41300E-24 3.13113E-24 6.94081E-17
 1.41185E-15 6.01582E-16 1.47509E-23 4.27669E-04 1.55172E-10 2.62879E-07 1.98348E-06 1.73839E-08
 5.08191E-09 1.43244E-09 1.87323E-09 1.10700E-07 4.43501E-06 1.43225E-08 1.90167E-06 4.99032E-14
 5.99589E-14 6.39648E-13 1.49546E-10 4.25777E-13 3.53792E-15 1.64009E-15 4.51848E-18 1.69178E-18
 6.60618E-26 2.13561E-25 1.39676E-13 1.75298E-14 2.66786E-11 7.55663E-14 6.18405E-10 6.46725E-23
 2.09771E-02 2.66226E-24 4.47893E-24 6.78261E-17 1.43497E-15 5.77240E-16 1.66170E-23 4.27187E-04
 1.79541E-10 9.67241E-07 1.78268E-06 1.11453E-08 3.51577E-09 9.51366E-10 3.69572E-09 2.96508E-07
 4.54201E-06 1.25363E-08 2.20663E-06 2.82700E-14 2.64372E-14 3.73605E-13 1.46742E-10 1.14506E-13
 1.67627E-15 7.39374E-16 1.35457E-18 8.12866E-19 1.56042E-26 2.62133E-26 1.38449E-13 4.96132E-15
 2.79468E-11 2.82255E-14 6.17013E-10 1.25221E-23 2.09740E-02 1.47998E-24 3.27608E-24 1.28952E-16
 1.39326E-15 5.54833E-16 2.17670E-23 4.26646E-04 1.82662E-10 6.10405E-06 1.58045E-06 3.06390E-09
 1.13332E-09 5.15525E-10 1.24662E-08 5.94526E-07 4.59466E-06 1.10470E-08 2.53045E-06 1.61045E-14
 1.30517E-14 2.00066E-13 1.43329E-10 1.31885E-14 3.81999E-16 3.21086E-16 3.35682E-19 1.74391E-19
 3.25269E-27 3.98590E-27 1.37370E-13 5.30678E-16 3.33447E-11 1.31332E-14 6.11436E-10 1.61190E-24
 2.09684E-02 4.30673E-25 8.83556E-25 3.64763E-16 1.17464E-15 5.34498E-16 1.97582E-23 4.26069E-04
 1.31183E-10 2.05725E-05 1.39670E-06 1.34688E-09 4.53738E-10 2.77352E-10 2.58533E-08 8.99150E-07
 4.62086E-06 9.76164E-09 2.85911E-06 9.32913E-15 8.69481E-15 1.02347E-13 1.39374E-10 2.78071E-15
 1.11829E-16 1.42995E-16 8.58904E-20 3.86883E-20 6.96781E-28 1.55319E-27 1.36338E-13 3.76898E-17
 4.38915E-11 1.02935E-14 6.00672E-10 1.40373E-25 2.09577E-02 1.10444E-25 2.61304E-25 6.06361E-16
 9.48710E-16 5.15494E-16 1.31428E-23 4.25457E-04 7.85218E-11 4.95485E-05 1.22790E-06 7.75584E-10
 2.16664E-10 1.48006E-10 4.13964E-08 1.19529E-06 4.63471E-06 8.60736E-09 3.20268E-06 5.41289E-15
 6.71225E-15 5.06648E-14 1.34918E-10 1.17305E-15 4.27884E-17 6.38261E-17 2.21532E-20 1.48388E-20
 1.49861E-28 8.37121E-28 1.35295E-13 4.11471E-18 5.79854E-11 8.99041E-15 5.86322E-10 8.63043E-27
 2.09391E-02 2.60754E-26 8.96379E-26 7.90852E-16 7.79086E-16 4.96925E-16 8.18864E-24 4.24784E-04
 4.59034E-11 9.82978E-05 1.07456E-06 5.14185E-10 1.15175E-10 7.82654E-11 5.74046E-08 1.47187E-06
 4.64186E-06 7.57039E-09 3.56225E-06 3.14025E-15 5.62890E-15 2.47913E-14 1.30063E-10 7.63731E-16
 1.92894E-17 2.84593E-17 5.73159E-21 8.45045E-21 3.22575E-29 4.81460E-28 1.34229E-13 8.83829E-19
 7.42521E-11 8.03533E-15 5.69755E-10 6.27554E-28 2.09099E-02 5.77381E-27 3.42964E-26 9.16716E-16
 6.67312E-16 4.78672E-16 5.05151E-24 4.24037E-04 2.85151E-11 1.72027E-04 9.36766E-07 3.68510E-10
 6.57014E-11 4.09970E-11 7.26460E-08 1.72358E-06 4.64514E-06 6.64343E-09 3.93793E-06 1.82202E-15
 4.97383E-15 1.22052E-14 1.24907E-10 5.85117E-16 9.49261E-18 1.26770E-17 1.48729E-21 5.58457E-21
 6.95595E-30 2.77288E-28 1.33139E-13 2.54250E-19 9.17173E-11 7.17364E-15 5.51938E-10 1.28308E-28
 2.08674E-02 1.21335E-27 1.43086E-26 1.00019E-15 5.97058E-16 4.60725E-16 3.15002E-24 4.23206E-04
 1.90296E-11 2.75804E-04 8.13870E-07 2.76077E-10 3.94009E-11 2.12656E-11 8.61991E-08 1.94894E-06
 4.64606E-06 5.81832E-09 4.33040E-06 1.05736E-15 4.55295E-15 6.12493E-15 1.19526E-10 4.69785E-16
 4.89406E-18 5.64161E-18 3.87272E-22 3.84379E-21 1.50488E-30 1.57298E-28 1.32021E-13 8.41556E-20
 1.09770E-10 6.35291E-15 5.33472E-10 4.64040E-29 2.08088E-02 2.44088E-28 6.42050E-27 1.05797E-15
 5.51537E-16 4.43067E-16 2.00363E-24 4.22280E-04 1.34478E-11 4.14418E-04 7.04862E-07 2.12119E-10
 2.45329E-11 1.09238E-11 9.73835E-08 2.14846E-06 4.64545E-06 5.08644E-09 4.74067E-06 6.13652E-16
 4.27140E-15 3.16415E-15 1.13974E-10 3.81233E-16 2.58585E-18 2.50826E-18 1.01308E-22 2.66571E-21
 3.27462E-31 8.74940E-29 1.30872E-13 3.05915E-20 1.28015E-10 5.56997E-15 5.14745E-10 1.88153E-29
 2.07317E-02 4.74073E-29 3.06851E-27 1.10231E-15 5.18377E-16 4.25681E-16 1.30462E-24 4.21245E-04
 9.94033E-12 5.92312E-04 6.08562E-07 1.65292E-10 1.57309E-11 5.55982E-12 1.05780E-07 2.32370E-06
 4.64378E-06 4.43901E-09 5.17010E-06 3.55922E-16 4.07699E-15 1.69562E-15 1.08290E-10 3.09329E-16
 1.38416E-18 1.11329E-18 2.66634E-23 1.84531E-21 7.19543E-32 4.77384E-29 1.29688E-13 1.19185E-20
 1.46174E-10 4.83336E-15 4.96022E-10 7.94280E-30 2.06336E-02 8.97736E-30 1.54956E-27 1.14108E-15
 4.89616E-16 4.08544E-16 8.70051E-25 4.20084E-04 7.95839E-12 8.12854E-04 5.23998E-07 1.31764E-10
 1.04006E-11 2.81475E-12 1.15295E-07 2.47625E-06 4.64139E-06 3.86920E-09 5.61888E-06 2.06260E-16
 3.93890E-15 9.49454E-16 1.02513E-10 2.52730E-16 7.74723E-19 4.92804E-19 7.07999E-24 1.30705E-21
 1.61002E-32 2.77454E-29 1.28467E-13 5.17843E-21 1.63978E-10 4.25193E-15 4.77560E-10 3.77193E-30
 2.05128E-02 1.66758E-30 8.27493E-28 1.17911E-15 4.60269E-16 3.91680E-16 5.97892E-25 4.18782E-04
 6.84633E-12 1.07881E-03 4.50411E-07 1.06514E-10 7.04600E-12 1.42647E-12 1.25743E-07 2.60776E-06
 4.63862E-06 3.37182E-09 6.08598E-06 1.19686E-16 3.83912E-15 5.63080E-16 9.67211E-11 2.07266E-16
 4.48469E-19 2.18051E-19 1.91491E-24 9.41565E-22 3.75224E-33 1.69067E-29 1.27211E-13 2.45550E-21
 1.81173E-10 3.76864E-15 4.59600E-10 1.97271E-30 2.03677E-02-8.95242E-33 4.62936E-28 1.21741E-15
 4.29124E-16 3.75155E-16 4.21178E-25 4.17320E-04 5.82606E-12 1.39472E-03 3.86582E-07 8.45269E-11
 4.80904E-12 7.24208E-13 1.28809E-07 2.72074E-06 4.63560E-06 2.93871E-09 6.57345E-06 6.95995E-17
 3.76562E-15 3.59571E-16 9.09781E-11 1.67374E-16 2.48894E-19 9.66136E-20 5.32458E-25 6.55708E-22
 9.32916E-34 9.27300E-30 1.25911E-13 1.13476E-21 1.97674E-10 3.21837E-15 4.42208E-10 9.51056E-31
 2.01960E-02-2.19192E-30 2.65530E-28 1.25567E-15 3.96361E-16 3.58931E-16 2.99015E-25 4.15673E-04
 5.28985E-12 1.76390E-03 3.31351E-07 6.76842E-11 3.34190E-12 3.69457E-13 1.33519E-07 2.81747E-06
 4.63245E-06 2.56212E-09 7.08333E-06 4.05416E-17 3.70927E-15 2.50615E-16 8.53261E-11 1.35936E-16
 1.41536E-19 4.28057E-20 1.53889E-25 4.66818E-22 2.56513E-34 5.33464E-30 1.24561E-13 5.65419E-22
 2.13406E-10 2.77464E-15 4.25439E-10 5.04389E-31 1.99957E-02-1.41325E-29 1.57413E-28 1.29365E-15
 3.62080E-16 3.42965E-16 2.16218E-25 4.13812E-04 4.67560E-12 2.19073E-03 2.83716E-07 5.28588E-11
 2.32576E-12 1.89396E-13 1.29738E-07 2.90017E-06 4.62926E-06 2.23539E-09 7.61797E-06 2.36850E-17
 3.66413E-15 1.92784E-16 7.98429E-11 1.08634E-16 7.63259E-20 1.90126E-20 4.66175E-26 3.20170E-22
 7.80792E-35 2.72301E-30 1.23149E-13 2.68344E-22 2.28329E-10 2.29535E-15 4.09307E-10 2.40814E-31
 1.97647E-02 1.67822E-29 9.46483E-29 1.33085E-15 3.26595E-16 3.27213E-16 1.56610E-25 4.11701E-04
 4.27880E-12 2.67934E-03 2.42646E-07 4.11651E-11 1.63523E-12 9.76182E-14 1.25291E-07 2.97086E-06
 4.62605E-06 1.95169E-09 8.18066E-06 1.38617E-17 3.62546E-15 1.63352E-16 7.45636E-11 8.69057E-17
 4.11545E-20 8.44825E-21 1.49156E-26 2.21274E-22 2.63114E-35 1.38937E-30 1.21663E-13 1.31553E-22
 2.42428E-10 1.89010E-15 3.93794E-10 1.19185E-31 1.95006E-02 1.42572E-29 5.80956E-29 1.36612E-15
 2.90878E-16 3.11594E-16 1.14560E-25 4.09298E-04 4.01430E-12 3.23225E-03 2.07432E-07 3.18028E-11
 1.15836E-12 5.07126E-14 1.19239E-07 3.03132E-06 4.62305E-06 1.70638E-09 8.77217E-06 8.14196E-18
 3.59002E-15 1.50618E-16 6.95659E-11 6.94819E-17 2.20579E-20 3.76412E-21 5.06971E-27 1.53199E-22
 9.62426E-36 6.97364E-31 1.20090E-13 6.55728E-23 2.55637E-10 1.53905E-15 3.78938E-10 5.98925E-32
 1.92024E-02 2.49096E-30 3.62644E-29 1.39849E-15 2.55664E-16 2.96089E-16 8.43643E-26 4.06563E-04
 3.54859E-12 3.85582E-03 1.77229E-07 2.37942E-11 8.16302E-13 2.64817E-14 1.05072E-07 3.08319E-06
 4.62011E-06 1.49387E-09 9.39694E-06 4.80057E-18 3.55527E-15 1.48147E-16 6.49097E-11 5.45808E-17
 1.10014E-20 1.68430E-21 1.79146E-27 1.01236E-22 3.53897E-36 2.99245E-31 1.18412E-13 3.00101E-23
 2.67982E-10 1.19178E-15 3.64667E-10 2.57882E-32 1.88669E-02 7.32315E-31 2.26990E-29 1.42747E-15
 2.21213E-16 2.80589E-16 6.17625E-26 4.03434E-04 3.15386E-12 4.55559E-03 1.51279E-07 1.76389E-11
 5.77875E-13 1.38792E-14 9.09635E-08 3.12766E-06 4.61693E-06 1.30917E-09 1.00594E-05 2.83615E-18
 3.51907E-15 1.52366E-16 6.06026E-11 4.28959E-17 5.40038E-21 7.55067E-22 6.52750E-28 6.69284E-23
 1.30355E-36 1.23963E-31 1.16605E-13 1.37404E-23 2.79470E-10 9.10708E-16 3.50927E-10 1.10276E-32
 1.84916E-02 7.90370E-32 1.43610E-29 1.45151E-15 1.88809E-16 2.64994E-16 4.53615E-26 3.99850E-04
 2.82900E-12 5.33403E-03 1.29064E-07 1.29683E-11 4.10823E-13 7.30816E-15 7.74652E-08 3.16587E-06
 4.61350E-06 1.14895E-09 1.07601E-05 1.67980E-18 3.47989E-15 1.61168E-16 5.66731E-11 3.37641E-17
 2.63091E-21 3.39350E-22 2.44046E-28 4.43138E-23 4.81298E-37 5.00751E-32 1.14653E-13 6.29692E-24
 2.90036E-10 6.87428E-16 3.37734E-10 4.70583E-33 1.80757E-02-4.66421E-31 9.17716E-30 1.46960E-15
 1.59160E-16 2.49270E-16 3.34015E-26 3.95749E-04 2.55722E-12 6.19307E-03 1.10123E-07 9.45482E-12
 2.93193E-13 3.87043E-15 6.48990E-08 3.19884E-06 4.60984E-06 1.01030E-09 1.14991E-05 9.98373E-19
 3.43643E-15 1.73137E-16 5.31467E-11 2.66489E-17 1.27367E-21 1.53098E-22 9.31625E-29 2.94202E-23
 1.78140E-37 1.97186E-32 1.12537E-13 2.88476E-24 2.99612E-10 5.12413E-16 3.25101E-10 2.00429E-33
 1.76192E-02-2.40500E-30 5.92028E-30 1.48112E-15 1.32588E-16 2.33392E-16 2.46468E-26 3.91069E-04
 2.24216E-12 7.13618E-03 9.40054E-08 6.77523E-12 2.08884E-13 2.05981E-15 5.20776E-08 3.22724E-06
 4.60561E-06 8.90346E-10 1.22773E-05 5.95707E-19 3.38754E-15 1.87190E-16 5.00399E-11 2.09445E-17
 5.96479E-22 6.94326E-23 3.57713E-29 1.91757E-23 6.46824E-38 7.13255E-33 1.10234E-13 1.26411E-24
 3.08154E-10 3.71176E-16 3.13010E-10 7.91274E-34 1.71217E-02-1.20975E-29 3.83148E-30 1.48569E-15
 1.09113E-16 2.17325E-16 1.81256E-26 3.85737E-04 1.92005E-12 8.16664E-03 8.02945E-08 4.79253E-12
 1.48705E-13 1.09980E-15 4.03718E-08 3.25118E-06 4.60002E-06 7.86403E-10 1.30954E-05 3.56519E-19
 3.33217E-15 2.02372E-16 4.73298E-11 1.64425E-17 2.72284E-22 3.16307E-23 1.37150E-29 1.23551E-23
 2.29552E-38 2.40406E-33 1.07721E-13 5.35348E-25 3.15612E-10 2.62767E-16 3.01445E-10 2.94748E-34
 1.65832E-02-1.97845E-30 2.49271E-30 1.48291E-15 8.88170E-17 2.01044E-16 1.32977E-26 3.79677E-04
 1.71034E-12 9.28075E-03 6.86950E-08 3.40513E-12 1.06770E-13 5.90613E-16 3.17218E-08 3.27099E-06
 4.59282E-06 6.96690E-10 1.39480E-05 2.14126E-19 3.26961E-15 2.17659E-16 4.49748E-11 1.30888E-17
 1.27547E-22 1.44758E-23 5.32633E-30 8.19125E-24 8.24245E-39 8.38669E-34 1.04986E-13 2.36163E-25
 3.21877E-10 1.87137E-16 2.90459E-10 1.17979E-34 1.60081E-02-7.26951E-31 1.64266E-30 1.47253E-15
 7.17042E-17 1.84624E-16 9.82154E-27 3.72842E-04 1.51664E-12 1.04746E-02 5.89463E-08 2.40353E-12
 7.67480E-14 3.19434E-16 2.43621E-08 3.28709E-06 4.58384E-06 6.19635E-10 1.48283E-05 1.29248E-19
 3.19916E-15 2.31987E-16 4.29627E-11 1.04448E-17 5.94789E-23 6.66911E-24 2.08738E-30 5.41498E-24
 2.97344E-39 2.82298E-34 1.02016E-13 1.02486E-25 3.26847E-10 1.31220E-16 2.80094E-10 4.60653E-35
 1.54016E-02-1.88038E-31 1.08956E-30 1.45466E-15 5.74208E-17 1.68150E-16 7.24878E-27 3.65181E-04
 1.35883E-12 1.17434E-02 5.08077E-08 1.69479E-12 5.53675E-14 1.74259E-16 1.85207E-08 3.29939E-06
 4.57249E-06 5.53771E-10 1.57279E-05 7.84829E-20 3.12036E-15 2.44359E-16 4.12643E-11 8.39167E-18
 2.79091E-23 3.09489E-24 8.27189E-31 3.60918E-24 1.08385E-39 9.36092E-35 9.88035E-14 4.45849E-26
 3.30433E-10 9.12666E-17 2.70386E-10 1.81036E-35 1.47703E-02-4.63018E-32 7.29010E-31 1.42947E-15
 4.56439E-17 1.51742E-16 5.35849E-27 3.56661E-04 1.25031E-12 1.30794E-02 4.40887E-08 1.20089E-12
 4.01852E-14 9.62353E-17 1.41071E-08 3.30803E-06 4.55852E-06 4.97971E-10 1.66353E-05 4.80892E-20
 3.03296E-15 2.53865E-16 3.98560E-11 6.81421E-18 1.33757E-23 1.44940E-24 3.33521E-31 2.44985E-24
 4.04168E-40 3.14236E-35 9.53502E-14 1.98076E-26 3.32537E-10 6.34154E-17 2.61389E-10 7.39938E-36
 1.41228E-02-1.46081E-32 4.93080E-31 1.39724E-15 3.60559E-17 1.35567E-16 3.97575E-27 3.47272E-04
 1.14828E-12 1.44780E-02 3.86180E-08 8.51763E-13 2.91952E-14 5.40611E-17 1.05282E-08 3.31290E-06
 4.54137E-06 4.51183E-10 1.75393E-05 2.99157E-20 2.93684E-15 2.59791E-16 3.87276E-11 5.55101E-18
 6.42523E-24 6.87419E-25 1.36120E-31 1.65941E-24 1.52514E-40 1.01851E-35 9.16587E-14 8.66214E-27
 3.33087E-10 4.34346E-17 2.53132E-10 2.95313E-36 1.34671E-02-4.37594E-33 3.35386E-31 1.35830E-15
 2.83502E-17 1.19793E-16 2.94465E-27 3.37010E-04 1.06715E-12 1.59341E-02 3.42583E-08 6.09684E-13
 2.12838E-14 3.13457E-17 7.79457E-09 3.31348E-06 4.52010E-06 4.12553E-10 1.84281E-05 1.91738E-20
 2.83222E-15 2.61684E-16 3.78602E-11 4.55546E-18 3.13571E-24 3.33419E-25 5.63973E-32 1.13383E-24
 5.84431E-41 3.25483E-36 8.77446E-14 3.79587E-27 3.32021E-10 2.95324E-17 2.45653E-10 1.18623E-36
 1.28119E-02-8.55911E-34 2.29762E-31 1.31308E-15 2.22972E-17 1.04626E-16 2.18136E-27 3.25903E-04
 9.92117E-13 1.74461E-02 3.09008E-08 4.42540E-13 1.55288E-14 1.95327E-17 5.67322E-09 3.30910E-06
 4.49355E-06 3.81368E-10 1.92911E-05 1.30963E-20 2.71955E-15 2.59347E-16 3.72376E-11 3.75224E-18
 1.55375E-24 1.71544E-25 2.40220E-32 7.73875E-25 2.28383E-41 1.00669E-36 8.36294E-14 1.63912E-27
 3.29298E-10 1.98287E-17 2.38983E-10 4.66151E-37 1.21649E-02-2.90203E-34 1.58012E-31 1.26205E-15
 1.77524E-17 9.02669E-17 1.61104E-27 3.14000E-04 9.39009E-13 1.90122E-02 2.84696E-08 3.31457E-13
 1.13655E-14 1.43839E-17 4.14034E-09 3.29889E-06 4.46038E-06 3.57108E-10 2.01177E-05 1.01620E-20
 2.59976E-15 2.52843E-16 3.68371E-11 3.11384E-18 8.25110E-25 1.05539E-25 1.18058E-32 5.33115E-25
 1.00964E-41 3.19653E-37 7.93500E-14 7.17240E-28 3.24901E-10 1.33377E-17 2.33159E-10 1.87635E-37
 1.15337E-02-1.03755E-34 1.09206E-31 1.20573E-15 1.47165E-17 7.69266E-17 1.18816E-27 3.01391E-04
 2.85150E+02 2.78650E+02 2.72150E+02 2.65660E+02 2.61170E+02 2.55680E+02 2.49190E+02 2.42700E+02
 2.36210E+02 2.25000E+02 2.10000E+02 2.10000E+02 2.10000E+02 2.10000E+02 2.10000E+02 2.10000E+02
 2.14000E+02 2.14000E+02 2.16650E+02 2.16650E+02 2.16650E+02 2.17580E+02 2.18570E+02 2.19570E+02
 2.20560E+02 2.21550E+02 2.22540E+02 2.23540E+02 2.24530E+02 2.25520E+02 2.26510E+02 2.27500E+02
 2.28490E+02 2.30970E+02 2.33740E+02 2.36510E+02 2.39280E+02 2.37000E+02 2.35000E+02 2.33000E+02
 2.30000E+02 2.27000E+02 2.24000E+02 2.22000E+02 2.20000E+02 2.18000E+02 2.16000E+02 2.14000E+02
 2.12000E+02 2.10000E+02 2.09000E+02 2.08000E+02 2.07000E+02 2.06000E+02 2.05000E+02 2.04000E+02
 2.03000E+02 2.02000E+02 2.01000E+02 2.00000E+02 2.00000E+02 2.00000E+02 2.00000E+02 2.00000E+02
 2.00000E+02 2.00000E+02 2.00000E+02 2.00000E+02 2.00000E+02 2.00000E+02 2.00000E+02 2.00000E+02
 2.00000E+02 2.00000E+02 2.00000E+02 2.00000E+02 2.00000E+02 2.00000E+02 2.00000E+02 1.98600E+02
 1.96000E+02 1.94700E+02 1.92000E+02 1.90800E+02 1.89000E+02 1.86900E+02 1.86900E+02 1.86900E+02
 1.86900E+02 1.86900E+02 1.88000E+02 1.90000E+02 1.91000E+02 1.92500E+02 1.94000E+02 1.95000E+02
 1.96500E+02 1.98000E+02 2.00000E+02 2.02000E+02 1.00000E+05 1.00000E+05 1.00000E+05 1.00000E+05
 1.00000E+05 1.00000E+05 1.00000E+05 1.00000E+05 1.00000E+05 8.94400E+04 4.89900E+04 2.25800E+04
 1.16600E+04 6.81200E+03 5.16500E+03 4.29000E+03 3.95000E+03 3.90000E+03 3.99900E+03 4.34300E+03
 4.84400E+03 5.43900E+03 6.18700E+03 7.03600E+03 7.98400E+03 8.98600E+03 1.00300E+04 1.12800E+04
 1.24900E+04 1.36300E+04 1.51300E+04 1.66900E+04 1.81800E+04 1.99800E+04 2.19800E+04 2.44500E+04
 2.74600E+04 3.04600E+04 3.39400E+04 3.79500E+04 4.19500E+04 4.64300E+04 5.19100E+04 5.84000E+04
 6.44500E+04 7.13600E+04 7.99000E+04 8.79100E+04 9.68700E+04 1.06900E+05 1.17800E+05 1.31800E+05
 1.48300E+05 1.65800E+05 1.83300E+05 2.01800E+05 2.25600E+05 2.52200E+05 2.77200E+05 3.07000E+05
 3.42100E+05 3.79500E+05 4.21900E+05 4.71700E+05 5.17400E+05 5.67400E+05 6.22400E+05 6.82600E+05
 7.48700E+05 8.21200E+05 9.00700E+05 9.87900E+05 1.00000E+06 1.00000E+06 1.00000E+06 1.00000E+06
 1.00000E+06 1.00000E+06 1.00000E+06 1.00000E+06 1.00000E+06 1.00000E+06 1.00000E+06 1.00000E+06
 1.00000E+06 1.00000E+06 1.00000E+06 1.00000E+06 1.00000E+06 1.00000E+06 1.00000E+06 1.00000E+06
 1.00000E+06 1.00000E+06 1.00000E+06 1.00000E+06 1.00000E+06 1.00000E+06 1.00000E+06 1.00000E+06
 2.42824E+19 2.20834E+19 2.00394E+19 1.81419E+19 1.62668E+19 1.46118E+19 1.31443E+19 1.17918E+19
 1.05477E+19 9.58944E+18 8.82128E+18 7.53290E+18 6.43302E+18 5.49400E+18 4.69228E+18 4.00776E+18
 3.36427E+18 2.88224E+18 2.44151E+18 2.09585E+18 1.79922E+18 1.53854E+18 1.31624E+18 1.12685E+18
 9.65488E+17 8.27841E+17 7.10338E+17 6.09931E+17 5.24118E+17 4.50700E+17 3.87840E+17 3.33981E+17
 2.87801E+17 2.46691E+17 2.11567E+17 1.81781E+17 1.56471E+17 1.37599E+17 1.20724E+17 1.05805E+17
 9.30026E+16 8.16147E+16 7.15000E+16 6.22690E+16 5.41645E+16 4.70571E+16 4.08313E+16 3.53841E+16
 3.06239E+16 2.64690E+16 2.27463E+16 1.95339E+16 1.67637E+16 1.43764E+16 1.23205E+16 1.05512E+16
 9.02949E+15 7.72172E+15 6.59856E+15 5.63463E+15 4.78588E+15 4.06518E+15 3.45318E+15 2.93347E+15
 2.49210E+15 2.11725E+15 1.79887E+15 1.52844E+15 1.29874E+15 1.10361E+15 9.37847E+14 7.97022E+14
 6.77377E+14 5.75722E+14 4.89348E+14 4.15953E+14 3.53585E+14 3.00584E+14 2.55541E+14 2.18667E+14
 1.87968E+14 1.60273E+14 1.37434E+14 1.16753E+14 9.93755E+13 8.45834E+13 7.11287E+13 5.98180E+13
 5.03091E+13 4.23146E+13 3.54025E+13 2.95239E+13 2.47882E+13 2.07829E+13 1.74498E+13 1.47065E+13
 1.23772E+13 1.04312E+13 8.78287E+12 7.40815E+12 6.34421E-11 7.74704E-11 1.07240E-10 1.45004E-10
 1.87156E-10 2.30712E-10 2.73089E-10 3.12721E-10 3.48792E-10 3.82204E-10 4.20356E-10 4.74022E-10
 5.29387E-10 5.66305E-10 5.70628E-10 5.45068E-10 5.00588E-10 4.48985E-10 3.97658E-10 3.50950E-10
 3.11024E-10 2.77430E-10 2.49328E-10 2.25907E-10 2.06122E-10 1.88399E-10 1.71642E-10 1.55849E-10
 1.40966E-10 1.26801E-10 1.13418E-10 1.00918E-10 8.92055E-11 7.82773E-11 6.82013E-11 5.90427E-11
 5.08630E-11 4.36238E-11 3.72416E-11 3.16540E-11 2.67634E-11 2.24815E-11 1.87700E-11 1.55886E-11
 1.28545E-11 1.05019E-11 8.50707E-12 6.82331E-12 5.40441E-12 4.22397E-12 3.23127E-12 2.44178E-12
 1.82432E-12 1.34402E-12 9.71975E-13 6.88062E-13 4.78653E-13 3.26826E-13 2.17260E-13 1.40759E-13
 8.89161E-14 5.45640E-14 3.25049E-14 1.88226E-14 1.04617E-14 5.56315E-15 2.82196E-15 1.36064E-15
 6.21285E-16 2.67570E-16 1.08203E-16 4.08877E-17 1.31615E-17 3.45800E-18 7.15062E-19 1.11493E-19
 1.24624E-20 9.40934E-22 4.47355E-23 1.24068E-24 1.82588E-26 1.25182E-28 3.49082E-31 3.27404E-34
 8.41074E-38 4.59164E-42 3.81342E-47 3.36020E-53 2.04533E-60 5.15991E-69 2.77191E-79 1.72065E-91
 1.00000-100 1.00000-100 1.00000-100 1.00000-100 1.00000-100 1.00000-100 1.00000-100 1.00000-100
 2.36985E+01 1.93569E+01 1.90135E+01 2.04283E+01 2.15313E+01 2.20592E+01 2.20472E+01 2.14703E+01
 2.03380E+01 1.92180E+01 1.81911E+01 1.73269E+01 1.63914E+01 1.48800E+01 1.27500E+01 1.03735E+01
 8.03270E+00 6.92627E+00 5.95999E+00 5.59823E+00 5.43282E+00 5.31938E+00 5.37251E+00 5.56329E+00
 5.56830E+00 4.33033E+00 3.35850E+00 2.59878E+00 2.00568E+00 1.54050E+00 1.17827E+00 8.96981E-01
 6.78718E-01 5.04225E-01 3.71918E-01 2.73316E-01 2.00104E-01 1.51678E-01 1.14035E-01 8.52620E-02
 6.37964E-02 4.73492E-02 3.48805E-02 2.53259E-02 1.82328E-02 1.29913E-02 9.16507E-03 6.39403E-03
 4.39937E-03 2.98248E-03 1.96053E-03 1.27213E-03 8.15522E-04 5.15146E-04 3.19185E-04 1.93475E-04
 1.15157E-04 6.72228E-05 3.81736E-05 2.11100E-05 1.12785E-05 5.85367E-06 2.94929E-06 1.44441E-06
 6.78961E-07 3.05342E-07 1.31071E-07 5.34935E-08 2.06755E-08 7.53692E-09 2.57902E-09 8.24306E-10
 2.24377E-10 4.98376E-11 8.71147E-12 1.14820E-12 1.08493E-13 6.92472E-15 2.78324E-16 6.60730E-18
 8.40269E-20 4.91119E-22 1.18134E-24 9.40759E-28 2.06145E-31 9.61249E-36 6.67693E-41 4.92103E-47
 2.50565E-54 5.28819E-63 2.34506E-73 1.20667E-85 5.88798E-95 4.93660E-95 4.14489E-95 3.49327E-95
 2.93998E-95 2.47774E-95 2.08621E-95 1.75967E-95 0.00000E+00 0.00000E+00 0.00000E+00 0.00000E+00
 0.00000E+00 0.00000E+00 0.00000E+00 0.00000E+00 0.00000E+00 0.00000E+00 0.00000E+00 0.00000E+00
 0.00000E+00 0.00000E+00 0.00000E+00 0.00000E+00 0.00000E+00 0.00000E+00 0.00000E+00 0.00000E+00
 0.00000E+00 0.00000E+00 0.00000E+00 0.00000E+00 0.00000E+00 0.00000E+00 0.00000E+00 0.00000E+00
 0.00000E+00 0.00000E+00 0.00000E+00 0.00000E+00 0.00000E+00 0.00000E+00 0.00000E+00 0.00000E+00
 0.00000E+00 0.00000E+00 0.00000E+00 0.00000E+00 0.00000E+00 0.00000E+00 0.00000E+00 0.00000E+00
 0.00000E+00 0.00000E+00 0.00000E+00 0.00000E+00 0.00000E+00 0.00000E+00 0.00000E+00 0.00000E+00
 0.00000E+00 0.00000E+00 0.00000E+00 0.00000E+00 0.00000E+00 0.00000E+00 0.00000E+00 0.00000E+00
 0.00000E+00 0.00000E+00 0.00000E+00 0.00000E+00 0.00000E+00 0.00000E+00 0.00000E+00 0.00000E+00
 0.00000E+00 0.00000E+00 0.00000E+00 0.00000E+00 0.00000E+00 0.00000E+00 0.00000E+00 0.00000E+00
 0.00000E+00 0.00000E+00 0.00000E+00 0.00000E+00 0.00000E+00 0.00000E+00 0.00000E+00 0.00000E+00
 0.00000E+00 0.00000E+00 0.00000E+00 0.00000E+00 0.00000E+00 0.00000E+00 0.00000E+00 0.00000E+00
 0.00000E+00 0.00000E+00 0.00000E+00 0.00000E+00 0.00000E+00 0.00000E+00 0.00000E+00 0.00000E+00
 0.00000E+00 0.00000E+00 0.00000E+00 0.00000E+00 0.00000E+00 0.00000E+00 0.00000E+00 0.00000E+00
 0.00000E+00 0.00000E+00 0.00000E+00 0.00000E+00 0.00000E+00 0.00000E+00 0.00000E+00 0.00000E+00
 0.00000E+00 0.00000E+00 0.00000E+00 0.00000E+00 0.00000E+00 0.00000E+00 0.00000E+00 0.00000E+00
 0.00000E+00 0.00000E+00 0.00000E+00 0.00000E+00 0.00000E+00 0.00000E+00 0.00000E+00 0.00000E+00
 0.00000E+00 0.00000E+00 0.00000E+00 0.00000E+00 0.00000E+00 0.00000E+00 0.00000E+00 0.00000E+00
 0.00000E+00 0.00000E+00 0.00000E+00 0.00000E+00 0.00000E+00 0.00000E+00 0.00000E+00 0.00000E+00
 0.00000E+00 0.00000E+00 0.00000E+00 0.00000E+00 0.00000E+00 0.00000E+00 0.00000E+00 0.00000E+00
 0.00000E+00 0.00000E+00 0.00000E+00 0.00000E+00 0.00000E+00 0.00000E+00 0.00000E+00 0.00000E+00
 0.00000E+00 0.00000E+00 0.00000E+00 0.00000E+00 0.00000E+00 0.00000E+00 0.00000E+00 0.00000E+00
 0.00000E+00 0.00000E+00 0.00000E+00 0.00000E+00 0.00000E+00 0.00000E+00 0.00000E+00 0.00000E+00
 0.00000E+00 0.00000E+00 0.00000E+00 0.00000E+00 0.00000E+00 0.00000E+00 0.00000E+00 0.00000E+00
 0.00000E+00 0.00000E+00 0.00000E+00 0.00000E+00 0.00000E+00 0.00000E+00 0.00000E+00 0.00000E+00
 0.00000E+00 0.00000E+00 0.00000E+00 0.00000E+00 7.30314E-04 8.08681E-04 8.99304E-04 9.84634E-04
 1.07260E-03 1.17280E-03 1.28746E-03 1.41897E-03 1.57455E-03 1.77422E-03 2.04474E-03 2.27940E-03
 2.55598E-03 2.88224E-03 3.26596E-03 3.71687E-03 4.21908E-03 4.62292E-03 5.04022E-03 5.36541E-03
 5.67650E-03 6.01089E-03 6.32778E-03 6.63516E-03 7.06478E-03 8.20481E-03 9.52716E-03 1.10576E-02
 1.28268E-02 1.48731E-02 1.72332E-02 1.99599E-02 2.31082E-02 2.68015E-02 3.10520E-02 3.59114E-02
 4.14819E-02 4.74601E-02 5.44053E-02 6.24455E-02 7.16719E-02 8.24226E-02 9.49667E-02 1.09780E-01
 1.27087E-01 1.47317E-01 1.71021E-01 1.98824E-01 2.31486E-01 2.69934E-01 3.15586E-01 3.69234E-01
 4.32328E-01 5.06586E-01 5.94057E-01 6.97121E-01 8.18708E-01 9.62265E-01 1.13190E+00 1.33253E+00
 1.57145E+00 1.85317E+00 2.18536E+00 2.57705E+00 3.03889E+00 3.58345E+00 4.22444E+00 4.97943E+00
 5.86919E+00 6.91786E+00 8.15469E+00 9.61403E+00 1.13353E+01 1.33660E+01 1.57608E+01 1.85841E+01
 2.19124E+01 2.58360E+01 3.04611E+01 3.58511E+01 4.21877E+01 4.98263E+01 5.88222E+01 6.97187E+01
 8.26686E+01 9.81561E+01 1.16986E+02 1.39420E+02 1.66145E+02 1.97979E+02 2.36472E+02 2.81079E+02
 3.32914E+02 3.93798E+02 4.65201E+02 5.49012E+02 6.47141E+02 7.61838E+02 8.95498E+02 1.05093E+03
 0.00000E+00 0.00000E+00 0.00000E+00 0.00000E+00 0.00000E+00 0.00000E+00 0.00000E+00 0.00000E+00
 0.00000E+00 0.00000E+00 0.00000E+00 0.00000E+00 0.00000E+00 0.00000E+00 0.00000E+00 0.00000E+00
 0.00000E+00 0.00000E+00 0.00000E+00 0.00000E+00 0.00000E+00 0.00000E+00 0.00000E+00 0.00000E+00
 0.00000E+00 0.00000E+00 0.00000E+00 0.00000E+00 0.00000E+00 0.00000E+00 0.00000E+00 0.00000E+00
 0.00000E+00 0.00000E+00 0.00000E+00 0.00000E+00 0.00000E+00 0.00000E+00 0.00000E+00 0.00000E+00
 0.00000E+00 0.00000E+00 0.00000E+00 0.00000E+00 0.00000E+00 0.00000E+00 0.00000E+00 0.00000E+00
 0.00000E+00 0.00000E+00 0.00000E+00 0.00000E+00 0.00000E+00 0.00000E+00 0.00000E+00 0.00000E+00
 0.00000E+00 0.00000E+00 0.00000E+00 0.00000E+00 0.00000E+00 0.00000E+00 0.00000E+00 0.00000E+00
 0.00000E+00 0.00000E+00 0.00000E+00 0.00000E+00 0.00000E+00 0.00000E+00 0.00000E+00 0.00000E+00
 0.00000E+00 0.00000E+00 0.00000E+00 0.00000E+00 0.00000E+00 0.00000E+00 0.00000E+00 0.00000E+00
 0.00000E+00 0.00000E+00 0.00000E+00 0.00000E+00 0.00000E+00 0.00000E+00 0.00000E+00 0.00000E+00
 0.00000E+00 0.00000E+00 0.00000E+00 0.00000E+00 0.00000E+00 0.00000E+00 0.00000E+00 0.00000E+00
 0.00000E+00 0.00000E+00 0.00000E+00 0.00000E+00 0.00000E+00 0.00000E+00 0.00000E+00 0.00000E+00
 0.00000E+00 0.00000E+00 0.00000E+00 0.00000E+00 0.00000E+00 0.00000E+00 0.00000E+00 0.00000E+00
 0.00000E+00 0.00000E+00 0.00000E+00 0.00000E+00 0.00000E+00 0.00000E+00 0.00000E+00 0.00000E+00
 0.00000E+00 0.00000E+00 0.00000E+00 0.00000E+00 0.00000E+00 0.00000E+00 0.00000E+00 0.00000E+00
 0.00000E+00 0.00000E+00 0.00000E+00 0.00000E+00 0.00000E+00 0.00000E+00 0.00000E+00 0.00000E+00
 0.00000E+00 0.00000E+00 0.00000E+00 0.00000E+00 0.00000E+00 0.00000E+00 0.00000E+00 0.00000E+00
 0.00000E+00 0.00000E+00 0.00000E+00 0.00000E+00 0.00000E+00 0.00000E+00 0.00000E+00 0.00000E+00
 0.00000E+00 0.00000E+00 0.00000E+00 0.00000E+00 0.00000E+00 0.00000E+00 0.00000E+00 0.00000E+00
 0.00000E+00 0.00000E+00 0.00000E+00 0.00000E+00 0.00000E+00 0.00000E+00 0.00000E+00 0.00000E+00
 0.00000E+00 0.00000E+00 0.00000E+00 0.00000E+00 0.00000E+00 0.00000E+00 0.00000E+00 0.00000E+00
 0.00000E+00 0.00000E+00 0.00000E+00 0.00000E+00 0.00000E+00 0.00000E+00 0.00000E+00 0.00000E+00
 0.00000E+00 0.00000E+00 0.00000E+00 0.00000E+00 0.00000E+00 0.00000E+00 0.00000E+00 0.00000E+00
 0.00000E+00 0.00000E+00 0.00000E+00 0.00000E+00 0.00000E+00 0.00000E+00 0.00000E+00 0.00000E+00
 1.86264E-05 1.86264E-05 1.86264E-05 1.86264E-05 1.86264E-05 1.86264E-05 1.86264E-05 1.86264E-05
 1.86264E-05 1.86264E-05 1.86264E-05 1.86264E-05 1.86264E-05 1.86264E-05 1.86264E-05 1.86264E-05
 1.83822E-05 1.76837E-05 1.67872E-05 1.56205E-05 1.43953E-05 1.32113E-05 1.20286E-05 1.08916E-05
 1.00000E-05 1.00000E-05 1.00000E-05 1.00000E-05 1.00000E-05 1.00000E-05 1.00000E-05 1.00000E-05
 1.00000E-05 1.00000E-05 1.00000E-05 1.00000E-05 1.00000E-05 1.00000E-05 1.00000E-05 1.00000E-05
 1.00000E-05 1.00000E-05 1.00000E-05 1.00000E-05 1.00000E-05 1.00000E-05 1.00000E-05 1.00000E-05
 1.00000E-05 1.00000E-05 1.00000E-05 1.00000E-05 1.00000E-05 1.00000E-05 1.00000E-05 1.00000E-05
 1.00000E-05 1.00000E-05 1.00000E-05 1.00000E-05 1.00000E-05 1.00000E-05 1.00000E-05 1.00000E-05
 1.00000E-05 1.00000E-05 1.00000E-05 1.00000E-05 1.00000E-05 1.00000E-05 1.00000E-05 1.00000E-05
 1.00000E-05 1.00000E-05 1.00000E-05 1.00000E-05 1.00000E-05 1.00000E-05 1.00000E-05 1.00000E-05
 1.00000E-05 1.00000E-05 1.00000E-05 1.00000E-05 1.00000E-05 1.00000E-05 1.00000E-05 1.00000E-05
 1.00000E-05 1.00000E-05 1.00000E-05 1.00000E-05 1.00000E-05 1.00000E-05 1.00000E-05 1.00000E-05
 1.00000E-05 1.00000E-05 1.00000E-05 1.00000E-05 0.00000E+00 0.00000E+00 0.00000E+00 0.00000E+00
 0.00000E+00 0.00000E+00 0.00000E+00 0.00000E+00 0.00000E+00 0.00000E+00 0.00000E+00 0.00000E+00
 0.00000E+00 0.00000E+00 0.00000E+00 0.00000E+00 0.00000E+00 0.00000E+00 0.00000E+00 0.00000E+00
 0.00000E+00 0.00000E+00 0.00000E+00 0.00000E+00 0.00000E+00 0.00000E+00 0.00000E+00 0.00000E+00
 0.00000E+00 0.00000E+00 0.00000E+00 0.00000E+00 0.00000E+00 0.00000E+00 0.00000E+00 0.00000E+00
 0.00000E+00 0.00000E+00 0.00000E+00 0.00000E+00 0.00000E+00 0.00000E+00 0.00000E+00 0.00000E+00
 0.00000E+00 0.00000E+00 0.00000E+00 0.00000E+00 0.00000E+00 0.00000E+00 0.00000E+00 0.00000E+00
 0.00000E+00 0.00000E+00 0.00000E+00 0.00000E+00 0.00000E+00 0.00000E+00 0.00000E+00 0.00000E+00
 0.00000E+00 0.00000E+00 0.00000E+00 0.00000E+00 0.00000E+00 0.00000E+00 0.00000E+00 0.00000E+00
 0.00000E+00 0.00000E+00 0.00000E+00 0.00000E+00 0.00000E+00 0.00000E+00 0.00000E+00 0.00000E+00
 0.00000E+00 0.00000E+00 0.00000E+00 0.00000E+00 0.00000E+00 0.00000E+00 0.00000E+00 0.00000E+00
 0.00000E+00 0.00000E+00 0.00000E+00 0.00000E+00 0.00000E+00 0.00000E+00 0.00000E+00 0.00000E+00
 0.00000E+00 0.00000E+00 0.00000E+00 0.00000E+00 0.00000E+00 0.00000E+00 0.00000E+00 0.00000E+00
 0.00000E+00 0.00000E+00 0.00000E+00 0.00000E+00 0.00000E+00 0.00000E+00 0.00000E+00 0.00000E+00
 0.00000E+00 0.00000E+00 0.00000E+00 0.00000E+00 0.00000E+00 0.00000E+00 0.00000E+00 0.00000E+00
 0.00000E+00 0.00000E+00 0.00000E+00 0.00000E+00 0.00000E+00 0.00000E+00 0.00000E+00 0.00000E+00
 0.00000E+00 0.00000E+00 0.00000E+00 0.00000E+00 0.00000E+00 0.00000E+00 0.00000E+00 0.00000E+00
 0.00000E+00 0.00000E+00 0.00000E+00 0.00000E+00 0.00000E+00 0.00000E+00 0.00000E+00 0.00000E+00
 0.00000E+00 0.00000E+00 0.00000E+00 0.00000E+00 0.00000E+00 0.00000E+00 0.00000E+00 0.00000E+00
 0.00000E+00 0.00000E+00 0.00000E+00 0.00000E+00 0.00000E+00 0.00000E+00 0.00000E+00 0.00000E+00
 0.00000E+00 0.00000E+00 0.00000E+00 0.00000E+00 0.00000E+00 0.00000E+00 0.00000E+00 0.00000E+00
 0.00000E+00 0.00000E+00 0.00000E+00 0.00000E+00 0.00000E+00 0.00000E+00 0.00000E+00 0.00000E+00
 0.00000E+00 0.00000E+00 0.00000E+00 0.00000E+00 0.00000E+00 0.00000E+00 0.00000E+00 0.00000E+00
 0.00000E+00 0.00000E+00 0.00000E+00 0.00000E+00 0.00000E+00 0.00000E+00 0.00000E+00 0.00000E+00
 0.00000E+00 0.00000E+00 0.00000E+00 0.00000E+00 0.00000E+00 0.00000E+00 0.00000E+00 0.00000E+00
 0.00000E+00 0.00000E+00 0.00000E+00 0.00000E+00
